/*
  Multiple Serial test

  Receives from the main serial port, sends to the others.
  Receives from serial port 1, sends to the main serial (Serial 0).

  This example works only with boards with more than one serial like Arduino Mega, Due, Zero etc.

  The circuit:
  - any serial device attached to Serial port 1
  - Serial Monitor open on Serial port 0

  created 30 Dec 2008
  modified 20 May 2012
  by Tom Igoe & Jed Roach
  modified 27 Nov 2015
  by Arturo Guadalupi

  This example code is in the public domain.
*/


void setup() {
  // initialize both serial ports:
  Serial.begin(9600);
  Serial1.begin(9600);
}

void loop() {
  // read from port 1, send to port 0:
  if (Serial1.available()) {
    int inByte = Serial1.read();
    Serial.write(inByte);
  }

  // read from port 0, send to port 1:
  if (Serial.available()) {
    int inByte = Serial.read();
    Serial1.write(inByte);
  }
}2019-02-25 21:55:23 DEBUG HomeRedirection:39 - **** Inside facebookRedirectionURL() **** 
2019-02-25 21:55:24 DEBUG HomeCallbackURLHandler:41 - **** Inside facebookURLHandler() **** 
2019-02-25 21:55:25 DEBUG UserDAOImpl:25 - **** Inside setUserData() **** 
2019-02-25 21:55:25 DEBUG BaseDAO:21 - **** Inside openConnection() **** 
2019-02-25 21:55:25 DEBUG Config:16 - **** Inside getProperty() **** 
2019-02-25 21:55:25 DEBUG Config:16 - **** Inside getProperty() **** 
2019-02-25 21:55:25 DEBUG Config:16 - **** Inside getProperty() **** 
2019-02-25 21:55:25 DEBUG Config:16 - **** Inside getProperty() **** 
2019-02-25 21:55:25 DEBUG Config:16 - **** Inside getProperty() **** 
2019-02-25 21:55:26 DEBUG BaseDAO:40 - **** Inside closeConnection() **** 
