2020-09-20 00:13:31:831 INFO : Inside SchedulerService : fixedDelay() Method
2020-09-20 00:14:11:748 INFO : Inside SchedulerService : fixedRate() Method
2020-09-20 00:16:26:004 INFO : Inside CustomBean1 beforeDestruction() Method
2020-09-20 00:16:26:005 INFO : Inside CustomBean1 Destroy() Method of Disposable Bean
2020-09-20 00:16:26:005 INFO : Inside CustomBean1 Destroy() Method
2020-09-20 00:16:28:589 INFO : The following profiles are active: dev
2020-09-20 00:16:29:595 INFO : BeanPostProcessorsImplementation Instance is Created
2020-09-20 00:16:30:976 INFO : Beans Ordered is as follows : 1,2,3
2020-09-20 00:36:32:946 INFO : The following profiles are active: dev
2020-09-20 00:36:35:242 INFO : BeanPostProcessorsImplementation Instance is Created
2020-09-20 00:36:38:777 INFO : Beans Ordered is as follows : 1,2,3
2020-09-20 00:38:32:063 INFO : The following profiles are active: dev
2020-09-20 00:38:34:239 INFO : BeanPostProcessorsImplementation Instance is Created
2020-09-20 00:38:37:605 INFO : Beans Ordered is as follows : 1,2,3
2020-09-20 00:38:38:817 INFO : Bean2 Instantiated at Sun Sep 20 00:38:38 IST 2020
2020-09-20 00:38:39:075 INFO : Bean1 Instantiated at Sun Sep 20 00:38:39 IST 2020
2020-09-20 00:38:39:080 INFO : Inside postProcessBeforeInitialization() Method for Bean : customBean1
2020-09-20 00:38:39:082 INFO : Inside CustomBean1 afterConstruction() Method
2020-09-20 00:38:39:082 INFO : Inside CustomBean1 afterPropertiesSet() Method 
2020-09-20 00:38:39:082 INFO : Inside CustomBean1 Init() Method
2020-09-20 00:38:39:082 INFO : Inside postProcessAfterInitialization() Method for Bean : customBean1
2020-09-20 00:38:42:548 INFO : Started BootApplication in 13.787 seconds (JVM running for 14.786)
2020-09-20 00:38:52:546 INFO : Inside SchedulerService : fixedDelay() Method
2020-09-20 00:39:32:546 INFO : Inside SchedulerService : fixedRate() Method
2020-09-20 00:41:19:947 INFO : Inside CustomBean1 beforeDestruction() Method
2020-09-20 00:41:19:947 INFO : Inside CustomBean1 Destroy() Method of Disposable Bean
2020-09-20 00:41:19:948 INFO : Inside CustomBean1 Destroy() Method
2020-09-20 00:41:22:583 INFO : The following profiles are active: dev
2020-09-20 00:41:23:490 INFO : BeanPostProcessorsImplementation Instance is Created
2020-09-20 00:41:24:819 INFO : Beans Ordered is as follows : 1,2,3
2020-09-20 00:41:25:473 INFO : Bean2 Instantiated at Sun Sep 20 00:41:25 IST 2020
2020-09-20 00:41:26:388 INFO : Bean1 Instantiated at Sun Sep 20 00:41:26 IST 2020
2020-09-20 00:41:26:391 INFO : Inside postProcessBeforeInitialization() Method for Bean : customBean1
2020-09-20 00:41:26:391 INFO : Inside CustomBean1 afterConstruction() Method
2020-09-20 00:41:26:391 INFO : Inside CustomBean1 afterPropertiesSet() Method 
2020-09-20 00:41:26:392 INFO : Inside CustomBean1 Init() Method
2020-09-20 00:41:26:393 INFO : Inside postProcessAfterInitialization() Method for Bean : customBean1
2020-09-20 00:41:28:922 INFO : Started BootApplication in 8.841 seconds (JVM running for 181.161)
2020-09-20 00:41:38:932 INFO : Inside SchedulerService : fixedDelay() Method
2020-09-20 00:42:18:933 INFO : Inside SchedulerService : fixedRate() Method
2020-09-20 00:42:37:682 INFO : Inside CustomBean1 beforeDestruction() Method
2020-09-20 00:42:37:683 INFO : Inside CustomBean1 Destroy() Method of Disposable Bean
2020-09-20 00:42:37:683 INFO : Inside CustomBean1 Destroy() Method
2020-09-20 00:42:40:256 INFO : The following profiles are active: dev
2020-09-20 00:42:41:090 INFO : BeanPostProcessorsImplementation Instance is Created
2020-09-20 00:42:42:285 INFO : Beans Ordered is as follows : 1,2,3
2020-09-20 00:42:42:919 INFO : Bean2 Instantiated at Sun Sep 20 00:42:42 IST 2020
2020-09-20 00:42:43:251 INFO : Bean1 Instantiated at Sun Sep 20 00:42:43 IST 2020
2020-09-20 00:42:43:256 INFO : Inside postProcessBeforeInitialization() Method for Bean : customBean1
2020-09-20 00:42:43:257 INFO : Inside CustomBean1 afterConstruction() Method
2020-09-20 00:42:43:257 INFO : Inside CustomBean1 afterPropertiesSet() Method 
2020-09-20 00:42:43:257 INFO : Inside CustomBean1 Init() Method
2020-09-20 00:42:43:258 INFO : Inside postProcessAfterInitialization() Method for Bean : customBean1
2020-09-20 00:42:45:539 INFO : Started BootApplication in 7.735 seconds (JVM running for 257.779)
2020-09-20 00:42:55:553 INFO : Inside SchedulerService : fixedDelay() Method
2020-09-20 00:43:35:539 INFO : Inside SchedulerService : fixedRate() Method
2020-09-20 00:47:34:622 INFO : Inside CustomBean1 beforeDestruction() Method
2020-09-20 00:47:34:622 INFO : Inside CustomBean1 Destroy() Method of Disposable Bean
2020-09-20 00:47:34:623 INFO : Inside CustomBean1 Destroy() Method
2020-09-20 00:47:37:154 INFO : The following profiles are active: dev
2020-09-20 00:47:38:079 INFO : BeanPostProcessorsImplementation Instance is Created
2020-09-20 00:47:39:292 INFO : Beans Ordered is as follows : 1,2,3
2020-09-20 00:47:39:945 INFO : Bean2 Instantiated at Sun Sep 20 00:47:39 IST 2020
2020-09-20 00:47:40:198 INFO : Bean1 Instantiated at Sun Sep 20 00:47:40 IST 2020
2020-09-20 00:47:40:201 INFO : Inside postProcessBeforeInitialization() Method for Bean : customBean1
2020-09-20 00:47:40:201 INFO : Inside CustomBean1 afterConstruction() Method
2020-09-20 00:47:40:201 INFO : Inside CustomBean1 afterPropertiesSet() Method 
2020-09-20 00:47:40:201 INFO : Inside CustomBean1 Init() Method
2020-09-20 00:47:40:201 INFO : Inside postProcessAfterInitialization() Method for Bean : customBean1
2020-09-20 00:47:42:732 INFO : Started BootApplication in 7.991 seconds (JVM running for 554.97)
2020-09-20 00:47:52:731 INFO : Inside SchedulerService : fixedDelay() Method
2020-09-20 00:48:32:739 INFO : Inside SchedulerService : fixedRate() Method
2020-09-20 00:50:31:725 INFO : Inside CustomBean1 beforeDestruction() Method
2020-09-20 00:50:31:726 INFO : Inside CustomBean1 Destroy() Method of Disposable Bean
2020-09-20 00:50:31:727 INFO : Inside CustomBean1 Destroy() Method
2020-09-20 00:50:34:272 INFO : The following profiles are active: dev
2020-09-20 00:50:35:130 INFO : BeanPostProcessorsImplementation Instance is Created
2020-09-20 00:50:36:439 INFO : Beans Ordered is as follows : 1,2,3
2020-09-20 00:50:37:174 INFO : Bean2 Instantiated at Sun Sep 20 00:50:37 IST 2020
2020-09-20 00:50:37:787 INFO : Bean1 Instantiated at Sun Sep 20 00:50:37 IST 2020
2020-09-20 00:50:37:792 INFO : Inside postProcessBeforeInitialization() Method for Bean : customBean1
2020-09-20 00:50:37:792 INFO : Inside CustomBean1 afterConstruction() Method
2020-09-20 00:50:37:792 INFO : Inside CustomBean1 afterPropertiesSet() Method 
2020-09-20 00:50:37:793 INFO : Inside CustomBean1 Init() Method
2020-09-20 00:50:37:794 INFO : Inside postProcessAfterInitialization() Method for Bean : customBean1
2020-09-20 00:50:39:889 INFO : Started BootApplication in 8.032 seconds (JVM running for 732.127)
2020-09-20 00:50:49:896 INFO : Inside SchedulerService : fixedDelay() Method
2020-09-20 00:51:06:104 INFO : Inside CustomBean1 beforeDestruction() Method
2020-09-20 00:51:06:105 INFO : Inside CustomBean1 Destroy() Method of Disposable Bean
2020-09-20 00:51:06:105 INFO : Inside CustomBean1 Destroy() Method
2020-09-20 00:51:08:667 INFO : The following profiles are active: dev
2020-09-20 00:51:09:469 INFO : BeanPostProcessorsImplementation Instance is Created
2020-09-20 00:51:10:704 INFO : Beans Ordered is as follows : 1,2,3
2020-09-20 00:51:11:342 INFO : Bean2 Instantiated at Sun Sep 20 00:51:11 IST 2020
2020-09-20 00:51:12:129 INFO : Bean1 Instantiated at Sun Sep 20 00:51:12 IST 2020
2020-09-20 00:51:12:131 INFO : Inside postProcessBeforeInitialization() Method for Bean : customBean1
2020-09-20 00:51:12:132 INFO : Inside CustomBean1 afterConstruction() Method
2020-09-20 00:51:12:132 INFO : Inside CustomBean1 afterPropertiesSet() Method 
2020-09-20 00:51:12:132 INFO : Inside CustomBean1 Init() Method
2020-09-20 00:51:12:133 INFO : Inside postProcessAfterInitialization() Method for Bean : customBean1
2020-09-20 00:51:14:797 INFO : Started BootApplication in 8.556 seconds (JVM running for 767.036)
2020-09-20 00:51:24:805 INFO : Inside SchedulerService : fixedDelay() Method
2020-09-20 00:52:04:804 INFO : Inside SchedulerService : fixedRate() Method
2020-09-20 01:08:04:820 INFO : Inside SchedulerService : fixedDelay() Method
2020-09-20 01:08:44:808 INFO : Inside SchedulerService : fixedRate() Method
2020-09-20 01:24:44:826 INFO : Inside SchedulerService : fixedDelay() Method
2020-09-20 01:25:24:805 INFO : Inside SchedulerService : fixedRate() Method
2020-09-20 01:29:42:335 INFO : Inside CustomBean1 beforeDestruction() Method
2020-09-20 01:29:42:335 INFO : Inside CustomBean1 Destroy() Method of Disposable Bean
2020-09-20 01:29:42:336 INFO : Inside CustomBean1 Destroy() Method
2020-09-20 01:29:44:914 INFO : The following profiles are active: dev
2020-09-20 01:29:45:772 INFO : BeanPostProcessorsImplementation Instance is Created
2020-09-20 01:29:47:144 INFO : Beans Ordered is as follows : 1,2,3
2020-09-20 01:29:47:784 INFO : Bean2 Instantiated at Sun Sep 20 01:29:47 IST 2020
2020-09-20 01:29:47:948 INFO : Bean1 Instantiated at Sun Sep 20 01:29:47 IST 2020
2020-09-20 01:29:47:950 INFO : Inside postProcessBeforeInitialization() Method for Bean : customBean1
2020-09-20 01:29:47:951 INFO : Inside CustomBean1 afterConstruction() Method
2020-09-20 01:29:47:951 INFO : Inside CustomBean1 afterPropertiesSet() Method 
2020-09-20 01:29:47:951 INFO : Inside CustomBean1 Init() Method
2020-09-20 01:29:47:952 INFO : Inside postProcessAfterInitialization() Method for Bean : customBean1
2020-09-20 01:29:50:378 INFO : Started BootApplication in 7.875 seconds (JVM running for 3082.617)
2020-09-20 01:30:00:380 INFO : Inside SchedulerService : fixedDelay() Method
2020-09-20 01:30:40:388 INFO : Inside SchedulerService : fixedRate() Method
2020-09-20 01:46:40:390 INFO : Inside SchedulerService : fixedDelay() Method
2020-09-20 01:47:20:390 INFO : Inside SchedulerService : fixedRate() Method
2020-09-20 11:27:10:717 INFO : Inside SchedulerService : fixedRate() Method
2020-09-20 11:27:10:717 INFO : Inside SchedulerService : fixedDelay() Method
2020-09-20 11:27:10:719 INFO : Inside SchedulerService : fixedRate() Method
2020-09-20 11:27:10:719 INFO : Inside SchedulerService : fixedRate() Method
2020-09-20 11:27:10:719 INFO : Inside SchedulerService : fixedRate() Method
2020-09-20 11:27:10:719 INFO : Inside SchedulerService : fixedRate() Method
2020-09-20 11:27:10:719 INFO : Inside SchedulerService : fixedRate() Method
2020-09-20 11:27:10:719 INFO : Inside SchedulerService : fixedRate() Method
2020-09-20 11:27:10:719 INFO : Inside SchedulerService : fixedRate() Method
2020-09-20 11:27:10:720 INFO : Inside SchedulerService : fixedRate() Method
2020-09-20 11:27:10:720 INFO : Inside SchedulerService : fixedRate() Method
2020-09-20 11:27:10:720 INFO : Inside SchedulerService : fixedRate() Method
2020-09-20 11:27:10:720 INFO : Inside SchedulerService : fixedRate() Method
2020-09-20 11:27:10:720 INFO : Inside SchedulerService : fixedRate() Method
2020-09-20 11:27:10:720 INFO : Inside SchedulerService : fixedRate() Method
2020-09-20 11:27:10:720 INFO : Inside SchedulerService : fixedRate() Method
2020-09-20 11:27:10:720 INFO : Inside SchedulerService : fixedRate() Method
2020-09-20 11:27:10:721 INFO : Inside SchedulerService : fixedRate() Method
2020-09-20 11:27:10:721 INFO : Inside SchedulerService : fixedRate() Method
2020-09-20 11:27:10:721 INFO : Inside SchedulerService : fixedRate() Method
2020-09-20 11:27:10:721 INFO : Inside SchedulerService : fixedRate() Method
2020-09-20 11:27:10:721 INFO : Inside SchedulerService : fixedRate() Method
2020-09-20 11:27:10:721 INFO : Inside SchedulerService : fixedRate() Method
2020-09-20 11:27:10:721 INFO : Inside SchedulerService : fixedRate() Method
2020-09-20 11:27:10:721 INFO : Inside SchedulerService : fixedRate() Method
2020-09-20 11:27:10:721 INFO : Inside SchedulerService : fixedRate() Method
2020-09-20 11:27:10:721 INFO : Inside SchedulerService : fixedRate() Method
2020-09-20 11:27:10:721 INFO : Inside SchedulerService : fixedRate() Method
2020-09-20 11:27:10:721 INFO : Inside SchedulerService : fixedRate() Method
2020-09-20 11:27:10:721 INFO : Inside SchedulerService : fixedRate() Method
2020-09-20 11:27:10:722 INFO : Inside SchedulerService : fixedRate() Method
2020-09-20 11:27:10:722 INFO : Inside SchedulerService : fixedRate() Method
2020-09-20 11:27:10:722 INFO : Inside SchedulerService : fixedRate() Method
2020-09-20 11:27:10:722 INFO : Inside SchedulerService : fixedRate() Method
2020-09-20 11:27:10:722 INFO : Inside SchedulerService : fixedRate() Method
2020-09-20 11:30:40:381 INFO : Inside SchedulerService : fixedRate() Method
2020-09-20 11:43:50:723 INFO : Inside SchedulerService : fixedDelay() Method
2020-09-20 11:47:20:374 INFO : Inside SchedulerService : fixedRate() Method
2020-09-20 12:00:30:737 INFO : Inside SchedulerService : fixedDelay() Method
2020-09-20 12:04:00:374 INFO : Inside SchedulerService : fixedRate() Method
2020-09-20 12:17:10:749 INFO : Inside SchedulerService : fixedDelay() Method
2020-09-20 12:20:40:366 INFO : Inside SchedulerService : fixedRate() Method
2020-09-20 12:33:50:760 INFO : Inside SchedulerService : fixedDelay() Method
2020-09-20 12:37:20:376 INFO : Inside SchedulerService : fixedRate() Method
2020-09-20 12:50:30:776 INFO : Inside SchedulerService : fixedDelay() Method
2020-09-20 12:54:00:379 INFO : Inside SchedulerService : fixedRate() Method
2020-09-20 13:07:10:783 INFO : Inside SchedulerService : fixedDelay() Method
2020-09-20 13:10:40:366 INFO : Inside SchedulerService : fixedRate() Method
2020-09-20 13:23:50:790 INFO : Inside SchedulerService : fixedDelay() Method
2020-09-20 13:27:20:376 INFO : Inside SchedulerService : fixedRate() Method
2020-09-20 13:40:30:795 INFO : Inside SchedulerService : fixedDelay() Method
2020-09-20 13:44:00:380 INFO : Inside SchedulerService : fixedRate() Method
2020-09-20 13:57:10:801 INFO : Inside SchedulerService : fixedDelay() Method
2020-09-20 14:00:40:375 INFO : Inside SchedulerService : fixedRate() Method
2020-09-20 14:13:50:812 INFO : Inside SchedulerService : fixedDelay() Method
2020-09-20 14:17:20:376 INFO : Inside SchedulerService : fixedRate() Method
2020-09-20 14:30:30:817 INFO : Inside SchedulerService : fixedDelay() Method
2020-09-20 14:34:00:376 INFO : Inside SchedulerService : fixedRate() Method
2020-09-20 14:47:10:822 INFO : Inside SchedulerService : fixedDelay() Method
2020-09-20 14:50:40:374 INFO : Inside SchedulerService : fixedRate() Method
2020-09-20 15:03:50:831 INFO : Inside SchedulerService : fixedDelay() Method
2020-09-20 15:07:20:371 INFO : Inside SchedulerService : fixedRate() Method
2020-09-20 15:20:30:842 INFO : Inside SchedulerService : fixedDelay() Method
2020-09-20 15:24:00:380 INFO : Inside SchedulerService : fixedRate() Method
2020-09-20 15:37:10:844 INFO : Inside SchedulerService : fixedDelay() Method
2020-09-20 15:40:40:379 INFO : Inside SchedulerService : fixedRate() Method
2020-09-20 15:53:50:858 INFO : Inside SchedulerService : fixedDelay() Method
2020-09-20 15:57:20:367 INFO : Inside SchedulerService : fixedRate() Method
2020-09-20 16:10:30:868 INFO : Inside SchedulerService : fixedDelay() Method
2020-09-20 16:14:00:369 INFO : Inside SchedulerService : fixedRate() Method
2020-09-20 16:27:10:881 INFO : Inside SchedulerService : fixedDelay() Method
2020-09-20 16:30:40:379 INFO : Inside SchedulerService : fixedRate() Method
2020-09-20 18:55:46:938 INFO : Inside SchedulerService : fixedDelay() Method
2020-09-20 18:55:46:938 INFO : Inside SchedulerService : fixedRate() Method
2020-09-20 18:55:46:939 INFO : Inside SchedulerService : fixedRate() Method
2020-09-20 18:55:46:940 INFO : Inside SchedulerService : fixedRate() Method
2020-09-20 18:55:46:940 INFO : Inside SchedulerService : fixedRate() Method
2020-09-20 18:55:46:940 INFO : Inside SchedulerService : fixedRate() Method
2020-09-20 18:55:46:940 INFO : Inside SchedulerService : fixedRate() Method
2020-09-20 18:55:46:940 INFO : Inside SchedulerService : fixedRate() Method
2020-09-20 18:55:46:940 INFO : Inside SchedulerService : fixedRate() Method
2020-09-20 19:00:40:358 INFO : Inside SchedulerService : fixedRate() Method
2020-09-20 19:12:26:950 INFO : Inside SchedulerService : fixedDelay() Method
2020-09-20 19:17:20:360 INFO : Inside SchedulerService : fixedRate() Method
2020-09-20 19:29:06:962 INFO : Inside SchedulerService : fixedDelay() Method
2020-09-20 19:34:00:364 INFO : Inside SchedulerService : fixedRate() Method
2020-09-20 19:45:46:974 INFO : Inside SchedulerService : fixedDelay() Method
2020-09-20 19:50:40:356 INFO : Inside SchedulerService : fixedRate() Method
2020-09-20 20:02:26:979 INFO : Inside SchedulerService : fixedDelay() Method
2020-09-20 20:07:20:364 INFO : Inside SchedulerService : fixedRate() Method
2020-09-20 20:19:06:991 INFO : Inside SchedulerService : fixedDelay() Method
2020-09-20 20:24:00:354 INFO : Inside SchedulerService : fixedRate() Method
2020-09-20 20:35:47:000 INFO : Inside SchedulerService : fixedDelay() Method
2020-09-20 20:40:40:360 INFO : Inside SchedulerService : fixedRate() Method
2020-09-20 20:52:27:006 INFO : Inside SchedulerService : fixedDelay() Method
2020-09-20 20:57:20:355 INFO : Inside SchedulerService : fixedRate() Method
2020-09-20 21:09:07:011 INFO : Inside SchedulerService : fixedDelay() Method
2020-09-20 21:14:00:363 INFO : Inside SchedulerService : fixedRate() Method
2020-09-20 21:25:47:023 INFO : Inside SchedulerService : fixedDelay() Method
2020-09-20 21:30:40:365 INFO : Inside SchedulerService : fixedRate() Method
2020-09-20 21:42:27:034 INFO : Inside SchedulerService : fixedDelay() Method
2020-09-20 21:47:20:365 INFO : Inside SchedulerService : fixedRate() Method
2020-09-20 21:59:07:041 INFO : Inside SchedulerService : fixedDelay() Method
2020-09-20 22:04:00:368 INFO : Inside SchedulerService : fixedRate() Method
2020-09-20 22:15:47:048 INFO : Inside SchedulerService : fixedDelay() Method
2020-09-20 22:20:40:362 INFO : Inside SchedulerService : fixedRate() Method
2020-09-20 22:32:27:064 INFO : Inside SchedulerService : fixedDelay() Method
2020-09-20 22:37:20:361 INFO : Inside SchedulerService : fixedRate() Method
2020-09-20 22:49:07:069 INFO : Inside SchedulerService : fixedDelay() Method
2020-09-20 22:54:00:361 INFO : Inside SchedulerService : fixedRate() Method
2020-09-20 23:05:47:071 INFO : Inside SchedulerService : fixedDelay() Method
2020-09-20 23:10:40:357 INFO : Inside SchedulerService : fixedRate() Method
2020-09-26 19:44:04:173 INFO : The following profiles are active: dev
2020-09-26 19:44:06:652 INFO : BeanPostProcessorsImplementation Instance is Created
2020-09-26 19:45:09:090 INFO : The following profiles are active: dev
2020-09-26 19:45:11:255 INFO : BeanPostProcessorsImplementation Instance is Created
2020-09-26 19:50:08:839 INFO : The following profiles are active: dev
2020-09-26 19:50:11:105 INFO : BeanPostProcessorsImplementation Instance is Created
2020-09-26 19:51:27:504 INFO : The following profiles are active: dev
2020-09-26 19:51:29:782 INFO : BeanPostProcessorsImplementation Instance is Created
2020-09-26 19:51:49:902 INFO : The following profiles are active: dev
2020-09-26 19:51:52:088 INFO : BeanPostProcessorsImplementation Instance is Created
2020-09-26 19:56:28:135 INFO : The following profiles are active: dev
2020-09-26 19:56:30:334 INFO : BeanPostProcessorsImplementation Instance is Created
2020-09-26 19:56:43:319 INFO : Beans Ordered is as follows : 1,2,3
2020-09-26 19:56:44:527 INFO : Bean2 Instantiated at Sat Sep 26 19:56:44 IST 2020
2020-09-26 19:56:45:497 INFO : Bean1 Instantiated at Sat Sep 26 19:56:45 IST 2020
2020-09-26 19:56:45:502 INFO : Inside postProcessBeforeInitialization() Method for Bean : customBean1
2020-09-26 19:56:45:503 INFO : Inside CustomBean1 afterConstruction() Method
2020-09-26 19:56:45:503 INFO : Inside CustomBean1 afterPropertiesSet() Method 
2020-09-26 19:56:45:503 INFO : Inside CustomBean1 Init() Method
2020-09-26 19:56:45:504 INFO : Inside postProcessAfterInitialization() Method for Bean : customBean1
2020-09-26 19:56:53:914 INFO : Started BootApplication in 31.084 seconds (JVM running for 32.082)
2020-09-26 19:57:03:926 INFO : Inside SchedulerService : fixedDelay() Method
2020-09-26 19:57:43:921 INFO : Inside SchedulerService : fixedRate() Method
2020-09-26 20:05:42:635 INFO : Inside CustomBean1 beforeDestruction() Method
2020-09-26 20:05:42:636 INFO : Inside CustomBean1 Destroy() Method of Disposable Bean
2020-09-26 20:05:42:636 INFO : Inside CustomBean1 Destroy() Method
2020-09-26 20:05:47:176 INFO : The following profiles are active: dev
2020-09-26 20:05:48:143 INFO : BeanPostProcessorsImplementation Instance is Created
2020-09-26 20:05:49:428 INFO : Beans Ordered is as follows : 1,2,3
2020-09-26 20:05:50:121 INFO : Bean2 Instantiated at Sat Sep 26 20:05:50 IST 2020
2020-09-26 20:05:50:908 INFO : Bean1 Instantiated at Sat Sep 26 20:05:50 IST 2020
2020-09-26 20:05:50:914 INFO : Inside postProcessBeforeInitialization() Method for Bean : customBean1
2020-09-26 20:05:50:914 INFO : Inside CustomBean1 afterConstruction() Method
2020-09-26 20:05:50:915 INFO : Inside CustomBean1 afterPropertiesSet() Method 
2020-09-26 20:05:50:915 INFO : Inside CustomBean1 Init() Method
2020-09-26 20:05:50:918 INFO : Inside postProcessAfterInitialization() Method for Bean : customBean1
2020-09-26 20:05:58:357 INFO : Started BootApplication in 15.608 seconds (JVM running for 576.525)
2020-09-26 20:06:00:427 INFO : Inside CustomBean1 beforeDestruction() Method
2020-09-26 20:06:00:428 INFO : Inside CustomBean1 Destroy() Method of Disposable Bean
2020-09-26 20:06:00:429 INFO : Inside CustomBean1 Destroy() Method
2020-09-26 20:06:04:990 INFO : The following profiles are active: dev
2020-09-26 20:06:06:006 INFO : BeanPostProcessorsImplementation Instance is Created
2020-09-26 20:06:07:379 INFO : Beans Ordered is as follows : 1,2,3
2020-09-26 20:06:08:141 INFO : Bean2 Instantiated at Sat Sep 26 20:06:08 IST 2020
2020-09-26 20:06:08:566 INFO : Bean1 Instantiated at Sat Sep 26 20:06:08 IST 2020
2020-09-26 20:06:08:571 INFO : Inside postProcessBeforeInitialization() Method for Bean : customBean1
2020-09-26 20:06:08:572 INFO : Inside CustomBean1 afterConstruction() Method
2020-09-26 20:06:08:572 INFO : Inside CustomBean1 afterPropertiesSet() Method 
2020-09-26 20:06:08:572 INFO : Inside CustomBean1 Init() Method
2020-09-26 20:06:08:573 INFO : Inside postProcessAfterInitialization() Method for Bean : customBean1
2020-09-26 20:06:15:791 INFO : Started BootApplication in 15.246 seconds (JVM running for 593.959)
2020-09-26 20:06:25:802 INFO : Inside SchedulerService : fixedDelay() Method
2020-09-26 20:06:27:531 INFO : Inside CustomBean1 beforeDestruction() Method
2020-09-26 20:06:27:531 INFO : Inside CustomBean1 Destroy() Method of Disposable Bean
2020-09-26 20:06:27:531 INFO : Inside CustomBean1 Destroy() Method
2020-09-26 20:06:32:061 INFO : The following profiles are active: dev
2020-09-26 20:06:32:977 INFO : BeanPostProcessorsImplementation Instance is Created
2020-09-26 20:06:34:254 INFO : Beans Ordered is as follows : 1,2,3
2020-09-26 20:06:34:970 INFO : Bean2 Instantiated at Sat Sep 26 20:06:34 IST 2020
2020-09-26 20:06:35:712 INFO : Bean1 Instantiated at Sat Sep 26 20:06:35 IST 2020
2020-09-26 20:06:35:718 INFO : Inside postProcessBeforeInitialization() Method for Bean : customBean1
2020-09-26 20:06:35:719 INFO : Inside CustomBean1 afterConstruction() Method
2020-09-26 20:06:35:720 INFO : Inside CustomBean1 afterPropertiesSet() Method 
2020-09-26 20:06:35:720 INFO : Inside CustomBean1 Init() Method
2020-09-26 20:06:35:724 INFO : Inside postProcessAfterInitialization() Method for Bean : customBean1
2020-09-26 20:06:42:918 INFO : Started BootApplication in 15.273 seconds (JVM running for 621.086)
2020-09-26 20:06:52:932 INFO : Inside SchedulerService : fixedDelay() Method
2020-09-26 20:07:32:925 INFO : Inside SchedulerService : fixedRate() Method
2020-09-26 20:08:21:807 INFO : Inside CustomBean1 beforeDestruction() Method
2020-09-26 20:08:21:807 INFO : Inside CustomBean1 Destroy() Method of Disposable Bean
2020-09-26 20:08:21:808 INFO : Inside CustomBean1 Destroy() Method
2020-09-26 20:08:26:392 INFO : The following profiles are active: dev
2020-09-26 20:08:27:302 INFO : BeanPostProcessorsImplementation Instance is Created
2020-09-26 20:08:28:630 INFO : Beans Ordered is as follows : 1,2,3
2020-09-26 20:08:29:347 INFO : Bean2 Instantiated at Sat Sep 26 20:08:29 IST 2020
2020-09-26 20:08:30:012 INFO : Bean1 Instantiated at Sat Sep 26 20:08:30 IST 2020
2020-09-26 20:08:30:014 INFO : Inside postProcessBeforeInitialization() Method for Bean : customBean1
2020-09-26 20:08:30:014 INFO : Inside CustomBean1 afterConstruction() Method
2020-09-26 20:08:30:014 INFO : Inside CustomBean1 afterPropertiesSet() Method 
2020-09-26 20:08:30:015 INFO : Inside CustomBean1 Init() Method
2020-09-26 20:08:30:016 INFO : Inside postProcessAfterInitialization() Method for Bean : customBean1
2020-09-26 20:08:37:303 INFO : Started BootApplication in 15.362 seconds (JVM running for 735.471)
2020-09-26 20:08:47:305 INFO : Inside SchedulerService : fixedDelay() Method
2020-09-26 20:09:16:713 INFO : The following profiles are active: dev
2020-09-26 20:09:18:882 INFO : BeanPostProcessorsImplementation Instance is Created
2020-09-26 20:09:22:301 INFO : Beans Ordered is as follows : 1,2,3
2020-09-26 20:09:23:431 INFO : Bean2 Instantiated at Sat Sep 26 20:09:23 IST 2020
2020-09-26 20:09:23:495 INFO : Bean1 Instantiated at Sat Sep 26 20:09:23 IST 2020
2020-09-26 20:09:23:498 INFO : Inside postProcessBeforeInitialization() Method for Bean : customBean1
2020-09-26 20:09:23:499 INFO : Inside CustomBean1 afterConstruction() Method
2020-09-26 20:09:23:499 INFO : Inside CustomBean1 afterPropertiesSet() Method 
2020-09-26 20:09:23:499 INFO : Inside CustomBean1 Init() Method
2020-09-26 20:09:23:500 INFO : Inside postProcessAfterInitialization() Method for Bean : customBean1
2020-09-26 20:09:31:732 INFO : Started BootApplication in 20.317 seconds (JVM running for 21.187)
2020-09-26 20:09:41:742 INFO : Inside SchedulerService : fixedDelay() Method
2020-09-26 20:10:21:740 INFO : Inside SchedulerService : fixedRate() Method
2020-09-26 20:11:19:435 INFO : Inside CustomBean1 beforeDestruction() Method
2020-09-26 20:11:19:435 INFO : Inside CustomBean1 Destroy() Method of Disposable Bean
2020-09-26 20:11:19:436 INFO : Inside CustomBean1 Destroy() Method
2020-09-26 20:11:23:996 INFO : The following profiles are active: dev
2020-09-26 20:11:25:036 INFO : BeanPostProcessorsImplementation Instance is Created
2020-09-26 20:11:26:350 INFO : Beans Ordered is as follows : 1,2,3
2020-09-26 20:11:59:326 INFO : Bean2 Instantiated at Sat Sep 26 20:11:59 IST 2020
2020-09-26 20:12:00:097 INFO : Bean1 Instantiated at Sat Sep 26 20:12:00 IST 2020
2020-09-26 20:12:00:105 INFO : Inside postProcessBeforeInitialization() Method for Bean : customBean1
2020-09-26 20:12:00:106 INFO : Inside CustomBean1 afterConstruction() Method
2020-09-26 20:12:00:106 INFO : Inside CustomBean1 afterPropertiesSet() Method 
2020-09-26 20:12:00:107 INFO : Inside CustomBean1 Init() Method
2020-09-26 20:12:00:110 INFO : Inside postProcessAfterInitialization() Method for Bean : customBean1
2020-09-26 20:12:07:703 INFO : Started BootApplication in 48.147 seconds (JVM running for 177.159)
2020-09-26 20:12:17:715 INFO : Inside SchedulerService : fixedDelay() Method
2020-09-26 20:12:29:839 INFO : Inside CustomBean1 beforeDestruction() Method
2020-09-26 20:12:29:840 INFO : Inside CustomBean1 Destroy() Method of Disposable Bean
2020-09-26 20:12:29:840 INFO : Inside CustomBean1 Destroy() Method
2020-09-26 20:12:34:400 INFO : The following profiles are active: dev
2020-09-26 20:12:35:335 INFO : BeanPostProcessorsImplementation Instance is Created
2020-09-26 20:12:36:676 INFO : Beans Ordered is as follows : 1,2,3
2020-09-26 20:12:51:360 INFO : Bean2 Instantiated at Sat Sep 26 20:12:51 IST 2020
2020-09-26 20:12:51:788 INFO : Bean1 Instantiated at Sat Sep 26 20:12:51 IST 2020
2020-09-26 20:12:51:794 INFO : Inside postProcessBeforeInitialization() Method for Bean : customBean1
2020-09-26 20:12:51:794 INFO : Inside CustomBean1 afterConstruction() Method
2020-09-26 20:12:51:794 INFO : Inside CustomBean1 afterPropertiesSet() Method 
2020-09-26 20:12:51:794 INFO : Inside CustomBean1 Init() Method
2020-09-26 20:12:51:795 INFO : Inside postProcessAfterInitialization() Method for Bean : customBean1
2020-09-26 20:12:59:047 INFO : Started BootApplication in 29.091 seconds (JVM running for 228.503)
2020-09-26 20:13:09:046 INFO : Inside SchedulerService : fixedDelay() Method
2020-09-26 20:13:49:056 INFO : Inside SchedulerService : fixedRate() Method
2020-09-26 20:21:09:037 INFO : The following profiles are active: dev
2020-09-26 20:21:11:239 INFO : BeanPostProcessorsImplementation Instance is Created
2020-09-26 20:21:14:636 INFO : Beans Ordered is as follows : 1,2,3
2020-09-26 20:21:22:759 INFO : Bean2 Instantiated at Sat Sep 26 20:21:22 IST 2020
2020-09-26 20:21:23:525 INFO : Bean1 Instantiated at Sat Sep 26 20:21:23 IST 2020
2020-09-26 20:21:23:527 INFO : Inside postProcessBeforeInitialization() Method for Bean : customBean1
2020-09-26 20:21:23:528 INFO : Inside CustomBean1 afterConstruction() Method
2020-09-26 20:21:23:528 INFO : Inside CustomBean1 afterPropertiesSet() Method 
2020-09-26 20:21:23:528 INFO : Inside CustomBean1 Init() Method
2020-09-26 20:21:23:529 INFO : Inside postProcessAfterInitialization() Method for Bean : customBean1
2020-09-26 20:21:31:887 INFO : Started BootApplication in 28.136 seconds (JVM running for 29.128)
2020-09-26 20:21:41:888 INFO : Inside SchedulerService : fixedDelay() Method
2020-09-26 20:22:21:892 INFO : Inside SchedulerService : fixedRate() Method
2020-09-26 20:23:00:784 INFO : Inside CustomBean1 beforeDestruction() Method
2020-09-26 20:23:00:784 INFO : Inside CustomBean1 Destroy() Method of Disposable Bean
2020-09-26 20:23:00:784 INFO : Inside CustomBean1 Destroy() Method
2020-09-26 20:23:05:373 INFO : The following profiles are active: dev
2020-09-26 20:23:06:324 INFO : BeanPostProcessorsImplementation Instance is Created
2020-09-26 20:23:07:660 INFO : Beans Ordered is as follows : 1,2,3
2020-09-26 20:24:03:600 INFO : The following profiles are active: dev
2020-09-26 20:24:25:853 INFO : The following profiles are active: dev
2020-09-26 20:24:26:836 INFO : BeanPostProcessorsImplementation Instance is Created
2020-09-26 20:24:28:123 INFO : Beans Ordered is as follows : 1,2,3
2020-09-26 20:24:28:831 INFO : Bean2 Instantiated at Sat Sep 26 20:24:28 IST 2020
2020-09-26 20:24:29:073 INFO : Bean1 Instantiated at Sat Sep 26 20:24:29 IST 2020
2020-09-26 20:24:29:080 INFO : Inside postProcessBeforeInitialization() Method for Bean : customBean1
2020-09-26 20:24:29:081 INFO : Inside CustomBean1 afterConstruction() Method
2020-09-26 20:24:29:082 INFO : Inside CustomBean1 afterPropertiesSet() Method 
2020-09-26 20:24:29:082 INFO : Inside CustomBean1 Init() Method
2020-09-26 20:24:29:085 INFO : Inside postProcessAfterInitialization() Method for Bean : customBean1
2020-09-26 20:24:36:531 INFO : Started BootApplication in 15.062 seconds (JVM running for 213.771)
2020-09-26 20:24:46:531 INFO : Inside SchedulerService : fixedDelay() Method
2020-09-26 20:25:26:531 INFO : Inside SchedulerService : fixedRate() Method
2020-09-26 20:25:54:037 INFO : Inside CustomBean1 beforeDestruction() Method
2020-09-26 20:25:54:037 INFO : Inside CustomBean1 Destroy() Method of Disposable Bean
2020-09-26 20:25:54:037 INFO : Inside CustomBean1 Destroy() Method
2020-09-26 20:25:58:581 INFO : The following profiles are active: dev
2020-09-26 20:25:59:514 INFO : BeanPostProcessorsImplementation Instance is Created
2020-09-26 20:26:00:830 INFO : Beans Ordered is as follows : 1,2,3
2020-09-26 20:26:01:571 INFO : Bean2 Instantiated at Sat Sep 26 20:26:01 IST 2020
2020-09-26 20:26:01:888 INFO : Bean1 Instantiated at Sat Sep 26 20:26:01 IST 2020
2020-09-26 20:26:01:890 INFO : Inside postProcessBeforeInitialization() Method for Bean : customBean1
2020-09-26 20:26:01:891 INFO : Inside CustomBean1 afterConstruction() Method
2020-09-26 20:26:01:891 INFO : Inside CustomBean1 afterPropertiesSet() Method 
2020-09-26 20:26:01:891 INFO : Inside CustomBean1 Init() Method
2020-09-26 20:26:01:892 INFO : Inside postProcessAfterInitialization() Method for Bean : customBean1
2020-09-26 20:26:09:072 INFO : Started BootApplication in 14.915 seconds (JVM running for 306.312)
2020-09-26 20:26:19:081 INFO : Inside SchedulerService : fixedDelay() Method
2020-09-26 20:26:59:075 INFO : Inside SchedulerService : fixedRate() Method
2020-09-26 22:13:55:520 INFO : Inside SchedulerService : fixedDelay() Method
2020-09-26 22:13:55:520 INFO : Inside SchedulerService : fixedRate() Method
2020-09-26 22:13:55:525 INFO : Inside SchedulerService : fixedRate() Method
2020-09-26 22:13:55:525 INFO : Inside SchedulerService : fixedRate() Method
2020-09-26 22:13:55:525 INFO : Inside SchedulerService : fixedRate() Method
2020-09-26 22:13:55:526 INFO : Inside SchedulerService : fixedRate() Method
2020-09-26 22:13:55:526 INFO : Inside SchedulerService : fixedRate() Method
2020-09-26 22:23:39:073 INFO : Inside SchedulerService : fixedRate() Method
2020-09-26 22:30:35:525 INFO : Inside SchedulerService : fixedDelay() Method
2020-09-26 22:40:19:069 INFO : Inside SchedulerService : fixedRate() Method
2020-09-26 22:47:15:538 INFO : Inside SchedulerService : fixedDelay() Method
2020-09-26 22:56:59:061 INFO : Inside SchedulerService : fixedRate() Method
