2020-09-27 10:47:09:042 INFO : Inside SchedulerService : fixedRate() Method
2020-09-27 10:47:09:042 INFO : Inside SchedulerService : fixedDelay() Method
2020-09-27 10:47:09:049 INFO : Inside SchedulerService : fixedRate() Method
2020-09-27 10:47:09:049 INFO : Inside SchedulerService : fixedRate() Method
2020-09-27 10:47:09:049 INFO : Inside SchedulerService : fixedRate() Method
2020-09-27 10:47:09:049 INFO : Inside SchedulerService : fixedRate() Method
2020-09-27 10:47:09:050 INFO : Inside SchedulerService : fixedRate() Method
2020-09-27 10:47:09:051 INFO : Inside SchedulerService : fixedRate() Method
2020-09-27 10:47:09:051 INFO : Inside SchedulerService : fixedRate() Method
2020-09-27 10:47:09:051 INFO : Inside SchedulerService : fixedRate() Method
2020-09-27 10:47:09:051 INFO : Inside SchedulerService : fixedRate() Method
2020-09-27 10:47:09:051 INFO : Inside SchedulerService : fixedRate() Method
2020-09-27 10:47:09:052 INFO : Inside SchedulerService : fixedRate() Method
2020-09-27 10:47:09:052 INFO : Inside SchedulerService : fixedRate() Method
2020-09-27 10:47:09:052 INFO : Inside SchedulerService : fixedRate() Method
2020-09-27 10:47:09:052 INFO : Inside SchedulerService : fixedRate() Method
2020-09-27 10:47:09:052 INFO : Inside SchedulerService : fixedRate() Method
2020-09-27 10:47:09:052 INFO : Inside SchedulerService : fixedRate() Method
2020-09-27 10:47:09:052 INFO : Inside SchedulerService : fixedRate() Method
2020-09-27 10:47:09:052 INFO : Inside SchedulerService : fixedRate() Method
2020-09-27 10:47:09:052 INFO : Inside SchedulerService : fixedRate() Method
2020-09-27 10:47:09:052 INFO : Inside SchedulerService : fixedRate() Method
2020-09-27 10:47:09:053 INFO : Inside SchedulerService : fixedRate() Method
2020-09-27 10:47:09:053 INFO : Inside SchedulerService : fixedRate() Method
2020-09-27 10:47:09:053 INFO : Inside SchedulerService : fixedRate() Method
2020-09-27 10:47:09:053 INFO : Inside SchedulerService : fixedRate() Method
2020-09-27 10:47:09:053 INFO : Inside SchedulerService : fixedRate() Method
2020-09-27 10:47:09:053 INFO : Inside SchedulerService : fixedRate() Method
2020-09-27 10:47:09:053 INFO : Inside SchedulerService : fixedRate() Method
2020-09-27 10:47:09:053 INFO : Inside SchedulerService : fixedRate() Method
2020-09-27 10:47:09:053 INFO : Inside SchedulerService : fixedRate() Method
2020-09-27 10:47:09:053 INFO : Inside SchedulerService : fixedRate() Method
2020-09-27 10:47:09:053 INFO : Inside SchedulerService : fixedRate() Method
2020-09-27 10:47:09:054 INFO : Inside SchedulerService : fixedRate() Method
2020-09-27 10:47:09:054 INFO : Inside SchedulerService : fixedRate() Method
2020-09-27 10:47:09:054 INFO : Inside SchedulerService : fixedRate() Method
2020-09-27 10:47:09:054 INFO : Inside SchedulerService : fixedRate() Method
2020-09-27 10:47:09:054 INFO : Inside SchedulerService : fixedRate() Method
2020-09-27 10:47:09:054 INFO : Inside SchedulerService : fixedRate() Method
2020-09-27 10:47:09:054 INFO : Inside SchedulerService : fixedRate() Method
2020-09-27 10:47:09:054 INFO : Inside SchedulerService : fixedRate() Method
2020-09-27 10:47:09:054 INFO : Inside SchedulerService : fixedRate() Method
2020-09-27 10:47:09:054 INFO : Inside SchedulerService : fixedRate() Method
2020-09-27 10:53:39:054 INFO : Inside SchedulerService : fixedRate() Method
2020-09-27 11:03:49:055 INFO : Inside SchedulerService : fixedDelay() Method
2020-09-27 11:10:19:058 INFO : Inside SchedulerService : fixedRate() Method
2020-09-27 11:20:29:065 INFO : Inside SchedulerService : fixedDelay() Method
2020-09-27 11:26:59:050 INFO : Inside SchedulerService : fixedRate() Method
2020-09-27 11:37:11:202 INFO : Inside SchedulerService : fixedDelay() Method
2020-09-27 11:43:41:188 INFO : Inside SchedulerService : fixedRate() Method
2020-09-27 11:53:51:215 INFO : Inside SchedulerService : fixedDelay() Method
2020-09-27 12:00:21:177 INFO : Inside SchedulerService : fixedRate() Method
2020-09-27 12:10:31:217 INFO : Inside SchedulerService : fixedDelay() Method
2020-09-27 12:17:01:188 INFO : Inside SchedulerService : fixedRate() Method
2020-09-27 12:27:11:219 INFO : Inside SchedulerService : fixedDelay() Method
2020-09-27 12:33:41:184 INFO : Inside SchedulerService : fixedRate() Method
2020-09-27 12:43:51:222 INFO : Inside SchedulerService : fixedDelay() Method
2020-09-27 12:50:21:186 INFO : Inside SchedulerService : fixedRate() Method
2020-09-27 13:00:31:226 INFO : Inside SchedulerService : fixedDelay() Method
2020-09-27 13:07:01:185 INFO : Inside SchedulerService : fixedRate() Method
2020-09-27 13:17:11:229 INFO : Inside SchedulerService : fixedDelay() Method
2020-09-27 13:23:41:177 INFO : Inside SchedulerService : fixedRate() Method
2020-09-27 13:33:51:238 INFO : Inside SchedulerService : fixedDelay() Method
2020-09-27 13:40:21:185 INFO : Inside SchedulerService : fixedRate() Method
2020-09-27 13:50:31:243 INFO : Inside SchedulerService : fixedDelay() Method
2020-09-27 13:57:01:187 INFO : Inside SchedulerService : fixedRate() Method
2020-09-27 14:07:11:248 INFO : Inside SchedulerService : fixedDelay() Method
2020-09-27 14:13:41:181 INFO : Inside SchedulerService : fixedRate() Method
2020-09-27 14:23:51:257 INFO : Inside SchedulerService : fixedDelay() Method
2020-09-27 14:30:21:184 INFO : Inside SchedulerService : fixedRate() Method
2020-09-27 14:40:31:268 INFO : Inside SchedulerService : fixedDelay() Method
2020-09-27 14:47:01:187 INFO : Inside SchedulerService : fixedRate() Method
2020-09-27 14:57:11:276 INFO : Inside SchedulerService : fixedDelay() Method
2020-09-27 15:03:41:182 INFO : Inside SchedulerService : fixedRate() Method
2020-09-27 15:13:51:288 INFO : Inside SchedulerService : fixedDelay() Method
2020-09-27 15:20:21:181 INFO : Inside SchedulerService : fixedRate() Method
2020-09-27 15:30:31:298 INFO : Inside SchedulerService : fixedDelay() Method
2020-09-27 15:37:01:185 INFO : Inside SchedulerService : fixedRate() Method
2020-09-27 15:48:48:970 INFO : Inside SchedulerService : fixedDelay() Method
2020-09-27 15:53:41:170 INFO : Inside SchedulerService : fixedRate() Method
2020-09-27 16:05:28:983 INFO : Inside SchedulerService : fixedDelay() Method
2020-09-27 16:10:21:168 INFO : Inside SchedulerService : fixedRate() Method
2020-09-27 16:22:08:994 INFO : Inside SchedulerService : fixedDelay() Method
2020-09-27 17:33:21:824 INFO : Inside SchedulerService : fixedRate() Method
2020-09-27 17:33:21:824 INFO : Inside SchedulerService : fixedDelay() Method
2020-09-27 17:33:21:825 INFO : Inside SchedulerService : fixedRate() Method
2020-09-27 17:33:21:825 INFO : Inside SchedulerService : fixedRate() Method
2020-09-27 17:33:21:826 INFO : Inside SchedulerService : fixedRate() Method
2020-09-27 17:33:41:157 INFO : Inside SchedulerService : fixedRate() Method
2020-09-27 17:50:01:837 INFO : Inside SchedulerService : fixedDelay() Method
2020-09-27 17:50:21:160 INFO : Inside SchedulerService : fixedRate() Method
2020-09-27 18:37:23:350 INFO : Inside SchedulerService : fixedDelay() Method
2020-09-27 18:37:23:350 INFO : Inside SchedulerService : fixedRate() Method
2020-09-27 18:37:23:352 INFO : Inside SchedulerService : fixedRate() Method
2020-09-27 18:40:21:153 INFO : Inside SchedulerService : fixedRate() Method
2020-09-27 18:54:03:351 INFO : Inside SchedulerService : fixedDelay() Method
2020-09-27 18:57:01:142 INFO : Inside SchedulerService : fixedRate() Method
2020-09-27 22:40:03:828 INFO : The following profiles are active: dev
2020-09-27 22:40:06:065 INFO : BeanPostProcessorsImplementation Instance is Created
2020-09-27 22:40:09:486 INFO : Beans Ordered is as follows : 1,2,3
2020-09-27 22:40:10:788 INFO : Bean2 Instantiated at Sun Sep 27 22:40:10 IST 2020
2020-09-27 22:40:11:473 INFO : Bean1 Instantiated at Sun Sep 27 22:40:11 IST 2020
2020-09-27 22:40:11:476 INFO : Inside postProcessBeforeInitialization() Method for Bean : customBean1
2020-09-27 22:40:11:476 INFO : Inside CustomBean1 afterConstruction() Method
2020-09-27 22:40:11:476 INFO : Inside CustomBean1 afterPropertiesSet() Method 
2020-09-27 22:40:11:477 INFO : Inside CustomBean1 Init() Method
2020-09-27 22:40:11:478 INFO : Inside postProcessAfterInitialization() Method for Bean : customBean1
2020-09-27 22:40:19:528 INFO : Inside CustomBean1 beforeDestruction() Method
2020-09-27 22:40:19:529 INFO : Inside CustomBean1 Destroy() Method of Disposable Bean
2020-09-27 22:40:19:529 INFO : Inside CustomBean1 Destroy() Method
2020-09-27 22:43:11:879 INFO : The following profiles are active: dev
2020-09-27 22:43:14:551 INFO : BeanPostProcessorsImplementation Instance is Created
2020-09-27 22:43:18:623 INFO : Beans Ordered is as follows : 1,2,3
2020-09-27 22:43:20:048 INFO : Bean2 Instantiated at Sun Sep 27 22:43:20 IST 2020
2020-09-27 22:43:20:392 INFO : Bean1 Instantiated at Sun Sep 27 22:43:20 IST 2020
2020-09-27 22:43:20:395 INFO : Inside postProcessBeforeInitialization() Method for Bean : customBean1
2020-09-27 22:43:20:395 INFO : Inside CustomBean1 afterConstruction() Method
2020-09-27 22:43:20:395 INFO : Inside CustomBean1 afterPropertiesSet() Method 
2020-09-27 22:43:20:396 INFO : Inside CustomBean1 Init() Method
2020-09-27 22:43:20:398 INFO : Inside postProcessAfterInitialization() Method for Bean : customBean1
2020-09-27 22:43:29:004 INFO : Started BootApplication in 22.622 seconds (JVM running for 23.854)
2020-09-27 22:43:39:003 INFO : Inside SchedulerService : fixedDelay() Method
2020-09-27 22:44:19:005 INFO : Inside SchedulerService : fixedRate() Method
2020-09-27 22:49:37:169 INFO : Inside CustomBean1 beforeDestruction() Method
2020-09-27 22:49:37:170 INFO : Inside CustomBean1 Destroy() Method of Disposable Bean
2020-09-27 22:49:37:170 INFO : Inside CustomBean1 Destroy() Method
2020-09-27 22:49:42:033 INFO : The following profiles are active: dev
2020-09-27 22:49:43:014 INFO : BeanPostProcessorsImplementation Instance is Created
2020-09-27 22:49:45:048 INFO : Beans Ordered is as follows : 1,2,3
2020-09-27 22:49:45:867 INFO : Bean2 Instantiated at Sun Sep 27 22:49:45 IST 2020
2020-09-27 22:49:46:182 INFO : Bean1 Instantiated at Sun Sep 27 22:49:46 IST 2020
2020-09-27 22:49:46:189 INFO : Inside postProcessBeforeInitialization() Method for Bean : customBean1
2020-09-27 22:49:46:190 INFO : Inside CustomBean1 afterConstruction() Method
2020-09-27 22:49:46:190 INFO : Inside CustomBean1 afterPropertiesSet() Method 
2020-09-27 22:49:46:191 INFO : Inside CustomBean1 Init() Method
2020-09-27 22:49:46:194 INFO : Inside postProcessAfterInitialization() Method for Bean : customBean1
2020-09-27 22:49:53:791 INFO : Started BootApplication in 16.298 seconds (JVM running for 408.64)
2020-09-27 22:50:03:796 INFO : Inside SchedulerService : fixedDelay() Method
2020-09-27 22:50:43:792 INFO : Inside SchedulerService : fixedRate() Method
2020-09-27 23:00:24:112 INFO : Inside CustomBean1 beforeDestruction() Method
2020-09-27 23:00:24:113 INFO : Inside CustomBean1 Destroy() Method of Disposable Bean
2020-09-27 23:00:24:114 INFO : Inside CustomBean1 Destroy() Method
2020-09-27 23:00:28:702 INFO : The following profiles are active: dev
2020-09-27 23:00:29:672 INFO : BeanPostProcessorsImplementation Instance is Created
2020-09-27 23:00:31:174 INFO : Beans Ordered is as follows : 1,2,3
2020-09-27 23:00:32:057 INFO : Bean2 Instantiated at Sun Sep 27 23:00:32 IST 2020
2020-09-27 23:00:32:510 INFO : Bean1 Instantiated at Sun Sep 27 23:00:32 IST 2020
2020-09-27 23:00:32:513 INFO : Inside postProcessBeforeInitialization() Method for Bean : customBean1
2020-09-27 23:00:32:513 INFO : Inside CustomBean1 afterConstruction() Method
2020-09-27 23:00:32:513 INFO : Inside CustomBean1 afterPropertiesSet() Method 
2020-09-27 23:00:32:513 INFO : Inside CustomBean1 Init() Method
2020-09-27 23:00:32:514 INFO : Inside postProcessAfterInitialization() Method for Bean : customBean1
2020-09-27 23:00:42:402 INFO : The following profiles are active: dev
2020-09-27 23:00:43:438 INFO : BeanPostProcessorsImplementation Instance is Created
2020-09-27 23:00:44:990 INFO : Beans Ordered is as follows : 1,2,3
2020-09-27 23:00:45:844 INFO : Bean2 Instantiated at Sun Sep 27 23:00:45 IST 2020
2020-09-27 23:00:46:129 INFO : Bean1 Instantiated at Sun Sep 27 23:00:46 IST 2020
2020-09-27 23:00:46:131 INFO : Inside postProcessBeforeInitialization() Method for Bean : customBean1
2020-09-27 23:00:46:131 INFO : Inside CustomBean1 afterConstruction() Method
2020-09-27 23:00:46:131 INFO : Inside CustomBean1 afterPropertiesSet() Method 
2020-09-27 23:00:46:132 INFO : Inside CustomBean1 Init() Method
2020-09-27 23:00:46:133 INFO : Inside postProcessAfterInitialization() Method for Bean : customBean1
2020-09-27 23:00:53:724 INFO : Started BootApplication in 15.808 seconds (JVM running for 1068.574)
2020-09-27 23:01:03:735 INFO : Inside SchedulerService : fixedDelay() Method
2020-09-27 23:01:43:735 INFO : Inside SchedulerService : fixedRate() Method
2020-09-27 23:03:46:765 INFO : The following profiles are active: dev
2020-09-27 23:03:46:884 INFO : The following profiles are active: dev
2020-09-27 23:03:48:016 INFO : BeanPostProcessorsImplementation Instance is Created
2020-09-27 23:03:48:110 INFO : BeanPostProcessorsImplementation Instance is Created
2020-09-27 23:03:49:744 INFO : Beans Ordered is as follows : 1,2,3
2020-09-27 23:03:50:579 INFO : Bean2 Instantiated at Sun Sep 27 23:03:50 IST 2020
2020-09-27 23:03:50:669 INFO : Bean1 Instantiated at Sun Sep 27 23:03:50 IST 2020
2020-09-27 23:03:50:671 INFO : Inside postProcessBeforeInitialization() Method for Bean : customBean1
2020-09-27 23:03:50:672 INFO : Inside CustomBean1 afterConstruction() Method
2020-09-27 23:03:50:672 INFO : Inside CustomBean1 afterPropertiesSet() Method 
2020-09-27 23:03:50:672 INFO : Inside CustomBean1 Init() Method
2020-09-27 23:03:50:673 INFO : Inside postProcessAfterInitialization() Method for Bean : customBean1
2020-09-27 23:03:57:557 INFO : The following profiles are active: dev
2020-09-27 23:03:58:503 INFO : Started BootApplication in 16.313 seconds (JVM running for 1253.353)
2020-09-27 23:03:58:705 INFO : BeanPostProcessorsImplementation Instance is Created
2020-09-27 23:04:08:508 INFO : Inside SchedulerService : fixedDelay() Method
2020-09-27 23:04:48:517 INFO : Inside SchedulerService : fixedRate() Method
2020-09-27 23:06:09:331 INFO : The following profiles are active: dev
2020-09-27 23:06:09:454 INFO : The following profiles are active: dev
2020-09-27 23:06:10:510 INFO : BeanPostProcessorsImplementation Instance is Created
2020-09-27 23:06:10:643 INFO : BeanPostProcessorsImplementation Instance is Created
2020-09-27 23:06:12:477 INFO : Beans Ordered is as follows : 1,2,3
2020-09-27 23:06:13:264 INFO : Bean2 Instantiated at Sun Sep 27 23:06:13 IST 2020
2020-09-27 23:06:14:083 INFO : Bean1 Instantiated at Sun Sep 27 23:06:14 IST 2020
2020-09-27 23:06:14:085 INFO : Inside postProcessBeforeInitialization() Method for Bean : customBean1
2020-09-27 23:06:14:085 INFO : Inside CustomBean1 afterConstruction() Method
2020-09-27 23:06:14:085 INFO : Inside CustomBean1 afterPropertiesSet() Method 
2020-09-27 23:06:14:086 INFO : Inside CustomBean1 Init() Method
2020-09-27 23:06:14:086 INFO : Inside postProcessAfterInitialization() Method for Bean : customBean1
2020-09-27 23:06:21:668 INFO : Started BootApplication in 16.924 seconds (JVM running for 1396.517)
2020-09-27 23:06:31:671 INFO : Inside SchedulerService : fixedDelay() Method
2020-09-27 23:07:11:678 INFO : Inside SchedulerService : fixedRate() Method
2020-09-27 23:08:45:643 INFO : The following profiles are active: dev
2020-09-27 23:08:45:705 INFO : The following profiles are active: dev
2020-09-27 23:08:46:903 INFO : BeanPostProcessorsImplementation Instance is Created
2020-09-27 23:08:46:970 INFO : BeanPostProcessorsImplementation Instance is Created
2020-09-27 23:08:48:509 INFO : Beans Ordered is as follows : 1,2,3
2020-09-27 23:08:49:386 INFO : Bean2 Instantiated at Sun Sep 27 23:08:49 IST 2020
2020-09-27 23:08:50:253 INFO : Bean1 Instantiated at Sun Sep 27 23:08:50 IST 2020
2020-09-27 23:08:50:255 INFO : Inside postProcessBeforeInitialization() Method for Bean : customBean1
2020-09-27 23:08:50:255 INFO : Inside CustomBean1 afterConstruction() Method
2020-09-27 23:08:50:255 INFO : Inside CustomBean1 afterPropertiesSet() Method 
2020-09-27 23:08:50:256 INFO : Inside CustomBean1 Init() Method
2020-09-27 23:08:50:257 INFO : Inside postProcessAfterInitialization() Method for Bean : customBean1
2020-09-27 23:08:58:085 INFO : Started BootApplication in 17.082 seconds (JVM running for 1552.935)
2020-09-27 23:09:11:940 INFO : The following profiles are active: dev
2020-09-27 23:09:12:048 INFO : The following profiles are active: dev
2020-09-27 23:09:13:206 INFO : BeanPostProcessorsImplementation Instance is Created
2020-09-27 23:09:13:356 INFO : BeanPostProcessorsImplementation Instance is Created
2020-09-27 23:09:14:864 INFO : Beans Ordered is as follows : 1,2,3
2020-09-27 23:09:15:708 INFO : Bean2 Instantiated at Sun Sep 27 23:09:15 IST 2020
2020-09-27 23:09:16:118 INFO : Bean1 Instantiated at Sun Sep 27 23:09:16 IST 2020
2020-09-27 23:09:16:120 INFO : Inside postProcessBeforeInitialization() Method for Bean : customBean1
2020-09-27 23:09:16:121 INFO : Inside CustomBean1 afterConstruction() Method
2020-09-27 23:09:16:121 INFO : Inside CustomBean1 afterPropertiesSet() Method 
2020-09-27 23:09:16:121 INFO : Inside CustomBean1 Init() Method
2020-09-27 23:09:16:122 INFO : Inside postProcessAfterInitialization() Method for Bean : customBean1
2020-09-27 23:09:23:767 INFO : Started BootApplication in 16.429 seconds (JVM running for 1578.616)
2020-09-27 23:09:33:775 INFO : Inside SchedulerService : fixedDelay() Method
2020-09-27 23:09:44:024 INFO : Inside CustomBean1 beforeDestruction() Method
2020-09-27 23:09:44:024 INFO : Inside CustomBean1 Destroy() Method of Disposable Bean
2020-09-27 23:09:44:025 INFO : Inside CustomBean1 Destroy() Method
2020-09-27 23:09:48:761 INFO : The following profiles are active: dev
2020-09-27 23:09:49:870 INFO : BeanPostProcessorsImplementation Instance is Created
2020-09-27 23:09:51:374 INFO : Beans Ordered is as follows : 1,2,3
2020-09-27 23:09:52:266 INFO : Bean2 Instantiated at Sun Sep 27 23:09:52 IST 2020
2020-09-27 23:09:52:536 INFO : Bean1 Instantiated at Sun Sep 27 23:09:52 IST 2020
2020-09-27 23:09:52:539 INFO : Inside postProcessBeforeInitialization() Method for Bean : customBean1
2020-09-27 23:09:52:539 INFO : Inside CustomBean1 afterConstruction() Method
2020-09-27 23:09:52:539 INFO : Inside CustomBean1 afterPropertiesSet() Method 
2020-09-27 23:09:52:539 INFO : Inside CustomBean1 Init() Method
2020-09-27 23:09:52:540 INFO : Inside postProcessAfterInitialization() Method for Bean : customBean1
2020-09-27 23:10:00:274 INFO : Started BootApplication in 16.264 seconds (JVM running for 1615.124)
2020-09-27 23:10:10:129 INFO : The following profiles are active: dev
2020-09-27 23:10:10:318 INFO : The following profiles are active: dev
2020-09-27 23:10:11:369 INFO : BeanPostProcessorsImplementation Instance is Created
2020-09-27 23:10:11:583 INFO : BeanPostProcessorsImplementation Instance is Created
2020-09-27 23:10:13:034 INFO : Beans Ordered is as follows : 1,2,3
2020-09-27 23:10:13:830 INFO : Bean2 Instantiated at Sun Sep 27 23:10:13 IST 2020
2020-09-27 23:10:14:597 INFO : Bean1 Instantiated at Sun Sep 27 23:10:14 IST 2020
2020-09-27 23:10:14:599 INFO : Inside postProcessBeforeInitialization() Method for Bean : customBean1
2020-09-27 23:10:14:600 INFO : Inside CustomBean1 afterConstruction() Method
2020-09-27 23:10:14:600 INFO : Inside CustomBean1 afterPropertiesSet() Method 
2020-09-27 23:10:14:600 INFO : Inside CustomBean1 Init() Method
2020-09-27 23:10:14:602 INFO : Inside postProcessAfterInitialization() Method for Bean : customBean1
2020-09-27 23:10:22:357 INFO : Started BootApplication in 16.886 seconds (JVM running for 1637.206)
2020-09-27 23:10:32:356 INFO : Inside SchedulerService : fixedDelay() Method
2020-09-27 23:11:12:370 INFO : Inside SchedulerService : fixedRate() Method
2020-09-27 23:12:54:670 INFO : Inside CustomBean1 beforeDestruction() Method
2020-09-27 23:12:54:671 INFO : Inside CustomBean1 Destroy() Method of Disposable Bean
2020-09-27 23:12:54:671 INFO : Inside CustomBean1 Destroy() Method
2020-09-27 23:12:59:349 INFO : The following profiles are active: dev
2020-09-27 23:12:59:754 INFO : The following profiles are active: dev
2020-09-27 23:13:00:397 INFO : BeanPostProcessorsImplementation Instance is Created
2020-09-27 23:13:00:875 INFO : BeanPostProcessorsImplementation Instance is Created
2020-09-27 23:13:02:060 INFO : Beans Ordered is as follows : 1,2,3
2020-09-27 23:13:02:807 INFO : Bean2 Instantiated at Sun Sep 27 23:13:02 IST 2020
2020-09-27 23:13:03:763 INFO : Bean1 Instantiated at Sun Sep 27 23:13:03 IST 2020
2020-09-27 23:13:03:766 INFO : Inside postProcessBeforeInitialization() Method for Bean : customBean1
2020-09-27 23:13:03:766 INFO : Inside CustomBean1 afterConstruction() Method
2020-09-27 23:13:03:766 INFO : Inside CustomBean1 afterPropertiesSet() Method 
2020-09-27 23:13:03:766 INFO : Inside CustomBean1 Init() Method
2020-09-27 23:13:03:768 INFO : Inside postProcessAfterInitialization() Method for Bean : customBean1
2020-09-27 23:13:11:378 INFO : Started BootApplication in 16.46 seconds (JVM running for 1806.227)
2020-09-27 23:13:21:392 INFO : Inside SchedulerService : fixedDelay() Method
2020-09-27 23:14:01:383 INFO : Inside SchedulerService : fixedRate() Method
2020-09-27 23:30:01:402 INFO : Inside SchedulerService : fixedDelay() Method
2020-09-27 23:30:24:864 INFO : The following profiles are active: dev
2020-09-27 23:30:24:956 INFO : The following profiles are active: dev
2020-09-27 23:30:26:017 INFO : BeanPostProcessorsImplementation Instance is Created
2020-09-27 23:30:26:106 INFO : BeanPostProcessorsImplementation Instance is Created
2020-09-27 23:30:36:837 INFO : The following profiles are active: dev
2020-09-27 23:30:37:748 INFO : BeanPostProcessorsImplementation Instance is Created
2020-09-27 23:31:53:295 INFO : The following profiles are active: dev
2020-09-27 23:31:54:289 INFO : BeanPostProcessorsImplementation Instance is Created
2020-09-27 23:32:10:003 INFO : The following profiles are active: dev
2020-09-27 23:32:10:950 INFO : BeanPostProcessorsImplementation Instance is Created
2020-09-27 23:33:42:357 INFO : The following profiles are active: dev
2020-09-27 23:33:43:356 INFO : BeanPostProcessorsImplementation Instance is Created
2020-09-27 23:34:15:668 INFO : The following profiles are active: dev
2020-09-27 23:34:16:533 INFO : BeanPostProcessorsImplementation Instance is Created
2020-09-27 23:35:31:093 INFO : The following profiles are active: dev
2020-09-27 23:35:33:351 INFO : BeanPostProcessorsImplementation Instance is Created
2020-09-27 23:35:36:994 INFO : Beans Ordered is as follows : 1,2,3
2020-09-27 23:35:38:233 INFO : Bean2 Instantiated at Sun Sep 27 23:35:38 IST 2020
2020-09-27 23:35:39:031 INFO : Bean1 Instantiated at Sun Sep 27 23:35:39 IST 2020
2020-09-27 23:35:39:036 INFO : Inside postProcessBeforeInitialization() Method for Bean : customBean1
2020-09-27 23:35:39:036 INFO : Inside CustomBean1 afterConstruction() Method
2020-09-27 23:35:39:036 INFO : Inside CustomBean1 afterPropertiesSet() Method 
2020-09-27 23:35:39:036 INFO : Inside CustomBean1 Init() Method
2020-09-27 23:35:39:037 INFO : Inside postProcessAfterInitialization() Method for Bean : customBean1
2020-09-27 23:35:47:443 INFO : Started BootApplication in 21.68 seconds (JVM running for 22.671)
2020-09-27 23:35:57:452 INFO : Inside SchedulerService : fixedDelay() Method
2020-09-27 23:36:37:447 INFO : Inside SchedulerService : fixedRate() Method
2020-09-27 23:43:40:192 INFO : Inside CustomBean1 beforeDestruction() Method
2020-09-27 23:43:40:193 INFO : Inside CustomBean1 Destroy() Method of Disposable Bean
2020-09-27 23:43:40:193 INFO : Inside CustomBean1 Destroy() Method
2020-09-27 23:43:44:724 INFO : The following profiles are active: dev
2020-09-27 23:43:45:605 INFO : BeanPostProcessorsImplementation Instance is Created
2020-09-27 23:43:46:939 INFO : Beans Ordered is as follows : 1,2,3
2020-09-27 23:43:47:648 INFO : Bean2 Instantiated at Sun Sep 27 23:43:47 IST 2020
2020-09-27 23:43:48:480 INFO : Bean1 Instantiated at Sun Sep 27 23:43:48 IST 2020
2020-09-27 23:43:48:485 INFO : Inside postProcessBeforeInitialization() Method for Bean : customBean1
2020-09-27 23:43:48:485 INFO : Inside CustomBean1 afterConstruction() Method
2020-09-27 23:43:48:485 INFO : Inside CustomBean1 afterPropertiesSet() Method 
2020-09-27 23:43:48:485 INFO : Inside CustomBean1 Init() Method
2020-09-27 23:43:48:486 INFO : Inside postProcessAfterInitialization() Method for Bean : customBean1
2020-09-27 23:43:59:606 INFO : The following profiles are active: dev
2020-09-27 23:44:00:500 INFO : BeanPostProcessorsImplementation Instance is Created
2020-09-27 23:44:01:923 INFO : Beans Ordered is as follows : 1,2,3
2020-09-27 23:44:02:617 INFO : Bean2 Instantiated at Sun Sep 27 23:44:02 IST 2020
2020-09-27 23:44:02:784 INFO : Bean1 Instantiated at Sun Sep 27 23:44:02 IST 2020
2020-09-27 23:44:02:787 INFO : Inside postProcessBeforeInitialization() Method for Bean : customBean1
2020-09-27 23:44:02:787 INFO : Inside CustomBean1 afterConstruction() Method
2020-09-27 23:44:02:787 INFO : Inside CustomBean1 afterPropertiesSet() Method 
2020-09-27 23:44:02:788 INFO : Inside CustomBean1 Init() Method
2020-09-27 23:44:02:789 INFO : Inside postProcessAfterInitialization() Method for Bean : customBean1
2020-09-27 23:44:10:292 INFO : Started BootApplication in 15.163 seconds (JVM running for 525.521)
2020-09-27 23:44:20:300 INFO : Inside SchedulerService : fixedDelay() Method
2020-09-27 23:45:00:294 INFO : Inside SchedulerService : fixedRate() Method
