2020-09-03 01:22:56:210 DEBUG : Running with Spring Boot v2.4.0-SNAPSHOT, Spring v5.3.0-SNAPSHOT
2020-09-03 01:23:07:101 DEBUG : Running with Spring Boot v2.4.0-SNAPSHOT, Spring v5.3.0-SNAPSHOT
2020-09-03 01:24:28:906 DEBUG : Running with Spring Boot v2.4.0-SNAPSHOT, Spring v5.3.0-SNAPSHOT
2020-09-03 01:25:53:954 DEBUG : Running with Spring Boot v2.4.0-SNAPSHOT, Spring v5.3.0-SNAPSHOT
2020-09-03 01:27:41:998 DEBUG : Running with Spring Boot v2.4.0-SNAPSHOT, Spring v5.3.0-SNAPSHOT
2020-09-03 01:35:09:511 DEBUG : Running with Spring Boot v2.4.0-SNAPSHOT, Spring v5.3.0-SNAPSHOT
2020-09-03 01:39:07:239 DEBUG : Running with Spring Boot v2.4.0-SNAPSHOT, Spring v5.3.0-SNAPSHOT
2020-09-03 01:44:42:304 DEBUG : Running with Spring Boot v2.4.0-SNAPSHOT, Spring v5.3.0-SNAPSHOT
2020-09-03 01:45:29:762 DEBUG : Running with Spring Boot v2.4.0-SNAPSHOT, Spring v5.3.0-SNAPSHOT
2020-09-03 01:45:46:846 DEBUG : Running with Spring Boot v2.4.0-SNAPSHOT, Spring v5.3.0-SNAPSHOT
2020-09-03 01:45:50:411 DEBUG : Running with Spring Boot v2.4.0-SNAPSHOT, Spring v5.3.0-SNAPSHOT
2020-09-03 01:45:58:089 DEBUG : Running with Spring Boot v2.4.0-SNAPSHOT, Spring v5.3.0-SNAPSHOT
2020-09-03 01:46:25:636 DEBUG : Running with Spring Boot v2.4.0-SNAPSHOT, Spring v5.3.0-SNAPSHOT
2020-09-03 01:49:37:167 DEBUG : Running with Spring Boot v2.4.0-SNAPSHOT, Spring v5.3.0-SNAPSHOT
2020-09-03 01:53:17:880 DEBUG : Running with Spring Boot v2.4.0-SNAPSHOT, Spring v5.3.0-SNAPSHOT
2020-09-03 01:53:22:584 DEBUG : Running with Spring Boot v2.4.0-SNAPSHOT, Spring v5.3.0-SNAPSHOT
2020-09-03 01:53:43:814 DEBUG : Running with Spring Boot v2.4.0-SNAPSHOT, Spring v5.3.0-SNAPSHOT
2020-09-03 01:54:27:171 DEBUG : Running with Spring Boot v2.4.0-SNAPSHOT, Spring v5.3.0-SNAPSHOT
2020-09-03 01:55:42:697 DEBUG : Running with Spring Boot v2.4.0-SNAPSHOT, Spring v5.3.0-SNAPSHOT
2020-09-03 01:55:52:509 DEBUG : Running with Spring Boot v2.4.0-SNAPSHOT, Spring v5.3.0-SNAPSHOT
2020-09-03 01:58:01:314 DEBUG : Running with Spring Boot v2.4.0-SNAPSHOT, Spring v5.3.0-SNAPSHOT
2020-09-03 02:01:58:776 DEBUG : Running with Spring Boot v2.4.0-SNAPSHOT, Spring v5.3.0-SNAPSHOT
2020-09-03 02:07:16:168 DEBUG : Running with Spring Boot v2.4.0-SNAPSHOT, Spring v5.3.0-SNAPSHOT
2020-09-03 02:09:58:594 DEBUG : Running with Spring Boot v2.4.0-SNAPSHOT, Spring v5.3.0-SNAPSHOT
2020-09-03 02:11:26:691 DEBUG : Running with Spring Boot v2.4.0-SNAPSHOT, Spring v5.3.0-SNAPSHOT
2020-09-03 02:12:51:642 DEBUG : Running with Spring Boot v2.4.0-SNAPSHOT, Spring v5.3.0-SNAPSHOT
2020-09-03 02:12:55:123 DEBUG : Running with Spring Boot v2.4.0-SNAPSHOT, Spring v5.3.0-SNAPSHOT
2020-09-03 02:15:02:922 DEBUG : Running with Spring Boot v2.4.0-SNAPSHOT, Spring v5.3.0-SNAPSHOT
2020-09-03 02:15:42:880 DEBUG : Running with Spring Boot v2.4.0-SNAPSHOT, Spring v5.3.0-SNAPSHOT
2020-09-03 02:17:32:113 DEBUG : Running with Spring Boot v2.4.0-SNAPSHOT, Spring v5.3.0-SNAPSHOT
2020-09-03 02:18:08:989 DEBUG : Running with Spring Boot v2.4.0-SNAPSHOT, Spring v5.3.0-SNAPSHOT
2020-09-03 02:18:36:553 DEBUG : Running with Spring Boot v2.4.0-SNAPSHOT, Spring v5.3.0-SNAPSHOT
2020-09-03 02:19:22:889 DEBUG : Running with Spring Boot v2.4.0-SNAPSHOT, Spring v5.3.0-SNAPSHOT
2020-09-03 02:19:27:422 DEBUG : Running with Spring Boot v2.4.0-SNAPSHOT, Spring v5.3.0-SNAPSHOT
2020-09-03 02:20:38:897 DEBUG : Running with Spring Boot v2.4.0-SNAPSHOT, Spring v5.3.0-SNAPSHOT
2020-09-03 02:20:47:605 DEBUG : Running with Spring Boot v2.4.0-SNAPSHOT, Spring v5.3.0-SNAPSHOT
2020-09-03 02:20:55:213 DEBUG : Running with Spring Boot v2.4.0-SNAPSHOT, Spring v5.3.0-SNAPSHOT
2020-09-03 02:21:23:735 DEBUG : Running with Spring Boot v2.4.0-SNAPSHOT, Spring v5.3.0-SNAPSHOT
2020-09-03 02:21:39:849 DEBUG : Running with Spring Boot v2.4.0-SNAPSHOT, Spring v5.3.0-SNAPSHOT
2020-09-03 02:23:31:898 DEBUG : Running with Spring Boot v2.4.0-SNAPSHOT, Spring v5.3.0-SNAPSHOT
2020-09-03 02:23:40:628 DEBUG : Running with Spring Boot v2.4.0-SNAPSHOT, Spring v5.3.0-SNAPSHOT
2020-09-03 02:25:05:599 DEBUG : Running with Spring Boot v2.4.0-SNAPSHOT, Spring v5.3.0-SNAPSHOT
2020-09-03 02:25:16:393 DEBUG : Running with Spring Boot v2.4.0-SNAPSHOT, Spring v5.3.0-SNAPSHOT
2020-09-03 02:25:23:017 DEBUG : Running with Spring Boot v2.4.0-SNAPSHOT, Spring v5.3.0-SNAPSHOT
2020-09-03 02:25:37:937 DEBUG : Running with Spring Boot v2.4.0-SNAPSHOT, Spring v5.3.0-SNAPSHOT
2020-09-03 02:26:15:824 DEBUG : Running with Spring Boot v2.4.0-SNAPSHOT, Spring v5.3.0-SNAPSHOT
2020-09-03 02:26:40:235 DEBUG : Running with Spring Boot v2.4.0-SNAPSHOT, Spring v5.3.0-SNAPSHOT
2020-09-03 02:27:38:137 DEBUG : Running with Spring Boot v2.4.0-SNAPSHOT, Spring v5.3.0-SNAPSHOT
2020-09-03 02:28:01:585 DEBUG : Running with Spring Boot v2.4.0-SNAPSHOT, Spring v5.3.0-SNAPSHOT
2020-09-03 02:29:08:175 DEBUG : Running with Spring Boot v2.4.0-SNAPSHOT, Spring v5.3.0-SNAPSHOT
2020-09-03 02:29:10:798 DEBUG : Running with Spring Boot v2.4.0-SNAPSHOT, Spring v5.3.0-SNAPSHOT
2020-09-03 02:30:06:511 DEBUG : Running with Spring Boot v2.4.0-SNAPSHOT, Spring v5.3.0-SNAPSHOT
2020-09-03 02:31:24:066 DEBUG : Running with Spring Boot v2.4.0-SNAPSHOT, Spring v5.3.0-SNAPSHOT
2020-09-03 03:16:23:484 DEBUG : Running with Spring Boot v2.4.0-SNAPSHOT, Spring v5.3.0-SNAPSHOT
2020-09-03 03:18:43:520 DEBUG : Running with Spring Boot v2.4.0-SNAPSHOT, Spring v5.3.0-SNAPSHOT
2020-09-03 03:20:57:061 DEBUG : Running with Spring Boot v2.4.0-SNAPSHOT, Spring v5.3.0-SNAPSHOT
2020-09-03 03:21:34:602 DEBUG : Running with Spring Boot v2.4.0-SNAPSHOT, Spring v5.3.0-SNAPSHOT
2020-09-03 03:23:13:397 DEBUG : Running with Spring Boot v2.4.0-SNAPSHOT, Spring v5.3.0-SNAPSHOT
2020-09-03 03:23:22:200 DEBUG : Running with Spring Boot v2.4.0-SNAPSHOT, Spring v5.3.0-SNAPSHOT
2020-09-03 03:23:29:972 DEBUG : Running with Spring Boot v2.4.0-SNAPSHOT, Spring v5.3.0-SNAPSHOT
2020-09-03 03:23:59:754 DEBUG : Running with Spring Boot v2.4.0-SNAPSHOT, Spring v5.3.0-SNAPSHOT
2020-09-03 03:24:26:352 DEBUG : Running with Spring Boot v2.4.0-SNAPSHOT, Spring v5.3.0-SNAPSHOT
2020-09-03 03:30:59:170 DEBUG : Running with Spring Boot v2.4.0-SNAPSHOT, Spring v5.3.0-SNAPSHOT
2020-09-03 03:32:21:651 DEBUG : Running with Spring Boot v2.4.0-SNAPSHOT, Spring v5.3.0-SNAPSHOT
2020-09-03 03:33:09:580 DEBUG : Running with Spring Boot v2.4.0-SNAPSHOT, Spring v5.3.0-SNAPSHOT
2020-09-03 03:33:54:192 DEBUG : Running with Spring Boot v2.4.0-SNAPSHOT, Spring v5.3.0-SNAPSHOT
2020-09-03 03:34:38:745 DEBUG : Running with Spring Boot v2.4.0-SNAPSHOT, Spring v5.3.0-SNAPSHOT
2020-09-03 03:39:30:887 DEBUG : Running with Spring Boot v2.4.0-SNAPSHOT, Spring v5.3.0-SNAPSHOT
2020-09-03 03:40:17:878 DEBUG : Running with Spring Boot v2.4.0-SNAPSHOT, Spring v5.3.0-SNAPSHOT
2020-09-03 03:41:10:908 DEBUG : Running with Spring Boot v2.4.0-SNAPSHOT, Spring v5.3.0-SNAPSHOT
2020-09-03 03:41:51:636 DEBUG : **** Inside googleRedirectionURL() **** 
2020-09-03 03:42:37:291 DEBUG : Running with Spring Boot v2.4.0-SNAPSHOT, Spring v5.3.0-SNAPSHOT
2020-09-03 03:43:49:077 DEBUG : Running with Spring Boot v2.4.0-SNAPSHOT, Spring v5.3.0-SNAPSHOT
2020-09-03 03:44:17:155 DEBUG : Running with Spring Boot v2.4.0-SNAPSHOT, Spring v5.3.0-SNAPSHOT
2020-09-03 03:48:22:120 DEBUG : Running with Spring Boot v2.4.0-SNAPSHOT, Spring v5.3.0-SNAPSHOT
2020-09-03 03:48:25:751 DEBUG : Running with Spring Boot v2.4.0-SNAPSHOT, Spring v5.3.0-SNAPSHOT
2020-09-03 03:49:17:494 DEBUG : Running with Spring Boot v2.4.0-SNAPSHOT, Spring v5.3.0-SNAPSHOT
2020-09-03 03:49:35:688 DEBUG : Running with Spring Boot v2.4.0-SNAPSHOT, Spring v5.3.0-SNAPSHOT
2020-09-03 03:58:23:728 DEBUG : Running with Spring Boot v2.4.0-SNAPSHOT, Spring v5.3.0-SNAPSHOT
2020-09-03 03:59:20:455 DEBUG : Running with Spring Boot v2.4.0-SNAPSHOT, Spring v5.3.0-SNAPSHOT
2020-09-03 04:00:14:418 DEBUG : Running with Spring Boot v2.4.0-SNAPSHOT, Spring v5.3.0-SNAPSHOT
2020-09-03 04:00:51:515 DEBUG : Running with Spring Boot v2.4.0-SNAPSHOT, Spring v5.3.0-SNAPSHOT
2020-09-03 04:05:37:811 DEBUG : Running with Spring Boot v2.4.0-SNAPSHOT, Spring v5.3.0-SNAPSHOT
2020-09-03 04:06:14:854 DEBUG : Running with Spring Boot v2.4.0-SNAPSHOT, Spring v5.3.0-SNAPSHOT
2020-09-03 04:09:24:909 DEBUG : Running with Spring Boot v2.4.0-SNAPSHOT, Spring v5.3.0-SNAPSHOT
2020-09-03 04:09:57:220 DEBUG : Running with Spring Boot v2.4.0-SNAPSHOT, Spring v5.3.0-SNAPSHOT
2020-09-03 04:10:20:110 DEBUG : Running with Spring Boot v2.4.0-SNAPSHOT, Spring v5.3.0-SNAPSHOT
2020-09-03 04:11:06:649 DEBUG : Running with Spring Boot v2.4.0-SNAPSHOT, Spring v5.3.0-SNAPSHOT
2020-09-03 04:11:26:131 DEBUG : Running with Spring Boot v2.4.0-SNAPSHOT, Spring v5.3.0-SNAPSHOT
2020-09-03 11:25:48:542 DEBUG : Running with Spring Boot v2.4.0-SNAPSHOT, Spring v5.3.0-SNAPSHOT
2020-09-03 11:25:59:270 DEBUG : Running with Spring Boot v2.4.0-SNAPSHOT, Spring v5.3.0-SNAPSHOT
2020-09-03 11:29:01:044 DEBUG : **** Inside linkedinRedirectionURL() **** 
2020-09-03 11:29:31:364 DEBUG : **** Inside githubRedirectionURL() **** 
2020-09-03 11:29:36:834 DEBUG : **** Inside googleRedirectionURL() **** 
2020-09-03 11:29:40:855 DEBUG : **** Inside facebookRedirectionURL() **** 
2020-09-03 11:45:25:970 DEBUG : Running with Spring Boot v2.4.0-SNAPSHOT, Spring v5.3.0-SNAPSHOT
2020-09-03 11:45:33:547 DEBUG : Running with Spring Boot v2.4.0-SNAPSHOT, Spring v5.3.0-SNAPSHOT
2020-09-03 11:46:51:368 DEBUG : Running with Spring Boot v2.4.0-SNAPSHOT, Spring v5.3.0-SNAPSHOT
2020-09-03 11:48:09:367 DEBUG : Running with Spring Boot v2.4.0-SNAPSHOT, Spring v5.3.0-SNAPSHOT
2020-09-03 11:57:02:711 DEBUG : Running with Spring Boot v2.4.0-SNAPSHOT, Spring v5.3.0-SNAPSHOT
2020-09-03 13:15:10:288 DEBUG : Running with Spring Boot v2.4.0-SNAPSHOT, Spring v5.3.0-SNAPSHOT
2020-09-03 13:15:20:218 DEBUG : Running with Spring Boot v2.4.0-SNAPSHOT, Spring v5.3.0-SNAPSHOT
2020-09-03 13:16:14:884 DEBUG : Running with Spring Boot v2.4.0-SNAPSHOT, Spring v5.3.0-SNAPSHOT
2020-09-03 13:17:13:912 DEBUG : Running with Spring Boot v2.4.0-SNAPSHOT, Spring v5.3.0-SNAPSHOT
2020-09-03 13:17:52:836 DEBUG : Running with Spring Boot v2.4.0-SNAPSHOT, Spring v5.3.0-SNAPSHOT
2020-09-03 13:18:36:179 DEBUG : Running with Spring Boot v2.4.0-SNAPSHOT, Spring v5.3.0-SNAPSHOT
2020-09-03 13:23:00:186 DEBUG : Running with Spring Boot v2.4.0-SNAPSHOT, Spring v5.3.0-SNAPSHOT
2020-09-03 13:24:13:321 DEBUG : Running with Spring Boot v2.4.0-SNAPSHOT, Spring v5.3.0-SNAPSHOT
2020-09-03 13:25:34:215 DEBUG : Running with Spring Boot v2.4.0-SNAPSHOT, Spring v5.3.0-SNAPSHOT
2020-09-03 13:25:51:668 DEBUG : Running with Spring Boot v2.4.0-SNAPSHOT, Spring v5.3.0-SNAPSHOT
2020-09-03 13:27:12:957 DEBUG : Running with Spring Boot v2.4.0-SNAPSHOT, Spring v5.3.0-SNAPSHOT
2020-09-03 13:31:15:688 DEBUG : Running with Spring Boot v2.4.0-SNAPSHOT, Spring v5.3.0-SNAPSHOT
2020-09-03 13:31:37:071 DEBUG : Running with Spring Boot v2.4.0-SNAPSHOT, Spring v5.3.0-SNAPSHOT
2020-09-03 13:31:46:975 DEBUG : Running with Spring Boot v2.4.0-SNAPSHOT, Spring v5.3.0-SNAPSHOT
2020-09-03 13:32:03:969 DEBUG : Running with Spring Boot v2.4.0-SNAPSHOT, Spring v5.3.0-SNAPSHOT
2020-09-03 13:33:00:841 DEBUG : Running with Spring Boot v2.4.0-SNAPSHOT, Spring v5.3.0-SNAPSHOT
2020-09-03 13:34:04:972 DEBUG : Running with Spring Boot v2.4.0-SNAPSHOT, Spring v5.3.0-SNAPSHOT
2020-09-03 13:35:02:033 DEBUG : Running with Spring Boot v2.4.0-SNAPSHOT, Spring v5.3.0-SNAPSHOT
2020-09-03 13:36:01:021 DEBUG : Running with Spring Boot v2.4.0-SNAPSHOT, Spring v5.3.0-SNAPSHOT
2020-09-03 13:38:53:720 DEBUG : Running with Spring Boot v2.4.0-SNAPSHOT, Spring v5.3.0-SNAPSHOT
2020-09-03 13:48:56:465 DEBUG : Running with Spring Boot v2.4.0-SNAPSHOT, Spring v5.3.0-SNAPSHOT
2020-09-03 13:49:37:666 DEBUG : Running with Spring Boot v2.4.0-SNAPSHOT, Spring v5.3.0-SNAPSHOT
2020-09-03 13:50:33:523 DEBUG : Running with Spring Boot v2.4.0-SNAPSHOT, Spring v5.3.0-SNAPSHOT
2020-09-03 13:51:15:823 DEBUG : Running with Spring Boot v2.4.0-SNAPSHOT, Spring v5.3.0-SNAPSHOT
2020-09-03 13:52:39:886 DEBUG : Running with Spring Boot v2.4.0-SNAPSHOT, Spring v5.3.0-SNAPSHOT
2020-09-03 13:55:46:051 DEBUG : Running with Spring Boot v2.4.0-SNAPSHOT, Spring v5.3.0-SNAPSHOT
2020-09-03 13:57:44:731 DEBUG : Running with Spring Boot v2.4.0-SNAPSHOT, Spring v5.3.0-SNAPSHOT
2020-09-03 13:58:15:368 DEBUG : **** Inside facebookRedirectionURL() **** 
2020-09-03 13:58:36:303 DEBUG : Running with Spring Boot v2.4.0-SNAPSHOT, Spring v5.3.0-SNAPSHOT
2020-09-03 13:59:04:955 DEBUG : **** Inside facebookRedirectionURL() **** 
2020-09-03 14:00:26:931 DEBUG : **** Inside facebookRedirectionURL() **** 
2020-09-03 14:02:55:816 DEBUG : Running with Spring Boot v2.4.0-SNAPSHOT, Spring v5.3.0-SNAPSHOT
2020-09-03 14:03:03:699 DEBUG : **** Inside facebookRedirectionURL() **** 
2020-09-03 14:03:30:595 DEBUG : **** Inside facebookRedirectionURL() **** 
2020-09-03 14:04:10:855 DEBUG : Running with Spring Boot v2.4.0-SNAPSHOT, Spring v5.3.0-SNAPSHOT
2020-09-03 14:04:15:966 DEBUG : **** Inside facebookRedirectionURL() **** 
2020-09-03 14:14:06:503 DEBUG : **** Inside facebookRedirectionURL() **** 
2020-09-03 14:16:02:217 DEBUG : Running with Spring Boot v2.4.0-SNAPSHOT, Spring v5.3.0-SNAPSHOT
2020-09-03 14:18:02:524 DEBUG : Running with Spring Boot v2.4.0-SNAPSHOT, Spring v5.3.0-SNAPSHOT
2020-09-03 14:18:05:604 DEBUG : Running with Spring Boot v2.4.0-SNAPSHOT, Spring v5.3.0-SNAPSHOT
2020-09-03 14:18:52:727 DEBUG : Running with Spring Boot v2.4.0-SNAPSHOT, Spring v5.3.0-SNAPSHOT
2020-09-03 14:19:31:593 DEBUG : Running with Spring Boot v2.4.0-SNAPSHOT, Spring v5.3.0-SNAPSHOT
2020-09-03 14:20:36:611 DEBUG : Running with Spring Boot v2.4.0-SNAPSHOT, Spring v5.3.0-SNAPSHOT
2020-09-03 14:21:14:988 DEBUG : **** Inside facebookRedirectionURL() **** 
2020-09-03 14:23:25:355 DEBUG : **** Inside googleRedirectionURL() **** 
2020-09-03 14:27:30:524 DEBUG : Running with Spring Boot v2.4.0-SNAPSHOT, Spring v5.3.0-SNAPSHOT
2020-09-03 14:28:20:953 DEBUG : Running with Spring Boot v2.4.0-SNAPSHOT, Spring v5.3.0-SNAPSHOT
2020-09-03 14:29:02:890 DEBUG : Running with Spring Boot v2.4.0-SNAPSHOT, Spring v5.3.0-SNAPSHOT
2020-09-03 14:30:47:390 DEBUG : Running with Spring Boot v2.4.0-SNAPSHOT, Spring v5.3.0-SNAPSHOT
2020-09-03 14:32:25:191 DEBUG : Running with Spring Boot v2.4.0-SNAPSHOT, Spring v5.3.0-SNAPSHOT
2020-09-03 14:48:19:481 DEBUG : Running with Spring Boot v2.4.0-SNAPSHOT, Spring v5.3.0-SNAPSHOT
2020-09-03 14:48:22:344 DEBUG : Running with Spring Boot v2.4.0-SNAPSHOT, Spring v5.3.0-SNAPSHOT
2020-09-03 14:48:34:471 DEBUG : **** Inside facebookRedirectionURL() **** 
2020-09-03 14:49:40:934 DEBUG : Running with Spring Boot v2.4.0-SNAPSHOT, Spring v5.3.0-SNAPSHOT
2020-09-03 14:49:52:374 DEBUG : Running with Spring Boot v2.4.0-SNAPSHOT, Spring v5.3.0-SNAPSHOT
2020-09-03 14:50:59:464 DEBUG : Running with Spring Boot v2.4.0-SNAPSHOT, Spring v5.3.0-SNAPSHOT
2020-09-03 14:53:25:164 DEBUG : **** Inside googleRedirectionURL() **** 
2020-09-03 14:53:31:408 DEBUG : **** Inside googleURLHandler() **** 
2020-09-03 14:53:45:061 DEBUG : **** Inside setUserData() **** 
2020-09-03 14:53:48:752 DEBUG : **** Inside openConnection() **** 
2020-09-03 14:53:52:289 DEBUG : **** Inside getProperty() **** 
2020-09-03 14:55:01:770 DEBUG : Running with Spring Boot v2.4.0-SNAPSHOT, Spring v5.3.0-SNAPSHOT
2020-09-03 14:55:30:912 DEBUG : Running with Spring Boot v2.4.0-SNAPSHOT, Spring v5.3.0-SNAPSHOT
2020-09-03 14:58:18:869 DEBUG : Running with Spring Boot v2.4.0-SNAPSHOT, Spring v5.3.0-SNAPSHOT
2020-09-03 14:59:15:982 DEBUG : **** Inside googleURLHandler() **** 
2020-09-03 14:59:16:578 DEBUG : **** Inside setUserData() **** 
2020-09-03 14:59:29:025 DEBUG : **** Inside openConnection() **** 
2020-09-03 14:59:31:879 DEBUG : **** Inside getProperty() **** 
2020-09-03 20:54:12:907 DEBUG : Running with Spring Boot v2.4.0-SNAPSHOT, Spring v5.3.0-SNAPSHOT
2020-09-03 20:56:17:785 DEBUG : Running with Spring Boot v2.4.0-SNAPSHOT, Spring v5.3.0-SNAPSHOT
2020-09-03 20:56:29:632 DEBUG : Running with Spring Boot v2.4.0-SNAPSHOT, Spring v5.3.0-SNAPSHOT
2020-09-03 20:56:54:787 DEBUG : Running with Spring Boot v2.4.0-SNAPSHOT, Spring v5.3.0-SNAPSHOT
2020-09-03 20:57:18:967 DEBUG : Running with Spring Boot v2.4.0-SNAPSHOT, Spring v5.3.0-SNAPSHOT
2020-09-03 20:59:58:995 DEBUG : Running with Spring Boot v2.4.0-SNAPSHOT, Spring v5.3.0-SNAPSHOT
2020-09-03 21:00:12:499 DEBUG : Running with Spring Boot v2.4.0-SNAPSHOT, Spring v5.3.0-SNAPSHOT
2020-09-03 21:03:35:686 DEBUG : Running with Spring Boot v2.4.0-SNAPSHOT, Spring v5.3.0-SNAPSHOT
