2020-09-13 10:50:30:435 INFO : Inside SchedulerService : fixedDelay() Method
2020-09-13 10:50:30:436 INFO : Inside SchedulerService : cronJobSchedulerUsingAnnotations() Method
2020-09-13 10:50:30:435 INFO : Inside SchedulerService : fixedRate() Method
2020-09-13 10:50:30:443 INFO : Inside SchedulerService : fixedRate() Method
2020-09-13 10:50:30:443 INFO : Inside SchedulerService : fixedRate() Method
2020-09-13 10:50:30:444 INFO : Inside SchedulerService : fixedRate() Method
2020-09-13 10:50:30:444 INFO : Inside SchedulerService : fixedRate() Method
2020-09-13 10:50:30:444 INFO : Inside SchedulerService : fixedRate() Method
2020-09-13 10:50:30:444 INFO : Inside SchedulerService : fixedRate() Method
2020-09-13 10:50:30:444 INFO : Inside SchedulerService : fixedRate() Method
2020-09-13 10:50:30:446 INFO : Inside SchedulerService : fixedRate() Method
2020-09-13 10:50:30:446 INFO : Inside SchedulerService : fixedRate() Method
2020-09-13 10:50:30:446 INFO : Inside SchedulerService : fixedRate() Method
2020-09-13 10:50:30:446 INFO : Inside SchedulerService : fixedRate() Method
2020-09-13 10:50:30:446 INFO : Inside SchedulerService : fixedRate() Method
2020-09-13 10:50:30:446 INFO : Inside SchedulerService : fixedRate() Method
2020-09-13 10:50:30:447 INFO : Inside SchedulerService : fixedRate() Method
2020-09-13 10:50:30:447 INFO : Inside SchedulerService : fixedRate() Method
2020-09-13 10:50:30:447 INFO : Inside SchedulerService : fixedRate() Method
2020-09-13 10:50:30:447 INFO : Inside SchedulerService : fixedRate() Method
2020-09-13 10:50:30:447 INFO : Inside SchedulerService : fixedRate() Method
2020-09-13 10:50:30:447 INFO : Inside SchedulerService : fixedRate() Method
2020-09-13 10:50:30:448 INFO : Inside SchedulerService : fixedRate() Method
2020-09-13 10:50:30:448 INFO : Inside SchedulerService : fixedRate() Method
2020-09-13 10:50:30:448 INFO : Inside SchedulerService : fixedRate() Method
2020-09-13 10:50:30:448 INFO : Inside SchedulerService : fixedRate() Method
2020-09-13 10:50:30:448 INFO : Inside SchedulerService : fixedRate() Method
2020-09-13 10:50:30:448 INFO : Inside SchedulerService : fixedRate() Method
2020-09-13 10:50:30:448 INFO : Inside SchedulerService : fixedRate() Method
2020-09-13 10:50:30:448 INFO : Inside SchedulerService : fixedRate() Method
2020-09-13 10:50:30:448 INFO : Inside SchedulerService : fixedRate() Method
2020-09-13 10:50:30:448 INFO : Inside SchedulerService : fixedRate() Method
2020-09-13 10:50:30:448 INFO : Inside SchedulerService : fixedRate() Method
2020-09-13 10:50:30:448 INFO : Inside SchedulerService : fixedRate() Method
2020-09-13 10:50:30:448 INFO : Inside SchedulerService : fixedRate() Method
2020-09-13 10:50:30:448 INFO : Inside SchedulerService : fixedRate() Method
2020-09-13 10:50:30:448 INFO : Inside SchedulerService : fixedRate() Method
2020-09-13 10:50:30:448 INFO : Inside SchedulerService : fixedRate() Method
2020-09-13 10:50:30:448 INFO : Inside SchedulerService : fixedRate() Method
2020-09-13 10:50:30:449 INFO : Inside SchedulerService : fixedRate() Method
2020-09-13 10:50:30:449 INFO : Inside SchedulerService : fixedRate() Method
2020-09-13 10:50:30:449 INFO : Inside SchedulerService : fixedRate() Method
2020-09-13 10:50:30:449 INFO : Inside SchedulerService : fixedRate() Method
2020-09-13 10:51:32:586 INFO : Inside SchedulerService : fixedRate() Method
2020-09-13 11:00:00:014 INFO : Inside SchedulerService : cronJobSchedulerUsingAnnotations() Method
2020-09-13 15:44:52:222 INFO : Starting BootApplication using Java 14 on VIKAS-YADAV with PID 4292 (C:\Users\vicky\Documents\GitHub\Java_Projects\MicroService-1\springBootJDK14\bin\main started by vicky in C:\Users\vicky\Documents\GitHub\Java_Projects\MicroService-1\springBootJDK14)
2020-09-13 15:44:52:228 INFO : The following profiles are active: dev
2020-09-13 15:44:54:007 INFO : BeanPostProcessorsImplementation Instance is Created
2020-09-13 15:44:57:098 INFO : Beans Ordered is as follows : 1,2,3
2020-09-13 15:44:58:002 INFO : Bean2 Instantiated at Sun Sep 13 15:44:58 IST 2020
2020-09-13 15:44:58:491 INFO : Bean1 Instantiated at Sun Sep 13 15:44:58 IST 2020
2020-09-13 15:44:58:495 INFO : Inside postProcessBeforeInitialization() Method for Bean : customBean1
2020-09-13 15:44:58:496 INFO : Inside CustomBean1 afterConstruction() Method
2020-09-13 15:44:58:496 INFO : Inside CustomBean1 afterPropertiesSet() Method 
2020-09-13 15:44:58:496 INFO : Inside CustomBean1 Init() Method
2020-09-13 15:44:58:497 INFO : Inside postProcessAfterInitialization() Method for Bean : customBean1
2020-09-13 15:44:59:771 INFO : Started BootApplication in 8.0 seconds (JVM running for 9.189)
2020-09-13 15:45:09:776 INFO : Inside SchedulerService : fixedDelay() Method
2020-09-13 15:45:49:778 INFO : Inside SchedulerService : fixedRate() Method
2020-09-13 16:00:00:005 INFO : Inside SchedulerService : cronJobSchedulerUsingAnnotations() Method
2020-09-13 16:00:29:942 INFO : Inside CustomBean1 beforeDestruction() Method
2020-09-13 16:00:29:942 INFO : Inside CustomBean1 Destroy() Method of Disposable Bean
2020-09-13 16:00:29:943 INFO : Inside CustomBean1 Destroy() Method
2020-09-13 16:00:30:094 INFO : Starting BootApplication using Java 14 on VIKAS-YADAV with PID 4292 (C:\Users\vicky\Documents\GitHub\Java_Projects\MicroService-1\springBootJDK14\bin\main started by vicky in C:\Users\vicky\Documents\GitHub\Java_Projects\MicroService-1\springBootJDK14)
2020-09-13 16:00:30:095 INFO : The following profiles are active: dev
2020-09-13 16:00:30:696 INFO : BeanPostProcessorsImplementation Instance is Created
2020-09-13 16:00:31:667 INFO : Beans Ordered is as follows : 1,2,3
2020-09-13 16:00:32:271 INFO : Bean2 Instantiated at Sun Sep 13 16:00:32 IST 2020
2020-09-13 16:00:32:479 INFO : Bean1 Instantiated at Sun Sep 13 16:00:32 IST 2020
2020-09-13 16:00:32:483 INFO : Inside postProcessBeforeInitialization() Method for Bean : customBean1
2020-09-13 16:00:32:483 INFO : Inside CustomBean1 afterConstruction() Method
2020-09-13 16:00:32:483 INFO : Inside CustomBean1 afterPropertiesSet() Method 
2020-09-13 16:00:32:483 INFO : Inside CustomBean1 Init() Method
2020-09-13 16:00:32:484 INFO : Inside postProcessAfterInitialization() Method for Bean : customBean1
2020-09-13 16:00:33:349 INFO : Started BootApplication in 3.309 seconds (JVM running for 942.767)
2020-09-13 16:00:43:352 INFO : Inside SchedulerService : fixedDelay() Method
2020-09-13 16:01:23:355 INFO : Inside SchedulerService : fixedRate() Method
2020-09-13 16:01:31:641 INFO : Inside CustomBean1 beforeDestruction() Method
2020-09-13 16:01:31:641 INFO : Inside CustomBean1 Destroy() Method of Disposable Bean
2020-09-13 16:01:31:641 INFO : Inside CustomBean1 Destroy() Method
2020-09-13 16:01:31:774 INFO : Starting BootApplication using Java 14 on VIKAS-YADAV with PID 4292 (C:\Users\vicky\Documents\GitHub\Java_Projects\MicroService-1\springBootJDK14\bin\main started by vicky in C:\Users\vicky\Documents\GitHub\Java_Projects\MicroService-1\springBootJDK14)
2020-09-13 16:01:31:774 INFO : The following profiles are active: dev
2020-09-13 16:01:32:362 INFO : BeanPostProcessorsImplementation Instance is Created
2020-09-13 16:01:33:174 INFO : Beans Ordered is as follows : 1,2,3
2020-09-13 16:01:33:703 INFO : Bean2 Instantiated at Sun Sep 13 16:01:33 IST 2020
2020-09-13 16:01:33:933 INFO : Bean1 Instantiated at Sun Sep 13 16:01:33 IST 2020
2020-09-13 16:01:33:935 INFO : Inside postProcessBeforeInitialization() Method for Bean : customBean1
2020-09-13 16:01:33:936 INFO : Inside CustomBean1 afterConstruction() Method
2020-09-13 16:01:33:936 INFO : Inside CustomBean1 afterPropertiesSet() Method 
2020-09-13 16:01:33:936 INFO : Inside CustomBean1 Init() Method
2020-09-13 16:01:33:937 INFO : Inside postProcessAfterInitialization() Method for Bean : customBean1
2020-09-13 16:01:34:849 INFO : Started BootApplication in 3.123 seconds (JVM running for 1004.266)
2020-09-13 16:01:44:849 INFO : Inside SchedulerService : fixedDelay() Method
2020-09-13 16:02:12:436 INFO : Inside CustomBean1 beforeDestruction() Method
2020-09-13 16:02:12:437 INFO : Inside CustomBean1 Destroy() Method of Disposable Bean
2020-09-13 16:02:12:437 INFO : Inside CustomBean1 Destroy() Method
2020-09-13 16:02:12:568 INFO : Starting BootApplication using Java 14 on VIKAS-YADAV with PID 4292 (C:\Users\vicky\Documents\GitHub\Java_Projects\MicroService-1\springBootJDK14\bin\main started by vicky in C:\Users\vicky\Documents\GitHub\Java_Projects\MicroService-1\springBootJDK14)
2020-09-13 16:02:12:568 INFO : The following profiles are active: dev
2020-09-13 16:02:13:130 INFO : BeanPostProcessorsImplementation Instance is Created
2020-09-13 16:02:13:981 INFO : Beans Ordered is as follows : 1,2,3
2020-09-13 16:02:14:583 INFO : Bean2 Instantiated at Sun Sep 13 16:02:14 IST 2020
2020-09-13 16:02:14:604 INFO : Bean1 Instantiated at Sun Sep 13 16:02:14 IST 2020
2020-09-13 16:02:14:606 INFO : Inside postProcessBeforeInitialization() Method for Bean : customBean1
2020-09-13 16:02:14:606 INFO : Inside CustomBean1 afterConstruction() Method
2020-09-13 16:02:14:607 INFO : Inside CustomBean1 afterPropertiesSet() Method 
2020-09-13 16:02:14:607 INFO : Inside CustomBean1 Init() Method
2020-09-13 16:02:14:608 INFO : Inside postProcessAfterInitialization() Method for Bean : customBean1
2020-09-13 16:02:15:417 INFO : Started BootApplication in 2.897 seconds (JVM running for 1044.835)
2020-09-13 16:02:22:110 INFO : Inside CustomBean1 beforeDestruction() Method
2020-09-13 16:02:22:111 INFO : Inside CustomBean1 Destroy() Method of Disposable Bean
2020-09-13 16:02:22:111 INFO : Inside CustomBean1 Destroy() Method
2020-09-13 16:02:22:234 INFO : Starting BootApplication using Java 14 on VIKAS-YADAV with PID 4292 (C:\Users\vicky\Documents\GitHub\Java_Projects\MicroService-1\springBootJDK14\bin\main started by vicky in C:\Users\vicky\Documents\GitHub\Java_Projects\MicroService-1\springBootJDK14)
2020-09-13 16:02:22:234 INFO : The following profiles are active: dev
2020-09-13 16:02:22:783 INFO : BeanPostProcessorsImplementation Instance is Created
2020-09-13 16:02:23:626 INFO : Beans Ordered is as follows : 1,2,3
2020-09-13 16:02:24:141 INFO : Bean2 Instantiated at Sun Sep 13 16:02:24 IST 2020
2020-09-13 16:02:25:099 INFO : Bean1 Instantiated at Sun Sep 13 16:02:25 IST 2020
2020-09-13 16:02:25:101 INFO : Inside postProcessBeforeInitialization() Method for Bean : customBean1
2020-09-13 16:02:25:102 INFO : Inside CustomBean1 afterConstruction() Method
2020-09-13 16:02:25:102 INFO : Inside CustomBean1 afterPropertiesSet() Method 
2020-09-13 16:02:25:102 INFO : Inside CustomBean1 Init() Method
2020-09-13 16:02:25:103 INFO : Inside postProcessAfterInitialization() Method for Bean : customBean1
2020-09-13 16:02:25:910 INFO : Started BootApplication in 3.716 seconds (JVM running for 1055.327)
2020-09-13 16:02:35:781 INFO : Inside CustomBean1 beforeDestruction() Method
2020-09-13 16:02:35:782 INFO : Inside CustomBean1 Destroy() Method of Disposable Bean
2020-09-13 16:02:35:782 INFO : Inside CustomBean1 Destroy() Method
2020-09-13 16:02:35:912 INFO : Starting BootApplication using Java 14 on VIKAS-YADAV with PID 4292 (C:\Users\vicky\Documents\GitHub\Java_Projects\MicroService-1\springBootJDK14\bin\main started by vicky in C:\Users\vicky\Documents\GitHub\Java_Projects\MicroService-1\springBootJDK14)
2020-09-13 16:02:35:913 INFO : The following profiles are active: dev
2020-09-13 16:02:36:470 INFO : BeanPostProcessorsImplementation Instance is Created
2020-09-13 16:02:37:309 INFO : Beans Ordered is as follows : 1,2,3
2020-09-13 16:02:37:853 INFO : Bean2 Instantiated at Sun Sep 13 16:02:37 IST 2020
2020-09-13 16:02:38:171 INFO : Bean1 Instantiated at Sun Sep 13 16:02:38 IST 2020
2020-09-13 16:02:38:179 INFO : Inside postProcessBeforeInitialization() Method for Bean : customBean1
2020-09-13 16:02:38:180 INFO : Inside CustomBean1 afterConstruction() Method
2020-09-13 16:02:38:181 INFO : Inside CustomBean1 afterPropertiesSet() Method 
2020-09-13 16:02:38:181 INFO : Inside CustomBean1 Init() Method
2020-09-13 16:02:38:183 INFO : Inside postProcessAfterInitialization() Method for Bean : customBean1
2020-09-13 16:02:39:036 INFO : Started BootApplication in 3.165 seconds (JVM running for 1068.453)
2020-09-13 16:02:49:039 INFO : Inside SchedulerService : fixedDelay() Method
2020-09-13 16:03:29:045 INFO : Inside SchedulerService : fixedRate() Method
2020-09-13 16:04:57:776 INFO : Inside CustomBean1 beforeDestruction() Method
2020-09-13 16:04:57:777 INFO : Inside CustomBean1 Destroy() Method of Disposable Bean
2020-09-13 16:04:57:777 INFO : Inside CustomBean1 Destroy() Method
2020-09-13 16:04:57:908 INFO : Starting BootApplication using Java 14 on VIKAS-YADAV with PID 4292 (C:\Users\vicky\Documents\GitHub\Java_Projects\MicroService-1\springBootJDK14\bin\main started by vicky in C:\Users\vicky\Documents\GitHub\Java_Projects\MicroService-1\springBootJDK14)
2020-09-13 16:04:57:909 INFO : The following profiles are active: dev
2020-09-13 16:04:58:464 INFO : BeanPostProcessorsImplementation Instance is Created
2020-09-13 16:04:59:291 INFO : Beans Ordered is as follows : 1,2,3
2020-09-13 16:04:59:829 INFO : Bean2 Instantiated at Sun Sep 13 16:04:59 IST 2020
2020-09-13 16:05:00:576 INFO : Bean1 Instantiated at Sun Sep 13 16:05:00 IST 2020
2020-09-13 16:05:00:579 INFO : Inside postProcessBeforeInitialization() Method for Bean : customBean1
2020-09-13 16:05:00:579 INFO : Inside CustomBean1 afterConstruction() Method
2020-09-13 16:05:00:579 INFO : Inside CustomBean1 afterPropertiesSet() Method 
2020-09-13 16:05:00:580 INFO : Inside CustomBean1 Init() Method
2020-09-13 16:05:00:580 INFO : Inside postProcessAfterInitialization() Method for Bean : customBean1
2020-09-13 16:05:01:470 INFO : Started BootApplication in 3.605 seconds (JVM running for 1210.888)
2020-09-13 16:05:11:482 INFO : Inside SchedulerService : fixedDelay() Method
2020-09-13 16:05:51:480 INFO : Inside SchedulerService : fixedRate() Method
2020-09-13 16:05:54:246 INFO : Inside CustomBean1 beforeDestruction() Method
2020-09-13 16:05:54:247 INFO : Inside CustomBean1 Destroy() Method of Disposable Bean
2020-09-13 16:05:54:247 INFO : Inside CustomBean1 Destroy() Method
2020-09-13 16:05:54:380 INFO : Starting BootApplication using Java 14 on VIKAS-YADAV with PID 4292 (C:\Users\vicky\Documents\GitHub\Java_Projects\MicroService-1\springBootJDK14\bin\main started by vicky in C:\Users\vicky\Documents\GitHub\Java_Projects\MicroService-1\springBootJDK14)
2020-09-13 16:05:54:383 INFO : The following profiles are active: dev
2020-09-13 16:05:55:086 INFO : BeanPostProcessorsImplementation Instance is Created
2020-09-13 16:05:55:958 INFO : Beans Ordered is as follows : 1,2,3
2020-09-13 16:05:56:502 INFO : Bean2 Instantiated at Sun Sep 13 16:05:56 IST 2020
2020-09-13 16:05:56:551 INFO : Bean1 Instantiated at Sun Sep 13 16:05:56 IST 2020
2020-09-13 16:05:56:554 INFO : Inside postProcessBeforeInitialization() Method for Bean : customBean1
2020-09-13 16:05:56:554 INFO : Inside CustomBean1 afterConstruction() Method
2020-09-13 16:05:56:554 INFO : Inside CustomBean1 afterPropertiesSet() Method 
2020-09-13 16:05:56:555 INFO : Inside CustomBean1 Init() Method
2020-09-13 16:05:56:555 INFO : Inside postProcessAfterInitialization() Method for Bean : customBean1
2020-09-13 16:05:57:394 INFO : Started BootApplication in 3.056 seconds (JVM running for 1266.811)
2020-09-13 16:06:07:398 INFO : Inside SchedulerService : fixedDelay() Method
2020-09-13 16:06:47:405 INFO : Inside SchedulerService : fixedRate() Method
2020-09-13 16:22:47:415 INFO : Inside SchedulerService : fixedDelay() Method
2020-09-13 16:23:27:394 INFO : Inside SchedulerService : fixedRate() Method
2020-09-13 16:26:50:844 INFO : Inside CustomBean1 beforeDestruction() Method
2020-09-13 16:26:50:844 INFO : Inside CustomBean1 Destroy() Method of Disposable Bean
2020-09-13 16:26:50:845 INFO : Inside CustomBean1 Destroy() Method
2020-09-13 16:26:50:980 INFO : Starting BootApplication using Java 14 on VIKAS-YADAV with PID 4292 (C:\Users\vicky\Documents\GitHub\Java_Projects\MicroService-1\springBootJDK14\bin\main started by vicky in C:\Users\vicky\Documents\GitHub\Java_Projects\MicroService-1\springBootJDK14)
2020-09-13 16:26:50:980 INFO : The following profiles are active: dev
2020-09-13 16:26:51:618 INFO : BeanPostProcessorsImplementation Instance is Created
2020-09-13 16:26:52:462 INFO : Beans Ordered is as follows : 1,2,3
2020-09-13 16:26:53:072 INFO : Bean2 Instantiated at Sun Sep 13 16:26:53 IST 2020
2020-09-13 16:26:53:880 INFO : Bean1 Instantiated at Sun Sep 13 16:26:53 IST 2020
2020-09-13 16:26:53:887 INFO : Inside postProcessBeforeInitialization() Method for Bean : customBean1
2020-09-13 16:26:53:887 INFO : Inside CustomBean1 afterConstruction() Method
2020-09-13 16:26:53:888 INFO : Inside CustomBean1 afterPropertiesSet() Method 
2020-09-13 16:26:53:888 INFO : Inside CustomBean1 Init() Method
2020-09-13 16:26:53:891 INFO : Inside postProcessAfterInitialization() Method for Bean : customBean1
2020-09-13 16:26:54:706 INFO : Started BootApplication in 3.764 seconds (JVM running for 2524.123)
2020-09-13 16:27:04:730 INFO : Inside SchedulerService : fixedDelay() Method
2020-09-13 16:27:44:709 INFO : Inside SchedulerService : fixedRate() Method
2020-09-13 16:32:47:966 INFO : Inside CustomBean1 beforeDestruction() Method
2020-09-13 16:32:47:967 INFO : Inside CustomBean1 Destroy() Method of Disposable Bean
2020-09-13 16:32:47:967 INFO : Inside CustomBean1 Destroy() Method
2020-09-13 16:32:48:119 INFO : Starting BootApplication using Java 14 on VIKAS-YADAV with PID 4292 (C:\Users\vicky\Documents\GitHub\Java_Projects\MicroService-1\springBootJDK14\bin\main started by vicky in C:\Users\vicky\Documents\GitHub\Java_Projects\MicroService-1\springBootJDK14)
2020-09-13 16:32:48:119 INFO : The following profiles are active: dev
2020-09-13 16:32:48:688 INFO : BeanPostProcessorsImplementation Instance is Created
2020-09-13 16:32:49:545 INFO : Beans Ordered is as follows : 1,2,3
2020-09-13 16:32:50:171 INFO : Bean2 Instantiated at Sun Sep 13 16:32:50 IST 2020
2020-09-13 16:32:50:605 INFO : Bean1 Instantiated at Sun Sep 13 16:32:50 IST 2020
2020-09-13 16:32:50:612 INFO : Inside postProcessBeforeInitialization() Method for Bean : customBean1
2020-09-13 16:32:50:613 INFO : Inside CustomBean1 afterConstruction() Method
2020-09-13 16:32:50:614 INFO : Inside CustomBean1 afterPropertiesSet() Method 
2020-09-13 16:32:50:615 INFO : Inside CustomBean1 Init() Method
2020-09-13 16:32:50:617 INFO : Inside postProcessAfterInitialization() Method for Bean : customBean1
2020-09-13 16:32:51:448 INFO : Started BootApplication in 3.368 seconds (JVM running for 2880.866)
2020-09-13 16:33:01:450 INFO : Inside SchedulerService : fixedDelay() Method
2020-09-13 16:33:14:271 INFO : Inside CustomBean1 beforeDestruction() Method
2020-09-13 16:33:14:272 INFO : Inside CustomBean1 Destroy() Method of Disposable Bean
2020-09-13 16:33:14:272 INFO : Inside CustomBean1 Destroy() Method
2020-09-13 16:33:14:413 INFO : Starting BootApplication using Java 14 on VIKAS-YADAV with PID 4292 (C:\Users\vicky\Documents\GitHub\Java_Projects\MicroService-1\springBootJDK14\bin\main started by vicky in C:\Users\vicky\Documents\GitHub\Java_Projects\MicroService-1\springBootJDK14)
2020-09-13 16:33:14:413 INFO : The following profiles are active: dev
2020-09-13 16:33:14:962 INFO : BeanPostProcessorsImplementation Instance is Created
2020-09-13 16:45:26:053 INFO : Starting BootApplication using Java 14 on VIKAS-YADAV with PID 1648 (C:\Users\vicky\Documents\GitHub\Java_Projects\MicroService-1\springBootJDK14\bin\main started by vicky in C:\Users\vicky\Documents\GitHub\Java_Projects\MicroService-1\springBootJDK14)
2020-09-13 16:45:26:055 INFO : The following profiles are active: dev
2020-09-13 16:45:28:104 INFO : BeanPostProcessorsImplementation Instance is Created
2020-09-13 16:45:31:110 INFO : Beans Ordered is as follows : 1,2,3
2020-09-13 16:45:32:156 INFO : Bean2 Instantiated at Sun Sep 13 16:45:32 IST 2020
2020-09-13 16:45:33:150 INFO : Bean1 Instantiated at Sun Sep 13 16:45:33 IST 2020
2020-09-13 16:45:33:153 INFO : Inside postProcessBeforeInitialization() Method for Bean : customBean1
2020-09-13 16:45:33:153 INFO : Inside CustomBean1 afterConstruction() Method
2020-09-13 16:45:33:154 INFO : Inside CustomBean1 afterPropertiesSet() Method 
2020-09-13 16:45:33:154 INFO : Inside CustomBean1 Init() Method
2020-09-13 16:45:33:155 INFO : Inside postProcessAfterInitialization() Method for Bean : customBean1
2020-09-13 16:45:34:569 INFO : Started BootApplication in 9.014 seconds (JVM running for 10.003)
2020-09-13 16:45:44:567 INFO : Inside SchedulerService : fixedDelay() Method
2020-09-13 16:46:24:575 INFO : Inside SchedulerService : fixedRate() Method
2020-09-13 16:46:36:464 INFO : Starting BootApplication using Java 14 on VIKAS-YADAV with PID 17220 (C:\Users\vicky\Documents\GitHub\Java_Projects\MicroService-1\springBootJDK14\bin\main started by vicky in C:\Users\vicky\Documents\GitHub\Java_Projects\MicroService-1\springBootJDK14)
2020-09-13 16:46:36:466 INFO : The following profiles are active: dev
2020-09-13 16:46:38:433 INFO : BeanPostProcessorsImplementation Instance is Created
2020-09-13 16:46:41:537 INFO : Beans Ordered is as follows : 1,2,3
2020-09-13 16:46:42:618 INFO : Bean2 Instantiated at Sun Sep 13 16:46:42 IST 2020
2020-09-13 16:46:43:164 INFO : Bean1 Instantiated at Sun Sep 13 16:46:43 IST 2020
2020-09-13 16:46:43:174 INFO : Inside postProcessBeforeInitialization() Method for Bean : customBean1
2020-09-13 16:46:43:175 INFO : Inside CustomBean1 afterConstruction() Method
2020-09-13 16:46:43:176 INFO : Inside CustomBean1 afterPropertiesSet() Method 
2020-09-13 16:46:43:177 INFO : Inside CustomBean1 Init() Method
2020-09-13 16:46:43:179 INFO : Inside postProcessAfterInitialization() Method for Bean : customBean1
2020-09-13 16:46:44:736 INFO : Started BootApplication in 8.8 seconds (JVM running for 9.694)
2020-09-13 16:46:54:736 INFO : Inside SchedulerService : fixedDelay() Method
2020-09-13 16:47:34:739 INFO : Inside SchedulerService : fixedRate() Method
2020-09-13 16:49:44:680 INFO : Inside CustomBean1 beforeDestruction() Method
2020-09-13 16:49:44:680 INFO : Inside CustomBean1 Destroy() Method of Disposable Bean
2020-09-13 16:49:44:681 INFO : Inside CustomBean1 Destroy() Method
2020-09-13 16:49:44:842 INFO : Starting BootApplication using Java 14 on VIKAS-YADAV with PID 17220 (C:\Users\vicky\Documents\GitHub\Java_Projects\MicroService-1\springBootJDK14\bin\main started by vicky in C:\Users\vicky\Documents\GitHub\Java_Projects\MicroService-1\springBootJDK14)
2020-09-13 16:49:44:843 INFO : The following profiles are active: dev
2020-09-13 16:49:45:480 INFO : BeanPostProcessorsImplementation Instance is Created
2020-09-13 16:49:46:441 INFO : Beans Ordered is as follows : 1,2,3
2020-09-13 16:49:46:973 INFO : Bean2 Instantiated at Sun Sep 13 16:49:46 IST 2020
2020-09-13 16:49:53:933 INFO : Starting BootApplication using Java 14 on VIKAS-YADAV with PID 8832 (C:\Users\vicky\Documents\GitHub\Java_Projects\MicroService-1\springBootJDK14\bin\main started by vicky in C:\Users\vicky\Documents\GitHub\Java_Projects\MicroService-1\springBootJDK14)
2020-09-13 16:49:53:935 INFO : The following profiles are active: dev
2020-09-13 16:49:55:919 INFO : BeanPostProcessorsImplementation Instance is Created
2020-09-13 16:49:58:999 INFO : Beans Ordered is as follows : 1,2,3
2020-09-13 16:50:00:063 INFO : Bean2 Instantiated at Sun Sep 13 16:50:00 IST 2020
2020-09-13 16:50:00:967 INFO : Bean1 Instantiated at Sun Sep 13 16:50:00 IST 2020
2020-09-13 16:50:00:977 INFO : Inside postProcessBeforeInitialization() Method for Bean : customBean1
2020-09-13 16:50:00:978 INFO : Inside CustomBean1 afterConstruction() Method
2020-09-13 16:50:00:979 INFO : Inside CustomBean1 afterPropertiesSet() Method 
2020-09-13 16:50:00:980 INFO : Inside CustomBean1 Init() Method
2020-09-13 16:50:00:983 INFO : Inside postProcessAfterInitialization() Method for Bean : customBean1
2020-09-13 16:50:02:434 INFO : Started BootApplication in 8.977 seconds (JVM running for 9.979)
2020-09-13 16:50:12:445 INFO : Inside SchedulerService : fixedDelay() Method
2020-09-13 16:50:52:437 INFO : Inside SchedulerService : fixedRate() Method
2020-09-13 16:59:40:049 INFO : Inside CustomBean1 beforeDestruction() Method
2020-09-13 16:59:40:049 INFO : Inside CustomBean1 Destroy() Method of Disposable Bean
2020-09-13 16:59:40:049 INFO : Inside CustomBean1 Destroy() Method
2020-09-13 16:59:40:196 INFO : Starting BootApplication using Java 14 on VIKAS-YADAV with PID 8832 (C:\Users\vicky\Documents\GitHub\Java_Projects\MicroService-1\springBootJDK14\bin\main started by vicky in C:\Users\vicky\Documents\GitHub\Java_Projects\MicroService-1\springBootJDK14)
2020-09-13 16:59:40:197 INFO : The following profiles are active: dev
2020-09-13 16:59:40:740 INFO : BeanPostProcessorsImplementation Instance is Created
2020-09-13 16:59:41:562 INFO : Beans Ordered is as follows : 1,2,3
2020-09-13 16:59:42:048 INFO : Bean2 Instantiated at Sun Sep 13 16:59:42 IST 2020
2020-09-13 16:59:42:987 INFO : Bean1 Instantiated at Sun Sep 13 16:59:42 IST 2020
2020-09-13 16:59:42:991 INFO : Inside postProcessBeforeInitialization() Method for Bean : customBean1
2020-09-13 16:59:42:992 INFO : Inside CustomBean1 afterConstruction() Method
2020-09-13 16:59:42:992 INFO : Inside CustomBean1 afterPropertiesSet() Method 
2020-09-13 16:59:42:992 INFO : Inside CustomBean1 Init() Method
2020-09-13 16:59:42:994 INFO : Inside postProcessAfterInitialization() Method for Bean : customBean1
2020-09-13 16:59:43:722 INFO : Started BootApplication in 3.571 seconds (JVM running for 591.267)
2020-09-13 16:59:53:724 INFO : Inside SchedulerService : fixedDelay() Method
2020-09-13 17:00:00:002 INFO : Inside SchedulerService : cronJobSchedulerUsingAnnotations() Method
2020-09-13 17:00:33:729 INFO : Inside SchedulerService : fixedRate() Method
2020-09-13 17:03:34:819 INFO : Inside CustomBean1 beforeDestruction() Method
2020-09-13 17:03:34:819 INFO : Inside CustomBean1 Destroy() Method of Disposable Bean
2020-09-13 17:03:34:820 INFO : Inside CustomBean1 Destroy() Method
2020-09-13 17:03:34:957 INFO : Starting BootApplication using Java 14 on VIKAS-YADAV with PID 8832 (C:\Users\vicky\Documents\GitHub\Java_Projects\MicroService-1\springBootJDK14\bin\main started by vicky in C:\Users\vicky\Documents\GitHub\Java_Projects\MicroService-1\springBootJDK14)
2020-09-13 17:03:34:957 INFO : The following profiles are active: dev
2020-09-13 17:03:35:535 INFO : BeanPostProcessorsImplementation Instance is Created
2020-09-13 17:03:36:516 INFO : Beans Ordered is as follows : 1,2,3
2020-09-13 17:03:37:066 INFO : Bean2 Instantiated at Sun Sep 13 17:03:37 IST 2020
2020-09-13 17:03:37:941 INFO : Bean1 Instantiated at Sun Sep 13 17:03:37 IST 2020
2020-09-13 17:03:37:943 INFO : Inside postProcessBeforeInitialization() Method for Bean : customBean1
2020-09-13 17:03:37:943 INFO : Inside CustomBean1 afterConstruction() Method
2020-09-13 17:03:37:944 INFO : Inside CustomBean1 afterPropertiesSet() Method 
2020-09-13 17:03:37:944 INFO : Inside CustomBean1 Init() Method
2020-09-13 17:03:37:945 INFO : Inside postProcessAfterInitialization() Method for Bean : customBean1
2020-09-13 17:03:38:797 INFO : Started BootApplication in 3.884 seconds (JVM running for 826.342)
2020-09-13 17:03:48:797 INFO : Inside SchedulerService : fixedDelay() Method
2020-09-13 17:04:28:795 INFO : Inside SchedulerService : fixedRate() Method
2020-09-13 17:20:28:812 INFO : Inside SchedulerService : fixedDelay() Method
2020-09-13 17:21:08:808 INFO : Inside SchedulerService : fixedRate() Method
2020-09-13 17:21:42:992 INFO : Inside CustomBean1 beforeDestruction() Method
2020-09-13 17:21:42:993 INFO : Inside CustomBean1 Destroy() Method of Disposable Bean
2020-09-13 17:21:42:993 INFO : Inside CustomBean1 Destroy() Method
2020-09-13 17:21:43:133 INFO : Starting BootApplication using Java 14 on VIKAS-YADAV with PID 8832 (C:\Users\vicky\Documents\GitHub\Java_Projects\MicroService-1\springBootJDK14\bin\main started by vicky in C:\Users\vicky\Documents\GitHub\Java_Projects\MicroService-1\springBootJDK14)
2020-09-13 17:21:43:134 INFO : The following profiles are active: dev
2020-09-13 17:21:43:699 INFO : BeanPostProcessorsImplementation Instance is Created
2020-09-13 17:21:44:559 INFO : Beans Ordered is as follows : 1,2,3
2020-09-13 17:21:45:094 INFO : Bean2 Instantiated at Sun Sep 13 17:21:45 IST 2020
2020-09-13 17:21:45:410 INFO : Bean1 Instantiated at Sun Sep 13 17:21:45 IST 2020
2020-09-13 17:21:45:413 INFO : Inside postProcessBeforeInitialization() Method for Bean : customBean1
2020-09-13 17:21:45:414 INFO : Inside CustomBean1 afterConstruction() Method
2020-09-13 17:21:45:414 INFO : Inside CustomBean1 afterPropertiesSet() Method 
2020-09-13 17:21:45:414 INFO : Inside CustomBean1 Init() Method
2020-09-13 17:21:45:416 INFO : Inside postProcessAfterInitialization() Method for Bean : customBean1
2020-09-13 17:21:46:241 INFO : Started BootApplication in 3.156 seconds (JVM running for 1913.786)
2020-09-13 17:21:55:052 INFO : Inside CustomBean1 beforeDestruction() Method
2020-09-13 17:21:55:053 INFO : Inside CustomBean1 Destroy() Method of Disposable Bean
2020-09-13 17:21:55:054 INFO : Inside CustomBean1 Destroy() Method
2020-09-13 17:21:55:184 INFO : Starting BootApplication using Java 14 on VIKAS-YADAV with PID 8832 (C:\Users\vicky\Documents\GitHub\Java_Projects\MicroService-1\springBootJDK14\bin\main started by vicky in C:\Users\vicky\Documents\GitHub\Java_Projects\MicroService-1\springBootJDK14)
2020-09-13 17:21:55:185 INFO : The following profiles are active: dev
2020-09-13 17:21:55:736 INFO : BeanPostProcessorsImplementation Instance is Created
2020-09-13 17:21:56:593 INFO : Beans Ordered is as follows : 1,2,3
2020-09-13 17:21:57:220 INFO : Bean2 Instantiated at Sun Sep 13 17:21:57 IST 2020
2020-09-13 17:21:57:609 INFO : Bean1 Instantiated at Sun Sep 13 17:21:57 IST 2020
2020-09-13 17:21:57:611 INFO : Inside postProcessBeforeInitialization() Method for Bean : customBean1
2020-09-13 17:21:57:612 INFO : Inside CustomBean1 afterConstruction() Method
2020-09-13 17:21:57:612 INFO : Inside CustomBean1 afterPropertiesSet() Method 
2020-09-13 17:21:57:612 INFO : Inside CustomBean1 Init() Method
2020-09-13 17:21:57:613 INFO : Inside postProcessAfterInitialization() Method for Bean : customBean1
2020-09-13 17:21:58:465 INFO : Started BootApplication in 3.326 seconds (JVM running for 1926.01)
2020-09-13 17:22:04:056 INFO : Inside CustomBean1 beforeDestruction() Method
2020-09-13 17:22:04:058 INFO : Inside CustomBean1 Destroy() Method of Disposable Bean
2020-09-13 17:22:04:058 INFO : Inside CustomBean1 Destroy() Method
2020-09-13 17:22:04:208 INFO : Starting BootApplication using Java 14 on VIKAS-YADAV with PID 8832 (C:\Users\vicky\Documents\GitHub\Java_Projects\MicroService-1\springBootJDK14\bin\main started by vicky in C:\Users\vicky\Documents\GitHub\Java_Projects\MicroService-1\springBootJDK14)
2020-09-13 17:22:04:209 INFO : The following profiles are active: dev
2020-09-13 17:22:04:790 INFO : BeanPostProcessorsImplementation Instance is Created
2020-09-13 17:22:05:693 INFO : Beans Ordered is as follows : 1,2,3
2020-09-13 17:22:11:550 INFO : Starting BootApplication using Java 14 on VIKAS-YADAV with PID 15244 (C:\Users\vicky\Documents\GitHub\Java_Projects\MicroService-1\springBootJDK14\bin\main started by vicky in C:\Users\vicky\Documents\GitHub\Java_Projects\MicroService-1\springBootJDK14)
2020-09-13 17:22:11:552 INFO : The following profiles are active: dev
2020-09-13 17:22:13:489 INFO : BeanPostProcessorsImplementation Instance is Created
2020-09-13 17:22:16:432 INFO : Beans Ordered is as follows : 1,2,3
2020-09-13 17:22:17:453 INFO : Bean2 Instantiated at Sun Sep 13 17:22:17 IST 2020
2020-09-13 17:22:18:183 INFO : Bean1 Instantiated at Sun Sep 13 17:22:18 IST 2020
2020-09-13 17:22:18:194 INFO : Inside postProcessBeforeInitialization() Method for Bean : customBean1
2020-09-13 17:22:18:196 INFO : Inside CustomBean1 afterConstruction() Method
2020-09-13 17:22:18:197 INFO : Inside CustomBean1 afterPropertiesSet() Method 
2020-09-13 17:22:18:198 INFO : Inside CustomBean1 Init() Method
2020-09-13 17:22:18:202 INFO : Inside postProcessAfterInitialization() Method for Bean : customBean1
2020-09-13 17:22:19:610 INFO : Started BootApplication in 8.562 seconds (JVM running for 9.445)
2020-09-13 17:22:29:606 INFO : Inside SchedulerService : fixedDelay() Method
2020-09-13 17:22:36:839 INFO : Inside CustomBean1 beforeDestruction() Method
2020-09-13 17:22:36:840 INFO : Inside CustomBean1 Destroy() Method of Disposable Bean
2020-09-13 17:22:36:840 INFO : Inside CustomBean1 Destroy() Method
2020-09-13 17:22:36:995 INFO : Starting BootApplication using Java 14 on VIKAS-YADAV with PID 15244 (C:\Users\vicky\Documents\GitHub\Java_Projects\MicroService-1\springBootJDK14\bin\main started by vicky in C:\Users\vicky\Documents\GitHub\Java_Projects\MicroService-1\springBootJDK14)
2020-09-13 17:22:36:996 INFO : The following profiles are active: dev
2020-09-13 17:22:37:599 INFO : BeanPostProcessorsImplementation Instance is Created
2020-09-13 17:22:38:541 INFO : Beans Ordered is as follows : 1,2,3
2020-09-13 17:22:39:148 INFO : Bean2 Instantiated at Sun Sep 13 17:22:39 IST 2020
2020-09-13 17:22:39:374 INFO : Bean1 Instantiated at Sun Sep 13 17:22:39 IST 2020
2020-09-13 17:22:39:382 INFO : Inside postProcessBeforeInitialization() Method for Bean : customBean1
2020-09-13 17:22:39:382 INFO : Inside CustomBean1 afterConstruction() Method
2020-09-13 17:22:39:383 INFO : Inside CustomBean1 afterPropertiesSet() Method 
2020-09-13 17:22:39:384 INFO : Inside CustomBean1 Init() Method
2020-09-13 17:22:39:387 INFO : Inside postProcessAfterInitialization() Method for Bean : customBean1
2020-09-13 17:22:40:221 INFO : Started BootApplication in 3.281 seconds (JVM running for 30.056)
2020-09-13 17:22:50:223 INFO : Inside SchedulerService : fixedDelay() Method
2020-09-13 17:23:30:232 INFO : Inside SchedulerService : fixedRate() Method
2020-09-13 17:23:38:248 INFO : Starting BootApplication using Java 14 on VIKAS-YADAV with PID 9876 (C:\Users\vicky\Documents\GitHub\Java_Projects\MicroService-1\springBootJDK14\bin\main started by vicky in C:\Users\vicky\Documents\GitHub\Java_Projects\MicroService-1\springBootJDK14)
2020-09-13 17:23:38:250 INFO : The following profiles are active: dev
2020-09-13 17:23:39:975 INFO : BeanPostProcessorsImplementation Instance is Created
2020-09-13 17:23:42:791 INFO : Beans Ordered is as follows : 1,2,3
2020-09-13 17:23:43:780 INFO : Bean2 Instantiated at Sun Sep 13 17:23:43 IST 2020
2020-09-13 17:23:44:530 INFO : Bean1 Instantiated at Sun Sep 13 17:23:44 IST 2020
2020-09-13 17:23:44:539 INFO : Inside postProcessBeforeInitialization() Method for Bean : customBean1
2020-09-13 17:23:44:540 INFO : Inside CustomBean1 afterConstruction() Method
2020-09-13 17:23:44:540 INFO : Inside CustomBean1 afterPropertiesSet() Method 
2020-09-13 17:23:44:540 INFO : Inside CustomBean1 Init() Method
2020-09-13 17:23:44:541 INFO : Inside postProcessAfterInitialization() Method for Bean : customBean1
2020-09-13 17:23:45:876 INFO : Started BootApplication in 8.056 seconds (JVM running for 8.876)
2020-09-13 17:23:55:879 INFO : Inside SchedulerService : fixedDelay() Method
2020-09-13 17:24:35:876 INFO : Inside SchedulerService : fixedRate() Method
2020-09-13 17:40:35:890 INFO : Inside SchedulerService : fixedDelay() Method
2020-09-13 17:41:15:884 INFO : Inside SchedulerService : fixedRate() Method
2020-09-13 17:57:15:903 INFO : Inside SchedulerService : fixedDelay() Method
2020-09-13 17:57:55:878 INFO : Inside SchedulerService : fixedRate() Method
2020-09-13 18:00:00:009 INFO : Inside SchedulerService : cronJobSchedulerUsingAnnotations() Method
2020-09-13 18:13:55:915 INFO : Inside SchedulerService : fixedDelay() Method
2020-09-13 18:14:35:880 INFO : Inside SchedulerService : fixedRate() Method
2020-09-13 18:30:35:920 INFO : Inside SchedulerService : fixedDelay() Method
2020-09-13 18:31:15:874 INFO : Inside SchedulerService : fixedRate() Method
2020-09-13 19:00:39:401 INFO : Inside SchedulerService : fixedDelay() Method
2020-09-13 19:00:39:401 INFO : Inside SchedulerService : cronJobSchedulerUsingAnnotations() Method
2020-09-13 19:00:39:401 INFO : Inside SchedulerService : fixedRate() Method
2020-09-13 19:33:37:223 INFO : Starting BootApplication using Java 14 on VIKAS-YADAV with PID 1352 (C:\Users\vicky\Documents\GitHub\Java_Projects\MicroService-1\springBootJDK14\bin\main started by vicky in C:\Users\vicky\Documents\GitHub\Java_Projects\MicroService-1\springBootJDK14)
2020-09-13 19:33:37:225 INFO : The following profiles are active: dev
2020-09-13 19:33:38:959 INFO : BeanPostProcessorsImplementation Instance is Created
2020-09-13 19:33:41:734 INFO : Beans Ordered is as follows : 1,2,3
2020-09-13 19:33:42:720 INFO : Bean2 Instantiated at Sun Sep 13 19:33:42 IST 2020
2020-09-13 19:33:43:477 INFO : Bean1 Instantiated at Sun Sep 13 19:33:43 IST 2020
2020-09-13 19:33:43:483 INFO : Inside postProcessBeforeInitialization() Method for Bean : customBean1
2020-09-13 19:33:43:483 INFO : Inside CustomBean1 afterConstruction() Method
2020-09-13 19:33:43:483 INFO : Inside CustomBean1 afterPropertiesSet() Method 
2020-09-13 19:33:43:483 INFO : Inside CustomBean1 Init() Method
2020-09-13 19:33:43:484 INFO : Inside postProcessAfterInitialization() Method for Bean : customBean1
2020-09-13 19:33:44:774 INFO : Started BootApplication in 7.985 seconds (JVM running for 8.828)
2020-09-13 21:01:37:926 INFO : Starting BootApplication using Java 14 on VIKAS-YADAV with PID 12612 (C:\Users\vicky\Documents\GitHub\Java_Projects\MicroService-1\springBootJDK14\bin\main started by vicky in C:\Users\vicky\Documents\GitHub\Java_Projects\MicroService-1\springBootJDK14)
2020-09-13 21:01:37:927 INFO : The following profiles are active: dev
2020-09-13 21:01:40:017 INFO : BeanPostProcessorsImplementation Instance is Created
2020-09-13 21:01:43:035 INFO : Beans Ordered is as follows : 1,2,3
2020-09-13 21:01:44:059 INFO : Bean2 Instantiated at Sun Sep 13 21:01:44 IST 2020
2020-09-13 21:01:44:753 INFO : Bean1 Instantiated at Sun Sep 13 21:01:44 IST 2020
2020-09-13 21:01:44:758 INFO : Inside postProcessBeforeInitialization() Method for Bean : customBean1
2020-09-13 21:01:44:759 INFO : Inside CustomBean1 afterConstruction() Method
2020-09-13 21:01:44:759 INFO : Inside CustomBean1 afterPropertiesSet() Method 
2020-09-13 21:01:44:759 INFO : Inside CustomBean1 Init() Method
2020-09-13 21:01:44:760 INFO : Inside postProcessAfterInitialization() Method for Bean : customBean1
2020-09-13 21:01:47:735 INFO : Started BootApplication in 10.485 seconds (JVM running for 11.452)
2020-09-13 21:01:57:745 INFO : Inside SchedulerService : fixedDelay() Method
2020-09-13 21:02:37:738 INFO : Inside SchedulerService : fixedRate() Method
2020-09-13 21:07:05:275 INFO : Inside CustomBean1 beforeDestruction() Method
2020-09-13 21:07:05:276 INFO : Inside CustomBean1 Destroy() Method of Disposable Bean
2020-09-13 21:07:05:278 INFO : Inside CustomBean1 Destroy() Method
2020-09-13 21:07:08:672 INFO : Starting BootApplication using Java 14 on VIKAS-YADAV with PID 12612 (C:\Users\vicky\Documents\GitHub\Java_Projects\MicroService-1\springBootJDK14\bin\main started by vicky in C:\Users\vicky\Documents\GitHub\Java_Projects\MicroService-1\springBootJDK14)
2020-09-13 21:07:08:673 INFO : The following profiles are active: dev
2020-09-13 21:07:09:490 INFO : BeanPostProcessorsImplementation Instance is Created
2020-09-13 21:07:10:688 INFO : Beans Ordered is as follows : 1,2,3
2020-09-13 21:07:11:297 INFO : Bean2 Instantiated at Sun Sep 13 21:07:11 IST 2020
2020-09-13 21:07:11:884 INFO : Bean1 Instantiated at Sun Sep 13 21:07:11 IST 2020
2020-09-13 21:07:11:892 INFO : Inside postProcessBeforeInitialization() Method for Bean : customBean1
2020-09-13 21:07:11:893 INFO : Inside CustomBean1 afterConstruction() Method
2020-09-13 21:07:11:894 INFO : Inside CustomBean1 afterPropertiesSet() Method 
2020-09-13 21:07:11:895 INFO : Inside CustomBean1 Init() Method
2020-09-13 21:07:11:898 INFO : Inside postProcessAfterInitialization() Method for Bean : customBean1
2020-09-13 21:07:13:842 INFO : Started BootApplication in 5.371 seconds (JVM running for 337.558)
2020-09-13 21:07:23:850 INFO : Inside SchedulerService : fixedDelay() Method
2020-09-13 21:08:03:843 INFO : Inside SchedulerService : fixedRate() Method
2020-09-13 21:11:55:058 INFO : Starting BootApplication using Java 14 on VIKAS-YADAV with PID 12964 (C:\Users\vicky\Documents\GitHub\Java_Projects\MicroService-1\springBootJDK14\bin\main started by vicky in C:\Users\vicky\Documents\GitHub\Java_Projects\MicroService-1\springBootJDK14)
2020-09-13 21:11:55:060 INFO : The following profiles are active: dev
2020-09-13 21:11:58:222 INFO : BeanPostProcessorsImplementation Instance is Created
2020-09-13 21:12:05:420 INFO : Beans Ordered is as follows : 1,2,3
2020-09-13 21:12:06:825 INFO : Bean2 Instantiated at Sun Sep 13 21:12:06 IST 2020
2020-09-13 21:12:07:422 INFO : Bean1 Instantiated at Sun Sep 13 21:12:07 IST 2020
2020-09-13 21:12:07:426 INFO : Inside postProcessBeforeInitialization() Method for Bean : customBean1
2020-09-13 21:12:07:427 INFO : Inside CustomBean1 afterConstruction() Method
2020-09-13 21:12:07:427 INFO : Inside CustomBean1 afterPropertiesSet() Method 
2020-09-13 21:12:07:427 INFO : Inside CustomBean1 Init() Method
2020-09-13 21:12:07:429 INFO : Inside postProcessAfterInitialization() Method for Bean : customBean1
2020-09-13 21:12:10:871 INFO : Started BootApplication in 16.481 seconds (JVM running for 17.457)
2020-09-13 21:12:20:871 INFO : Inside SchedulerService : fixedDelay() Method
2020-09-13 21:13:00:877 INFO : Inside SchedulerService : fixedRate() Method
2020-09-13 21:27:26:271 INFO : Inside CustomBean1 beforeDestruction() Method
2020-09-13 21:27:26:271 INFO : Inside CustomBean1 Destroy() Method of Disposable Bean
2020-09-13 21:27:26:272 INFO : Inside CustomBean1 Destroy() Method
2020-09-13 21:27:29:609 INFO : Starting BootApplication using Java 14 on VIKAS-YADAV with PID 12964 (C:\Users\vicky\Documents\GitHub\Java_Projects\MicroService-1\springBootJDK14\bin\main started by vicky in C:\Users\vicky\Documents\GitHub\Java_Projects\MicroService-1\springBootJDK14)
2020-09-13 21:27:29:610 INFO : The following profiles are active: dev
2020-09-13 21:27:30:328 INFO : BeanPostProcessorsImplementation Instance is Created
2020-09-13 21:27:31:302 INFO : Beans Ordered is as follows : 1,2,3
2020-09-13 21:27:31:861 INFO : Bean2 Instantiated at Sun Sep 13 21:27:31 IST 2020
2020-09-13 21:27:32:259 INFO : Bean1 Instantiated at Sun Sep 13 21:27:32 IST 2020
2020-09-13 21:27:32:266 INFO : Inside postProcessBeforeInitialization() Method for Bean : customBean1
2020-09-13 21:27:32:267 INFO : Inside CustomBean1 afterConstruction() Method
2020-09-13 21:27:32:268 INFO : Inside CustomBean1 afterPropertiesSet() Method 
2020-09-13 21:27:32:269 INFO : Inside CustomBean1 Init() Method
2020-09-13 21:27:32:271 INFO : Inside postProcessAfterInitialization() Method for Bean : customBean1
2020-09-13 21:27:34:088 INFO : Started BootApplication in 4.666 seconds (JVM running for 940.674)
2020-09-13 21:27:44:098 INFO : Inside SchedulerService : fixedDelay() Method
2020-09-13 21:28:24:092 INFO : Inside SchedulerService : fixedRate() Method
2020-09-13 21:44:24:107 INFO : Inside SchedulerService : fixedDelay() Method
2020-09-13 21:45:04:100 INFO : Inside SchedulerService : fixedRate() Method
2020-09-13 21:45:39:732 INFO : Starting SpringBootJdk14ApplicationTests using Java 14 on VIKAS-YADAV with PID 9516 (started by vicky in C:\Users\vicky\Documents\GitHub\Java_Projects\MicroService-1\springBootJDK14)
2020-09-13 21:45:39:734 INFO : The following profiles are active: dev
2020-09-13 21:45:43:412 INFO : BeanPostProcessorsImplementation Instance is Created
2020-09-13 21:45:47:330 INFO : Beans Ordered is as follows : 1,2,3
2020-09-13 21:45:49:711 INFO : Bean2 Instantiated at Sun Sep 13 21:45:49 IST 2020
2020-09-13 21:45:49:975 INFO : Bean1 Instantiated at Sun Sep 13 21:45:49 IST 2020
2020-09-13 21:45:49:984 INFO : Inside postProcessBeforeInitialization() Method for Bean : customBean1
2020-09-13 21:45:49:985 INFO : Inside CustomBean1 afterConstruction() Method
2020-09-13 21:45:49:986 INFO : Inside CustomBean1 afterPropertiesSet() Method 
2020-09-13 21:45:49:987 INFO : Inside CustomBean1 Init() Method
2020-09-13 21:45:49:990 INFO : Inside postProcessAfterInitialization() Method for Bean : customBean1
2020-09-13 21:45:55:216 INFO : Started SpringBootJdk14ApplicationTests in 16.084 seconds (JVM running for 17.485)
2020-09-13 21:45:55:577 INFO : Inside CustomBean1 beforeDestruction() Method
2020-09-13 21:45:55:578 INFO : Inside CustomBean1 Destroy() Method of Disposable Bean
2020-09-13 21:45:55:578 INFO : Inside CustomBean1 Destroy() Method
2020-09-13 22:00:00:007 INFO : Inside SchedulerService : cronJobSchedulerUsingAnnotations() Method
2020-09-13 22:01:04:124 INFO : Inside SchedulerService : fixedDelay() Method
2020-09-13 22:01:44:092 INFO : Inside SchedulerService : fixedRate() Method
2020-09-13 22:05:18:081 INFO : Inside CustomBean1 beforeDestruction() Method
2020-09-13 22:05:18:085 INFO : Inside CustomBean1 Destroy() Method of Disposable Bean
2020-09-13 22:05:18:086 INFO : Inside CustomBean1 Destroy() Method
2020-09-13 22:05:22:155 INFO : Starting BootApplication using Java 14 on VIKAS-YADAV with PID 12964 (C:\Users\vicky\Documents\GitHub\Java_Projects\MicroService-1\springBootJDK14\bin\main started by vicky in C:\Users\vicky\Documents\GitHub\Java_Projects\MicroService-1\springBootJDK14)
2020-09-13 22:05:22:156 INFO : The following profiles are active: dev
2020-09-13 22:05:25:183 INFO : BeanPostProcessorsImplementation Instance is Created
2020-09-13 22:05:28:150 INFO : Beans Ordered is as follows : 1,2,3
2020-09-13 22:05:30:770 INFO : Bean2 Instantiated at Sun Sep 13 22:05:30 IST 2020
2020-09-13 22:05:31:457 INFO : Bean1 Instantiated at Sun Sep 13 22:05:31 IST 2020
2020-09-13 22:05:31:464 INFO : Inside postProcessBeforeInitialization() Method for Bean : customBean1
2020-09-13 22:05:31:464 INFO : Inside CustomBean1 afterConstruction() Method
2020-09-13 22:05:31:466 INFO : Inside CustomBean1 afterPropertiesSet() Method 
2020-09-13 22:05:31:466 INFO : Inside CustomBean1 Init() Method
2020-09-13 22:05:31:469 INFO : Inside postProcessAfterInitialization() Method for Bean : customBean1
2020-09-13 22:05:36:566 INFO : Started BootApplication in 15.079 seconds (JVM running for 3223.152)
2020-09-13 22:05:46:565 INFO : Inside SchedulerService : fixedDelay() Method
2020-09-13 22:06:26:564 INFO : Inside SchedulerService : fixedRate() Method
2020-09-13 22:22:26:579 INFO : Inside SchedulerService : fixedDelay() Method
2020-09-13 22:23:06:574 INFO : Inside SchedulerService : fixedRate() Method
2020-09-13 23:43:42:806 INFO : Inside SchedulerService : fixedDelay() Method
2020-09-13 23:43:42:807 INFO : Inside SchedulerService : cronJobSchedulerUsingAnnotations() Method
2020-09-13 23:43:42:806 INFO : Inside SchedulerService : fixedRate() Method
2020-09-13 23:43:42:808 INFO : Inside SchedulerService : fixedRate() Method
2020-09-13 23:43:42:809 INFO : Inside SchedulerService : fixedRate() Method
2020-09-13 23:43:42:809 INFO : Inside SchedulerService : fixedRate() Method
2020-09-13 23:46:26:566 INFO : Inside SchedulerService : fixedRate() Method
