2020-09-15 00:00:00:016 INFO : Inside SchedulerService : cronJobSchedulerUsingAnnotations() Method
2020-09-15 00:00:55:965 INFO : Inside SchedulerService : fixedDelay() Method
2020-09-15 00:01:35:905 INFO : Inside SchedulerService : fixedRate() Method
2020-09-15 00:06:23:655 INFO : Inside CustomBean1 beforeDestruction() Method
2020-09-15 00:06:23:655 INFO : Inside CustomBean1 Destroy() Method of Disposable Bean
2020-09-15 00:06:23:655 INFO : Inside CustomBean1 Destroy() Method
2020-09-15 00:06:26:990 INFO : Starting BootApplication using Java 14 on VIKAS-YADAV with PID 13804 (C:\Users\vicky\Documents\GitHub\Java_Projects\MicroService-1\springBootJDK14\bin\main started by vicky in C:\Users\vicky\Documents\GitHub\Java_Projects\MicroService-1\springBootJDK14)
2020-09-15 00:06:26:994 INFO : The following profiles are active: dev
2020-09-15 00:06:27:873 INFO : BeanPostProcessorsImplementation Instance is Created
2020-09-15 00:06:28:847 INFO : Beans Ordered is as follows : 1,2,3
2020-09-15 00:06:29:651 INFO : Bean2 Instantiated at Tue Sep 15 00:06:29 IST 2020
2020-09-15 00:06:30:071 INFO : Bean1 Instantiated at Tue Sep 15 00:06:30 IST 2020
2020-09-15 00:06:30:078 INFO : Inside postProcessBeforeInitialization() Method for Bean : customBean1
2020-09-15 00:06:30:079 INFO : Inside CustomBean1 afterConstruction() Method
2020-09-15 00:06:30:079 INFO : Inside CustomBean1 afterPropertiesSet() Method 
2020-09-15 00:06:30:080 INFO : Inside CustomBean1 Init() Method
2020-09-15 00:06:30:082 INFO : Inside postProcessAfterInitialization() Method for Bean : customBean1
2020-09-15 00:06:31:818 INFO : Started BootApplication in 5.009 seconds (JVM running for 9752.976)
2020-09-15 00:06:41:818 INFO : Inside SchedulerService : fixedDelay() Method
2020-09-15 00:06:58:693 INFO : Inside CustomBean1 beforeDestruction() Method
2020-09-15 00:06:58:695 INFO : Inside CustomBean1 Destroy() Method of Disposable Bean
2020-09-15 00:06:58:696 INFO : Inside CustomBean1 Destroy() Method
2020-09-15 00:07:02:171 INFO : Starting BootApplication using Java 14 on VIKAS-YADAV with PID 13804 (C:\Users\vicky\Documents\GitHub\Java_Projects\MicroService-1\springBootJDK14\bin\main started by vicky in C:\Users\vicky\Documents\GitHub\Java_Projects\MicroService-1\springBootJDK14)
2020-09-15 00:07:02:172 INFO : The following profiles are active: dev
2020-09-15 00:23:28:232 INFO : The following profiles are active: dev
2020-09-15 00:23:30:236 INFO : BeanPostProcessorsImplementation Instance is Created
2020-09-15 00:23:33:362 INFO : Beans Ordered is as follows : 1,2,3
2020-09-15 00:25:21:223 INFO : The following profiles are active: dev
2020-09-15 00:25:23:105 INFO : BeanPostProcessorsImplementation Instance is Created
2020-09-15 00:25:26:300 INFO : Beans Ordered is as follows : 1,2,3
2020-09-15 00:25:51:710 INFO : The following profiles are active: dev
2020-09-15 00:25:53:645 INFO : BeanPostProcessorsImplementation Instance is Created
2020-09-15 00:25:56:745 INFO : Beans Ordered is as follows : 1,2,3
2020-09-15 00:28:57:047 INFO : The following profiles are active: dev
2020-09-15 00:28:58:997 INFO : BeanPostProcessorsImplementation Instance is Created
2020-09-15 00:29:02:088 INFO : Beans Ordered is as follows : 1,2,3
2020-09-15 00:29:35:491 INFO : The following profiles are active: dev
2020-09-15 00:29:37:423 INFO : BeanPostProcessorsImplementation Instance is Created
2020-09-15 00:29:40:648 INFO : Beans Ordered is as follows : 1,2,3
2020-09-15 00:29:42:962 INFO : Bean2 Instantiated at Tue Sep 15 00:29:42 IST 2020
2020-09-15 00:29:43:236 INFO : Bean1 Instantiated at Tue Sep 15 00:29:43 IST 2020
2020-09-15 00:29:43:245 INFO : Inside postProcessBeforeInitialization() Method for Bean : customBean1
2020-09-15 00:29:43:246 INFO : Inside CustomBean1 afterConstruction() Method
2020-09-15 00:29:43:246 INFO : Inside CustomBean1 afterPropertiesSet() Method 
2020-09-15 00:29:43:247 INFO : Inside CustomBean1 Init() Method
2020-09-15 00:29:43:250 INFO : Inside postProcessAfterInitialization() Method for Bean : customBean1
2020-09-15 00:29:51:522 INFO : Started BootApplication in 19.353 seconds (JVM running for 20.341)
2020-09-15 00:30:01:531 INFO : Inside SchedulerService : fixedDelay() Method
2020-09-15 00:30:41:529 INFO : Inside SchedulerService : fixedRate() Method
2020-09-15 00:40:42:739 INFO : Inside CustomBean1 beforeDestruction() Method
2020-09-15 00:40:42:739 INFO : Inside CustomBean1 Destroy() Method of Disposable Bean
2020-09-15 00:40:42:740 INFO : Inside CustomBean1 Destroy() Method
2020-09-15 00:40:48:733 INFO : The following profiles are active: dev
2020-09-15 00:40:50:712 INFO : BeanPostProcessorsImplementation Instance is Created
2020-09-15 00:40:52:878 INFO : Beans Ordered is as follows : 1,2,3
2020-09-15 00:40:55:995 INFO : Bean2 Instantiated at Tue Sep 15 00:40:55 IST 2020
2020-09-15 00:40:56:168 INFO : Bean1 Instantiated at Tue Sep 15 00:40:56 IST 2020
2020-09-15 00:40:56:176 INFO : Inside postProcessBeforeInitialization() Method for Bean : customBean1
2020-09-15 00:40:56:177 INFO : Inside CustomBean1 afterConstruction() Method
2020-09-15 00:40:56:177 INFO : Inside CustomBean1 afterPropertiesSet() Method 
2020-09-15 00:40:56:179 INFO : Inside CustomBean1 Init() Method
2020-09-15 00:40:56:183 INFO : Inside postProcessAfterInitialization() Method for Bean : customBean1
2020-09-15 00:41:05:945 INFO : Started BootApplication in 19.906 seconds (JVM running for 694.764)
2020-09-15 00:41:15:948 INFO : Inside SchedulerService : fixedDelay() Method
2020-09-15 00:41:55:945 INFO : Inside SchedulerService : fixedRate() Method
2020-09-15 00:54:06:478 INFO : Inside CustomBean1 beforeDestruction() Method
2020-09-15 00:54:06:479 INFO : Inside CustomBean1 Destroy() Method of Disposable Bean
2020-09-15 00:54:06:480 INFO : Inside CustomBean1 Destroy() Method
2020-09-15 00:54:12:588 INFO : The following profiles are active: dev
2020-09-15 00:54:13:866 INFO : BeanPostProcessorsImplementation Instance is Created
2020-09-15 00:54:16:252 INFO : Beans Ordered is as follows : 1,2,3
2020-09-15 00:54:19:725 INFO : Bean2 Instantiated at Tue Sep 15 00:54:19 IST 2020
2020-09-15 00:54:20:588 INFO : Bean1 Instantiated at Tue Sep 15 00:54:20 IST 2020
2020-09-15 00:54:20:598 INFO : Inside postProcessBeforeInitialization() Method for Bean : customBean1
2020-09-15 00:54:20:599 INFO : Inside CustomBean1 afterConstruction() Method
2020-09-15 00:54:20:600 INFO : Inside CustomBean1 afterPropertiesSet() Method 
2020-09-15 00:54:20:603 INFO : Inside CustomBean1 Init() Method
2020-09-15 00:54:20:608 INFO : Inside postProcessAfterInitialization() Method for Bean : customBean1
2020-09-15 00:54:32:594 INFO : Started BootApplication in 22.805 seconds (JVM running for 1501.413)
2020-09-15 00:54:42:604 INFO : Inside SchedulerService : fixedDelay() Method
2020-09-15 00:55:10:536 INFO : Inside CustomBean1 beforeDestruction() Method
2020-09-15 00:55:10:538 INFO : Inside CustomBean1 Destroy() Method of Disposable Bean
2020-09-15 00:55:10:540 INFO : Inside CustomBean1 Destroy() Method
2020-09-15 00:55:16:686 INFO : The following profiles are active: dev
2020-09-15 00:55:17:735 INFO : BeanPostProcessorsImplementation Instance is Created
2020-09-15 00:55:19:693 INFO : Beans Ordered is as follows : 1,2,3
2020-09-15 00:55:22:288 INFO : Bean2 Instantiated at Tue Sep 15 00:55:22 IST 2020
2020-09-15 00:55:22:925 INFO : Bean1 Instantiated at Tue Sep 15 00:55:22 IST 2020
2020-09-15 00:55:22:933 INFO : Inside postProcessBeforeInitialization() Method for Bean : customBean1
2020-09-15 00:55:22:934 INFO : Inside CustomBean1 afterConstruction() Method
2020-09-15 00:55:22:934 INFO : Inside CustomBean1 afterPropertiesSet() Method 
2020-09-15 00:55:22:935 INFO : Inside CustomBean1 Init() Method
2020-09-15 00:55:22:939 INFO : Inside postProcessAfterInitialization() Method for Bean : customBean1
2020-09-15 00:55:33:327 INFO : Started BootApplication in 19.513 seconds (JVM running for 1562.146)
2020-09-15 00:55:43:331 INFO : Inside SchedulerService : fixedDelay() Method
2020-09-15 00:56:10:999 INFO : Inside CustomBean1 beforeDestruction() Method
2020-09-15 00:56:11:000 INFO : Inside CustomBean1 Destroy() Method of Disposable Bean
2020-09-15 00:56:11:000 INFO : Inside CustomBean1 Destroy() Method
2020-09-15 00:56:17:048 INFO : The following profiles are active: dev
2020-09-15 00:56:19:402 INFO : BeanPostProcessorsImplementation Instance is Created
2020-09-15 00:56:23:705 INFO : Beans Ordered is as follows : 1,2,3
2020-09-15 00:56:27:702 INFO : Bean2 Instantiated at Tue Sep 15 00:56:27 IST 2020
2020-09-15 00:56:27:722 INFO : Bean1 Instantiated at Tue Sep 15 00:56:27 IST 2020
2020-09-15 00:56:27:728 INFO : Inside postProcessBeforeInitialization() Method for Bean : customBean1
2020-09-15 00:56:27:729 INFO : Inside CustomBean1 afterConstruction() Method
2020-09-15 00:56:27:729 INFO : Inside CustomBean1 afterPropertiesSet() Method 
2020-09-15 00:56:27:730 INFO : Inside CustomBean1 Init() Method
2020-09-15 00:56:27:733 INFO : Inside postProcessAfterInitialization() Method for Bean : customBean1
2020-09-15 00:56:38:494 INFO : Started BootApplication in 24.178 seconds (JVM running for 1627.313)
2020-09-15 00:56:48:500 INFO : Inside SchedulerService : fixedDelay() Method
2020-09-15 00:57:28:498 INFO : Inside SchedulerService : fixedRate() Method
2020-09-15 01:00:16:759 INFO : Inside CustomBean1 beforeDestruction() Method
2020-09-15 01:00:16:761 INFO : Inside CustomBean1 Destroy() Method of Disposable Bean
2020-09-15 01:00:16:762 INFO : Inside CustomBean1 Destroy() Method
2020-09-15 01:00:22:649 INFO : The following profiles are active: dev
2020-09-15 01:00:23:902 INFO : BeanPostProcessorsImplementation Instance is Created
2020-09-15 01:00:25:554 INFO : Beans Ordered is as follows : 1,2,3
2020-09-15 01:00:27:954 INFO : Bean2 Instantiated at Tue Sep 15 01:00:27 IST 2020
2020-09-15 01:00:28:832 INFO : Bean1 Instantiated at Tue Sep 15 01:00:28 IST 2020
2020-09-15 01:00:28:838 INFO : Inside postProcessBeforeInitialization() Method for Bean : customBean1
2020-09-15 01:00:28:838 INFO : Inside CustomBean1 afterConstruction() Method
2020-09-15 01:00:28:839 INFO : Inside CustomBean1 afterPropertiesSet() Method 
2020-09-15 01:00:28:840 INFO : Inside CustomBean1 Init() Method
2020-09-15 01:00:28:842 INFO : Inside postProcessAfterInitialization() Method for Bean : customBean1
2020-09-15 01:00:37:353 INFO : Started BootApplication in 17.32 seconds (JVM running for 1866.172)
2020-09-15 01:00:47:353 INFO : Inside SchedulerService : fixedDelay() Method
2020-09-15 01:01:27:352 INFO : Inside SchedulerService : fixedRate() Method
2020-09-15 01:01:59:660 INFO : Inside CustomBean1 beforeDestruction() Method
2020-09-15 01:01:59:662 INFO : Inside CustomBean1 Destroy() Method of Disposable Bean
2020-09-15 01:01:59:663 INFO : Inside CustomBean1 Destroy() Method
2020-09-15 01:02:06:116 INFO : The following profiles are active: dev
2020-09-15 01:02:08:452 INFO : BeanPostProcessorsImplementation Instance is Created
2020-09-15 01:02:11:337 INFO : Beans Ordered is as follows : 1,2,3
2020-09-15 01:02:14:238 INFO : Bean2 Instantiated at Tue Sep 15 01:02:14 IST 2020
2020-09-15 01:02:14:784 INFO : Bean1 Instantiated at Tue Sep 15 01:02:14 IST 2020
2020-09-15 01:02:14:791 INFO : Inside postProcessBeforeInitialization() Method for Bean : customBean1
2020-09-15 01:02:14:792 INFO : Inside CustomBean1 afterConstruction() Method
2020-09-15 01:02:14:792 INFO : Inside CustomBean1 afterPropertiesSet() Method 
2020-09-15 01:02:14:793 INFO : Inside CustomBean1 Init() Method
2020-09-15 01:02:14:798 INFO : Inside postProcessAfterInitialization() Method for Bean : customBean1
2020-09-15 01:02:24:554 INFO : Started BootApplication in 21.466 seconds (JVM running for 1973.373)
2020-09-15 01:02:24:608 INFO : Inside CustomBean1 beforeDestruction() Method
2020-09-15 01:02:24:609 INFO : Inside CustomBean1 Destroy() Method of Disposable Bean
2020-09-15 01:02:24:609 INFO : Inside CustomBean1 Destroy() Method
2020-09-15 01:02:30:854 INFO : The following profiles are active: dev
2020-09-15 01:02:33:236 INFO : BeanPostProcessorsImplementation Instance is Created
2020-09-15 01:02:35:489 INFO : Beans Ordered is as follows : 1,2,3
2020-09-15 01:02:36:623 INFO : Bean2 Instantiated at Tue Sep 15 01:02:36 IST 2020
2020-09-15 01:02:37:180 INFO : Bean1 Instantiated at Tue Sep 15 01:02:37 IST 2020
2020-09-15 01:02:37:187 INFO : Inside postProcessBeforeInitialization() Method for Bean : customBean1
2020-09-15 01:02:37:188 INFO : Inside CustomBean1 afterConstruction() Method
2020-09-15 01:02:37:188 INFO : Inside CustomBean1 afterPropertiesSet() Method 
2020-09-15 01:02:37:188 INFO : Inside CustomBean1 Init() Method
2020-09-15 01:02:37:190 INFO : Inside postProcessAfterInitialization() Method for Bean : customBean1
2020-09-15 01:02:49:366 INFO : The following profiles are active: dev
2020-09-15 01:02:50:851 INFO : BeanPostProcessorsImplementation Instance is Created
2020-09-15 01:02:52:566 INFO : Beans Ordered is as follows : 1,2,3
2020-09-15 01:02:53:791 INFO : Bean2 Instantiated at Tue Sep 15 01:02:53 IST 2020
2020-09-15 01:02:53:976 INFO : Bean1 Instantiated at Tue Sep 15 01:02:53 IST 2020
2020-09-15 01:02:53:982 INFO : Inside postProcessBeforeInitialization() Method for Bean : customBean1
2020-09-15 01:02:53:983 INFO : Inside CustomBean1 afterConstruction() Method
2020-09-15 01:02:53:984 INFO : Inside CustomBean1 afterPropertiesSet() Method 
2020-09-15 01:02:53:984 INFO : Inside CustomBean1 Init() Method
2020-09-15 01:02:53:987 INFO : Inside postProcessAfterInitialization() Method for Bean : customBean1
2020-09-15 01:03:03:838 INFO : Started BootApplication in 17.397 seconds (JVM running for 2012.657)
2020-09-15 01:03:13:848 INFO : Inside SchedulerService : fixedDelay() Method
2020-09-15 01:03:17:573 INFO : Inside CustomBean1 beforeDestruction() Method
2020-09-15 01:03:17:574 INFO : Inside CustomBean1 Destroy() Method of Disposable Bean
2020-09-15 01:03:17:575 INFO : Inside CustomBean1 Destroy() Method
2020-09-15 01:03:21:467 INFO : The following profiles are active: dev
2020-09-15 01:03:24:282 INFO : The following profiles are active: dev
2020-09-15 01:03:24:546 INFO : BeanPostProcessorsImplementation Instance is Created
2020-09-15 01:03:27:333 INFO : BeanPostProcessorsImplementation Instance is Created
2020-09-15 01:03:28:970 INFO : Beans Ordered is as follows : 1,2,3
2020-09-15 01:03:30:094 INFO : Bean2 Instantiated at Tue Sep 15 01:03:30 IST 2020
2020-09-15 01:03:30:124 INFO : Beans Ordered is as follows : 1,2,3
2020-09-15 01:03:30:893 INFO : Bean1 Instantiated at Tue Sep 15 01:03:30 IST 2020
2020-09-15 01:03:30:897 INFO : Inside postProcessBeforeInitialization() Method for Bean : customBean1
2020-09-15 01:03:30:897 INFO : Inside CustomBean1 afterConstruction() Method
2020-09-15 01:03:30:898 INFO : Inside CustomBean1 afterPropertiesSet() Method 
2020-09-15 01:03:30:898 INFO : Inside CustomBean1 Init() Method
2020-09-15 01:03:30:899 INFO : Inside postProcessAfterInitialization() Method for Bean : customBean1
2020-09-15 01:03:40:954 INFO : Started BootApplication in 22.505 seconds (JVM running for 2049.773)
2020-09-15 01:03:50:958 INFO : Inside SchedulerService : fixedDelay() Method
2020-09-15 01:06:28:875 INFO : The following profiles are active: dev
2020-09-15 01:06:32:798 INFO : BeanPostProcessorsImplementation Instance is Created
2020-09-15 01:06:39:502 INFO : Beans Ordered is as follows : 1,2,3
2020-09-15 01:06:41:859 INFO : Bean2 Instantiated at Tue Sep 15 01:06:41 IST 2020
2020-09-15 01:06:41:895 INFO : Bean1 Instantiated at Tue Sep 15 01:06:41 IST 2020
2020-09-15 01:06:41:902 INFO : Inside postProcessBeforeInitialization() Method for Bean : customBean1
2020-09-15 01:06:41:902 INFO : Inside CustomBean1 afterConstruction() Method
2020-09-15 01:06:41:903 INFO : Inside CustomBean1 afterPropertiesSet() Method 
2020-09-15 01:06:41:903 INFO : Inside CustomBean1 Init() Method
2020-09-15 01:06:41:906 INFO : Inside postProcessAfterInitialization() Method for Bean : customBean1
2020-09-15 01:06:56:401 INFO : Started BootApplication in 32.227 seconds (JVM running for 33.718)
2020-09-15 01:07:06:407 INFO : Inside SchedulerService : fixedDelay() Method
2020-09-15 01:07:46:400 INFO : Inside SchedulerService : fixedRate() Method
2020-09-15 20:05:32:802 INFO : Inside CustomBean1 beforeDestruction() Method
2020-09-15 20:05:32:803 INFO : Inside CustomBean1 Destroy() Method of Disposable Bean
2020-09-15 20:05:32:803 INFO : Inside CustomBean1 Destroy() Method
2020-09-15 20:05:38:412 INFO : The following profiles are active: dev
2020-09-15 20:05:39:200 INFO : BeanPostProcessorsImplementation Instance is Created
2020-09-15 20:05:40:395 INFO : Beans Ordered is as follows : 1,2,3
2020-09-15 20:10:36:634 INFO : The following profiles are active: dev
2020-09-15 20:10:38:608 INFO : BeanPostProcessorsImplementation Instance is Created
2020-09-15 20:10:41:749 INFO : Beans Ordered is as follows : 1,2,3
2020-09-15 20:12:34:413 INFO : The following profiles are active: dev
2020-09-15 20:12:36:423 INFO : BeanPostProcessorsImplementation Instance is Created
2020-09-15 20:12:40:178 INFO : Beans Ordered is as follows : 1,2,3
2020-09-15 20:12:43:044 INFO : Bean2 Instantiated at Tue Sep 15 20:12:43 IST 2020
2020-09-15 20:12:43:417 INFO : Bean1 Instantiated at Tue Sep 15 20:12:43 IST 2020
2020-09-15 20:12:43:423 INFO : Inside postProcessBeforeInitialization() Method for Bean : customBean1
2020-09-15 20:12:43:424 INFO : Inside CustomBean1 afterConstruction() Method
2020-09-15 20:12:43:425 INFO : Inside CustomBean1 afterPropertiesSet() Method 
2020-09-15 20:12:43:426 INFO : Inside CustomBean1 Init() Method
2020-09-15 20:12:43:428 INFO : Inside postProcessAfterInitialization() Method for Bean : customBean1
2020-09-15 20:12:57:044 INFO : Started BootApplication in 25.911 seconds (JVM running for 26.913)
2020-09-15 20:13:07:042 INFO : Inside SchedulerService : fixedDelay() Method
2020-09-15 20:13:10:473 INFO : Inside getUserRatings() 
2020-09-15 20:13:11:106 INFO : Inside getCatalogItem() 
2020-09-15 20:13:11:241 INFO : Inside getFallbackCatalogItem() 
2020-09-15 20:13:11:246 INFO : Inside getCatalogItem() 
2020-09-15 20:13:11:252 INFO : Inside getFallbackCatalogItem() 
2020-09-15 20:13:47:039 INFO : Inside SchedulerService : fixedRate() Method
2020-09-15 20:15:13:634 INFO : Inside getUserRatings() 
2020-09-15 20:15:13:667 INFO : Inside getCatalogItem() 
2020-09-15 20:15:14:675 INFO : Inside getFallbackCatalogItem() 
2020-09-15 20:15:14:681 INFO : Inside getCatalogItem() 
2020-09-15 20:15:22:040 INFO : Inside getUserRatings() 
2020-09-15 20:15:22:085 INFO : Inside getCatalogItem() 
2020-09-15 20:15:22:186 INFO : Inside getCatalogItem() 
2020-09-15 20:15:28:452 INFO : Inside getUserRatings() 
2020-09-15 20:15:28:476 INFO : Inside getCatalogItem() 
2020-09-15 20:15:28:579 INFO : Inside getCatalogItem() 
2020-09-15 20:15:35:645 INFO : Inside getUserRatings() 
2020-09-15 20:15:35:656 INFO : Inside getCatalogItem() 
2020-09-15 20:15:35:698 INFO : Inside getCatalogItem() 
2020-09-15 20:15:37:113 INFO : Inside getUserRatings() 
2020-09-15 20:15:37:128 INFO : Inside getCatalogItem() 
2020-09-15 20:15:37:160 INFO : Inside getCatalogItem() 
2020-09-15 20:15:38:088 INFO : Inside getUserRatings() 
2020-09-15 20:15:38:098 INFO : Inside getCatalogItem() 
2020-09-15 20:15:38:113 INFO : Inside getCatalogItem() 
2020-09-15 20:29:47:045 INFO : Inside SchedulerService : fixedDelay() Method
2020-09-15 20:30:27:052 INFO : Inside SchedulerService : fixedRate() Method
2020-09-15 20:30:42:901 INFO : Inside CustomBean1 beforeDestruction() Method
2020-09-15 20:30:42:902 INFO : Inside CustomBean1 Destroy() Method of Disposable Bean
2020-09-15 20:30:42:902 INFO : Inside CustomBean1 Destroy() Method
2020-09-15 20:30:48:895 INFO : The following profiles are active: dev
2020-09-15 20:30:50:268 INFO : BeanPostProcessorsImplementation Instance is Created
2020-09-15 20:30:52:077 INFO : Beans Ordered is as follows : 1,2,3
2020-09-15 20:30:52:891 INFO : Bean2 Instantiated at Tue Sep 15 20:30:52 IST 2020
2020-09-15 20:30:53:255 INFO : Bean1 Instantiated at Tue Sep 15 20:30:53 IST 2020
2020-09-15 20:30:53:260 INFO : Inside postProcessBeforeInitialization() Method for Bean : customBean1
2020-09-15 20:30:53:260 INFO : Inside CustomBean1 afterConstruction() Method
2020-09-15 20:30:53:261 INFO : Inside CustomBean1 afterPropertiesSet() Method 
2020-09-15 20:30:53:261 INFO : Inside CustomBean1 Init() Method
2020-09-15 20:30:53:263 INFO : Inside postProcessAfterInitialization() Method for Bean : customBean1
2020-09-15 20:31:03:025 INFO : Started BootApplication in 16.805 seconds (JVM running for 1112.895)
2020-09-15 20:31:13:029 INFO : Inside SchedulerService : fixedDelay() Method
2020-09-15 20:34:19:285 INFO : The following profiles are active: dev
2020-09-15 20:34:23:252 INFO : BeanPostProcessorsImplementation Instance is Created
2020-09-15 20:34:29:227 INFO : Beans Ordered is as follows : 1,2,3
2020-09-15 20:34:31:050 INFO : Bean2 Instantiated at Tue Sep 15 20:34:31 IST 2020
2020-09-15 20:34:31:625 INFO : Bean1 Instantiated at Tue Sep 15 20:34:31 IST 2020
2020-09-15 20:34:31:636 INFO : Inside postProcessBeforeInitialization() Method for Bean : customBean1
2020-09-15 20:34:31:638 INFO : Inside CustomBean1 afterConstruction() Method
2020-09-15 20:34:31:638 INFO : Inside CustomBean1 afterPropertiesSet() Method 
2020-09-15 20:34:31:640 INFO : Inside CustomBean1 Init() Method
2020-09-15 20:34:31:645 INFO : Inside postProcessAfterInitialization() Method for Bean : customBean1
2020-09-15 20:34:44:484 INFO : Started BootApplication in 30.01 seconds (JVM running for 33.172)
2020-09-15 20:34:46:325 INFO : Inside CustomBean1 beforeDestruction() Method
2020-09-15 20:34:46:326 INFO : Inside CustomBean1 Destroy() Method of Disposable Bean
2020-09-15 20:34:46:328 INFO : Inside CustomBean1 Destroy() Method
2020-09-15 20:34:52:994 INFO : The following profiles are active: dev
2020-09-15 20:34:56:554 INFO : BeanPostProcessorsImplementation Instance is Created
2020-09-15 20:35:01:149 INFO : Beans Ordered is as follows : 1,2,3
2020-09-15 20:35:03:370 INFO : Bean2 Instantiated at Tue Sep 15 20:35:03 IST 2020
2020-09-15 20:35:03:984 INFO : Bean1 Instantiated at Tue Sep 15 20:35:03 IST 2020
2020-09-15 20:35:03:993 INFO : Inside postProcessBeforeInitialization() Method for Bean : customBean1
2020-09-15 20:35:03:994 INFO : Inside CustomBean1 afterConstruction() Method
2020-09-15 20:35:03:995 INFO : Inside CustomBean1 afterPropertiesSet() Method 
2020-09-15 20:35:03:996 INFO : Inside CustomBean1 Init() Method
2020-09-15 20:35:03:999 INFO : Inside postProcessAfterInitialization() Method for Bean : customBean1
2020-09-15 20:35:18:731 INFO : Started BootApplication in 28.959 seconds (JVM running for 67.419)
2020-09-15 20:35:28:730 INFO : Inside SchedulerService : fixedDelay() Method
2020-09-15 20:36:08:735 INFO : Inside SchedulerService : fixedRate() Method
2020-09-15 20:40:49:200 INFO : Inside getUserRatings() 
2020-09-15 20:40:50:122 INFO : Inside getCatalogItem() 
2020-09-15 20:40:50:553 INFO : Inside getCatalogItem() 
2020-09-15 20:40:51:839 INFO : Inside getUserRatings() 
2020-09-15 20:40:51:850 INFO : Inside getCatalogItem() 
2020-09-15 20:40:51:873 INFO : Inside getCatalogItem() 
2020-09-15 20:40:52:857 INFO : Inside getUserRatings() 
2020-09-15 20:40:52:878 INFO : Inside getCatalogItem() 
2020-09-15 20:40:52:907 INFO : Inside getCatalogItem() 
2020-09-15 20:43:58:236 INFO : The following profiles are active: dev
2020-09-15 20:44:05:194 INFO : BeanPostProcessorsImplementation Instance is Created
2020-09-15 20:44:15:473 INFO : Beans Ordered is as follows : 1,2,3
2020-09-15 20:44:19:215 INFO : Bean2 Instantiated at Tue Sep 15 20:44:19 IST 2020
2020-09-15 20:44:19:559 INFO : Bean1 Instantiated at Tue Sep 15 20:44:19 IST 2020
2020-09-15 20:44:19:571 INFO : Inside postProcessBeforeInitialization() Method for Bean : customBean1
2020-09-15 20:44:19:572 INFO : Inside CustomBean1 afterConstruction() Method
2020-09-15 20:44:19:573 INFO : Inside CustomBean1 afterPropertiesSet() Method 
2020-09-15 20:44:19:574 INFO : Inside CustomBean1 Init() Method
2020-09-15 20:44:19:578 INFO : Inside postProcessAfterInitialization() Method for Bean : customBean1
2020-09-15 20:44:35:130 INFO : Started BootApplication in 41.884 seconds (JVM running for 44.116)
2020-09-15 20:44:45:127 INFO : Inside SchedulerService : fixedDelay() Method
2020-09-15 20:45:13:703 INFO : Inside getUserRatings() 
2020-09-15 20:45:14:623 INFO : Inside getCatalogItem() 
2020-09-15 20:45:15:026 INFO : Inside getCatalogItem() 
2020-09-15 20:45:15:982 INFO : Inside getUserRatings() 
2020-09-15 20:45:16:012 INFO : Inside getCatalogItem() 
2020-09-15 20:45:16:052 INFO : Inside getCatalogItem() 
2020-09-15 20:45:25:126 INFO : Inside SchedulerService : fixedRate() Method
2020-09-15 21:01:25:132 INFO : Inside SchedulerService : fixedDelay() Method
2020-09-15 21:02:05:131 INFO : Inside SchedulerService : fixedRate() Method
2020-09-15 21:05:23:961 INFO : Inside CustomBean1 beforeDestruction() Method
2020-09-15 21:05:23:962 INFO : Inside CustomBean1 Destroy() Method of Disposable Bean
2020-09-15 21:05:23:963 INFO : Inside CustomBean1 Destroy() Method
2020-09-15 21:05:30:427 INFO : The following profiles are active: dev
2020-09-15 21:05:33:166 INFO : BeanPostProcessorsImplementation Instance is Created
2020-09-15 21:05:35:285 INFO : Beans Ordered is as follows : 1,2,3
2020-09-15 21:05:36:374 INFO : Bean2 Instantiated at Tue Sep 15 21:05:36 IST 2020
2020-09-15 21:05:37:331 INFO : Bean1 Instantiated at Tue Sep 15 21:05:37 IST 2020
2020-09-15 21:05:37:336 INFO : Inside postProcessBeforeInitialization() Method for Bean : customBean1
2020-09-15 21:05:37:338 INFO : Inside CustomBean1 afterConstruction() Method
2020-09-15 21:05:37:338 INFO : Inside CustomBean1 afterPropertiesSet() Method 
2020-09-15 21:05:37:338 INFO : Inside CustomBean1 Init() Method
2020-09-15 21:05:37:341 INFO : Inside postProcessAfterInitialization() Method for Bean : customBean1
2020-09-15 21:05:49:871 INFO : Started BootApplication in 22.519 seconds (JVM running for 1318.858)
2020-09-15 21:05:59:885 INFO : Inside SchedulerService : fixedDelay() Method
2020-09-15 21:06:39:883 INFO : Inside SchedulerService : fixedRate() Method
2020-09-15 21:08:19:033 INFO : Inside CustomBean1 beforeDestruction() Method
2020-09-15 21:08:19:034 INFO : Inside CustomBean1 Destroy() Method of Disposable Bean
2020-09-15 21:08:19:035 INFO : Inside CustomBean1 Destroy() Method
2020-09-15 21:08:24:963 INFO : The following profiles are active: dev
2020-09-15 21:08:26:465 INFO : BeanPostProcessorsImplementation Instance is Created
2020-09-15 21:08:28:954 INFO : Beans Ordered is as follows : 1,2,3
2020-09-15 21:08:30:694 INFO : Bean2 Instantiated at Tue Sep 15 21:08:30 IST 2020
2020-09-15 21:08:31:150 INFO : Bean1 Instantiated at Tue Sep 15 21:08:31 IST 2020
2020-09-15 21:08:31:158 INFO : Inside postProcessBeforeInitialization() Method for Bean : customBean1
2020-09-15 21:08:31:159 INFO : Inside CustomBean1 afterConstruction() Method
2020-09-15 21:08:31:159 INFO : Inside CustomBean1 afterPropertiesSet() Method 
2020-09-15 21:08:31:160 INFO : Inside CustomBean1 Init() Method
2020-09-15 21:08:31:164 INFO : Inside postProcessAfterInitialization() Method for Bean : customBean1
2020-09-15 21:08:42:981 INFO : Started BootApplication in 20.713 seconds (JVM running for 1491.967)
2020-09-15 21:08:52:985 INFO : Inside SchedulerService : fixedDelay() Method
2020-09-15 21:09:32:980 INFO : Inside SchedulerService : fixedRate() Method
2020-09-15 21:10:28:084 INFO : Inside getUserRatings() 
2020-09-15 21:10:28:206 INFO : Inside getCatalogItem() 
2020-09-15 21:10:28:395 INFO : Inside getCatalogItem() 
2020-09-15 21:11:11:247 INFO : The following profiles are active: dev
2020-09-15 21:11:17:029 INFO : BeanPostProcessorsImplementation Instance is Created
2020-09-15 21:11:23:886 INFO : Beans Ordered is as follows : 1,2,3
2020-09-15 21:11:26:227 INFO : Bean2 Instantiated at Tue Sep 15 21:11:26 IST 2020
2020-09-15 21:11:26:995 INFO : Bean1 Instantiated at Tue Sep 15 21:11:26 IST 2020
2020-09-15 21:11:27:006 INFO : Inside postProcessBeforeInitialization() Method for Bean : customBean1
2020-09-15 21:11:27:007 INFO : Inside CustomBean1 afterConstruction() Method
2020-09-15 21:11:27:007 INFO : Inside CustomBean1 afterPropertiesSet() Method 
2020-09-15 21:11:27:010 INFO : Inside CustomBean1 Init() Method
2020-09-15 21:11:27:018 INFO : Inside postProcessAfterInitialization() Method for Bean : customBean1
2020-09-15 21:11:42:570 INFO : Started BootApplication in 36.796 seconds (JVM running for 38.301)
2020-09-15 21:11:52:565 INFO : Inside SchedulerService : fixedDelay() Method
2020-09-15 21:12:32:564 INFO : Inside SchedulerService : fixedRate() Method
2020-09-15 21:14:09:077 INFO : Inside CustomBean1 beforeDestruction() Method
2020-09-15 21:14:09:078 INFO : Inside CustomBean1 Destroy() Method of Disposable Bean
2020-09-15 21:14:09:079 INFO : Inside CustomBean1 Destroy() Method
2020-09-15 21:14:15:745 INFO : The following profiles are active: dev
2020-09-15 21:14:18:624 INFO : BeanPostProcessorsImplementation Instance is Created
2020-09-15 21:14:22:477 INFO : Beans Ordered is as follows : 1,2,3
2020-09-15 21:14:24:339 INFO : Bean2 Instantiated at Tue Sep 15 21:14:24 IST 2020
2020-09-15 21:14:24:416 INFO : Bean1 Instantiated at Tue Sep 15 21:14:24 IST 2020
2020-09-15 21:14:24:425 INFO : Inside postProcessBeforeInitialization() Method for Bean : customBean1
2020-09-15 21:14:24:426 INFO : Inside CustomBean1 afterConstruction() Method
2020-09-15 21:14:24:427 INFO : Inside CustomBean1 afterPropertiesSet() Method 
2020-09-15 21:14:24:428 INFO : Inside CustomBean1 Init() Method
2020-09-15 21:14:24:432 INFO : Inside postProcessAfterInitialization() Method for Bean : customBean1
2020-09-15 21:14:37:304 INFO : Started BootApplication in 24.805 seconds (JVM running for 213.034)
2020-09-15 21:14:47:302 INFO : Inside SchedulerService : fixedDelay() Method
2020-09-15 21:15:27:303 INFO : Inside SchedulerService : fixedRate() Method
2020-09-15 21:31:27:318 INFO : Inside SchedulerService : fixedDelay() Method
2020-09-15 21:32:07:306 INFO : Inside SchedulerService : fixedRate() Method
2020-09-15 21:48:07:329 INFO : Inside SchedulerService : fixedDelay() Method
2020-09-15 21:48:17:981 INFO : Inside CustomBean1 beforeDestruction() Method
2020-09-15 21:48:17:981 INFO : Inside CustomBean1 Destroy() Method of Disposable Bean
2020-09-15 21:48:17:982 INFO : Inside CustomBean1 Destroy() Method
2020-09-15 21:48:21:571 INFO : The following profiles are active: dev
2020-09-15 21:48:22:908 INFO : BeanPostProcessorsImplementation Instance is Created
2020-09-15 21:48:24:546 INFO : Beans Ordered is as follows : 1,2,3
2020-09-15 21:48:25:244 INFO : Bean2 Instantiated at Tue Sep 15 21:48:25 IST 2020
2020-09-15 21:48:26:215 INFO : Bean1 Instantiated at Tue Sep 15 21:48:26 IST 2020
2020-09-15 21:48:26:221 INFO : Inside postProcessBeforeInitialization() Method for Bean : customBean1
2020-09-15 21:48:26:221 INFO : Inside CustomBean1 afterConstruction() Method
2020-09-15 21:48:26:222 INFO : Inside CustomBean1 afterPropertiesSet() Method 
2020-09-15 21:48:26:222 INFO : Inside CustomBean1 Init() Method
2020-09-15 21:48:26:223 INFO : Inside postProcessAfterInitialization() Method for Bean : customBean1
2020-09-15 21:48:28:961 INFO : Started BootApplication in 7.82 seconds (JVM running for 2244.691)
2020-09-15 21:48:38:968 INFO : Inside SchedulerService : fixedDelay() Method
2020-09-15 21:49:18:966 INFO : Inside SchedulerService : fixedRate() Method
2020-09-15 22:05:18:983 INFO : Inside SchedulerService : fixedDelay() Method
2020-09-15 22:05:58:972 INFO : Inside SchedulerService : fixedRate() Method
2020-09-15 22:21:58:985 INFO : Inside SchedulerService : fixedDelay() Method
2020-09-15 22:22:38:973 INFO : Inside SchedulerService : fixedRate() Method
