2020-09-14 00:00:00:010 INFO : Inside SchedulerService : cronJobSchedulerUsingAnnotations() Method
2020-09-14 19:41:55:547 INFO : Inside SchedulerService : fixedDelay() Method
2020-09-14 19:41:55:547 INFO : Inside SchedulerService : fixedRate() Method
2020-09-14 19:41:55:547 INFO : Inside SchedulerService : cronJobSchedulerUsingAnnotations() Method
2020-09-14 19:41:55:548 INFO : Inside SchedulerService : fixedRate() Method
2020-09-14 19:41:55:548 INFO : Inside SchedulerService : fixedRate() Method
2020-09-14 19:41:55:548 INFO : Inside SchedulerService : fixedRate() Method
2020-09-14 19:41:55:549 INFO : Inside SchedulerService : fixedRate() Method
2020-09-14 19:41:55:549 INFO : Inside SchedulerService : fixedRate() Method
2020-09-14 19:41:55:551 INFO : Inside SchedulerService : fixedRate() Method
2020-09-14 19:41:55:551 INFO : Inside SchedulerService : fixedRate() Method
2020-09-14 19:41:55:551 INFO : Inside SchedulerService : fixedRate() Method
2020-09-14 19:41:55:551 INFO : Inside SchedulerService : fixedRate() Method
2020-09-14 19:41:55:551 INFO : Inside SchedulerService : fixedRate() Method
2020-09-14 19:41:55:551 INFO : Inside SchedulerService : fixedRate() Method
2020-09-14 19:41:55:551 INFO : Inside SchedulerService : fixedRate() Method
2020-09-14 19:41:55:551 INFO : Inside SchedulerService : fixedRate() Method
2020-09-14 19:41:55:551 INFO : Inside SchedulerService : fixedRate() Method
2020-09-14 19:41:55:552 INFO : Inside SchedulerService : fixedRate() Method
2020-09-14 19:41:55:552 INFO : Inside SchedulerService : fixedRate() Method
2020-09-14 19:41:55:552 INFO : Inside SchedulerService : fixedRate() Method
2020-09-14 19:41:55:552 INFO : Inside SchedulerService : fixedRate() Method
2020-09-14 19:41:55:552 INFO : Inside SchedulerService : fixedRate() Method
2020-09-14 19:41:55:552 INFO : Inside SchedulerService : fixedRate() Method
2020-09-14 19:41:55:552 INFO : Inside SchedulerService : fixedRate() Method
2020-09-14 19:41:55:552 INFO : Inside SchedulerService : fixedRate() Method
2020-09-14 19:41:55:552 INFO : Inside SchedulerService : fixedRate() Method
2020-09-14 19:41:55:552 INFO : Inside SchedulerService : fixedRate() Method
2020-09-14 19:41:55:552 INFO : Inside SchedulerService : fixedRate() Method
2020-09-14 19:41:55:552 INFO : Inside SchedulerService : fixedRate() Method
2020-09-14 19:41:55:552 INFO : Inside SchedulerService : fixedRate() Method
2020-09-14 19:41:55:553 INFO : Inside SchedulerService : fixedRate() Method
2020-09-14 19:41:55:553 INFO : Inside SchedulerService : fixedRate() Method
2020-09-14 19:41:55:553 INFO : Inside SchedulerService : fixedRate() Method
2020-09-14 19:41:55:553 INFO : Inside SchedulerService : fixedRate() Method
2020-09-14 19:41:55:553 INFO : Inside SchedulerService : fixedRate() Method
2020-09-14 19:41:55:553 INFO : Inside SchedulerService : fixedRate() Method
2020-09-14 19:41:55:553 INFO : Inside SchedulerService : fixedRate() Method
2020-09-14 19:41:55:553 INFO : Inside SchedulerService : fixedRate() Method
2020-09-14 19:41:55:553 INFO : Inside SchedulerService : fixedRate() Method
2020-09-14 19:41:55:553 INFO : Inside SchedulerService : fixedRate() Method
2020-09-14 19:41:55:553 INFO : Inside SchedulerService : fixedRate() Method
2020-09-14 19:41:55:553 INFO : Inside SchedulerService : fixedRate() Method
2020-09-14 19:41:55:554 INFO : Inside SchedulerService : fixedRate() Method
2020-09-14 19:41:55:554 INFO : Inside SchedulerService : fixedRate() Method
2020-09-14 19:41:55:554 INFO : Inside SchedulerService : fixedRate() Method
2020-09-14 19:41:55:554 INFO : Inside SchedulerService : fixedRate() Method
2020-09-14 19:41:55:554 INFO : Inside SchedulerService : fixedRate() Method
2020-09-14 19:41:55:554 INFO : Inside SchedulerService : fixedRate() Method
2020-09-14 19:41:55:554 INFO : Inside SchedulerService : fixedRate() Method
2020-09-14 19:41:55:554 INFO : Inside SchedulerService : fixedRate() Method
2020-09-14 19:41:55:554 INFO : Inside SchedulerService : fixedRate() Method
2020-09-14 19:41:55:554 INFO : Inside SchedulerService : fixedRate() Method
2020-09-14 19:41:55:554 INFO : Inside SchedulerService : fixedRate() Method
2020-09-14 19:41:55:554 INFO : Inside SchedulerService : fixedRate() Method
2020-09-14 19:41:55:554 INFO : Inside SchedulerService : fixedRate() Method
2020-09-14 19:41:55:554 INFO : Inside SchedulerService : fixedRate() Method
2020-09-14 19:41:55:554 INFO : Inside SchedulerService : fixedRate() Method
2020-09-14 19:41:55:554 INFO : Inside SchedulerService : fixedRate() Method
2020-09-14 19:41:55:555 INFO : Inside SchedulerService : fixedRate() Method
2020-09-14 19:41:55:555 INFO : Inside SchedulerService : fixedRate() Method
2020-09-14 19:41:55:555 INFO : Inside SchedulerService : fixedRate() Method
2020-09-14 19:41:55:555 INFO : Inside SchedulerService : fixedRate() Method
2020-09-14 19:41:55:555 INFO : Inside SchedulerService : fixedRate() Method
2020-09-14 19:41:55:555 INFO : Inside SchedulerService : fixedRate() Method
2020-09-14 19:41:55:555 INFO : Inside SchedulerService : fixedRate() Method
2020-09-14 19:41:55:555 INFO : Inside SchedulerService : fixedRate() Method
2020-09-14 19:41:55:556 INFO : Inside SchedulerService : fixedRate() Method
2020-09-14 19:41:55:556 INFO : Inside SchedulerService : fixedRate() Method
2020-09-14 19:41:55:556 INFO : Inside SchedulerService : fixedRate() Method
2020-09-14 19:41:55:556 INFO : Inside SchedulerService : fixedRate() Method
2020-09-14 19:41:55:556 INFO : Inside SchedulerService : fixedRate() Method
2020-09-14 19:41:55:556 INFO : Inside SchedulerService : fixedRate() Method
2020-09-14 19:41:55:556 INFO : Inside SchedulerService : fixedRate() Method
2020-09-14 19:58:04:958 INFO : Inside SchedulerService : fixedRate() Method
2020-09-14 19:58:35:555 INFO : Inside SchedulerService : fixedDelay() Method
2020-09-14 20:00:00:008 INFO : Inside SchedulerService : cronJobSchedulerUsingAnnotations() Method
2020-09-14 20:14:44:959 INFO : Inside SchedulerService : fixedRate() Method
2020-09-14 20:15:15:557 INFO : Inside SchedulerService : fixedDelay() Method
2020-09-14 20:31:24:957 INFO : Inside SchedulerService : fixedRate() Method
2020-09-14 20:31:55:568 INFO : Inside SchedulerService : fixedDelay() Method
2020-09-14 20:48:04:958 INFO : Inside SchedulerService : fixedRate() Method
2020-09-14 20:48:35:580 INFO : Inside SchedulerService : fixedDelay() Method
2020-09-14 21:00:00:012 INFO : Inside SchedulerService : cronJobSchedulerUsingAnnotations() Method
2020-09-14 21:02:07:902 INFO : Inside CustomBean1 beforeDestruction() Method
2020-09-14 21:02:07:903 INFO : Inside CustomBean1 Destroy() Method of Disposable Bean
2020-09-14 21:02:07:903 INFO : Inside CustomBean1 Destroy() Method
2020-09-14 21:02:11:243 INFO : Starting BootApplication using Java 14 on VIKAS-YADAV with PID 13160 (C:\Users\vicky\Documents\GitHub\Java_Projects\MicroService-3\springBootJDK14\bin\main started by vicky in C:\Users\vicky\Documents\GitHub\Java_Projects\MicroService-3\springBootJDK14)
2020-09-14 21:02:11:246 INFO : The following profiles are active: dev
2020-09-14 21:02:12:148 INFO : BeanPostProcessorsImplementation Instance is Created
2020-09-14 21:02:13:230 INFO : Beans Ordered is as follows : 1,2,3
2020-09-14 21:02:13:798 INFO : Bean2 Instantiated at Mon Sep 14 21:02:13 IST 2020
2020-09-14 21:02:13:845 INFO : Bean1 Instantiated at Mon Sep 14 21:02:13 IST 2020
2020-09-14 21:02:13:852 INFO : Inside postProcessBeforeInitialization() Method for Bean : customBean1
2020-09-14 21:02:13:853 INFO : Inside CustomBean1 afterConstruction() Method
2020-09-14 21:02:13:853 INFO : Inside CustomBean1 afterPropertiesSet() Method 
2020-09-14 21:02:13:854 INFO : Inside CustomBean1 Init() Method
2020-09-14 21:02:13:856 INFO : Inside postProcessAfterInitialization() Method for Bean : customBean1
2020-09-14 21:02:15:699 INFO : Started BootApplication in 4.634 seconds (JVM running for 85914.275)
2020-09-14 21:02:25:702 INFO : Inside SchedulerService : fixedDelay() Method
2020-09-14 21:03:05:706 INFO : Inside SchedulerService : fixedRate() Method
2020-09-14 21:03:14:599 INFO : Inside CustomBean1 beforeDestruction() Method
2020-09-14 21:03:14:600 INFO : Inside CustomBean1 Destroy() Method of Disposable Bean
2020-09-14 21:03:14:600 INFO : Inside CustomBean1 Destroy() Method
2020-09-14 21:03:17:890 INFO : Starting BootApplication using Java 14 on VIKAS-YADAV with PID 13160 (C:\Users\vicky\Documents\GitHub\Java_Projects\MicroService-3\springBootJDK14\bin\main started by vicky in C:\Users\vicky\Documents\GitHub\Java_Projects\MicroService-3\springBootJDK14)
2020-09-14 21:03:17:890 INFO : The following profiles are active: dev
2020-09-14 21:03:18:704 INFO : BeanPostProcessorsImplementation Instance is Created
2020-09-14 21:03:19:654 INFO : Beans Ordered is as follows : 1,2,3
2020-09-14 21:03:20:199 INFO : Bean2 Instantiated at Mon Sep 14 21:03:20 IST 2020
2020-09-14 21:03:20:442 INFO : Bean1 Instantiated at Mon Sep 14 21:03:20 IST 2020
2020-09-14 21:03:20:449 INFO : Inside postProcessBeforeInitialization() Method for Bean : customBean1
2020-09-14 21:03:20:449 INFO : Inside CustomBean1 afterConstruction() Method
2020-09-14 21:03:20:449 INFO : Inside CustomBean1 afterPropertiesSet() Method 
2020-09-14 21:03:20:450 INFO : Inside CustomBean1 Init() Method
2020-09-14 21:03:20:452 INFO : Inside postProcessAfterInitialization() Method for Bean : customBean1
2020-09-14 21:03:22:221 INFO : Started BootApplication in 4.502 seconds (JVM running for 85980.796)
2020-09-14 21:03:32:228 INFO : Inside SchedulerService : fixedDelay() Method
2020-09-14 21:03:35:420 INFO : Inside CustomBean1 beforeDestruction() Method
2020-09-14 21:03:35:421 INFO : Inside CustomBean1 Destroy() Method of Disposable Bean
2020-09-14 21:03:35:422 INFO : Inside CustomBean1 Destroy() Method
2020-09-14 21:03:38:726 INFO : Starting BootApplication using Java 14 on VIKAS-YADAV with PID 13160 (C:\Users\vicky\Documents\GitHub\Java_Projects\MicroService-3\springBootJDK14\bin\main started by vicky in C:\Users\vicky\Documents\GitHub\Java_Projects\MicroService-3\springBootJDK14)
2020-09-14 21:03:38:726 INFO : The following profiles are active: dev
2020-09-14 21:03:39:466 INFO : BeanPostProcessorsImplementation Instance is Created
2020-09-14 21:03:40:404 INFO : Beans Ordered is as follows : 1,2,3
2020-09-14 21:03:40:977 INFO : Bean2 Instantiated at Mon Sep 14 21:03:40 IST 2020
2020-09-14 21:03:41:181 INFO : Bean1 Instantiated at Mon Sep 14 21:03:41 IST 2020
2020-09-14 21:03:41:183 INFO : Inside postProcessBeforeInitialization() Method for Bean : customBean1
2020-09-14 21:03:41:184 INFO : Inside CustomBean1 afterConstruction() Method
2020-09-14 21:03:41:184 INFO : Inside CustomBean1 afterPropertiesSet() Method 
2020-09-14 21:03:41:184 INFO : Inside CustomBean1 Init() Method
2020-09-14 21:03:41:185 INFO : Inside postProcessAfterInitialization() Method for Bean : customBean1
2020-09-14 21:03:42:839 INFO : Started BootApplication in 4.28 seconds (JVM running for 86001.414)
2020-09-14 21:03:52:838 INFO : Inside SchedulerService : fixedDelay() Method
2020-09-14 21:04:01:460 INFO : Inside CustomBean1 beforeDestruction() Method
2020-09-14 21:04:01:460 INFO : Inside CustomBean1 Destroy() Method of Disposable Bean
2020-09-14 21:04:01:460 INFO : Inside CustomBean1 Destroy() Method
2020-09-14 21:04:04:773 INFO : Starting BootApplication using Java 14 on VIKAS-YADAV with PID 13160 (C:\Users\vicky\Documents\GitHub\Java_Projects\MicroService-3\springBootJDK14\bin\main started by vicky in C:\Users\vicky\Documents\GitHub\Java_Projects\MicroService-3\springBootJDK14)
2020-09-14 21:04:04:774 INFO : The following profiles are active: dev
2020-09-14 21:04:05:628 INFO : BeanPostProcessorsImplementation Instance is Created
2020-09-14 21:04:06:560 INFO : Beans Ordered is as follows : 1,2,3
2020-09-14 21:04:07:150 INFO : Bean2 Instantiated at Mon Sep 14 21:04:07 IST 2020
2020-09-14 21:04:07:251 INFO : Bean1 Instantiated at Mon Sep 14 21:04:07 IST 2020
2020-09-14 21:04:07:256 INFO : Inside postProcessBeforeInitialization() Method for Bean : customBean1
2020-09-14 21:04:07:256 INFO : Inside CustomBean1 afterConstruction() Method
2020-09-14 21:04:07:257 INFO : Inside CustomBean1 afterPropertiesSet() Method 
2020-09-14 21:04:07:257 INFO : Inside CustomBean1 Init() Method
2020-09-14 21:04:07:259 INFO : Inside postProcessAfterInitialization() Method for Bean : customBean1
2020-09-14 21:04:08:893 INFO : Started BootApplication in 4.287 seconds (JVM running for 86027.469)
2020-09-14 21:04:15:819 INFO : Inside CustomBean1 beforeDestruction() Method
2020-09-14 21:04:15:819 INFO : Inside CustomBean1 Destroy() Method of Disposable Bean
2020-09-14 21:04:15:819 INFO : Inside CustomBean1 Destroy() Method
2020-09-14 21:04:19:159 INFO : Starting BootApplication using Java 14 on VIKAS-YADAV with PID 13160 (C:\Users\vicky\Documents\GitHub\Java_Projects\MicroService-3\springBootJDK14\bin\main started by vicky in C:\Users\vicky\Documents\GitHub\Java_Projects\MicroService-3\springBootJDK14)
2020-09-14 21:04:19:160 INFO : The following profiles are active: dev
2020-09-14 21:04:19:917 INFO : BeanPostProcessorsImplementation Instance is Created
2020-09-14 21:04:20:823 INFO : Beans Ordered is as follows : 1,2,3
2020-09-14 21:04:21:373 INFO : Bean2 Instantiated at Mon Sep 14 21:04:21 IST 2020
2020-09-14 21:04:22:191 INFO : Bean1 Instantiated at Mon Sep 14 21:04:22 IST 2020
2020-09-14 21:04:22:196 INFO : Inside postProcessBeforeInitialization() Method for Bean : customBean1
2020-09-14 21:04:22:197 INFO : Inside CustomBean1 afterConstruction() Method
2020-09-14 21:04:22:197 INFO : Inside CustomBean1 afterPropertiesSet() Method 
2020-09-14 21:04:22:197 INFO : Inside CustomBean1 Init() Method
2020-09-14 21:04:22:197 INFO : Inside postProcessAfterInitialization() Method for Bean : customBean1
2020-09-14 21:04:24:071 INFO : Started BootApplication in 5.076 seconds (JVM running for 86042.646)
2020-09-14 21:04:24:333 INFO : Inside CustomBean1 beforeDestruction() Method
2020-09-14 21:04:24:334 INFO : Inside CustomBean1 Destroy() Method of Disposable Bean
2020-09-14 21:04:24:334 INFO : Inside CustomBean1 Destroy() Method
2020-09-14 21:04:27:645 INFO : Starting BootApplication using Java 14 on VIKAS-YADAV with PID 13160 (C:\Users\vicky\Documents\GitHub\Java_Projects\MicroService-3\springBootJDK14\bin\main started by vicky in C:\Users\vicky\Documents\GitHub\Java_Projects\MicroService-3\springBootJDK14)
2020-09-14 21:04:27:645 INFO : The following profiles are active: dev
2020-09-14 21:04:28:409 INFO : BeanPostProcessorsImplementation Instance is Created
2020-09-14 21:04:29:435 INFO : Beans Ordered is as follows : 1,2,3
2020-09-14 21:04:30:024 INFO : Bean2 Instantiated at Mon Sep 14 21:04:30 IST 2020
2020-09-14 21:04:30:421 INFO : Bean1 Instantiated at Mon Sep 14 21:04:30 IST 2020
2020-09-14 21:04:30:426 INFO : Inside postProcessBeforeInitialization() Method for Bean : customBean1
2020-09-14 21:04:30:426 INFO : Inside CustomBean1 afterConstruction() Method
2020-09-14 21:04:30:426 INFO : Inside CustomBean1 afterPropertiesSet() Method 
2020-09-14 21:04:30:427 INFO : Inside CustomBean1 Init() Method
2020-09-14 21:04:30:427 INFO : Inside postProcessAfterInitialization() Method for Bean : customBean1
2020-09-14 21:04:32:293 INFO : Started BootApplication in 4.809 seconds (JVM running for 86050.869)
2020-09-14 21:04:42:307 INFO : Inside SchedulerService : fixedDelay() Method
2020-09-14 21:05:22:294 INFO : Inside SchedulerService : fixedRate() Method
2020-09-14 21:05:55:716 INFO : Inside CustomBean1 beforeDestruction() Method
2020-09-14 21:05:55:716 INFO : Inside CustomBean1 Destroy() Method of Disposable Bean
2020-09-14 21:05:55:717 INFO : Inside CustomBean1 Destroy() Method
2020-09-14 21:05:59:059 INFO : Starting BootApplication using Java 14 on VIKAS-YADAV with PID 13160 (C:\Users\vicky\Documents\GitHub\Java_Projects\MicroService-3\springBootJDK14\bin\main started by vicky in C:\Users\vicky\Documents\GitHub\Java_Projects\MicroService-3\springBootJDK14)
2020-09-14 21:05:59:059 INFO : The following profiles are active: dev
2020-09-14 21:05:59:796 INFO : BeanPostProcessorsImplementation Instance is Created
2020-09-14 21:06:00:888 INFO : Beans Ordered is as follows : 1,2,3
2020-09-14 21:06:01:403 INFO : Bean2 Instantiated at Mon Sep 14 21:06:01 IST 2020
2020-09-14 21:06:02:096 INFO : Bean1 Instantiated at Mon Sep 14 21:06:02 IST 2020
2020-09-14 21:06:02:099 INFO : Inside postProcessBeforeInitialization() Method for Bean : customBean1
2020-09-14 21:06:02:099 INFO : Inside CustomBean1 afterConstruction() Method
2020-09-14 21:06:02:099 INFO : Inside CustomBean1 afterPropertiesSet() Method 
2020-09-14 21:06:02:099 INFO : Inside CustomBean1 Init() Method
2020-09-14 21:06:02:100 INFO : Inside postProcessAfterInitialization() Method for Bean : customBean1
2020-09-14 21:06:03:954 INFO : Started BootApplication in 5.058 seconds (JVM running for 86142.529)
2020-09-14 21:06:13:957 INFO : Inside SchedulerService : fixedDelay() Method
2020-09-14 21:06:53:963 INFO : Inside SchedulerService : fixedRate() Method
2020-09-14 21:22:53:967 INFO : Inside SchedulerService : fixedDelay() Method
2020-09-14 21:23:33:954 INFO : Inside SchedulerService : fixedRate() Method
2020-09-14 21:39:33:976 INFO : Inside SchedulerService : fixedDelay() Method
2020-09-14 21:40:13:967 INFO : Inside SchedulerService : fixedRate() Method
2020-09-14 21:56:13:989 INFO : Inside SchedulerService : fixedDelay() Method
2020-09-14 21:56:53:966 INFO : Inside SchedulerService : fixedRate() Method
2020-09-14 21:58:30:059 INFO : Inside CustomBean1 beforeDestruction() Method
2020-09-14 21:58:30:060 INFO : Inside CustomBean1 Destroy() Method of Disposable Bean
2020-09-14 21:58:30:060 INFO : Inside CustomBean1 Destroy() Method
2020-09-14 21:58:33:388 INFO : Starting BootApplication using Java 14 on VIKAS-YADAV with PID 13160 (C:\Users\vicky\Documents\GitHub\Java_Projects\MicroService-3\springBootJDK14\bin\main started by vicky in C:\Users\vicky\Documents\GitHub\Java_Projects\MicroService-3\springBootJDK14)
2020-09-14 21:58:33:390 INFO : The following profiles are active: dev
2020-09-14 21:58:34:193 INFO : BeanPostProcessorsImplementation Instance is Created
2020-09-14 21:58:35:197 INFO : Beans Ordered is as follows : 1,2,3
2020-09-14 21:58:35:743 INFO : Bean2 Instantiated at Mon Sep 14 21:58:35 IST 2020
2020-09-14 21:58:35:998 INFO : Bean1 Instantiated at Mon Sep 14 21:58:35 IST 2020
2020-09-14 21:58:36:005 INFO : Inside postProcessBeforeInitialization() Method for Bean : customBean1
2020-09-14 21:58:36:005 INFO : Inside CustomBean1 afterConstruction() Method
2020-09-14 21:58:36:005 INFO : Inside CustomBean1 afterPropertiesSet() Method 
2020-09-14 21:58:36:006 INFO : Inside CustomBean1 Init() Method
2020-09-14 21:58:36:007 INFO : Inside postProcessAfterInitialization() Method for Bean : customBean1
2020-09-14 21:58:37:671 INFO : Started BootApplication in 4.447 seconds (JVM running for 89296.246)
2020-09-14 21:58:47:676 INFO : Inside SchedulerService : fixedDelay() Method
2020-09-14 21:59:27:682 INFO : Inside SchedulerService : fixedRate() Method
2020-09-14 22:00:00:012 INFO : Inside SchedulerService : cronJobSchedulerUsingAnnotations() Method
2020-09-14 22:04:26:138 INFO : Inside CustomBean1 beforeDestruction() Method
2020-09-14 22:04:26:139 INFO : Inside CustomBean1 Destroy() Method of Disposable Bean
2020-09-14 22:04:26:139 INFO : Inside CustomBean1 Destroy() Method
2020-09-14 22:04:29:517 INFO : Starting BootApplication using Java 14 on VIKAS-YADAV with PID 13160 (C:\Users\vicky\Documents\GitHub\Java_Projects\MicroService-3\springBootJDK14\bin\main started by vicky in C:\Users\vicky\Documents\GitHub\Java_Projects\MicroService-3\springBootJDK14)
2020-09-14 22:04:29:517 INFO : The following profiles are active: dev
2020-09-14 22:04:30:479 INFO : BeanPostProcessorsImplementation Instance is Created
2020-09-14 22:04:31:563 INFO : Beans Ordered is as follows : 1,2,3
2020-09-14 22:04:32:212 INFO : Bean2 Instantiated at Mon Sep 14 22:04:32 IST 2020
2020-09-14 22:04:33:096 INFO : Bean1 Instantiated at Mon Sep 14 22:04:33 IST 2020
2020-09-14 22:04:33:099 INFO : Inside postProcessBeforeInitialization() Method for Bean : customBean1
2020-09-14 22:04:33:100 INFO : Inside CustomBean1 afterConstruction() Method
2020-09-14 22:04:33:100 INFO : Inside CustomBean1 afterPropertiesSet() Method 
2020-09-14 22:04:33:100 INFO : Inside CustomBean1 Init() Method
2020-09-14 22:04:33:102 INFO : Inside postProcessAfterInitialization() Method for Bean : customBean1
2020-09-14 22:04:35:332 INFO : Started BootApplication in 5.994 seconds (JVM running for 89653.907)
2020-09-14 22:04:45:333 INFO : Inside SchedulerService : fixedDelay() Method
2020-09-14 22:05:25:340 INFO : Inside SchedulerService : fixedRate() Method
2020-09-14 22:21:25:336 INFO : Inside SchedulerService : fixedDelay() Method
2020-09-14 22:22:05:343 INFO : Inside SchedulerService : fixedRate() Method
2020-09-14 22:38:05:347 INFO : Inside SchedulerService : fixedDelay() Method
2020-09-14 22:38:45:335 INFO : Inside SchedulerService : fixedRate() Method
2020-09-14 22:54:45:349 INFO : Inside SchedulerService : fixedDelay() Method
2020-09-14 22:55:25:336 INFO : Inside SchedulerService : fixedRate() Method
2020-09-14 23:00:00:002 INFO : Inside SchedulerService : cronJobSchedulerUsingAnnotations() Method
2020-09-14 23:11:25:360 INFO : Inside SchedulerService : fixedDelay() Method
2020-09-14 23:12:05:346 INFO : Inside SchedulerService : fixedRate() Method
2020-09-14 23:28:05:370 INFO : Inside SchedulerService : fixedDelay() Method
2020-09-14 23:28:45:331 INFO : Inside SchedulerService : fixedRate() Method
2020-09-14 23:44:45:386 INFO : Inside SchedulerService : fixedDelay() Method
2020-09-14 23:45:25:345 INFO : Inside SchedulerService : fixedRate() Method
