2020-09-13 10:50:30:435 INFO : Inside SchedulerService : fixedDelay() Method
2020-09-13 10:50:30:436 INFO : Inside SchedulerService : cronJobSchedulerUsingAnnotations() Method
2020-09-13 10:50:30:435 INFO : Inside SchedulerService : fixedRate() Method
2020-09-13 10:50:30:443 INFO : Inside SchedulerService : fixedRate() Method
2020-09-13 10:50:30:443 INFO : Inside SchedulerService : fixedRate() Method
2020-09-13 10:50:30:444 INFO : Inside SchedulerService : fixedRate() Method
2020-09-13 10:50:30:444 INFO : Inside SchedulerService : fixedRate() Method
2020-09-13 10:50:30:444 INFO : Inside SchedulerService : fixedRate() Method
2020-09-13 10:50:30:444 INFO : Inside SchedulerService : fixedRate() Method
2020-09-13 10:50:30:444 INFO : Inside SchedulerService : fixedRate() Method
2020-09-13 10:50:30:446 INFO : Inside SchedulerService : fixedRate() Method
2020-09-13 10:50:30:446 INFO : Inside SchedulerService : fixedRate() Method
2020-09-13 10:50:30:446 INFO : Inside SchedulerService : fixedRate() Method
2020-09-13 10:50:30:446 INFO : Inside SchedulerService : fixedRate() Method
2020-09-13 10:50:30:446 INFO : Inside SchedulerService : fixedRate() Method
2020-09-13 10:50:30:446 INFO : Inside SchedulerService : fixedRate() Method
2020-09-13 10:50:30:447 INFO : Inside SchedulerService : fixedRate() Method
2020-09-13 10:50:30:447 INFO : Inside SchedulerService : fixedRate() Method
2020-09-13 10:50:30:447 INFO : Inside SchedulerService : fixedRate() Method
2020-09-13 10:50:30:447 INFO : Inside SchedulerService : fixedRate() Method
2020-09-13 10:50:30:447 INFO : Inside SchedulerService : fixedRate() Method
2020-09-13 10:50:30:447 INFO : Inside SchedulerService : fixedRate() Method
2020-09-13 10:50:30:448 INFO : Inside SchedulerService : fixedRate() Method
2020-09-13 10:50:30:448 INFO : Inside SchedulerService : fixedRate() Method
2020-09-13 10:50:30:448 INFO : Inside SchedulerService : fixedRate() Method
2020-09-13 10:50:30:448 INFO : Inside SchedulerService : fixedRate() Method
2020-09-13 10:50:30:448 INFO : Inside SchedulerService : fixedRate() Method
2020-09-13 10:50:30:448 INFO : Inside SchedulerService : fixedRate() Method
2020-09-13 10:50:30:448 INFO : Inside SchedulerService : fixedRate() Method
2020-09-13 10:50:30:448 INFO : Inside SchedulerService : fixedRate() Method
2020-09-13 10:50:30:448 INFO : Inside SchedulerService : fixedRate() Method
2020-09-13 10:50:30:448 INFO : Inside SchedulerService : fixedRate() Method
2020-09-13 10:50:30:448 INFO : Inside SchedulerService : fixedRate() Method
2020-09-13 10:50:30:448 INFO : Inside SchedulerService : fixedRate() Method
2020-09-13 10:50:30:448 INFO : Inside SchedulerService : fixedRate() Method
2020-09-13 10:50:30:448 INFO : Inside SchedulerService : fixedRate() Method
2020-09-13 10:50:30:448 INFO : Inside SchedulerService : fixedRate() Method
2020-09-13 10:50:30:448 INFO : Inside SchedulerService : fixedRate() Method
2020-09-13 10:50:30:448 INFO : Inside SchedulerService : fixedRate() Method
2020-09-13 10:50:30:449 INFO : Inside SchedulerService : fixedRate() Method
2020-09-13 10:50:30:449 INFO : Inside SchedulerService : fixedRate() Method
2020-09-13 10:50:30:449 INFO : Inside SchedulerService : fixedRate() Method
2020-09-13 10:50:30:449 INFO : Inside SchedulerService : fixedRate() Method
2020-09-13 10:51:32:586 INFO : Inside SchedulerService : fixedRate() Method
2020-09-13 11:00:00:014 INFO : Inside SchedulerService : cronJobSchedulerUsingAnnotations() Method
2020-09-13 15:50:21:801 INFO : Starting BootApplication using Java 14 on VIKAS-YADAV with PID 10552 (C:\Users\vicky\Documents\GitHub\Java_Projects\MicroService-3\springBootJDK14\bin\main started by vicky in C:\Users\vicky\Documents\GitHub\Java_Projects\MicroService-3\springBootJDK14)
2020-09-13 15:50:21:806 INFO : The following profiles are active: dev
2020-09-13 15:50:23:562 INFO : BeanPostProcessorsImplementation Instance is Created
2020-09-13 15:50:26:217 INFO : Beans Ordered is as follows : 1,2,3
2020-09-13 15:50:27:245 INFO : Bean2 Instantiated at Sun Sep 13 15:50:27 IST 2020
2020-09-13 15:50:28:139 INFO : Bean1 Instantiated at Sun Sep 13 15:50:28 IST 2020
2020-09-13 15:50:28:145 INFO : Inside postProcessBeforeInitialization() Method for Bean : customBean1
2020-09-13 15:50:28:145 INFO : Inside CustomBean1 afterConstruction() Method
2020-09-13 15:50:28:145 INFO : Inside CustomBean1 afterPropertiesSet() Method 
2020-09-13 15:50:28:145 INFO : Inside CustomBean1 Init() Method
2020-09-13 15:50:28:146 INFO : Inside postProcessAfterInitialization() Method for Bean : customBean1
2020-09-13 15:50:29:423 INFO : Started BootApplication in 8.08 seconds (JVM running for 9.235)
2020-09-13 15:50:39:421 INFO : Inside SchedulerService : fixedDelay() Method
2020-09-13 15:51:19:420 INFO : Inside SchedulerService : fixedRate() Method
2020-09-13 16:00:00:004 INFO : Inside SchedulerService : cronJobSchedulerUsingAnnotations() Method
2020-09-13 16:07:19:426 INFO : Inside SchedulerService : fixedDelay() Method
2020-09-13 16:07:59:431 INFO : Inside SchedulerService : fixedRate() Method
2020-09-13 16:15:56:165 INFO : Inside CustomBean1 beforeDestruction() Method
2020-09-13 16:15:56:166 INFO : Inside CustomBean1 Destroy() Method of Disposable Bean
2020-09-13 16:15:56:167 INFO : Inside CustomBean1 Destroy() Method
2020-09-13 16:15:56:358 INFO : Starting BootApplication using Java 14 on VIKAS-YADAV with PID 10552 (C:\Users\vicky\Documents\GitHub\Java_Projects\MicroService-3\springBootJDK14\bin\main started by vicky in C:\Users\vicky\Documents\GitHub\Java_Projects\MicroService-3\springBootJDK14)
2020-09-13 16:15:56:359 INFO : The following profiles are active: dev
2020-09-13 16:15:57:075 INFO : BeanPostProcessorsImplementation Instance is Created
2020-09-13 16:15:58:355 INFO : Beans Ordered is as follows : 1,2,3
2020-09-13 16:15:59:003 INFO : Bean2 Instantiated at Sun Sep 13 16:15:59 IST 2020
2020-09-13 16:15:59:217 INFO : Bean1 Instantiated at Sun Sep 13 16:15:59 IST 2020
2020-09-13 16:15:59:225 INFO : Inside postProcessBeforeInitialization() Method for Bean : customBean1
2020-09-13 16:15:59:226 INFO : Inside CustomBean1 afterConstruction() Method
2020-09-13 16:15:59:226 INFO : Inside CustomBean1 afterPropertiesSet() Method 
2020-09-13 16:15:59:227 INFO : Inside CustomBean1 Init() Method
2020-09-13 16:15:59:231 INFO : Inside postProcessAfterInitialization() Method for Bean : customBean1
2020-09-13 16:16:00:111 INFO : Started BootApplication in 3.809 seconds (JVM running for 1539.923)
2020-09-13 16:16:10:117 INFO : Inside SchedulerService : fixedDelay() Method
2020-09-13 16:16:39:825 INFO : Inside CustomBean1 beforeDestruction() Method
2020-09-13 16:16:39:826 INFO : Inside CustomBean1 Destroy() Method of Disposable Bean
2020-09-13 16:16:39:826 INFO : Inside CustomBean1 Destroy() Method
2020-09-13 16:16:39:960 INFO : Starting BootApplication using Java 14 on VIKAS-YADAV with PID 10552 (C:\Users\vicky\Documents\GitHub\Java_Projects\MicroService-3\springBootJDK14\bin\main started by vicky in C:\Users\vicky\Documents\GitHub\Java_Projects\MicroService-3\springBootJDK14)
2020-09-13 16:16:39:960 INFO : The following profiles are active: dev
2020-09-13 16:16:40:514 INFO : BeanPostProcessorsImplementation Instance is Created
2020-09-13 16:16:41:380 INFO : Beans Ordered is as follows : 1,2,3
2020-09-13 16:16:41:857 INFO : Bean2 Instantiated at Sun Sep 13 16:16:41 IST 2020
2020-09-13 16:16:42:577 INFO : Bean1 Instantiated at Sun Sep 13 16:16:42 IST 2020
2020-09-13 16:16:42:582 INFO : Inside postProcessBeforeInitialization() Method for Bean : customBean1
2020-09-13 16:16:42:583 INFO : Inside CustomBean1 afterConstruction() Method
2020-09-13 16:16:42:583 INFO : Inside CustomBean1 afterPropertiesSet() Method 
2020-09-13 16:16:42:583 INFO : Inside CustomBean1 Init() Method
2020-09-13 16:16:42:584 INFO : Inside postProcessAfterInitialization() Method for Bean : customBean1
2020-09-13 16:16:43:325 INFO : Started BootApplication in 3.413 seconds (JVM running for 1583.136)
2020-09-13 16:16:53:326 INFO : Inside SchedulerService : fixedDelay() Method
2020-09-13 16:17:15:470 INFO : Inside CustomBean1 beforeDestruction() Method
2020-09-13 16:17:15:471 INFO : Inside CustomBean1 Destroy() Method of Disposable Bean
2020-09-13 16:17:15:471 INFO : Inside CustomBean1 Destroy() Method
2020-09-13 16:17:15:604 INFO : Starting BootApplication using Java 14 on VIKAS-YADAV with PID 10552 (C:\Users\vicky\Documents\GitHub\Java_Projects\MicroService-3\springBootJDK14\bin\main started by vicky in C:\Users\vicky\Documents\GitHub\Java_Projects\MicroService-3\springBootJDK14)
2020-09-13 16:17:15:604 INFO : The following profiles are active: dev
2020-09-13 16:17:16:242 INFO : BeanPostProcessorsImplementation Instance is Created
2020-09-13 16:17:17:102 INFO : Beans Ordered is as follows : 1,2,3
2020-09-13 16:17:17:604 INFO : Bean2 Instantiated at Sun Sep 13 16:17:17 IST 2020
2020-09-13 16:17:18:586 INFO : Bean1 Instantiated at Sun Sep 13 16:17:18 IST 2020
2020-09-13 16:17:18:590 INFO : Inside postProcessBeforeInitialization() Method for Bean : customBean1
2020-09-13 16:17:18:590 INFO : Inside CustomBean1 afterConstruction() Method
2020-09-13 16:17:18:591 INFO : Inside CustomBean1 afterPropertiesSet() Method 
2020-09-13 16:17:18:591 INFO : Inside CustomBean1 Init() Method
2020-09-13 16:17:18:591 INFO : Inside postProcessAfterInitialization() Method for Bean : customBean1
2020-09-13 16:17:19:319 INFO : Started BootApplication in 3.767 seconds (JVM running for 1619.131)
2020-09-13 16:17:29:326 INFO : Inside SchedulerService : fixedDelay() Method
2020-09-13 16:18:09:323 INFO : Inside SchedulerService : fixedRate() Method
2020-09-13 16:18:55:336 INFO : Inside CustomBean1 beforeDestruction() Method
2020-09-13 16:18:55:336 INFO : Inside CustomBean1 Destroy() Method of Disposable Bean
2020-09-13 16:18:55:336 INFO : Inside CustomBean1 Destroy() Method
2020-09-13 16:18:55:459 INFO : Starting BootApplication using Java 14 on VIKAS-YADAV with PID 10552 (C:\Users\vicky\Documents\GitHub\Java_Projects\MicroService-3\springBootJDK14\bin\main started by vicky in C:\Users\vicky\Documents\GitHub\Java_Projects\MicroService-3\springBootJDK14)
2020-09-13 16:18:55:459 INFO : The following profiles are active: dev
2020-09-13 16:18:56:090 INFO : BeanPostProcessorsImplementation Instance is Created
2020-09-13 16:18:56:928 INFO : Beans Ordered is as follows : 1,2,3
2020-09-13 16:18:57:416 INFO : Bean2 Instantiated at Sun Sep 13 16:18:57 IST 2020
2020-09-13 16:18:57:496 INFO : Bean1 Instantiated at Sun Sep 13 16:18:57 IST 2020
2020-09-13 16:18:57:498 INFO : Inside postProcessBeforeInitialization() Method for Bean : customBean1
2020-09-13 16:18:57:498 INFO : Inside CustomBean1 afterConstruction() Method
2020-09-13 16:18:57:498 INFO : Inside CustomBean1 afterPropertiesSet() Method 
2020-09-13 16:18:57:498 INFO : Inside CustomBean1 Init() Method
2020-09-13 16:18:57:499 INFO : Inside postProcessAfterInitialization() Method for Bean : customBean1
2020-09-13 16:18:58:317 INFO : Started BootApplication in 2.9 seconds (JVM running for 1718.13)
2020-09-13 16:19:08:320 INFO : Inside SchedulerService : fixedDelay() Method
2020-09-13 16:19:13:391 INFO : Inside CustomBean1 beforeDestruction() Method
2020-09-13 16:19:13:392 INFO : Inside CustomBean1 Destroy() Method of Disposable Bean
2020-09-13 16:19:13:392 INFO : Inside CustomBean1 Destroy() Method
2020-09-13 16:19:13:521 INFO : Starting BootApplication using Java 14 on VIKAS-YADAV with PID 10552 (C:\Users\vicky\Documents\GitHub\Java_Projects\MicroService-3\springBootJDK14\bin\main started by vicky in C:\Users\vicky\Documents\GitHub\Java_Projects\MicroService-3\springBootJDK14)
2020-09-13 16:19:13:522 INFO : The following profiles are active: dev
2020-09-13 16:19:14:045 INFO : BeanPostProcessorsImplementation Instance is Created
2020-09-13 16:19:14:869 INFO : Beans Ordered is as follows : 1,2,3
2020-09-13 16:19:15:390 INFO : Bean2 Instantiated at Sun Sep 13 16:19:15 IST 2020
2020-09-13 16:19:15:889 INFO : Bean1 Instantiated at Sun Sep 13 16:19:15 IST 2020
2020-09-13 16:19:15:897 INFO : Inside postProcessBeforeInitialization() Method for Bean : customBean1
2020-09-13 16:19:15:897 INFO : Inside CustomBean1 afterConstruction() Method
2020-09-13 16:19:15:898 INFO : Inside CustomBean1 afterPropertiesSet() Method 
2020-09-13 16:19:15:899 INFO : Inside CustomBean1 Init() Method
2020-09-13 16:19:15:902 INFO : Inside postProcessAfterInitialization() Method for Bean : customBean1
2020-09-13 16:19:16:759 INFO : Started BootApplication in 3.281 seconds (JVM running for 1736.571)
2020-09-13 16:19:26:771 INFO : Inside SchedulerService : fixedDelay() Method
2020-09-13 16:19:52:691 INFO : Inside CustomBean1 beforeDestruction() Method
2020-09-13 16:19:52:691 INFO : Inside CustomBean1 Destroy() Method of Disposable Bean
2020-09-13 16:19:52:691 INFO : Inside CustomBean1 Destroy() Method
2020-09-13 16:19:52:821 INFO : Starting BootApplication using Java 14 on VIKAS-YADAV with PID 10552 (C:\Users\vicky\Documents\GitHub\Java_Projects\MicroService-3\springBootJDK14\bin\main started by vicky in C:\Users\vicky\Documents\GitHub\Java_Projects\MicroService-3\springBootJDK14)
2020-09-13 16:19:52:822 INFO : The following profiles are active: dev
2020-09-13 16:19:53:474 INFO : BeanPostProcessorsImplementation Instance is Created
2020-09-13 16:19:54:274 INFO : Beans Ordered is as follows : 1,2,3
2020-09-13 16:19:54:810 INFO : Bean2 Instantiated at Sun Sep 13 16:19:54 IST 2020
2020-09-13 16:19:55:670 INFO : Bean1 Instantiated at Sun Sep 13 16:19:55 IST 2020
2020-09-13 16:19:55:677 INFO : Inside postProcessBeforeInitialization() Method for Bean : customBean1
2020-09-13 16:19:55:678 INFO : Inside CustomBean1 afterConstruction() Method
2020-09-13 16:19:55:678 INFO : Inside CustomBean1 afterPropertiesSet() Method 
2020-09-13 16:19:55:679 INFO : Inside CustomBean1 Init() Method
2020-09-13 16:19:55:682 INFO : Inside postProcessAfterInitialization() Method for Bean : customBean1
2020-09-13 16:19:56:484 INFO : Started BootApplication in 3.703 seconds (JVM running for 1776.296)
2020-09-13 16:20:06:483 INFO : Inside SchedulerService : fixedDelay() Method
2020-09-13 16:20:08:274 INFO : Inside CustomBean1 beforeDestruction() Method
2020-09-13 16:20:08:274 INFO : Inside CustomBean1 Destroy() Method of Disposable Bean
2020-09-13 16:20:08:275 INFO : Inside CustomBean1 Destroy() Method
2020-09-13 16:20:08:413 INFO : Starting BootApplication using Java 14 on VIKAS-YADAV with PID 10552 (C:\Users\vicky\Documents\GitHub\Java_Projects\MicroService-3\springBootJDK14\bin\main started by vicky in C:\Users\vicky\Documents\GitHub\Java_Projects\MicroService-3\springBootJDK14)
2020-09-13 16:20:08:415 INFO : The following profiles are active: dev
2020-09-13 16:20:09:209 INFO : BeanPostProcessorsImplementation Instance is Created
2020-09-13 16:20:10:200 INFO : Beans Ordered is as follows : 1,2,3
2020-09-13 16:20:10:800 INFO : Bean2 Instantiated at Sun Sep 13 16:20:10 IST 2020
2020-09-13 16:20:11:119 INFO : Bean1 Instantiated at Sun Sep 13 16:20:11 IST 2020
2020-09-13 16:20:11:121 INFO : Inside postProcessBeforeInitialization() Method for Bean : customBean1
2020-09-13 16:20:11:121 INFO : Inside CustomBean1 afterConstruction() Method
2020-09-13 16:20:11:121 INFO : Inside CustomBean1 afterPropertiesSet() Method 
2020-09-13 16:20:11:121 INFO : Inside CustomBean1 Init() Method
2020-09-13 16:20:11:122 INFO : Inside postProcessAfterInitialization() Method for Bean : customBean1
2020-09-13 16:20:12:107 INFO : Started BootApplication in 3.744 seconds (JVM running for 1791.919)
2020-09-13 16:20:22:108 INFO : Inside SchedulerService : fixedDelay() Method
2020-09-13 16:21:02:107 INFO : Inside SchedulerService : fixedRate() Method
2020-09-13 16:37:02:109 INFO : Inside SchedulerService : fixedDelay() Method
2020-09-13 16:37:42:117 INFO : Inside SchedulerService : fixedRate() Method
2020-09-13 16:53:42:125 INFO : Inside SchedulerService : fixedDelay() Method
2020-09-13 16:54:22:122 INFO : Inside SchedulerService : fixedRate() Method
2020-09-13 17:00:00:002 INFO : Inside SchedulerService : cronJobSchedulerUsingAnnotations() Method
2020-09-13 17:10:22:140 INFO : Inside SchedulerService : fixedDelay() Method
2020-09-13 17:11:02:118 INFO : Inside SchedulerService : fixedRate() Method
2020-09-13 17:11:39:956 INFO : Inside CustomBean1 beforeDestruction() Method
2020-09-13 17:11:39:956 INFO : Inside CustomBean1 Destroy() Method of Disposable Bean
2020-09-13 17:11:39:957 INFO : Inside CustomBean1 Destroy() Method
2020-09-13 17:11:40:123 INFO : Starting BootApplication using Java 14 on VIKAS-YADAV with PID 10552 (C:\Users\vicky\Documents\GitHub\Java_Projects\MicroService-3\springBootJDK14\bin\main started by vicky in C:\Users\vicky\Documents\GitHub\Java_Projects\MicroService-3\springBootJDK14)
2020-09-13 17:11:40:123 INFO : The following profiles are active: dev
2020-09-13 17:15:09:882 INFO : Starting BootApplication using Java 14 on VIKAS-YADAV with PID 11548 (C:\Users\vicky\Documents\GitHub\Java_Projects\MicroService-3\springBootJDK14\bin\main started by vicky in C:\Users\vicky\Documents\GitHub\Java_Projects\MicroService-3\springBootJDK14)
2020-09-13 17:15:09:884 INFO : The following profiles are active: dev
2020-09-13 17:15:11:819 INFO : BeanPostProcessorsImplementation Instance is Created
2020-09-13 17:15:14:873 INFO : Beans Ordered is as follows : 1,2,3
2020-09-13 17:15:15:952 INFO : Bean2 Instantiated at Sun Sep 13 17:15:15 IST 2020
2020-09-13 17:15:16:574 INFO : Bean1 Instantiated at Sun Sep 13 17:15:16 IST 2020
2020-09-13 17:15:16:585 INFO : Inside postProcessBeforeInitialization() Method for Bean : customBean1
2020-09-13 17:15:16:586 INFO : Inside CustomBean1 afterConstruction() Method
2020-09-13 17:15:16:587 INFO : Inside CustomBean1 afterPropertiesSet() Method 
2020-09-13 17:15:16:588 INFO : Inside CustomBean1 Init() Method
2020-09-13 17:15:16:591 INFO : Inside postProcessAfterInitialization() Method for Bean : customBean1
2020-09-13 17:15:18:148 INFO : Started BootApplication in 8.752 seconds (JVM running for 9.686)
2020-09-13 17:15:28:152 INFO : Inside SchedulerService : fixedDelay() Method
2020-09-13 17:16:08:155 INFO : Inside SchedulerService : fixedRate() Method
2020-09-13 17:18:08:731 INFO : Inside CustomBean1 beforeDestruction() Method
2020-09-13 17:18:08:731 INFO : Inside CustomBean1 Destroy() Method of Disposable Bean
2020-09-13 17:18:08:732 INFO : Inside CustomBean1 Destroy() Method
2020-09-13 17:18:08:887 INFO : Starting BootApplication using Java 14 on VIKAS-YADAV with PID 11548 (C:\Users\vicky\Documents\GitHub\Java_Projects\MicroService-3\springBootJDK14\bin\main started by vicky in C:\Users\vicky\Documents\GitHub\Java_Projects\MicroService-3\springBootJDK14)
2020-09-13 17:18:08:888 INFO : The following profiles are active: dev
2020-09-13 17:18:09:510 INFO : BeanPostProcessorsImplementation Instance is Created
2020-09-13 17:18:10:440 INFO : Beans Ordered is as follows : 1,2,3
2020-09-13 17:18:11:004 INFO : Bean2 Instantiated at Sun Sep 13 17:18:11 IST 2020
2020-09-13 17:18:11:869 INFO : Bean1 Instantiated at Sun Sep 13 17:18:11 IST 2020
2020-09-13 17:18:11:880 INFO : Inside postProcessBeforeInitialization() Method for Bean : customBean1
2020-09-13 17:18:11:881 INFO : Inside CustomBean1 afterConstruction() Method
2020-09-13 17:18:11:882 INFO : Inside CustomBean1 afterPropertiesSet() Method 
2020-09-13 17:18:11:883 INFO : Inside CustomBean1 Init() Method
2020-09-13 17:18:11:887 INFO : Inside postProcessAfterInitialization() Method for Bean : customBean1
2020-09-13 17:18:12:753 INFO : Started BootApplication in 3.931 seconds (JVM running for 184.291)
2020-09-13 17:18:22:765 INFO : Inside SchedulerService : fixedDelay() Method
2020-09-13 17:18:37:671 INFO : Inside CustomBean1 beforeDestruction() Method
2020-09-13 17:18:37:672 INFO : Inside CustomBean1 Destroy() Method of Disposable Bean
2020-09-13 17:18:37:672 INFO : Inside CustomBean1 Destroy() Method
2020-09-13 17:18:37:828 INFO : Starting BootApplication using Java 14 on VIKAS-YADAV with PID 11548 (C:\Users\vicky\Documents\GitHub\Java_Projects\MicroService-3\springBootJDK14\bin\main started by vicky in C:\Users\vicky\Documents\GitHub\Java_Projects\MicroService-3\springBootJDK14)
2020-09-13 17:18:37:829 INFO : The following profiles are active: dev
2020-09-13 17:18:38:448 INFO : BeanPostProcessorsImplementation Instance is Created
2020-09-13 17:18:39:330 INFO : Beans Ordered is as follows : 1,2,3
2020-09-13 17:18:39:848 INFO : Bean2 Instantiated at Sun Sep 13 17:18:39 IST 2020
2020-09-13 17:18:40:700 INFO : Bean1 Instantiated at Sun Sep 13 17:18:40 IST 2020
2020-09-13 17:18:40:702 INFO : Inside postProcessBeforeInitialization() Method for Bean : customBean1
2020-09-13 17:18:40:703 INFO : Inside CustomBean1 afterConstruction() Method
2020-09-13 17:18:40:703 INFO : Inside CustomBean1 afterPropertiesSet() Method 
2020-09-13 17:18:40:703 INFO : Inside CustomBean1 Init() Method
2020-09-13 17:18:40:704 INFO : Inside postProcessAfterInitialization() Method for Bean : customBean1
2020-09-13 17:18:41:468 INFO : Started BootApplication in 3.714 seconds (JVM running for 213.007)
2020-09-13 17:18:51:472 INFO : Inside SchedulerService : fixedDelay() Method
2020-09-13 17:19:31:471 INFO : Inside SchedulerService : fixedRate() Method
2020-09-13 17:19:49:285 INFO : Inside CustomBean1 beforeDestruction() Method
2020-09-13 17:19:49:286 INFO : Inside CustomBean1 Destroy() Method of Disposable Bean
2020-09-13 17:19:49:286 INFO : Inside CustomBean1 Destroy() Method
2020-09-13 17:19:49:426 INFO : Starting BootApplication using Java 14 on VIKAS-YADAV with PID 11548 (C:\Users\vicky\Documents\GitHub\Java_Projects\MicroService-3\springBootJDK14\bin\main started by vicky in C:\Users\vicky\Documents\GitHub\Java_Projects\MicroService-3\springBootJDK14)
2020-09-13 17:19:49:426 INFO : The following profiles are active: dev
2020-09-13 17:19:49:983 INFO : BeanPostProcessorsImplementation Instance is Created
2020-09-13 17:19:50:839 INFO : Beans Ordered is as follows : 1,2,3
2020-09-13 17:19:51:392 INFO : Bean2 Instantiated at Sun Sep 13 17:19:51 IST 2020
2020-09-13 17:19:51:501 INFO : Bean1 Instantiated at Sun Sep 13 17:19:51 IST 2020
2020-09-13 17:19:51:505 INFO : Inside postProcessBeforeInitialization() Method for Bean : customBean1
2020-09-13 17:19:51:506 INFO : Inside CustomBean1 afterConstruction() Method
2020-09-13 17:19:51:506 INFO : Inside CustomBean1 afterPropertiesSet() Method 
2020-09-13 17:19:51:506 INFO : Inside CustomBean1 Init() Method
2020-09-13 17:19:51:508 INFO : Inside postProcessAfterInitialization() Method for Bean : customBean1
2020-09-13 17:19:52:254 INFO : Started BootApplication in 2.88 seconds (JVM running for 283.792)
2020-09-13 17:20:02:255 INFO : Inside SchedulerService : fixedDelay() Method
2020-09-13 17:20:33:730 INFO : Inside CustomBean1 beforeDestruction() Method
2020-09-13 17:20:33:731 INFO : Inside CustomBean1 Destroy() Method of Disposable Bean
2020-09-13 17:20:33:731 INFO : Inside CustomBean1 Destroy() Method
2020-09-13 17:20:33:865 INFO : Starting BootApplication using Java 14 on VIKAS-YADAV with PID 11548 (C:\Users\vicky\Documents\GitHub\Java_Projects\MicroService-3\springBootJDK14\bin\main started by vicky in C:\Users\vicky\Documents\GitHub\Java_Projects\MicroService-3\springBootJDK14)
2020-09-13 17:20:33:866 INFO : The following profiles are active: dev
2020-09-13 17:20:34:422 INFO : BeanPostProcessorsImplementation Instance is Created
2020-09-13 17:20:35:262 INFO : Beans Ordered is as follows : 1,2,3
2020-09-13 17:20:35:769 INFO : Bean2 Instantiated at Sun Sep 13 17:20:35 IST 2020
2020-09-13 17:20:36:277 INFO : Bean1 Instantiated at Sun Sep 13 17:20:36 IST 2020
2020-09-13 17:20:36:279 INFO : Inside postProcessBeforeInitialization() Method for Bean : customBean1
2020-09-13 17:20:36:279 INFO : Inside CustomBean1 afterConstruction() Method
2020-09-13 17:20:36:279 INFO : Inside CustomBean1 afterPropertiesSet() Method 
2020-09-13 17:20:36:280 INFO : Inside CustomBean1 Init() Method
2020-09-13 17:20:36:281 INFO : Inside postProcessAfterInitialization() Method for Bean : customBean1
2020-09-13 17:20:37:024 INFO : Started BootApplication in 3.21 seconds (JVM running for 328.562)
2020-09-13 17:20:48:776 INFO : Starting BootApplication using Java 14 on VIKAS-YADAV with PID 1732 (C:\Users\vicky\Documents\GitHub\Java_Projects\MicroService-3\springBootJDK14\bin\main started by vicky in C:\Users\vicky\Documents\GitHub\Java_Projects\MicroService-3\springBootJDK14)
2020-09-13 17:20:48:782 INFO : The following profiles are active: dev
2020-09-13 17:20:51:041 INFO : BeanPostProcessorsImplementation Instance is Created
2020-09-13 17:20:54:359 INFO : Beans Ordered is as follows : 1,2,3
2020-09-13 17:20:55:452 INFO : Bean2 Instantiated at Sun Sep 13 17:20:55 IST 2020
2020-09-13 17:20:56:109 INFO : Bean1 Instantiated at Sun Sep 13 17:20:56 IST 2020
2020-09-13 17:20:56:118 INFO : Inside postProcessBeforeInitialization() Method for Bean : customBean1
2020-09-13 17:20:56:119 INFO : Inside CustomBean1 afterConstruction() Method
2020-09-13 17:20:56:120 INFO : Inside CustomBean1 afterPropertiesSet() Method 
2020-09-13 17:20:56:121 INFO : Inside CustomBean1 Init() Method
2020-09-13 17:20:56:124 INFO : Inside postProcessAfterInitialization() Method for Bean : customBean1
2020-09-13 17:20:57:532 INFO : Started BootApplication in 9.334 seconds (JVM running for 10.286)
2020-09-13 17:21:07:529 INFO : Inside SchedulerService : fixedDelay() Method
2020-09-13 17:21:47:532 INFO : Inside SchedulerService : fixedRate() Method
2020-09-13 17:37:47:537 INFO : Inside SchedulerService : fixedDelay() Method
2020-09-13 17:38:27:544 INFO : Inside SchedulerService : fixedRate() Method
2020-09-13 17:54:27:538 INFO : Inside SchedulerService : fixedDelay() Method
2020-09-13 17:55:07:541 INFO : Inside SchedulerService : fixedRate() Method
2020-09-13 18:00:00:009 INFO : Inside SchedulerService : cronJobSchedulerUsingAnnotations() Method
2020-09-13 18:11:07:540 INFO : Inside SchedulerService : fixedDelay() Method
2020-09-13 18:11:47:535 INFO : Inside SchedulerService : fixedRate() Method
2020-09-13 18:27:47:557 INFO : Inside SchedulerService : fixedDelay() Method
2020-09-13 18:28:27:538 INFO : Inside SchedulerService : fixedRate() Method
2020-09-13 18:57:51:024 INFO : Inside SchedulerService : fixedDelay() Method
2020-09-13 18:57:51:024 INFO : Inside SchedulerService : fixedRate() Method
2020-09-13 18:59:59:994 INFO : Inside SchedulerService : cronJobSchedulerUsingAnnotations() Method
2020-09-13 19:01:47:525 INFO : Inside SchedulerService : fixedRate() Method
2020-09-13 21:10:23:276 INFO : Starting BootApplication using Java 14 on VIKAS-YADAV with PID 13160 (C:\Users\vicky\Documents\GitHub\Java_Projects\MicroService-3\springBootJDK14\bin\main started by vicky in C:\Users\vicky\Documents\GitHub\Java_Projects\MicroService-3\springBootJDK14)
2020-09-13 21:10:23:277 INFO : The following profiles are active: dev
2020-09-13 21:10:25:579 INFO : BeanPostProcessorsImplementation Instance is Created
2020-09-13 21:10:29:082 INFO : Beans Ordered is as follows : 1,2,3
2020-09-13 21:10:30:760 INFO : Bean2 Instantiated at Sun Sep 13 21:10:30 IST 2020
2020-09-13 21:10:31:426 INFO : Bean1 Instantiated at Sun Sep 13 21:10:31 IST 2020
2020-09-13 21:10:31:430 INFO : Inside postProcessBeforeInitialization() Method for Bean : customBean1
2020-09-13 21:10:31:431 INFO : Inside CustomBean1 afterConstruction() Method
2020-09-13 21:10:31:431 INFO : Inside CustomBean1 afterPropertiesSet() Method 
2020-09-13 21:10:31:431 INFO : Inside CustomBean1 Init() Method
2020-09-13 21:10:31:432 INFO : Inside postProcessAfterInitialization() Method for Bean : customBean1
2020-09-13 21:10:34:982 INFO : Started BootApplication in 12.405 seconds (JVM running for 13.535)
2020-09-13 21:10:44:978 INFO : Inside SchedulerService : fixedDelay() Method
2020-09-13 21:11:24:987 INFO : Inside SchedulerService : fixedRate() Method
2020-09-13 21:27:24:988 INFO : Inside SchedulerService : fixedDelay() Method
2020-09-13 21:28:04:978 INFO : Inside SchedulerService : fixedRate() Method
2020-09-13 21:44:04:992 INFO : Inside SchedulerService : fixedDelay() Method
2020-09-13 21:44:44:986 INFO : Inside SchedulerService : fixedRate() Method
2020-09-13 22:00:00:007 INFO : Inside SchedulerService : cronJobSchedulerUsingAnnotations() Method
2020-09-13 22:00:44:998 INFO : Inside SchedulerService : fixedDelay() Method
2020-09-13 22:01:24:989 INFO : Inside SchedulerService : fixedRate() Method
2020-09-13 22:17:25:013 INFO : Inside SchedulerService : fixedDelay() Method
2020-09-13 22:18:04:988 INFO : Inside SchedulerService : fixedRate() Method
2020-09-13 23:41:17:275 INFO : Inside SchedulerService : fixedDelay() Method
2020-09-13 23:41:17:276 INFO : Inside SchedulerService : cronJobSchedulerUsingAnnotations() Method
2020-09-13 23:41:17:275 INFO : Inside SchedulerService : fixedRate() Method
2020-09-13 23:41:17:277 INFO : Inside SchedulerService : fixedRate() Method
2020-09-13 23:41:17:278 INFO : Inside SchedulerService : fixedRate() Method
2020-09-13 23:41:17:279 INFO : Inside SchedulerService : fixedRate() Method
2020-09-13 23:41:24:974 INFO : Inside SchedulerService : fixedRate() Method
2020-09-13 23:57:57:288 INFO : Inside SchedulerService : fixedDelay() Method
2020-09-13 23:58:04:970 INFO : Inside SchedulerService : fixedRate() Method
