2020-09-08 19:16:58:530 INFO : Starting BootApplication using Java 14 on VIKAS-YADAV with PID 14120 (C:\Users\vicky\Documents\GitHub\Java_Projects\springBootJDK14\bin\main started by vicky in C:\Users\vicky\Documents\GitHub\Java_Projects\springBootJDK14)
2020-09-08 19:16:58:539 INFO : The following profiles are active: dev
2020-09-08 19:17:00:283 INFO : BeanPostProcessorsImplementation Instance is Created
2020-09-08 19:17:01:578 INFO : Beans Ordered is as follows : 1,2,3
2020-09-08 19:17:02:538 INFO : Bean2 Instantiated at Tue Sep 08 19:17:02 IST 2020
2020-09-08 19:17:03:239 INFO : Bean1 Instantiated at Tue Sep 08 19:17:03 IST 2020
2020-09-08 19:17:03:243 INFO : Inside postProcessBeforeInitialization() Method for Bean : customBean1
2020-09-08 19:17:03:245 INFO : Inside CustomBean1 afterConstruction() Method
2020-09-08 19:17:03:245 INFO : Inside CustomBean1 afterPropertiesSet() Method 
2020-09-08 19:17:03:246 INFO : Inside CustomBean1 Init() Method
2020-09-08 19:17:03:247 INFO : Inside postProcessAfterInitialization() Method for Bean : customBean1
2020-09-08 19:17:04:694 INFO : Started BootApplication in 6.685 seconds (JVM running for 7.678)
2020-09-08 19:17:14:696 INFO : Inside SchedulerService : fixedDelay() Method
2020-09-08 19:17:54:702 INFO : Inside SchedulerService : fixedRate() Method
2020-09-08 19:18:57:933 INFO : Inside CustomBean1 beforeDestruction() Method
2020-09-08 19:18:57:934 INFO : Inside CustomBean1 Destroy() Method of Disposable Bean
2020-09-08 19:18:57:934 INFO : Inside CustomBean1 Destroy() Method
2020-09-08 19:18:58:080 INFO : Starting BootApplication using Java 14 on VIKAS-YADAV with PID 14120 (C:\Users\vicky\Documents\GitHub\Java_Projects\springBootJDK14\bin\main started by vicky in C:\Users\vicky\Documents\GitHub\Java_Projects\springBootJDK14)
2020-09-08 19:18:58:081 INFO : The following profiles are active: dev
2020-09-08 19:18:58:594 INFO : BeanPostProcessorsImplementation Instance is Created
2020-09-08 19:18:59:077 INFO : Beans Ordered is as follows : 1,2,3
2020-09-08 19:18:59:715 INFO : Bean2 Instantiated at Tue Sep 08 19:18:59 IST 2020
2020-09-08 19:18:59:749 INFO : Bean1 Instantiated at Tue Sep 08 19:18:59 IST 2020
2020-09-08 19:18:59:757 INFO : Inside postProcessBeforeInitialization() Method for Bean : customBean1
2020-09-08 19:18:59:758 INFO : Inside CustomBean1 afterConstruction() Method
2020-09-08 19:18:59:758 INFO : Inside CustomBean1 afterPropertiesSet() Method 
2020-09-08 19:18:59:759 INFO : Inside CustomBean1 Init() Method
2020-09-08 19:18:59:763 INFO : Inside postProcessAfterInitialization() Method for Bean : customBean1
2020-09-08 19:19:00:629 INFO : Started BootApplication in 2.597 seconds (JVM running for 123.613)
2020-09-08 19:19:10:637 INFO : Inside SchedulerService : fixedDelay() Method
2020-09-08 19:19:50:639 INFO : Inside SchedulerService : fixedRate() Method
2020-09-08 19:20:57:572 INFO : Inside CustomBean1 beforeDestruction() Method
2020-09-08 19:20:57:572 INFO : Inside CustomBean1 Destroy() Method of Disposable Bean
2020-09-08 19:20:57:573 INFO : Inside CustomBean1 Destroy() Method
2020-09-08 19:20:57:717 INFO : Starting BootApplication using Java 14 on VIKAS-YADAV with PID 14120 (C:\Users\vicky\Documents\GitHub\Java_Projects\springBootJDK14\bin\main started by vicky in C:\Users\vicky\Documents\GitHub\Java_Projects\springBootJDK14)
2020-09-08 19:20:57:718 INFO : The following profiles are active: dev
2020-09-08 19:20:58:180 INFO : BeanPostProcessorsImplementation Instance is Created
2020-09-08 19:20:58:677 INFO : Beans Ordered is as follows : 1,2,3
2020-09-08 19:20:59:226 INFO : Bean2 Instantiated at Tue Sep 08 19:20:59 IST 2020
2020-09-08 19:20:59:691 INFO : Bean1 Instantiated at Tue Sep 08 19:20:59 IST 2020
2020-09-08 19:20:59:699 INFO : Inside postProcessBeforeInitialization() Method for Bean : customBean1
2020-09-08 19:20:59:700 INFO : Inside CustomBean1 afterConstruction() Method
2020-09-08 19:20:59:701 INFO : Inside CustomBean1 afterPropertiesSet() Method 
2020-09-08 19:20:59:701 INFO : Inside CustomBean1 Init() Method
2020-09-08 19:20:59:705 INFO : Inside postProcessAfterInitialization() Method for Bean : customBean1
2020-09-08 19:21:00:583 INFO : Started BootApplication in 2.912 seconds (JVM running for 243.567)
2020-09-08 19:21:10:593 INFO : Inside SchedulerService : fixedDelay() Method
2020-09-08 19:21:50:583 INFO : Inside SchedulerService : fixedRate() Method
2020-09-08 19:23:35:994 INFO : Inside CustomBean1 beforeDestruction() Method
2020-09-08 19:23:35:995 INFO : Inside CustomBean1 Destroy() Method of Disposable Bean
2020-09-08 19:23:35:995 INFO : Inside CustomBean1 Destroy() Method
2020-09-08 19:23:36:134 INFO : Starting BootApplication using Java 14 on VIKAS-YADAV with PID 14120 (C:\Users\vicky\Documents\GitHub\Java_Projects\springBootJDK14\bin\main started by vicky in C:\Users\vicky\Documents\GitHub\Java_Projects\springBootJDK14)
2020-09-08 19:23:36:135 INFO : The following profiles are active: dev
2020-09-08 19:23:36:620 INFO : BeanPostProcessorsImplementation Instance is Created
2020-09-08 19:23:37:069 INFO : Beans Ordered is as follows : 1,2,3
2020-09-08 19:23:37:682 INFO : Bean2 Instantiated at Tue Sep 08 19:23:37 IST 2020
2020-09-08 19:23:37:758 INFO : Bean1 Instantiated at Tue Sep 08 19:23:37 IST 2020
2020-09-08 19:23:37:765 INFO : Inside postProcessBeforeInitialization() Method for Bean : customBean1
2020-09-08 19:23:37:765 INFO : Inside CustomBean1 afterConstruction() Method
2020-09-08 19:23:37:766 INFO : Inside CustomBean1 afterPropertiesSet() Method 
2020-09-08 19:23:37:767 INFO : Inside CustomBean1 Init() Method
2020-09-08 19:23:37:771 INFO : Inside postProcessAfterInitialization() Method for Bean : customBean1
2020-09-08 19:23:38:553 INFO : Started BootApplication in 2.466 seconds (JVM running for 401.537)
2020-09-08 19:23:48:558 INFO : Inside SchedulerService : fixedDelay() Method
2020-09-08 19:24:28:556 INFO : Inside SchedulerService : fixedRate() Method
2020-09-08 19:25:08:047 INFO : Inside CustomBean1 beforeDestruction() Method
2020-09-08 19:25:08:047 INFO : Inside CustomBean1 Destroy() Method of Disposable Bean
2020-09-08 19:25:08:047 INFO : Inside CustomBean1 Destroy() Method
2020-09-08 19:25:08:200 INFO : Starting BootApplication using Java 14 on VIKAS-YADAV with PID 14120 (C:\Users\vicky\Documents\GitHub\Java_Projects\springBootJDK14\bin\main started by vicky in C:\Users\vicky\Documents\GitHub\Java_Projects\springBootJDK14)
2020-09-08 19:25:08:200 INFO : The following profiles are active: dev
2020-09-08 19:25:08:656 INFO : BeanPostProcessorsImplementation Instance is Created
2020-09-08 19:25:09:101 INFO : Beans Ordered is as follows : 1,2,3
2020-09-08 19:25:09:623 INFO : Bean2 Instantiated at Tue Sep 08 19:25:09 IST 2020
2020-09-08 19:25:10:256 INFO : Bean1 Instantiated at Tue Sep 08 19:25:10 IST 2020
2020-09-08 19:25:10:260 INFO : Inside postProcessBeforeInitialization() Method for Bean : customBean1
2020-09-08 19:25:10:260 INFO : Inside CustomBean1 afterConstruction() Method
2020-09-08 19:25:10:261 INFO : Inside CustomBean1 afterPropertiesSet() Method 
2020-09-08 19:25:10:261 INFO : Inside CustomBean1 Init() Method
2020-09-08 19:25:10:263 INFO : Inside postProcessAfterInitialization() Method for Bean : customBean1
2020-09-08 19:25:11:057 INFO : Started BootApplication in 2.912 seconds (JVM running for 494.041)
2020-09-08 19:25:21:059 INFO : Inside SchedulerService : fixedDelay() Method
2020-09-08 19:26:01:069 INFO : Inside SchedulerService : fixedRate() Method
2020-09-08 19:26:24:767 INFO : Inside CustomBean1 beforeDestruction() Method
2020-09-08 19:26:24:768 INFO : Inside CustomBean1 Destroy() Method of Disposable Bean
2020-09-08 19:26:24:769 INFO : Inside CustomBean1 Destroy() Method
2020-09-08 19:26:24:900 INFO : Starting BootApplication using Java 14 on VIKAS-YADAV with PID 14120 (C:\Users\vicky\Documents\GitHub\Java_Projects\springBootJDK14\bin\main started by vicky in C:\Users\vicky\Documents\GitHub\Java_Projects\springBootJDK14)
2020-09-08 19:26:24:901 INFO : The following profiles are active: dev
2020-09-08 19:26:25:483 INFO : BeanPostProcessorsImplementation Instance is Created
2020-09-08 19:26:25:980 INFO : Beans Ordered is as follows : 1,2,3
2020-09-08 19:26:26:539 INFO : Bean2 Instantiated at Tue Sep 08 19:26:26 IST 2020
2020-09-08 19:26:26:924 INFO : Bean1 Instantiated at Tue Sep 08 19:26:26 IST 2020
2020-09-08 19:26:26:932 INFO : Inside postProcessBeforeInitialization() Method for Bean : customBean1
2020-09-08 19:26:26:932 INFO : Inside CustomBean1 afterConstruction() Method
2020-09-08 19:26:26:933 INFO : Inside CustomBean1 afterPropertiesSet() Method 
2020-09-08 19:26:26:934 INFO : Inside CustomBean1 Init() Method
2020-09-08 19:26:26:939 INFO : Inside postProcessAfterInitialization() Method for Bean : customBean1
2020-09-08 19:26:27:734 INFO : Started BootApplication in 2.878 seconds (JVM running for 570.719)
2020-09-08 19:26:37:742 INFO : Inside SchedulerService : fixedDelay() Method
2020-09-08 19:26:55:244 INFO : Inside CustomBean1 beforeDestruction() Method
2020-09-08 19:26:55:245 INFO : Inside CustomBean1 Destroy() Method of Disposable Bean
2020-09-08 19:26:55:246 INFO : Inside CustomBean1 Destroy() Method
2020-09-08 19:26:55:385 INFO : Starting BootApplication using Java 14 on VIKAS-YADAV with PID 14120 (C:\Users\vicky\Documents\GitHub\Java_Projects\springBootJDK14\bin\main started by vicky in C:\Users\vicky\Documents\GitHub\Java_Projects\springBootJDK14)
2020-09-08 19:26:55:386 INFO : The following profiles are active: dev
2020-09-08 19:26:55:863 INFO : BeanPostProcessorsImplementation Instance is Created
2020-09-08 19:26:56:342 INFO : Beans Ordered is as follows : 1,2,3
2020-09-08 19:26:56:957 INFO : Bean2 Instantiated at Tue Sep 08 19:26:56 IST 2020
2020-09-08 19:26:57:462 INFO : Bean1 Instantiated at Tue Sep 08 19:26:57 IST 2020
2020-09-08 19:26:57:467 INFO : Inside postProcessBeforeInitialization() Method for Bean : customBean1
2020-09-08 19:26:57:468 INFO : Inside CustomBean1 afterConstruction() Method
2020-09-08 19:26:57:468 INFO : Inside CustomBean1 afterPropertiesSet() Method 
2020-09-08 19:26:57:468 INFO : Inside CustomBean1 Init() Method
2020-09-08 19:26:57:469 INFO : Inside postProcessAfterInitialization() Method for Bean : customBean1
2020-09-08 19:26:58:247 INFO : Started BootApplication in 2.906 seconds (JVM running for 601.231)
2020-09-08 19:27:08:248 INFO : Inside SchedulerService : fixedDelay() Method
2020-09-08 19:27:48:258 INFO : Inside SchedulerService : fixedRate() Method
2020-09-08 19:42:33:235 INFO : Inside CustomBean1 beforeDestruction() Method
2020-09-08 19:42:33:236 INFO : Inside CustomBean1 Destroy() Method of Disposable Bean
2020-09-08 19:42:33:236 INFO : Inside CustomBean1 Destroy() Method
2020-09-08 19:42:33:391 INFO : Starting BootApplication using Java 14 on VIKAS-YADAV with PID 14120 (C:\Users\vicky\Documents\GitHub\Java_Projects\springBootJDK14\bin\main started by vicky in C:\Users\vicky\Documents\GitHub\Java_Projects\springBootJDK14)
2020-09-08 19:42:33:392 INFO : The following profiles are active: dev
2020-09-08 19:58:08:169 INFO : Starting BootApplication using Java 14 on VIKAS-YADAV with PID 4144 (C:\Users\vicky\Documents\GitHub\Java_Projects\springBootJDK14\bin\main started by vicky in C:\Users\vicky\Documents\GitHub\Java_Projects\springBootJDK14)
2020-09-08 19:58:08:171 INFO : The following profiles are active: dev
2020-09-08 19:58:09:906 INFO : BeanPostProcessorsImplementation Instance is Created
2020-09-08 19:58:11:170 INFO : Beans Ordered is as follows : 1,2,3
2020-09-08 19:58:12:199 INFO : Bean2 Instantiated at Tue Sep 08 19:58:12 IST 2020
2020-09-08 19:58:12:915 INFO : Bean1 Instantiated at Tue Sep 08 19:58:12 IST 2020
2020-09-08 19:58:12:919 INFO : Inside postProcessBeforeInitialization() Method for Bean : customBean1
2020-09-08 19:58:12:919 INFO : Inside CustomBean1 afterConstruction() Method
2020-09-08 19:58:12:920 INFO : Inside CustomBean1 afterPropertiesSet() Method 
2020-09-08 19:58:12:920 INFO : Inside CustomBean1 Init() Method
2020-09-08 19:58:12:921 INFO : Inside postProcessAfterInitialization() Method for Bean : customBean1
2020-09-08 19:58:14:383 INFO : Started BootApplication in 6.639 seconds (JVM running for 7.569)
2020-09-08 19:58:24:391 INFO : Inside SchedulerService : fixedDelay() Method
2020-09-08 19:59:04:390 INFO : Inside SchedulerService : fixedRate() Method
2020-09-08 20:00:00:012 INFO : Inside SchedulerService : cronJobSchedulerUsingAnnotations() Method
2020-09-08 20:00:13:918 INFO : Inside CustomBean1 beforeDestruction() Method
2020-09-08 20:00:13:919 INFO : Inside CustomBean1 Destroy() Method of Disposable Bean
2020-09-08 20:00:13:920 INFO : Inside CustomBean1 Destroy() Method
2020-09-08 20:00:14:058 INFO : Starting BootApplication using Java 14 on VIKAS-YADAV with PID 4144 (C:\Users\vicky\Documents\GitHub\Java_Projects\springBootJDK14\bin\main started by vicky in C:\Users\vicky\Documents\GitHub\Java_Projects\springBootJDK14)
2020-09-08 20:00:14:059 INFO : The following profiles are active: dev
2020-09-08 20:00:14:561 INFO : BeanPostProcessorsImplementation Instance is Created
2020-09-08 20:00:15:025 INFO : Beans Ordered is as follows : 1,2,3
2020-09-08 20:00:15:712 INFO : Bean2 Instantiated at Tue Sep 08 20:00:15 IST 2020
2020-09-08 20:00:16:196 INFO : Bean1 Instantiated at Tue Sep 08 20:00:16 IST 2020
2020-09-08 20:00:16:201 INFO : Inside postProcessBeforeInitialization() Method for Bean : customBean1
2020-09-08 20:00:16:202 INFO : Inside CustomBean1 afterConstruction() Method
2020-09-08 20:00:16:202 INFO : Inside CustomBean1 afterPropertiesSet() Method 
2020-09-08 20:00:16:202 INFO : Inside CustomBean1 Init() Method
2020-09-08 20:00:16:204 INFO : Inside postProcessAfterInitialization() Method for Bean : customBean1
2020-09-08 20:00:16:997 INFO : Started BootApplication in 2.984 seconds (JVM running for 130.182)
2020-09-08 20:00:19:304 INFO : Inside CustomBean1 beforeDestruction() Method
2020-09-08 20:00:19:305 INFO : Inside CustomBean1 Destroy() Method of Disposable Bean
2020-09-08 20:00:19:306 INFO : Inside CustomBean1 Destroy() Method
2020-09-08 20:00:19:447 INFO : Starting BootApplication using Java 14 on VIKAS-YADAV with PID 4144 (C:\Users\vicky\Documents\GitHub\Java_Projects\springBootJDK14\bin\main started by vicky in C:\Users\vicky\Documents\GitHub\Java_Projects\springBootJDK14)
2020-09-08 20:00:19:447 INFO : The following profiles are active: dev
2020-09-08 20:00:19:923 INFO : BeanPostProcessorsImplementation Instance is Created
2020-09-08 20:00:20:380 INFO : Beans Ordered is as follows : 1,2,3
2020-09-08 20:00:20:974 INFO : Bean2 Instantiated at Tue Sep 08 20:00:20 IST 2020
2020-09-08 20:00:21:489 INFO : Bean1 Instantiated at Tue Sep 08 20:00:21 IST 2020
2020-09-08 20:00:21:493 INFO : Inside postProcessBeforeInitialization() Method for Bean : customBean1
2020-09-08 20:00:21:494 INFO : Inside CustomBean1 afterConstruction() Method
2020-09-08 20:00:21:494 INFO : Inside CustomBean1 afterPropertiesSet() Method 
2020-09-08 20:00:21:494 INFO : Inside CustomBean1 Init() Method
2020-09-08 20:00:21:496 INFO : Inside postProcessAfterInitialization() Method for Bean : customBean1
2020-09-08 20:00:22:271 INFO : Started BootApplication in 2.868 seconds (JVM running for 135.457)
2020-09-08 20:00:32:275 INFO : Inside SchedulerService : fixedDelay() Method
2020-09-08 20:01:12:285 INFO : Inside SchedulerService : fixedRate() Method
2020-09-08 20:04:17:857 INFO : Inside CustomBean1 beforeDestruction() Method
2020-09-08 20:04:17:858 INFO : Inside CustomBean1 Destroy() Method of Disposable Bean
2020-09-08 20:04:17:858 INFO : Inside CustomBean1 Destroy() Method
2020-09-08 20:04:17:998 INFO : Starting BootApplication using Java 14 on VIKAS-YADAV with PID 4144 (C:\Users\vicky\Documents\GitHub\Java_Projects\springBootJDK14\bin\main started by vicky in C:\Users\vicky\Documents\GitHub\Java_Projects\springBootJDK14)
2020-09-08 20:04:17:999 INFO : The following profiles are active: dev
2020-09-08 20:04:18:469 INFO : BeanPostProcessorsImplementation Instance is Created
2020-09-08 20:04:18:930 INFO : Beans Ordered is as follows : 1,2,3
2020-09-08 20:04:19:452 INFO : Bean2 Instantiated at Tue Sep 08 20:04:19 IST 2020
2020-09-08 20:04:19:987 INFO : Bean1 Instantiated at Tue Sep 08 20:04:19 IST 2020
2020-09-08 20:04:19:993 INFO : Inside postProcessBeforeInitialization() Method for Bean : customBean1
2020-09-08 20:04:19:993 INFO : Inside CustomBean1 afterConstruction() Method
2020-09-08 20:04:19:993 INFO : Inside CustomBean1 afterPropertiesSet() Method 
2020-09-08 20:04:19:993 INFO : Inside CustomBean1 Init() Method
2020-09-08 20:04:19:995 INFO : Inside postProcessAfterInitialization() Method for Bean : customBean1
2020-09-08 20:04:20:757 INFO : Started BootApplication in 2.812 seconds (JVM running for 373.943)
2020-09-08 20:04:25:268 INFO : Inside CustomBean1 beforeDestruction() Method
2020-09-08 20:04:25:269 INFO : Inside CustomBean1 Destroy() Method of Disposable Bean
2020-09-08 20:04:25:269 INFO : Inside CustomBean1 Destroy() Method
2020-09-08 20:04:25:405 INFO : Starting BootApplication using Java 14 on VIKAS-YADAV with PID 4144 (C:\Users\vicky\Documents\GitHub\Java_Projects\springBootJDK14\bin\main started by vicky in C:\Users\vicky\Documents\GitHub\Java_Projects\springBootJDK14)
2020-09-08 20:04:25:405 INFO : The following profiles are active: dev
2020-09-08 20:04:25:855 INFO : BeanPostProcessorsImplementation Instance is Created
2020-09-08 20:04:26:307 INFO : Beans Ordered is as follows : 1,2,3
2020-09-08 20:04:26:815 INFO : Bean2 Instantiated at Tue Sep 08 20:04:26 IST 2020
2020-09-08 20:04:26:961 INFO : Bean1 Instantiated at Tue Sep 08 20:04:26 IST 2020
2020-09-08 20:04:26:963 INFO : Inside postProcessBeforeInitialization() Method for Bean : customBean1
2020-09-08 20:04:26:963 INFO : Inside CustomBean1 afterConstruction() Method
2020-09-08 20:04:26:963 INFO : Inside CustomBean1 afterPropertiesSet() Method 
2020-09-08 20:04:26:963 INFO : Inside CustomBean1 Init() Method
2020-09-08 20:04:26:965 INFO : Inside postProcessAfterInitialization() Method for Bean : customBean1
2020-09-08 20:04:27:811 INFO : Started BootApplication in 2.446 seconds (JVM running for 380.997)
2020-09-08 20:04:37:825 INFO : Inside SchedulerService : fixedDelay() Method
2020-09-08 20:04:51:219 INFO : Inside CustomBean1 beforeDestruction() Method
2020-09-08 20:04:51:219 INFO : Inside CustomBean1 Destroy() Method of Disposable Bean
2020-09-08 20:04:51:220 INFO : Inside CustomBean1 Destroy() Method
2020-09-08 20:04:51:355 INFO : Starting BootApplication using Java 14 on VIKAS-YADAV with PID 4144 (C:\Users\vicky\Documents\GitHub\Java_Projects\springBootJDK14\bin\main started by vicky in C:\Users\vicky\Documents\GitHub\Java_Projects\springBootJDK14)
2020-09-08 20:04:51:355 INFO : The following profiles are active: dev
2020-09-08 20:04:51:833 INFO : BeanPostProcessorsImplementation Instance is Created
2020-09-08 20:04:52:303 INFO : Beans Ordered is as follows : 1,2,3
2020-09-08 20:04:52:849 INFO : Bean2 Instantiated at Tue Sep 08 20:04:52 IST 2020
2020-09-08 20:04:52:874 INFO : Bean1 Instantiated at Tue Sep 08 20:04:52 IST 2020
2020-09-08 20:04:52:877 INFO : Inside postProcessBeforeInitialization() Method for Bean : customBean1
2020-09-08 20:04:52:877 INFO : Inside CustomBean1 afterConstruction() Method
2020-09-08 20:04:52:877 INFO : Inside CustomBean1 afterPropertiesSet() Method 
2020-09-08 20:04:52:878 INFO : Inside CustomBean1 Init() Method
2020-09-08 20:04:52:879 INFO : Inside postProcessAfterInitialization() Method for Bean : customBean1
2020-09-08 20:04:53:697 INFO : Started BootApplication in 2.387 seconds (JVM running for 406.883)
2020-09-08 20:04:55:951 INFO : Inside CustomBean1 beforeDestruction() Method
2020-09-08 20:04:55:952 INFO : Inside CustomBean1 Destroy() Method of Disposable Bean
2020-09-08 20:04:55:952 INFO : Inside CustomBean1 Destroy() Method
2020-09-08 20:04:56:101 INFO : Starting BootApplication using Java 14 on VIKAS-YADAV with PID 4144 (C:\Users\vicky\Documents\GitHub\Java_Projects\springBootJDK14\bin\main started by vicky in C:\Users\vicky\Documents\GitHub\Java_Projects\springBootJDK14)
2020-09-08 20:04:56:102 INFO : The following profiles are active: dev
2020-09-08 20:04:56:547 INFO : BeanPostProcessorsImplementation Instance is Created
2020-09-08 20:04:56:998 INFO : Beans Ordered is as follows : 1,2,3
2020-09-08 20:04:57:548 INFO : Bean2 Instantiated at Tue Sep 08 20:04:57 IST 2020
2020-09-08 20:04:57:727 INFO : Bean1 Instantiated at Tue Sep 08 20:04:57 IST 2020
2020-09-08 20:04:57:733 INFO : Inside postProcessBeforeInitialization() Method for Bean : customBean1
2020-09-08 20:04:57:734 INFO : Inside CustomBean1 afterConstruction() Method
2020-09-08 20:04:57:734 INFO : Inside CustomBean1 afterPropertiesSet() Method 
2020-09-08 20:04:57:734 INFO : Inside CustomBean1 Init() Method
2020-09-08 20:04:57:735 INFO : Inside postProcessAfterInitialization() Method for Bean : customBean1
2020-09-08 20:04:58:561 INFO : Started BootApplication in 2.497 seconds (JVM running for 411.747)
2020-09-08 20:05:08:567 INFO : Inside SchedulerService : fixedDelay() Method
2020-09-08 20:05:48:569 INFO : Inside SchedulerService : fixedRate() Method
2020-09-08 20:10:00:927 INFO : Inside CustomBean1 beforeDestruction() Method
2020-09-08 20:10:00:927 INFO : Inside CustomBean1 Destroy() Method of Disposable Bean
2020-09-08 20:10:00:928 INFO : Inside CustomBean1 Destroy() Method
2020-09-08 20:10:01:068 INFO : Starting BootApplication using Java 14 on VIKAS-YADAV with PID 4144 (C:\Users\vicky\Documents\GitHub\Java_Projects\springBootJDK14\bin\main started by vicky in C:\Users\vicky\Documents\GitHub\Java_Projects\springBootJDK14)
2020-09-08 20:10:01:069 INFO : The following profiles are active: dev
2020-09-08 20:10:01:609 INFO : BeanPostProcessorsImplementation Instance is Created
2020-09-08 20:10:02:093 INFO : Beans Ordered is as follows : 1,2,3
2020-09-08 20:10:02:693 INFO : Bean2 Instantiated at Tue Sep 08 20:10:02 IST 2020
2020-09-08 20:10:03:612 INFO : Bean1 Instantiated at Tue Sep 08 20:10:03 IST 2020
2020-09-08 20:10:03:616 INFO : Inside postProcessBeforeInitialization() Method for Bean : customBean1
2020-09-08 20:10:03:617 INFO : Inside CustomBean1 afterConstruction() Method
2020-09-08 20:10:03:617 INFO : Inside CustomBean1 afterPropertiesSet() Method 
2020-09-08 20:10:03:617 INFO : Inside CustomBean1 Init() Method
2020-09-08 20:10:03:619 INFO : Inside postProcessAfterInitialization() Method for Bean : customBean1
2020-09-08 20:10:04:411 INFO : Started BootApplication in 3.394 seconds (JVM running for 717.597)
2020-09-08 20:10:08:820 INFO : Inside CustomBean1 beforeDestruction() Method
2020-09-08 20:10:08:820 INFO : Inside CustomBean1 Destroy() Method of Disposable Bean
2020-09-08 20:10:08:821 INFO : Inside CustomBean1 Destroy() Method
2020-09-08 20:10:08:966 INFO : Starting BootApplication using Java 14 on VIKAS-YADAV with PID 4144 (C:\Users\vicky\Documents\GitHub\Java_Projects\springBootJDK14\bin\main started by vicky in C:\Users\vicky\Documents\GitHub\Java_Projects\springBootJDK14)
2020-09-08 20:10:08:967 INFO : The following profiles are active: dev
2020-09-08 20:10:09:437 INFO : BeanPostProcessorsImplementation Instance is Created
2020-09-08 20:10:09:871 INFO : Beans Ordered is as follows : 1,2,3
2020-09-08 20:10:10:440 INFO : Bean2 Instantiated at Tue Sep 08 20:10:10 IST 2020
2020-09-08 20:10:11:165 INFO : Bean1 Instantiated at Tue Sep 08 20:10:11 IST 2020
2020-09-08 20:10:11:170 INFO : Inside postProcessBeforeInitialization() Method for Bean : customBean1
2020-09-08 20:10:11:170 INFO : Inside CustomBean1 afterConstruction() Method
2020-09-08 20:10:11:171 INFO : Inside CustomBean1 afterPropertiesSet() Method 
2020-09-08 20:10:11:171 INFO : Inside CustomBean1 Init() Method
2020-09-08 20:10:11:172 INFO : Inside postProcessAfterInitialization() Method for Bean : customBean1
2020-09-08 20:10:11:920 INFO : Started BootApplication in 2.999 seconds (JVM running for 725.106)
2020-09-08 20:10:21:936 INFO : Inside SchedulerService : fixedDelay() Method
2020-09-08 20:11:01:929 INFO : Inside SchedulerService : fixedRate() Method
2020-09-08 20:11:05:737 INFO : Inside CustomBean1 beforeDestruction() Method
2020-09-08 20:11:05:737 INFO : Inside CustomBean1 Destroy() Method of Disposable Bean
2020-09-08 20:11:05:737 INFO : Inside CustomBean1 Destroy() Method
2020-09-08 20:11:05:893 INFO : Starting BootApplication using Java 14 on VIKAS-YADAV with PID 4144 (C:\Users\vicky\Documents\GitHub\Java_Projects\springBootJDK14\bin\main started by vicky in C:\Users\vicky\Documents\GitHub\Java_Projects\springBootJDK14)
2020-09-08 20:11:05:893 INFO : The following profiles are active: dev
2020-09-08 20:11:06:357 INFO : BeanPostProcessorsImplementation Instance is Created
2020-09-08 20:11:06:797 INFO : Beans Ordered is as follows : 1,2,3
2020-09-08 20:11:07:333 INFO : Bean2 Instantiated at Tue Sep 08 20:11:07 IST 2020
2020-09-08 20:11:08:194 INFO : Bean1 Instantiated at Tue Sep 08 20:11:08 IST 2020
2020-09-08 20:11:08:196 INFO : Inside postProcessBeforeInitialization() Method for Bean : customBean1
2020-09-08 20:11:08:197 INFO : Inside CustomBean1 afterConstruction() Method
2020-09-08 20:11:08:197 INFO : Inside CustomBean1 afterPropertiesSet() Method 
2020-09-08 20:11:08:197 INFO : Inside CustomBean1 Init() Method
2020-09-08 20:11:08:199 INFO : Inside postProcessAfterInitialization() Method for Bean : customBean1
2020-09-08 20:11:09:023 INFO : Started BootApplication in 3.176 seconds (JVM running for 782.209)
2020-09-08 20:11:19:038 INFO : Inside SchedulerService : fixedDelay() Method
2020-09-08 20:11:59:038 INFO : Inside SchedulerService : fixedRate() Method
2020-09-08 20:27:59:041 INFO : Inside SchedulerService : fixedDelay() Method
2020-09-08 20:28:39:028 INFO : Inside SchedulerService : fixedRate() Method
2020-09-08 20:28:59:479 INFO : Inside CustomBean1 beforeDestruction() Method
2020-09-08 20:28:59:480 INFO : Inside CustomBean1 Destroy() Method of Disposable Bean
2020-09-08 20:28:59:480 INFO : Inside CustomBean1 Destroy() Method
2020-09-08 20:28:59:619 INFO : Starting BootApplication using Java 14 on VIKAS-YADAV with PID 4144 (C:\Users\vicky\Documents\GitHub\Java_Projects\springBootJDK14\bin\main started by vicky in C:\Users\vicky\Documents\GitHub\Java_Projects\springBootJDK14)
2020-09-08 20:28:59:620 INFO : The following profiles are active: dev
2020-09-08 20:29:00:132 INFO : BeanPostProcessorsImplementation Instance is Created
2020-09-08 20:29:00:572 INFO : Beans Ordered is as follows : 1,2,3
2020-09-08 20:29:01:107 INFO : Bean2 Instantiated at Tue Sep 08 20:29:01 IST 2020
2020-09-08 20:29:01:701 INFO : Bean1 Instantiated at Tue Sep 08 20:29:01 IST 2020
2020-09-08 20:29:01:706 INFO : Inside postProcessBeforeInitialization() Method for Bean : customBean1
2020-09-08 20:29:01:706 INFO : Inside CustomBean1 afterConstruction() Method
2020-09-08 20:29:01:707 INFO : Inside CustomBean1 afterPropertiesSet() Method 
2020-09-08 20:29:01:707 INFO : Inside CustomBean1 Init() Method
2020-09-08 20:29:01:708 INFO : Inside postProcessAfterInitialization() Method for Bean : customBean1
2020-09-08 20:29:02:464 INFO : Started BootApplication in 2.885 seconds (JVM running for 1855.649)
2020-09-08 20:29:12:474 INFO : Inside SchedulerService : fixedDelay() Method
2020-09-08 20:29:52:471 INFO : Inside SchedulerService : fixedRate() Method
2020-09-08 20:35:14:792 INFO : Inside CustomBean1 beforeDestruction() Method
2020-09-08 20:35:14:793 INFO : Inside CustomBean1 Destroy() Method of Disposable Bean
2020-09-08 20:35:14:793 INFO : Inside CustomBean1 Destroy() Method
2020-09-08 20:35:14:923 INFO : Starting BootApplication using Java 14 on VIKAS-YADAV with PID 4144 (C:\Users\vicky\Documents\GitHub\Java_Projects\springBootJDK14\bin\main started by vicky in C:\Users\vicky\Documents\GitHub\Java_Projects\springBootJDK14)
2020-09-08 20:35:14:924 INFO : The following profiles are active: dev
2020-09-08 20:35:15:394 INFO : BeanPostProcessorsImplementation Instance is Created
2020-09-08 20:35:15:823 INFO : Beans Ordered is as follows : 1,2,3
2020-09-08 20:35:16:360 INFO : Bean2 Instantiated at Tue Sep 08 20:35:16 IST 2020
2020-09-08 20:35:17:073 INFO : Bean1 Instantiated at Tue Sep 08 20:35:17 IST 2020
2020-09-08 20:35:17:075 INFO : Inside postProcessBeforeInitialization() Method for Bean : customBean1
2020-09-08 20:35:17:075 INFO : Inside CustomBean1 afterConstruction() Method
2020-09-08 20:35:17:076 INFO : Inside CustomBean1 afterPropertiesSet() Method 
2020-09-08 20:35:17:076 INFO : Inside CustomBean1 Init() Method
2020-09-08 20:35:17:076 INFO : Inside postProcessAfterInitialization() Method for Bean : customBean1
2020-09-08 20:35:18:004 INFO : Started BootApplication in 3.119 seconds (JVM running for 2231.19)
2020-09-08 20:35:19:284 INFO : Inside CustomBean1 beforeDestruction() Method
2020-09-08 20:35:19:285 INFO : Inside CustomBean1 Destroy() Method of Disposable Bean
2020-09-08 20:35:19:286 INFO : Inside CustomBean1 Destroy() Method
2020-09-08 20:35:19:415 INFO : Starting BootApplication using Java 14 on VIKAS-YADAV with PID 4144 (C:\Users\vicky\Documents\GitHub\Java_Projects\springBootJDK14\bin\main started by vicky in C:\Users\vicky\Documents\GitHub\Java_Projects\springBootJDK14)
2020-09-08 20:35:19:416 INFO : The following profiles are active: dev
2020-09-08 20:35:19:874 INFO : BeanPostProcessorsImplementation Instance is Created
2020-09-08 20:35:20:305 INFO : Beans Ordered is as follows : 1,2,3
2020-09-08 20:35:20:823 INFO : Bean2 Instantiated at Tue Sep 08 20:35:20 IST 2020
2020-09-08 20:35:21:612 INFO : Bean1 Instantiated at Tue Sep 08 20:35:21 IST 2020
2020-09-08 20:35:21:617 INFO : Inside postProcessBeforeInitialization() Method for Bean : customBean1
2020-09-08 20:35:21:617 INFO : Inside CustomBean1 afterConstruction() Method
2020-09-08 20:35:21:617 INFO : Inside CustomBean1 afterPropertiesSet() Method 
2020-09-08 20:35:21:617 INFO : Inside CustomBean1 Init() Method
2020-09-08 20:35:21:618 INFO : Inside postProcessAfterInitialization() Method for Bean : customBean1
2020-09-08 20:35:22:398 INFO : Started BootApplication in 3.023 seconds (JVM running for 2235.584)
2020-09-08 20:35:32:407 INFO : Inside SchedulerService : fixedDelay() Method
2020-09-08 20:36:12:410 INFO : Inside SchedulerService : fixedRate() Method
2020-09-08 20:50:23:718 INFO : Inside CustomBean1 beforeDestruction() Method
2020-09-08 20:50:23:718 INFO : Inside CustomBean1 Destroy() Method of Disposable Bean
2020-09-08 20:50:23:719 INFO : Inside CustomBean1 Destroy() Method
2020-09-08 20:50:23:851 INFO : Starting BootApplication using Java 14 on VIKAS-YADAV with PID 4144 (C:\Users\vicky\Documents\GitHub\Java_Projects\springBootJDK14\bin\main started by vicky in C:\Users\vicky\Documents\GitHub\Java_Projects\springBootJDK14)
2020-09-08 20:50:23:852 INFO : The following profiles are active: dev
2020-09-08 20:50:24:430 INFO : BeanPostProcessorsImplementation Instance is Created
2020-09-08 20:50:24:949 INFO : Beans Ordered is as follows : 1,2,3
2020-09-08 20:50:25:490 INFO : Bean2 Instantiated at Tue Sep 08 20:50:25 IST 2020
2020-09-08 20:50:25:545 INFO : Bean1 Instantiated at Tue Sep 08 20:50:25 IST 2020
2020-09-08 20:50:25:548 INFO : Inside postProcessBeforeInitialization() Method for Bean : customBean1
2020-09-08 20:50:25:548 INFO : Inside CustomBean1 afterConstruction() Method
2020-09-08 20:50:25:548 INFO : Inside CustomBean1 afterPropertiesSet() Method 
2020-09-08 20:50:25:549 INFO : Inside CustomBean1 Init() Method
2020-09-08 20:50:25:550 INFO : Inside postProcessAfterInitialization() Method for Bean : customBean1
2020-09-08 20:50:26:428 INFO : Started BootApplication in 2.615 seconds (JVM running for 3139.614)
2020-09-08 20:50:27:665 INFO : Inside CustomBean1 beforeDestruction() Method
2020-09-08 20:50:27:666 INFO : Inside CustomBean1 Destroy() Method of Disposable Bean
2020-09-08 20:50:27:666 INFO : Inside CustomBean1 Destroy() Method
2020-09-08 20:50:27:815 INFO : Starting BootApplication using Java 14 on VIKAS-YADAV with PID 4144 (C:\Users\vicky\Documents\GitHub\Java_Projects\springBootJDK14\bin\main started by vicky in C:\Users\vicky\Documents\GitHub\Java_Projects\springBootJDK14)
2020-09-08 20:50:27:815 INFO : The following profiles are active: dev
2020-09-08 20:50:28:274 INFO : BeanPostProcessorsImplementation Instance is Created
2020-09-08 20:50:28:703 INFO : Beans Ordered is as follows : 1,2,3
2020-09-08 20:50:29:233 INFO : Bean2 Instantiated at Tue Sep 08 20:50:29 IST 2020
2020-09-08 20:50:29:314 INFO : Bean1 Instantiated at Tue Sep 08 20:50:29 IST 2020
2020-09-08 20:50:29:319 INFO : Inside postProcessBeforeInitialization() Method for Bean : customBean1
2020-09-08 20:50:29:319 INFO : Inside CustomBean1 afterConstruction() Method
2020-09-08 20:50:29:320 INFO : Inside CustomBean1 afterPropertiesSet() Method 
2020-09-08 20:50:29:320 INFO : Inside CustomBean1 Init() Method
2020-09-08 20:50:29:321 INFO : Inside postProcessAfterInitialization() Method for Bean : customBean1
2020-09-08 20:50:30:154 INFO : Started BootApplication in 2.378 seconds (JVM running for 3143.34)
2020-09-08 20:50:40:165 INFO : Inside SchedulerService : fixedDelay() Method
2020-09-08 20:51:20:160 INFO : Inside SchedulerService : fixedRate() Method
2020-09-08 21:00:06:564 INFO : Starting BootApplication using Java 14 on VIKAS-YADAV with PID 4300 (C:\Users\vicky\Documents\GitHub\Java_Projects\springBootJDK14\bin\main started by vicky in C:\Users\vicky\Documents\GitHub\Java_Projects\springBootJDK14)
2020-09-08 21:00:06:566 INFO : The following profiles are active: dev
2020-09-08 21:00:08:187 INFO : BeanPostProcessorsImplementation Instance is Created
2020-09-08 21:00:09:533 INFO : Beans Ordered is as follows : 1,2,3
2020-09-08 21:00:10:557 INFO : Bean2 Instantiated at Tue Sep 08 21:00:10 IST 2020
2020-09-08 21:00:11:228 INFO : Bean1 Instantiated at Tue Sep 08 21:00:11 IST 2020
2020-09-08 21:00:11:231 INFO : Inside postProcessBeforeInitialization() Method for Bean : customBean1
2020-09-08 21:00:11:231 INFO : Inside CustomBean1 afterConstruction() Method
2020-09-08 21:00:11:231 INFO : Inside CustomBean1 afterPropertiesSet() Method 
2020-09-08 21:00:11:232 INFO : Inside CustomBean1 Init() Method
2020-09-08 21:00:11:232 INFO : Inside postProcessAfterInitialization() Method for Bean : customBean1
2020-09-08 21:00:12:557 INFO : Started BootApplication in 6.423 seconds (JVM running for 7.371)
2020-09-08 21:00:22:562 INFO : Inside SchedulerService : fixedDelay() Method
2020-09-08 21:01:02:563 INFO : Inside SchedulerService : fixedRate() Method
2020-09-08 21:03:51:148 INFO : Inside CustomBean1 beforeDestruction() Method
2020-09-08 21:03:51:149 INFO : Inside CustomBean1 Destroy() Method of Disposable Bean
2020-09-08 21:03:51:149 INFO : Inside CustomBean1 Destroy() Method
2020-09-08 21:03:51:295 INFO : Starting BootApplication using Java 14 on VIKAS-YADAV with PID 4300 (C:\Users\vicky\Documents\GitHub\Java_Projects\springBootJDK14\bin\main started by vicky in C:\Users\vicky\Documents\GitHub\Java_Projects\springBootJDK14)
2020-09-08 21:03:51:296 INFO : The following profiles are active: dev
2020-09-08 21:03:51:809 INFO : BeanPostProcessorsImplementation Instance is Created
2020-09-08 21:03:52:263 INFO : Beans Ordered is as follows : 1,2,3
2020-09-08 21:03:52:811 INFO : Bean2 Instantiated at Tue Sep 08 21:03:52 IST 2020
2020-09-08 21:03:53:667 INFO : Bean1 Instantiated at Tue Sep 08 21:03:53 IST 2020
2020-09-08 21:03:53:671 INFO : Inside postProcessBeforeInitialization() Method for Bean : customBean1
2020-09-08 21:03:53:671 INFO : Inside CustomBean1 afterConstruction() Method
2020-09-08 21:03:53:672 INFO : Inside CustomBean1 afterPropertiesSet() Method 
2020-09-08 21:03:53:672 INFO : Inside CustomBean1 Init() Method
2020-09-08 21:03:53:673 INFO : Inside postProcessAfterInitialization() Method for Bean : customBean1
2020-09-08 21:03:54:513 INFO : Started BootApplication in 3.266 seconds (JVM running for 229.326)
2020-09-08 21:04:04:522 INFO : Inside SchedulerService : fixedDelay() Method
2020-09-08 21:04:44:523 INFO : Inside SchedulerService : fixedRate() Method
2020-09-08 21:07:07:817 INFO : Starting BootApplication using Java 14 on VIKAS-YADAV with PID 1616 (C:\Users\vicky\Documents\GitHub\Java_Projects\springBootJDK14\bin\main started by vicky in C:\Users\vicky\Documents\GitHub\Java_Projects\springBootJDK14)
2020-09-08 21:07:07:820 INFO : The following profiles are active: dev
2020-09-08 21:07:09:525 INFO : BeanPostProcessorsImplementation Instance is Created
2020-09-08 21:07:10:882 INFO : Beans Ordered is as follows : 1,2,3
2020-09-08 21:07:11:820 INFO : Bean2 Instantiated at Tue Sep 08 21:07:11 IST 2020
2020-09-08 21:07:12:470 INFO : Bean1 Instantiated at Tue Sep 08 21:07:12 IST 2020
2020-09-08 21:07:12:475 INFO : Inside postProcessBeforeInitialization() Method for Bean : customBean1
2020-09-08 21:07:12:476 INFO : Inside CustomBean1 afterConstruction() Method
2020-09-08 21:07:12:476 INFO : Inside CustomBean1 afterPropertiesSet() Method 
2020-09-08 21:07:12:476 INFO : Inside CustomBean1 Init() Method
2020-09-08 21:07:12:477 INFO : Inside postProcessAfterInitialization() Method for Bean : customBean1
2020-09-08 21:07:13:977 INFO : Started BootApplication in 6.595 seconds (JVM running for 7.688)
2020-09-08 21:07:23:985 INFO : Inside SchedulerService : fixedDelay() Method
2020-09-08 21:08:03:982 INFO : Inside SchedulerService : fixedRate() Method
2020-09-08 21:10:30:810 INFO : Inside CustomBean1 beforeDestruction() Method
2020-09-08 21:10:30:811 INFO : Inside CustomBean1 Destroy() Method of Disposable Bean
2020-09-08 21:10:30:811 INFO : Inside CustomBean1 Destroy() Method
2020-09-08 21:10:30:990 INFO : Starting BootApplication using Java 14 on VIKAS-YADAV with PID 1616 (C:\Users\vicky\Documents\GitHub\Java_Projects\springBootJDK14\bin\main started by vicky in C:\Users\vicky\Documents\GitHub\Java_Projects\springBootJDK14)
2020-09-08 21:10:30:991 INFO : The following profiles are active: dev
2020-09-08 21:10:31:533 INFO : BeanPostProcessorsImplementation Instance is Created
2020-09-08 21:10:32:019 INFO : Beans Ordered is as follows : 1,2,3
2020-09-08 21:10:32:676 INFO : Bean2 Instantiated at Tue Sep 08 21:10:32 IST 2020
2020-09-08 21:10:33:386 INFO : Bean1 Instantiated at Tue Sep 08 21:10:33 IST 2020
2020-09-08 21:10:33:395 INFO : Inside postProcessBeforeInitialization() Method for Bean : customBean1
2020-09-08 21:10:33:395 INFO : Inside CustomBean1 afterConstruction() Method
2020-09-08 21:10:33:396 INFO : Inside CustomBean1 afterPropertiesSet() Method 
2020-09-08 21:10:33:397 INFO : Inside CustomBean1 Init() Method
2020-09-08 21:10:33:400 INFO : Inside postProcessAfterInitialization() Method for Bean : customBean1
2020-09-08 21:10:34:233 INFO : Started BootApplication in 3.31 seconds (JVM running for 207.943)
2020-09-08 21:10:46:663 INFO : Starting BootApplication using Java 14 on VIKAS-YADAV with PID 8156 (C:\Users\vicky\Documents\GitHub\Java_Projects\springBootJDK14\bin\main started by vicky in C:\Users\vicky\Documents\GitHub\Java_Projects\springBootJDK14)
2020-09-08 21:10:46:664 INFO : The following profiles are active: dev
2020-09-08 21:10:48:363 INFO : BeanPostProcessorsImplementation Instance is Created
2020-09-08 21:10:49:678 INFO : Beans Ordered is as follows : 1,2,3
2020-09-08 21:12:42:416 INFO : Starting BootApplication using Java 14 on VIKAS-YADAV with PID 1180 (C:\Users\vicky\Documents\GitHub\Java_Projects\springBootJDK14\bin\main started by vicky in C:\Users\vicky\Documents\GitHub\Java_Projects\springBootJDK14)
2020-09-08 21:12:42:417 INFO : The following profiles are active: dev
2020-09-08 21:12:44:171 INFO : BeanPostProcessorsImplementation Instance is Created
2020-09-08 21:12:45:520 INFO : Beans Ordered is as follows : 1,2,3
2020-09-08 21:12:46:471 INFO : Bean2 Instantiated at Tue Sep 08 21:12:46 IST 2020
2020-09-08 21:12:47:347 INFO : Bean1 Instantiated at Tue Sep 08 21:12:47 IST 2020
2020-09-08 21:12:47:354 INFO : Inside postProcessBeforeInitialization() Method for Bean : customBean1
2020-09-08 21:12:47:354 INFO : Inside CustomBean1 afterConstruction() Method
2020-09-08 21:12:47:354 INFO : Inside CustomBean1 afterPropertiesSet() Method 
2020-09-08 21:12:47:355 INFO : Inside CustomBean1 Init() Method
2020-09-08 21:12:47:355 INFO : Inside postProcessAfterInitialization() Method for Bean : customBean1
2020-09-08 21:12:48:872 INFO : Started BootApplication in 6.914 seconds (JVM running for 7.793)
2020-09-08 21:12:58:881 INFO : Inside SchedulerService : fixedDelay() Method
2020-09-08 21:13:38:876 INFO : Inside SchedulerService : fixedRate() Method
2020-09-08 21:22:35:135 INFO : Inside CustomBean1 beforeDestruction() Method
2020-09-08 21:22:35:136 INFO : Inside CustomBean1 Destroy() Method of Disposable Bean
2020-09-08 21:22:35:137 INFO : Inside CustomBean1 Destroy() Method
2020-09-08 21:22:35:294 INFO : Starting BootApplication using Java 14 on VIKAS-YADAV with PID 1180 (C:\Users\vicky\Documents\GitHub\Java_Projects\springBootJDK14\bin\main started by vicky in C:\Users\vicky\Documents\GitHub\Java_Projects\springBootJDK14)
2020-09-08 21:22:35:295 INFO : The following profiles are active: dev
2020-09-08 21:22:35:895 INFO : BeanPostProcessorsImplementation Instance is Created
2020-09-08 21:22:36:404 INFO : Beans Ordered is as follows : 1,2,3
2020-09-08 21:22:36:983 INFO : Bean2 Instantiated at Tue Sep 08 21:22:36 IST 2020
2020-09-08 21:22:37:699 INFO : Bean1 Instantiated at Tue Sep 08 21:22:37 IST 2020
2020-09-08 21:22:37:705 INFO : Inside postProcessBeforeInitialization() Method for Bean : customBean1
2020-09-08 21:22:37:705 INFO : Inside CustomBean1 afterConstruction() Method
2020-09-08 21:22:37:705 INFO : Inside CustomBean1 afterPropertiesSet() Method 
2020-09-08 21:22:37:705 INFO : Inside CustomBean1 Init() Method
2020-09-08 21:22:37:706 INFO : Inside postProcessAfterInitialization() Method for Bean : customBean1
2020-09-08 21:22:38:515 INFO : Started BootApplication in 3.274 seconds (JVM running for 597.436)
2020-09-08 21:22:48:516 INFO : Inside SchedulerService : fixedDelay() Method
2020-09-08 21:23:28:515 INFO : Inside SchedulerService : fixedRate() Method
2020-09-08 21:26:03:337 INFO : Inside CustomBean1 beforeDestruction() Method
2020-09-08 21:26:03:337 INFO : Inside CustomBean1 Destroy() Method of Disposable Bean
2020-09-08 21:26:03:338 INFO : Inside CustomBean1 Destroy() Method
2020-09-08 21:26:03:657 INFO : Starting BootApplication using Java 14 on VIKAS-YADAV with PID 1180 (C:\Users\vicky\Documents\GitHub\Java_Projects\springBootJDK14\bin\main started by vicky in C:\Users\vicky\Documents\GitHub\Java_Projects\springBootJDK14)
2020-09-08 21:26:03:658 INFO : The following profiles are active: dev
2020-09-08 21:26:05:069 INFO : BeanPostProcessorsImplementation Instance is Created
2020-09-08 21:26:06:213 INFO : Beans Ordered is as follows : 1,2,3
2020-09-08 21:26:07:518 INFO : Bean2 Instantiated at Tue Sep 08 21:26:07 IST 2020
2020-09-08 21:26:07:679 INFO : Bean1 Instantiated at Tue Sep 08 21:26:07 IST 2020
2020-09-08 21:26:07:690 INFO : Inside postProcessBeforeInitialization() Method for Bean : customBean1
2020-09-08 21:26:07:691 INFO : Inside CustomBean1 afterConstruction() Method
2020-09-08 21:26:07:692 INFO : Inside CustomBean1 afterPropertiesSet() Method 
2020-09-08 21:26:07:693 INFO : Inside CustomBean1 Init() Method
2020-09-08 21:26:07:697 INFO : Inside postProcessAfterInitialization() Method for Bean : customBean1
2020-09-08 21:26:09:933 INFO : Started BootApplication in 6.391 seconds (JVM running for 808.854)
2020-09-08 21:26:19:938 INFO : Inside SchedulerService : fixedDelay() Method
2020-09-08 21:26:40:652 INFO : Inside CustomBean1 beforeDestruction() Method
2020-09-08 21:26:40:652 INFO : Inside CustomBean1 Destroy() Method of Disposable Bean
2020-09-08 21:26:40:653 INFO : Inside CustomBean1 Destroy() Method
2020-09-08 21:26:40:809 INFO : Starting BootApplication using Java 14 on VIKAS-YADAV with PID 1180 (C:\Users\vicky\Documents\GitHub\Java_Projects\springBootJDK14\bin\main started by vicky in C:\Users\vicky\Documents\GitHub\Java_Projects\springBootJDK14)
2020-09-08 21:26:40:809 INFO : The following profiles are active: dev
2020-09-08 21:26:41:298 INFO : BeanPostProcessorsImplementation Instance is Created
2020-09-08 21:26:41:751 INFO : Beans Ordered is as follows : 1,2,3
2020-09-08 21:26:42:378 INFO : Bean2 Instantiated at Tue Sep 08 21:26:42 IST 2020
2020-09-08 21:26:42:547 INFO : Bean1 Instantiated at Tue Sep 08 21:26:42 IST 2020
2020-09-08 21:26:42:554 INFO : Inside postProcessBeforeInitialization() Method for Bean : customBean1
2020-09-08 21:26:42:555 INFO : Inside CustomBean1 afterConstruction() Method
2020-09-08 21:26:42:556 INFO : Inside CustomBean1 afterPropertiesSet() Method 
2020-09-08 21:26:42:558 INFO : Inside CustomBean1 Init() Method
2020-09-08 21:26:42:562 INFO : Inside postProcessAfterInitialization() Method for Bean : customBean1
2020-09-08 21:26:43:625 INFO : Started BootApplication in 2.872 seconds (JVM running for 842.546)
2020-09-08 21:26:53:630 INFO : Inside SchedulerService : fixedDelay() Method
2020-09-08 21:27:33:625 INFO : Inside SchedulerService : fixedRate() Method
2020-09-08 21:27:52:050 INFO : Inside CustomBean1 beforeDestruction() Method
2020-09-08 21:27:52:050 INFO : Inside CustomBean1 Destroy() Method of Disposable Bean
2020-09-08 21:27:52:051 INFO : Inside CustomBean1 Destroy() Method
2020-09-08 21:27:52:209 INFO : Starting BootApplication using Java 14 on VIKAS-YADAV with PID 1180 (C:\Users\vicky\Documents\GitHub\Java_Projects\springBootJDK14\bin\main started by vicky in C:\Users\vicky\Documents\GitHub\Java_Projects\springBootJDK14)
2020-09-08 21:27:52:209 INFO : The following profiles are active: dev
2020-09-08 21:27:52:711 INFO : BeanPostProcessorsImplementation Instance is Created
2020-09-08 21:27:53:203 INFO : Beans Ordered is as follows : 1,2,3
2020-09-08 21:27:53:769 INFO : Bean2 Instantiated at Tue Sep 08 21:27:53 IST 2020
2020-09-08 21:27:54:107 INFO : Bean1 Instantiated at Tue Sep 08 21:27:54 IST 2020
2020-09-08 21:27:54:114 INFO : Inside postProcessBeforeInitialization() Method for Bean : customBean1
2020-09-08 21:27:54:115 INFO : Inside CustomBean1 afterConstruction() Method
2020-09-08 21:27:54:116 INFO : Inside CustomBean1 afterPropertiesSet() Method 
2020-09-08 21:27:54:116 INFO : Inside CustomBean1 Init() Method
2020-09-08 21:27:54:119 INFO : Inside postProcessAfterInitialization() Method for Bean : customBean1
2020-09-08 21:27:55:013 INFO : Started BootApplication in 2.859 seconds (JVM running for 913.934)
2020-09-08 21:28:05:014 INFO : Inside SchedulerService : fixedDelay() Method
2020-09-08 21:28:45:023 INFO : Inside SchedulerService : fixedRate() Method
2020-09-08 21:30:03:704 INFO : Inside CustomBean1 beforeDestruction() Method
2020-09-08 21:30:03:705 INFO : Inside CustomBean1 Destroy() Method of Disposable Bean
2020-09-08 21:30:03:705 INFO : Inside CustomBean1 Destroy() Method
2020-09-08 21:30:04:020 INFO : Starting BootApplication using Java 14 on VIKAS-YADAV with PID 1180 (C:\Users\vicky\Documents\GitHub\Java_Projects\springBootJDK14\bin\main started by vicky in C:\Users\vicky\Documents\GitHub\Java_Projects\springBootJDK14)
2020-09-08 21:30:04:021 INFO : The following profiles are active: dev
2020-09-08 21:30:05:342 INFO : BeanPostProcessorsImplementation Instance is Created
2020-09-08 21:30:06:615 INFO : Beans Ordered is as follows : 1,2,3
2020-09-08 21:30:08:015 INFO : Bean2 Instantiated at Tue Sep 08 21:30:08 IST 2020
2020-09-08 21:30:08:806 INFO : Bean1 Instantiated at Tue Sep 08 21:30:08 IST 2020
2020-09-08 21:30:08:813 INFO : Inside postProcessBeforeInitialization() Method for Bean : customBean1
2020-09-08 21:30:08:814 INFO : Inside CustomBean1 afterConstruction() Method
2020-09-08 21:30:08:814 INFO : Inside CustomBean1 afterPropertiesSet() Method 
2020-09-08 21:30:08:815 INFO : Inside CustomBean1 Init() Method
2020-09-08 21:30:08:818 INFO : Inside postProcessAfterInitialization() Method for Bean : customBean1
2020-09-08 21:30:11:063 INFO : Started BootApplication in 7.163 seconds (JVM running for 1049.984)
2020-09-08 21:30:21:070 INFO : Inside SchedulerService : fixedDelay() Method
2020-09-08 21:31:01:074 INFO : Inside SchedulerService : fixedRate() Method
2020-09-08 21:39:32:186 INFO : Inside CustomBean1 beforeDestruction() Method
2020-09-08 21:39:32:187 INFO : Inside CustomBean1 Destroy() Method of Disposable Bean
2020-09-08 21:39:32:187 INFO : Inside CustomBean1 Destroy() Method
2020-09-08 21:39:32:324 INFO : Starting BootApplication using Java 14 on VIKAS-YADAV with PID 1180 (C:\Users\vicky\Documents\GitHub\Java_Projects\springBootJDK14\bin\main started by vicky in C:\Users\vicky\Documents\GitHub\Java_Projects\springBootJDK14)
2020-09-08 21:39:32:324 INFO : The following profiles are active: dev
2020-09-08 21:39:32:833 INFO : BeanPostProcessorsImplementation Instance is Created
2020-09-08 21:39:33:296 INFO : Beans Ordered is as follows : 1,2,3
2020-09-08 21:39:34:089 INFO : Bean2 Instantiated at Tue Sep 08 21:39:34 IST 2020
2020-09-08 21:39:34:881 INFO : Bean1 Instantiated at Tue Sep 08 21:39:34 IST 2020
2020-09-08 21:39:34:890 INFO : Inside postProcessBeforeInitialization() Method for Bean : customBean1
2020-09-08 21:39:34:891 INFO : Inside CustomBean1 afterConstruction() Method
2020-09-08 21:39:34:892 INFO : Inside CustomBean1 afterPropertiesSet() Method 
2020-09-08 21:39:34:892 INFO : Inside CustomBean1 Init() Method
2020-09-08 21:39:34:897 INFO : Inside postProcessAfterInitialization() Method for Bean : customBean1
2020-09-08 21:39:36:833 INFO : Started BootApplication in 4.556 seconds (JVM running for 1615.755)
2020-09-08 21:39:42:362 INFO : Inside CustomBean1 beforeDestruction() Method
2020-09-08 21:39:42:364 INFO : Inside CustomBean1 Destroy() Method of Disposable Bean
2020-09-08 21:39:42:365 INFO : Inside CustomBean1 Destroy() Method
2020-09-08 21:39:42:664 INFO : Starting BootApplication using Java 14 on VIKAS-YADAV with PID 1180 (C:\Users\vicky\Documents\GitHub\Java_Projects\springBootJDK14\bin\main started by vicky in C:\Users\vicky\Documents\GitHub\Java_Projects\springBootJDK14)
2020-09-08 21:39:42:666 INFO : The following profiles are active: dev
2020-09-08 21:39:43:848 INFO : BeanPostProcessorsImplementation Instance is Created
2020-09-08 21:39:45:007 INFO : Beans Ordered is as follows : 1,2,3
2020-09-08 21:39:46:256 INFO : Bean2 Instantiated at Tue Sep 08 21:39:46 IST 2020
2020-09-08 21:39:46:603 INFO : Bean1 Instantiated at Tue Sep 08 21:39:46 IST 2020
2020-09-08 21:39:46:609 INFO : Inside postProcessBeforeInitialization() Method for Bean : customBean1
2020-09-08 21:39:46:610 INFO : Inside CustomBean1 afterConstruction() Method
2020-09-08 21:39:46:610 INFO : Inside CustomBean1 afterPropertiesSet() Method 
2020-09-08 21:39:46:611 INFO : Inside CustomBean1 Init() Method
2020-09-08 21:39:46:614 INFO : Inside postProcessAfterInitialization() Method for Bean : customBean1
2020-09-08 21:39:48:661 INFO : Started BootApplication in 6.109 seconds (JVM running for 1627.582)
2020-09-08 21:39:58:667 INFO : Inside SchedulerService : fixedDelay() Method
2020-09-08 21:40:38:666 INFO : Inside SchedulerService : fixedRate() Method
2020-09-08 21:40:46:513 INFO : Inside CustomBean1 beforeDestruction() Method
2020-09-08 21:40:46:514 INFO : Inside CustomBean1 Destroy() Method of Disposable Bean
2020-09-08 21:40:46:515 INFO : Inside CustomBean1 Destroy() Method
2020-09-08 21:40:46:691 INFO : Starting BootApplication using Java 14 on VIKAS-YADAV with PID 1180 (C:\Users\vicky\Documents\GitHub\Java_Projects\springBootJDK14\bin\main started by vicky in C:\Users\vicky\Documents\GitHub\Java_Projects\springBootJDK14)
2020-09-08 21:40:46:692 INFO : The following profiles are active: dev
2020-09-08 21:40:47:201 INFO : BeanPostProcessorsImplementation Instance is Created
2020-09-08 21:40:47:671 INFO : Beans Ordered is as follows : 1,2,3
2020-09-08 21:40:48:240 INFO : Bean2 Instantiated at Tue Sep 08 21:40:48 IST 2020
2020-09-08 21:40:48:407 INFO : Bean1 Instantiated at Tue Sep 08 21:40:48 IST 2020
2020-09-08 21:40:48:413 INFO : Inside postProcessBeforeInitialization() Method for Bean : customBean1
2020-09-08 21:40:48:413 INFO : Inside CustomBean1 afterConstruction() Method
2020-09-08 21:40:48:414 INFO : Inside CustomBean1 afterPropertiesSet() Method 
2020-09-08 21:40:48:414 INFO : Inside CustomBean1 Init() Method
2020-09-08 21:40:48:418 INFO : Inside postProcessAfterInitialization() Method for Bean : customBean1
2020-09-08 21:40:49:279 INFO : Started BootApplication in 2.653 seconds (JVM running for 1688.2)
2020-09-08 21:40:59:291 INFO : Inside SchedulerService : fixedDelay() Method
2020-09-08 21:41:39:284 INFO : Inside SchedulerService : fixedRate() Method
2020-09-08 21:42:45:371 INFO : Inside CustomBean1 beforeDestruction() Method
2020-09-08 21:42:45:372 INFO : Inside CustomBean1 Destroy() Method of Disposable Bean
2020-09-08 21:42:45:372 INFO : Inside CustomBean1 Destroy() Method
2020-09-08 21:42:45:712 INFO : Starting BootApplication using Java 14 on VIKAS-YADAV with PID 1180 (C:\Users\vicky\Documents\GitHub\Java_Projects\springBootJDK14\bin\main started by vicky in C:\Users\vicky\Documents\GitHub\Java_Projects\springBootJDK14)
2020-09-08 21:42:45:713 INFO : The following profiles are active: dev
2020-09-08 21:42:46:983 INFO : BeanPostProcessorsImplementation Instance is Created
2020-09-08 21:42:48:191 INFO : Beans Ordered is as follows : 1,2,3
2020-09-08 21:42:49:496 INFO : Bean2 Instantiated at Tue Sep 08 21:42:49 IST 2020
2020-09-08 21:42:49:523 INFO : Bean1 Instantiated at Tue Sep 08 21:42:49 IST 2020
2020-09-08 21:42:49:527 INFO : Inside postProcessBeforeInitialization() Method for Bean : customBean1
2020-09-08 21:42:49:527 INFO : Inside CustomBean1 afterConstruction() Method
2020-09-08 21:42:49:528 INFO : Inside CustomBean1 afterPropertiesSet() Method 
2020-09-08 21:42:49:528 INFO : Inside CustomBean1 Init() Method
2020-09-08 21:42:49:530 INFO : Inside postProcessAfterInitialization() Method for Bean : customBean1
2020-09-08 21:42:51:420 INFO : Started BootApplication in 5.836 seconds (JVM running for 1810.341)
2020-09-08 21:43:01:432 INFO : Inside SchedulerService : fixedDelay() Method
2020-09-08 21:43:41:426 INFO : Inside SchedulerService : fixedRate() Method
2020-09-08 21:44:04:947 INFO : Inside CustomBean1 beforeDestruction() Method
2020-09-08 21:44:04:949 INFO : Inside CustomBean1 Destroy() Method of Disposable Bean
2020-09-08 21:44:04:949 INFO : Inside CustomBean1 Destroy() Method
2020-09-08 21:44:05:097 INFO : Starting BootApplication using Java 14 on VIKAS-YADAV with PID 1180 (C:\Users\vicky\Documents\GitHub\Java_Projects\springBootJDK14\bin\main started by vicky in C:\Users\vicky\Documents\GitHub\Java_Projects\springBootJDK14)
2020-09-08 21:44:05:097 INFO : The following profiles are active: dev
2020-09-08 21:44:05:579 INFO : BeanPostProcessorsImplementation Instance is Created
2020-09-08 21:44:06:046 INFO : Beans Ordered is as follows : 1,2,3
2020-09-08 21:44:06:599 INFO : Bean2 Instantiated at Tue Sep 08 21:44:06 IST 2020
2020-09-08 21:44:06:930 INFO : Bean1 Instantiated at Tue Sep 08 21:44:06 IST 2020
2020-09-08 21:44:06:936 INFO : Inside postProcessBeforeInitialization() Method for Bean : customBean1
2020-09-08 21:44:06:936 INFO : Inside CustomBean1 afterConstruction() Method
2020-09-08 21:44:06:936 INFO : Inside CustomBean1 afterPropertiesSet() Method 
2020-09-08 21:44:06:936 INFO : Inside CustomBean1 Init() Method
2020-09-08 21:44:06:937 INFO : Inside postProcessAfterInitialization() Method for Bean : customBean1
2020-09-08 21:44:07:778 INFO : Started BootApplication in 2.73 seconds (JVM running for 1886.699)
2020-09-08 21:44:17:787 INFO : Inside SchedulerService : fixedDelay() Method
2020-09-08 21:44:55:395 INFO : Inside CustomBean1 beforeDestruction() Method
2020-09-08 21:44:55:396 INFO : Inside CustomBean1 Destroy() Method of Disposable Bean
2020-09-08 21:44:55:396 INFO : Inside CustomBean1 Destroy() Method
2020-09-08 21:44:55:532 INFO : Starting BootApplication using Java 14 on VIKAS-YADAV with PID 1180 (C:\Users\vicky\Documents\GitHub\Java_Projects\springBootJDK14\bin\main started by vicky in C:\Users\vicky\Documents\GitHub\Java_Projects\springBootJDK14)
2020-09-08 21:44:55:532 INFO : The following profiles are active: dev
2020-09-08 21:44:56:036 INFO : BeanPostProcessorsImplementation Instance is Created
2020-09-08 21:44:56:504 INFO : Beans Ordered is as follows : 1,2,3
2020-09-08 21:44:57:094 INFO : Bean2 Instantiated at Tue Sep 08 21:44:57 IST 2020
2020-09-08 21:44:57:952 INFO : Bean1 Instantiated at Tue Sep 08 21:44:57 IST 2020
2020-09-08 21:44:57:958 INFO : Inside postProcessBeforeInitialization() Method for Bean : customBean1
2020-09-08 21:44:57:959 INFO : Inside CustomBean1 afterConstruction() Method
2020-09-08 21:44:57:960 INFO : Inside CustomBean1 afterPropertiesSet() Method 
2020-09-08 21:44:57:960 INFO : Inside CustomBean1 Init() Method
2020-09-08 21:44:57:962 INFO : Inside postProcessAfterInitialization() Method for Bean : customBean1
2020-09-08 21:44:58:845 INFO : Started BootApplication in 3.359 seconds (JVM running for 1937.766)
2020-09-08 21:45:08:849 INFO : Inside SchedulerService : fixedDelay() Method
2020-09-08 21:45:48:853 INFO : Inside SchedulerService : fixedRate() Method
2020-09-08 21:51:17:552 INFO : Inside CustomBean1 beforeDestruction() Method
2020-09-08 21:51:17:553 INFO : Inside CustomBean1 Destroy() Method of Disposable Bean
2020-09-08 21:51:17:553 INFO : Inside CustomBean1 Destroy() Method
2020-09-08 21:51:17:709 INFO : Starting BootApplication using Java 14 on VIKAS-YADAV with PID 1180 (C:\Users\vicky\Documents\GitHub\Java_Projects\springBootJDK14\bin\main started by vicky in C:\Users\vicky\Documents\GitHub\Java_Projects\springBootJDK14)
2020-09-08 21:51:17:709 INFO : The following profiles are active: dev
2020-09-08 21:51:18:220 INFO : BeanPostProcessorsImplementation Instance is Created
2020-09-08 21:51:18:688 INFO : Beans Ordered is as follows : 1,2,3
2020-09-08 21:51:19:260 INFO : Bean2 Instantiated at Tue Sep 08 21:51:19 IST 2020
2020-09-08 21:51:19:548 INFO : Bean1 Instantiated at Tue Sep 08 21:51:19 IST 2020
2020-09-08 21:51:19:555 INFO : Inside postProcessBeforeInitialization() Method for Bean : customBean1
2020-09-08 21:51:19:556 INFO : Inside CustomBean1 afterConstruction() Method
2020-09-08 21:51:19:556 INFO : Inside CustomBean1 afterPropertiesSet() Method 
2020-09-08 21:51:19:557 INFO : Inside CustomBean1 Init() Method
2020-09-08 21:51:19:560 INFO : Inside postProcessAfterInitialization() Method for Bean : customBean1
2020-09-08 21:51:20:548 INFO : Started BootApplication in 2.889 seconds (JVM running for 2319.469)
2020-09-08 21:51:30:373 INFO : Inside CustomBean1 beforeDestruction() Method
2020-09-08 21:51:30:374 INFO : Inside CustomBean1 Destroy() Method of Disposable Bean
2020-09-08 21:51:30:375 INFO : Inside CustomBean1 Destroy() Method
2020-09-08 21:51:30:529 INFO : Starting BootApplication using Java 14 on VIKAS-YADAV with PID 1180 (C:\Users\vicky\Documents\GitHub\Java_Projects\springBootJDK14\bin\main started by vicky in C:\Users\vicky\Documents\GitHub\Java_Projects\springBootJDK14)
2020-09-08 21:51:30:529 INFO : The following profiles are active: dev
2020-09-08 21:51:31:015 INFO : BeanPostProcessorsImplementation Instance is Created
2020-09-08 21:51:31:579 INFO : Beans Ordered is as follows : 1,2,3
2020-09-08 21:51:32:171 INFO : Bean2 Instantiated at Tue Sep 08 21:51:32 IST 2020
2020-09-08 21:51:32:409 INFO : Bean1 Instantiated at Tue Sep 08 21:51:32 IST 2020
2020-09-08 21:51:32:416 INFO : Inside postProcessBeforeInitialization() Method for Bean : customBean1
2020-09-08 21:51:32:417 INFO : Inside CustomBean1 afterConstruction() Method
2020-09-08 21:51:32:418 INFO : Inside CustomBean1 afterPropertiesSet() Method 
2020-09-08 21:51:32:418 INFO : Inside CustomBean1 Init() Method
2020-09-08 21:51:32:421 INFO : Inside postProcessAfterInitialization() Method for Bean : customBean1
2020-09-08 21:51:33:289 INFO : Started BootApplication in 2.807 seconds (JVM running for 2332.21)
2020-09-08 21:51:43:300 INFO : Inside SchedulerService : fixedDelay() Method
2020-09-08 21:52:23:294 INFO : Inside SchedulerService : fixedRate() Method
2020-09-08 21:53:26:652 INFO : Inside CustomBean1 beforeDestruction() Method
2020-09-08 21:53:26:653 INFO : Inside CustomBean1 Destroy() Method of Disposable Bean
2020-09-08 21:53:26:653 INFO : Inside CustomBean1 Destroy() Method
2020-09-08 21:53:26:813 INFO : Starting BootApplication using Java 14 on VIKAS-YADAV with PID 1180 (C:\Users\vicky\Documents\GitHub\Java_Projects\springBootJDK14\bin\main started by vicky in C:\Users\vicky\Documents\GitHub\Java_Projects\springBootJDK14)
2020-09-08 21:53:26:814 INFO : The following profiles are active: dev
2020-09-08 21:53:27:318 INFO : BeanPostProcessorsImplementation Instance is Created
2020-09-08 21:53:27:816 INFO : Beans Ordered is as follows : 1,2,3
2020-09-08 21:53:28:365 INFO : Bean2 Instantiated at Tue Sep 08 21:53:28 IST 2020
2020-09-08 21:53:28:908 INFO : Bean1 Instantiated at Tue Sep 08 21:53:28 IST 2020
2020-09-08 21:53:28:913 INFO : Inside postProcessBeforeInitialization() Method for Bean : customBean1
2020-09-08 21:53:28:914 INFO : Inside CustomBean1 afterConstruction() Method
2020-09-08 21:53:28:914 INFO : Inside CustomBean1 afterPropertiesSet() Method 
2020-09-08 21:53:28:914 INFO : Inside CustomBean1 Init() Method
2020-09-08 21:53:28:915 INFO : Inside postProcessAfterInitialization() Method for Bean : customBean1
2020-09-08 21:53:29:736 INFO : Started BootApplication in 2.968 seconds (JVM running for 2448.657)
2020-09-08 21:53:39:736 INFO : Inside SchedulerService : fixedDelay() Method
2020-09-08 21:54:19:737 INFO : Inside SchedulerService : fixedRate() Method
2020-09-08 21:54:23:029 INFO : Inside CustomBean1 beforeDestruction() Method
2020-09-08 21:54:23:030 INFO : Inside CustomBean1 Destroy() Method of Disposable Bean
2020-09-08 21:54:23:030 INFO : Inside CustomBean1 Destroy() Method
2020-09-08 21:54:23:179 INFO : Starting BootApplication using Java 14 on VIKAS-YADAV with PID 1180 (C:\Users\vicky\Documents\GitHub\Java_Projects\springBootJDK14\bin\main started by vicky in C:\Users\vicky\Documents\GitHub\Java_Projects\springBootJDK14)
2020-09-08 21:54:23:179 INFO : The following profiles are active: dev
2020-09-08 21:54:23:662 INFO : BeanPostProcessorsImplementation Instance is Created
2020-09-08 21:54:24:184 INFO : Beans Ordered is as follows : 1,2,3
2020-09-08 21:54:24:761 INFO : Bean2 Instantiated at Tue Sep 08 21:54:24 IST 2020
2020-09-08 21:54:24:889 INFO : Bean1 Instantiated at Tue Sep 08 21:54:24 IST 2020
2020-09-08 21:54:24:894 INFO : Inside postProcessBeforeInitialization() Method for Bean : customBean1
2020-09-08 21:54:24:894 INFO : Inside CustomBean1 afterConstruction() Method
2020-09-08 21:54:24:895 INFO : Inside CustomBean1 afterPropertiesSet() Method 
2020-09-08 21:54:24:895 INFO : Inside CustomBean1 Init() Method
2020-09-08 21:54:24:903 INFO : Inside postProcessAfterInitialization() Method for Bean : customBean1
2020-09-08 21:54:25:816 INFO : Started BootApplication in 2.681 seconds (JVM running for 2504.737)
2020-09-08 21:54:35:816 INFO : Inside SchedulerService : fixedDelay() Method
2020-09-08 21:55:15:816 INFO : Inside SchedulerService : fixedRate() Method
2020-09-08 21:55:52:057 INFO : Inside CustomBean1 beforeDestruction() Method
2020-09-08 21:55:52:058 INFO : Inside CustomBean1 Destroy() Method of Disposable Bean
2020-09-08 21:55:52:058 INFO : Inside CustomBean1 Destroy() Method
2020-09-08 21:55:52:238 INFO : Starting BootApplication using Java 14 on VIKAS-YADAV with PID 1180 (C:\Users\vicky\Documents\GitHub\Java_Projects\springBootJDK14\bin\main started by vicky in C:\Users\vicky\Documents\GitHub\Java_Projects\springBootJDK14)
2020-09-08 21:55:52:238 INFO : The following profiles are active: dev
2020-09-08 21:55:52:713 INFO : BeanPostProcessorsImplementation Instance is Created
2020-09-08 21:55:53:195 INFO : Beans Ordered is as follows : 1,2,3
2020-09-08 21:55:53:767 INFO : Bean2 Instantiated at Tue Sep 08 21:55:53 IST 2020
2020-09-08 21:55:53:908 INFO : Bean1 Instantiated at Tue Sep 08 21:55:53 IST 2020
2020-09-08 21:55:53:914 INFO : Inside postProcessBeforeInitialization() Method for Bean : customBean1
2020-09-08 21:55:53:915 INFO : Inside CustomBean1 afterConstruction() Method
2020-09-08 21:55:53:915 INFO : Inside CustomBean1 afterPropertiesSet() Method 
2020-09-08 21:55:53:916 INFO : Inside CustomBean1 Init() Method
2020-09-08 21:55:53:919 INFO : Inside postProcessAfterInitialization() Method for Bean : customBean1
2020-09-08 21:55:54:824 INFO : Started BootApplication in 2.64 seconds (JVM running for 2593.745)
2020-09-08 21:56:04:830 INFO : Inside SchedulerService : fixedDelay() Method
2020-09-08 21:56:44:824 INFO : Inside SchedulerService : fixedRate() Method
2020-09-08 21:59:27:494 INFO : Inside CustomBean1 beforeDestruction() Method
2020-09-08 21:59:27:494 INFO : Inside CustomBean1 Destroy() Method of Disposable Bean
2020-09-08 21:59:27:495 INFO : Inside CustomBean1 Destroy() Method
2020-09-08 21:59:27:642 INFO : Starting BootApplication using Java 14 on VIKAS-YADAV with PID 1180 (C:\Users\vicky\Documents\GitHub\Java_Projects\springBootJDK14\bin\main started by vicky in C:\Users\vicky\Documents\GitHub\Java_Projects\springBootJDK14)
2020-09-08 21:59:27:643 INFO : The following profiles are active: dev
2020-09-08 21:59:28:115 INFO : BeanPostProcessorsImplementation Instance is Created
2020-09-08 21:59:28:600 INFO : Beans Ordered is as follows : 1,2,3
2020-09-08 21:59:29:167 INFO : Bean2 Instantiated at Tue Sep 08 21:59:29 IST 2020
2020-09-08 21:59:29:884 INFO : Bean1 Instantiated at Tue Sep 08 21:59:29 IST 2020
2020-09-08 21:59:29:887 INFO : Inside postProcessBeforeInitialization() Method for Bean : customBean1
2020-09-08 21:59:29:887 INFO : Inside CustomBean1 afterConstruction() Method
2020-09-08 21:59:29:888 INFO : Inside CustomBean1 afterPropertiesSet() Method 
2020-09-08 21:59:29:888 INFO : Inside CustomBean1 Init() Method
2020-09-08 21:59:29:890 INFO : Inside postProcessAfterInitialization() Method for Bean : customBean1
2020-09-08 21:59:30:762 INFO : Started BootApplication in 3.163 seconds (JVM running for 2809.684)
2020-09-08 21:59:40:776 INFO : Inside SchedulerService : fixedDelay() Method
2020-09-08 22:00:00:005 INFO : Inside SchedulerService : cronJobSchedulerUsingAnnotations() Method
2020-09-08 22:00:20:762 INFO : Inside SchedulerService : fixedRate() Method
2020-09-08 22:00:34:253 INFO : Starting BootApplication using Java 14 on VIKAS-YADAV with PID 10640 (C:\Users\vicky\Documents\GitHub\Java_Projects\springBootJDK14\bin\main started by vicky in C:\Users\vicky\Documents\GitHub\Java_Projects\springBootJDK14)
2020-09-08 22:00:34:256 INFO : The following profiles are active: dev
2020-09-08 22:00:35:977 INFO : BeanPostProcessorsImplementation Instance is Created
2020-09-08 22:00:39:085 INFO : Beans Ordered is as follows : 1,2,3
2020-09-08 22:00:41:793 INFO : Bean2 Instantiated at Tue Sep 08 22:00:41 IST 2020
2020-09-08 22:00:41:922 INFO : Bean1 Instantiated at Tue Sep 08 22:00:41 IST 2020
2020-09-08 22:00:41:932 INFO : Inside postProcessBeforeInitialization() Method for Bean : customBean1
2020-09-08 22:00:41:933 INFO : Inside CustomBean1 afterConstruction() Method
2020-09-08 22:00:41:934 INFO : Inside CustomBean1 afterPropertiesSet() Method 
2020-09-08 22:00:41:935 INFO : Inside CustomBean1 Init() Method
2020-09-08 22:00:41:939 INFO : Inside postProcessAfterInitialization() Method for Bean : customBean1
2020-09-08 22:00:45:318 INFO : Started BootApplication in 11.547 seconds (JVM running for 12.447)
2020-09-08 22:00:55:326 INFO : Inside SchedulerService : fixedDelay() Method
2020-09-08 22:01:35:323 INFO : Inside SchedulerService : fixedRate() Method
2020-09-08 22:04:42:300 INFO : Inside CustomBean1 beforeDestruction() Method
2020-09-08 22:04:42:301 INFO : Inside CustomBean1 Destroy() Method of Disposable Bean
2020-09-08 22:04:42:302 INFO : Inside CustomBean1 Destroy() Method
2020-09-08 22:04:42:450 INFO : Starting BootApplication using Java 14 on VIKAS-YADAV with PID 10640 (C:\Users\vicky\Documents\GitHub\Java_Projects\springBootJDK14\bin\main started by vicky in C:\Users\vicky\Documents\GitHub\Java_Projects\springBootJDK14)
2020-09-08 22:04:42:451 INFO : The following profiles are active: dev
2020-09-08 22:04:42:998 INFO : BeanPostProcessorsImplementation Instance is Created
2020-09-08 22:04:43:480 INFO : Beans Ordered is as follows : 1,2,3
2020-09-08 22:04:44:077 INFO : Bean2 Instantiated at Tue Sep 08 22:04:44 IST 2020
2020-09-08 22:04:44:197 INFO : Bean1 Instantiated at Tue Sep 08 22:04:44 IST 2020
2020-09-08 22:04:44:202 INFO : Inside postProcessBeforeInitialization() Method for Bean : customBean1
2020-09-08 22:04:44:203 INFO : Inside CustomBean1 afterConstruction() Method
2020-09-08 22:04:44:204 INFO : Inside CustomBean1 afterPropertiesSet() Method 
2020-09-08 22:04:44:204 INFO : Inside CustomBean1 Init() Method
2020-09-08 22:04:44:206 INFO : Inside postProcessAfterInitialization() Method for Bean : customBean1
2020-09-08 22:04:45:060 INFO : Started BootApplication in 2.668 seconds (JVM running for 252.188)
2020-09-08 22:04:55:071 INFO : Inside SchedulerService : fixedDelay() Method
2020-09-08 22:05:35:069 INFO : Inside SchedulerService : fixedRate() Method
2020-09-08 22:07:17:078 INFO : Inside CustomBean1 beforeDestruction() Method
2020-09-08 22:07:17:078 INFO : Inside CustomBean1 Destroy() Method of Disposable Bean
2020-09-08 22:07:17:078 INFO : Inside CustomBean1 Destroy() Method
2020-09-08 22:07:17:202 INFO : Starting BootApplication using Java 14 on VIKAS-YADAV with PID 10640 (C:\Users\vicky\Documents\GitHub\Java_Projects\springBootJDK14\bin\main started by vicky in C:\Users\vicky\Documents\GitHub\Java_Projects\springBootJDK14)
2020-09-08 22:07:17:202 INFO : The following profiles are active: dev
2020-09-08 22:07:17:685 INFO : BeanPostProcessorsImplementation Instance is Created
2020-09-08 22:07:18:144 INFO : Beans Ordered is as follows : 1,2,3
2020-09-08 22:07:18:744 INFO : Bean2 Instantiated at Tue Sep 08 22:07:18 IST 2020
2020-09-08 22:07:18:921 INFO : Bean1 Instantiated at Tue Sep 08 22:07:18 IST 2020
2020-09-08 22:07:18:926 INFO : Inside postProcessBeforeInitialization() Method for Bean : customBean1
2020-09-08 22:07:18:926 INFO : Inside CustomBean1 afterConstruction() Method
2020-09-08 22:07:18:927 INFO : Inside CustomBean1 afterPropertiesSet() Method 
2020-09-08 22:07:18:927 INFO : Inside CustomBean1 Init() Method
2020-09-08 22:07:18:929 INFO : Inside postProcessAfterInitialization() Method for Bean : customBean1
2020-09-08 22:07:19:807 INFO : Started BootApplication in 2.647 seconds (JVM running for 406.935)
2020-09-08 22:07:29:820 INFO : Inside SchedulerService : fixedDelay() Method
2020-09-08 22:08:09:815 INFO : Inside SchedulerService : fixedRate() Method
2020-09-08 22:24:09:831 INFO : Inside SchedulerService : fixedDelay() Method
2020-09-08 22:24:49:814 INFO : Inside SchedulerService : fixedRate() Method
2020-09-08 22:27:46:813 INFO : Inside CustomBean1 beforeDestruction() Method
2020-09-08 22:27:46:814 INFO : Inside CustomBean1 Destroy() Method of Disposable Bean
2020-09-08 22:27:46:814 INFO : Inside CustomBean1 Destroy() Method
2020-09-08 22:27:46:976 INFO : Starting BootApplication using Java 14 on VIKAS-YADAV with PID 10640 (C:\Users\vicky\Documents\GitHub\Java_Projects\springBootJDK14\bin\main started by vicky in C:\Users\vicky\Documents\GitHub\Java_Projects\springBootJDK14)
2020-09-08 22:27:46:977 INFO : The following profiles are active: dev
2020-09-08 22:27:47:618 INFO : BeanPostProcessorsImplementation Instance is Created
2020-09-08 22:27:48:124 INFO : Beans Ordered is as follows : 1,2,3
2020-09-08 22:27:48:749 INFO : Bean2 Instantiated at Tue Sep 08 22:27:48 IST 2020
2020-09-08 22:27:49:745 INFO : Bean1 Instantiated at Tue Sep 08 22:27:49 IST 2020
2020-09-08 22:27:49:758 INFO : Inside postProcessBeforeInitialization() Method for Bean : customBean1
2020-09-08 22:27:49:759 INFO : Inside CustomBean1 afterConstruction() Method
2020-09-08 22:27:49:760 INFO : Inside CustomBean1 afterPropertiesSet() Method 
2020-09-08 22:27:49:761 INFO : Inside CustomBean1 Init() Method
2020-09-08 22:27:49:766 INFO : Inside postProcessAfterInitialization() Method for Bean : customBean1
2020-09-08 22:27:50:703 INFO : Started BootApplication in 3.793 seconds (JVM running for 1637.832)
2020-09-08 22:28:00:708 INFO : Inside SchedulerService : fixedDelay() Method
2020-09-08 22:28:40:710 INFO : Inside SchedulerService : fixedRate() Method
2020-09-08 22:44:40:709 INFO : Inside SchedulerService : fixedDelay() Method
2020-09-08 22:45:10:956 INFO : Inside CustomBean1 beforeDestruction() Method
2020-09-08 22:45:10:956 INFO : Inside CustomBean1 Destroy() Method of Disposable Bean
2020-09-08 22:45:10:957 INFO : Inside CustomBean1 Destroy() Method
2020-09-08 22:45:11:276 INFO : Starting BootApplication using Java 14 on VIKAS-YADAV with PID 10640 (C:\Users\vicky\Documents\GitHub\Java_Projects\springBootJDK14\bin\main started by vicky in C:\Users\vicky\Documents\GitHub\Java_Projects\springBootJDK14)
2020-09-08 22:45:11:277 INFO : The following profiles are active: dev
2020-09-08 22:45:12:731 INFO : BeanPostProcessorsImplementation Instance is Created
2020-09-08 22:45:13:940 INFO : Beans Ordered is as follows : 1,2,3
2020-09-08 22:45:15:357 INFO : Bean2 Instantiated at Tue Sep 08 22:45:15 IST 2020
2020-09-08 22:45:15:507 INFO : Bean1 Instantiated at Tue Sep 08 22:45:15 IST 2020
2020-09-08 22:45:15:514 INFO : Inside postProcessBeforeInitialization() Method for Bean : customBean1
2020-09-08 22:45:15:515 INFO : Inside CustomBean1 afterConstruction() Method
2020-09-08 22:45:15:515 INFO : Inside CustomBean1 afterPropertiesSet() Method 
2020-09-08 22:45:15:515 INFO : Inside CustomBean1 Init() Method
2020-09-08 22:45:15:517 INFO : Inside postProcessAfterInitialization() Method for Bean : customBean1
2020-09-08 22:45:17:732 INFO : Started BootApplication in 6.572 seconds (JVM running for 2684.861)
2020-09-08 22:45:27:732 INFO : Inside SchedulerService : fixedDelay() Method
2020-09-08 22:46:07:733 INFO : Inside SchedulerService : fixedRate() Method
2020-09-08 22:53:46:636 INFO : Inside CustomBean1 beforeDestruction() Method
2020-09-08 22:53:46:637 INFO : Inside CustomBean1 Destroy() Method of Disposable Bean
2020-09-08 22:53:46:638 INFO : Inside CustomBean1 Destroy() Method
2020-09-08 22:53:46:785 INFO : Starting BootApplication using Java 14 on VIKAS-YADAV with PID 10640 (C:\Users\vicky\Documents\GitHub\Java_Projects\springBootJDK14\bin\main started by vicky in C:\Users\vicky\Documents\GitHub\Java_Projects\springBootJDK14)
2020-09-08 22:53:46:786 INFO : The following profiles are active: dev
2020-09-08 22:53:47:386 INFO : BeanPostProcessorsImplementation Instance is Created
2020-09-08 22:53:47:885 INFO : Beans Ordered is as follows : 1,2,3
2020-09-08 22:53:48:474 INFO : Bean2 Instantiated at Tue Sep 08 22:53:48 IST 2020
2020-09-08 22:53:49:006 INFO : Bean1 Instantiated at Tue Sep 08 22:53:49 IST 2020
2020-09-08 22:53:49:012 INFO : Inside postProcessBeforeInitialization() Method for Bean : customBean1
2020-09-08 22:53:49:012 INFO : Inside CustomBean1 afterConstruction() Method
2020-09-08 22:53:49:013 INFO : Inside CustomBean1 afterPropertiesSet() Method 
2020-09-08 22:53:49:013 INFO : Inside CustomBean1 Init() Method
2020-09-08 22:53:49:016 INFO : Inside postProcessAfterInitialization() Method for Bean : customBean1
2020-09-08 22:53:49:910 INFO : Started BootApplication in 3.178 seconds (JVM running for 3197.039)
2020-09-08 22:53:59:914 INFO : Inside SchedulerService : fixedDelay() Method
2020-09-08 22:54:18:448 INFO : Inside ConsumeRestUsingWebClientController : getAllPosts() 
2020-09-08 22:54:39:921 INFO : Inside SchedulerService : fixedRate() Method
2020-09-08 23:00:00:005 INFO : Inside SchedulerService : cronJobSchedulerUsingAnnotations() Method
2020-09-08 23:02:20:433 INFO : Inside CustomBean1 beforeDestruction() Method
2020-09-08 23:02:20:435 INFO : Inside CustomBean1 Destroy() Method of Disposable Bean
2020-09-08 23:02:20:436 INFO : Inside CustomBean1 Destroy() Method
2020-09-08 23:02:20:678 INFO : Starting BootApplication using Java 14 on VIKAS-YADAV with PID 10640 (C:\Users\vicky\Documents\GitHub\Java_Projects\springBootJDK14\bin\main started by vicky in C:\Users\vicky\Documents\GitHub\Java_Projects\springBootJDK14)
2020-09-08 23:02:20:678 INFO : The following profiles are active: dev
2020-09-08 23:02:21:283 INFO : BeanPostProcessorsImplementation Instance is Created
2020-09-08 23:02:21:765 INFO : Beans Ordered is as follows : 1,2,3
2020-09-08 23:02:22:341 INFO : Bean2 Instantiated at Tue Sep 08 23:02:22 IST 2020
2020-09-08 23:02:22:366 INFO : Bean1 Instantiated at Tue Sep 08 23:02:22 IST 2020
2020-09-08 23:02:22:368 INFO : Inside postProcessBeforeInitialization() Method for Bean : customBean1
2020-09-08 23:02:22:368 INFO : Inside CustomBean1 afterConstruction() Method
2020-09-08 23:02:22:369 INFO : Inside CustomBean1 afterPropertiesSet() Method 
2020-09-08 23:02:22:369 INFO : Inside CustomBean1 Init() Method
2020-09-08 23:02:22:369 INFO : Inside postProcessAfterInitialization() Method for Bean : customBean1
2020-09-08 23:02:23:240 INFO : Started BootApplication in 2.641 seconds (JVM running for 3710.368)
2020-09-08 23:02:24:571 INFO : Inside CustomBean1 beforeDestruction() Method
2020-09-08 23:02:24:571 INFO : Inside CustomBean1 Destroy() Method of Disposable Bean
2020-09-08 23:02:24:571 INFO : Inside CustomBean1 Destroy() Method
2020-09-08 23:02:24:709 INFO : Starting BootApplication using Java 14 on VIKAS-YADAV with PID 10640 (C:\Users\vicky\Documents\GitHub\Java_Projects\springBootJDK14\bin\main started by vicky in C:\Users\vicky\Documents\GitHub\Java_Projects\springBootJDK14)
2020-09-08 23:02:24:710 INFO : The following profiles are active: dev
2020-09-08 23:02:25:290 INFO : BeanPostProcessorsImplementation Instance is Created
2020-09-08 23:02:25:833 INFO : Beans Ordered is as follows : 1,2,3
2020-09-08 23:02:26:420 INFO : Bean2 Instantiated at Tue Sep 08 23:02:26 IST 2020
2020-09-08 23:02:27:404 INFO : Bean1 Instantiated at Tue Sep 08 23:02:27 IST 2020
2020-09-08 23:02:27:409 INFO : Inside postProcessBeforeInitialization() Method for Bean : customBean1
2020-09-08 23:02:27:410 INFO : Inside CustomBean1 afterConstruction() Method
2020-09-08 23:02:27:410 INFO : Inside CustomBean1 afterPropertiesSet() Method 
2020-09-08 23:02:27:411 INFO : Inside CustomBean1 Init() Method
2020-09-08 23:02:27:413 INFO : Inside postProcessAfterInitialization() Method for Bean : customBean1
2020-09-08 23:02:29:331 INFO : Started BootApplication in 4.666 seconds (JVM running for 3716.459)
2020-09-08 23:02:31:058 INFO : Inside ConsumeRestUsingWebClientController : getAllPosts() 
2020-09-08 23:02:39:342 INFO : Inside SchedulerService : fixedDelay() Method
2020-09-08 23:03:19:344 INFO : Inside SchedulerService : fixedRate() Method
2020-09-08 23:03:19:639 INFO : Inside CustomBean1 beforeDestruction() Method
2020-09-08 23:03:19:641 INFO : Inside CustomBean1 Destroy() Method of Disposable Bean
2020-09-08 23:03:19:641 INFO : Inside CustomBean1 Destroy() Method
2020-09-08 23:03:19:797 INFO : Starting BootApplication using Java 14 on VIKAS-YADAV with PID 10640 (C:\Users\vicky\Documents\GitHub\Java_Projects\springBootJDK14\bin\main started by vicky in C:\Users\vicky\Documents\GitHub\Java_Projects\springBootJDK14)
2020-09-08 23:03:19:798 INFO : The following profiles are active: dev
2020-09-08 23:03:20:459 INFO : BeanPostProcessorsImplementation Instance is Created
2020-09-08 23:03:20:918 INFO : Beans Ordered is as follows : 1,2,3
2020-09-08 23:03:21:510 INFO : Bean2 Instantiated at Tue Sep 08 23:03:21 IST 2020
2020-09-08 23:03:22:431 INFO : Bean1 Instantiated at Tue Sep 08 23:03:22 IST 2020
2020-09-08 23:03:22:436 INFO : Inside postProcessBeforeInitialization() Method for Bean : customBean1
2020-09-08 23:03:22:437 INFO : Inside CustomBean1 afterConstruction() Method
2020-09-08 23:03:22:437 INFO : Inside CustomBean1 afterPropertiesSet() Method 
2020-09-08 23:03:22:437 INFO : Inside CustomBean1 Init() Method
2020-09-08 23:03:22:438 INFO : Inside postProcessAfterInitialization() Method for Bean : customBean1
2020-09-08 23:03:23:345 INFO : Started BootApplication in 3.591 seconds (JVM running for 3770.473)
2020-09-08 23:03:27:730 INFO : Inside ConsumeRestUsingWebClientController : getAllPosts() 
2020-09-08 23:03:33:360 INFO : Inside SchedulerService : fixedDelay() Method
2020-09-08 23:29:51:404 INFO : Inside SchedulerService : fixedRate() Method
2020-09-08 23:29:51:404 INFO : Inside SchedulerService : fixedDelay() Method
2020-09-08 23:29:51:405 INFO : Inside SchedulerService : fixedRate() Method
2020-09-08 23:32:22:458 INFO : Inside CustomBean1 beforeDestruction() Method
2020-09-08 23:32:22:459 INFO : Inside CustomBean1 Destroy() Method of Disposable Bean
2020-09-08 23:32:22:459 INFO : Inside CustomBean1 Destroy() Method
2020-09-08 23:32:22:623 INFO : Starting BootApplication using Java 14 on VIKAS-YADAV with PID 10640 (C:\Users\vicky\Documents\GitHub\Java_Projects\springBootJDK14\bin\main started by vicky in C:\Users\vicky\Documents\GitHub\Java_Projects\springBootJDK14)
2020-09-08 23:32:22:624 INFO : The following profiles are active: dev
2020-09-08 23:32:23:309 INFO : BeanPostProcessorsImplementation Instance is Created
2020-09-08 23:32:23:841 INFO : Beans Ordered is as follows : 1,2,3
2020-09-08 23:32:24:517 INFO : Bean2 Instantiated at Tue Sep 08 23:32:24 IST 2020
2020-09-08 23:32:25:375 INFO : Bean1 Instantiated at Tue Sep 08 23:32:25 IST 2020
2020-09-08 23:32:25:381 INFO : Inside postProcessBeforeInitialization() Method for Bean : customBean1
2020-09-08 23:32:25:381 INFO : Inside CustomBean1 afterConstruction() Method
2020-09-08 23:32:25:381 INFO : Inside CustomBean1 afterPropertiesSet() Method 
2020-09-08 23:32:25:381 INFO : Inside CustomBean1 Init() Method
2020-09-08 23:32:25:382 INFO : Inside postProcessAfterInitialization() Method for Bean : customBean1
2020-09-08 23:32:26:290 INFO : Started BootApplication in 3.725 seconds (JVM running for 5513.43)
2020-09-08 23:32:27:002 INFO : Inside ConsumeRestUsingWebClientController : getAllPosts() 
2020-09-08 23:32:36:296 INFO : Inside SchedulerService : fixedDelay() Method
2020-09-08 23:33:16:298 INFO : Inside SchedulerService : fixedRate() Method
2020-09-08 23:35:44:880 INFO : Inside CustomBean1 beforeDestruction() Method
2020-09-08 23:35:44:881 INFO : Inside CustomBean1 Destroy() Method of Disposable Bean
2020-09-08 23:35:44:881 INFO : Inside CustomBean1 Destroy() Method
2020-09-08 23:35:45:017 INFO : Starting BootApplication using Java 14 on VIKAS-YADAV with PID 10640 (C:\Users\vicky\Documents\GitHub\Java_Projects\springBootJDK14\bin\main started by vicky in C:\Users\vicky\Documents\GitHub\Java_Projects\springBootJDK14)
2020-09-08 23:35:45:017 INFO : The following profiles are active: dev
2020-09-08 23:35:45:570 INFO : BeanPostProcessorsImplementation Instance is Created
2020-09-08 23:35:46:028 INFO : Beans Ordered is as follows : 1,2,3
2020-09-08 23:35:46:579 INFO : Bean2 Instantiated at Tue Sep 08 23:35:46 IST 2020
2020-09-08 23:35:47:072 INFO : Bean1 Instantiated at Tue Sep 08 23:35:47 IST 2020
2020-09-08 23:35:47:079 INFO : Inside postProcessBeforeInitialization() Method for Bean : customBean1
2020-09-08 23:35:47:080 INFO : Inside CustomBean1 afterConstruction() Method
2020-09-08 23:35:47:081 INFO : Inside CustomBean1 afterPropertiesSet() Method 
2020-09-08 23:35:47:081 INFO : Inside CustomBean1 Init() Method
2020-09-08 23:35:47:084 INFO : Inside postProcessAfterInitialization() Method for Bean : customBean1
2020-09-08 23:35:48:025 INFO : Started BootApplication in 3.052 seconds (JVM running for 5715.165)
2020-09-08 23:35:48:809 INFO : Inside ConsumeRestUsingWebClientController : getAllPosts() 
2020-09-08 23:35:58:032 INFO : Inside SchedulerService : fixedDelay() Method
2020-09-08 23:36:05:544 INFO : Inside ConsumeRestUsingWebClientController : getAllPosts() 
2020-09-08 23:36:22:849 INFO : Inside CustomBean1 beforeDestruction() Method
2020-09-08 23:36:22:850 INFO : Inside CustomBean1 Destroy() Method of Disposable Bean
2020-09-08 23:36:22:850 INFO : Inside CustomBean1 Destroy() Method
2020-09-08 23:36:22:990 INFO : Starting BootApplication using Java 14 on VIKAS-YADAV with PID 10640 (C:\Users\vicky\Documents\GitHub\Java_Projects\springBootJDK14\bin\main started by vicky in C:\Users\vicky\Documents\GitHub\Java_Projects\springBootJDK14)
2020-09-08 23:36:22:990 INFO : The following profiles are active: dev
2020-09-08 23:36:23:529 INFO : BeanPostProcessorsImplementation Instance is Created
2020-09-08 23:36:24:027 INFO : Beans Ordered is as follows : 1,2,3
2020-09-08 23:36:24:687 INFO : Bean2 Instantiated at Tue Sep 08 23:36:24 IST 2020
2020-09-08 23:36:25:675 INFO : Bean1 Instantiated at Tue Sep 08 23:36:25 IST 2020
2020-09-08 23:36:25:680 INFO : Inside postProcessBeforeInitialization() Method for Bean : customBean1
2020-09-08 23:36:25:680 INFO : Inside CustomBean1 afterConstruction() Method
2020-09-08 23:36:25:680 INFO : Inside CustomBean1 afterPropertiesSet() Method 
2020-09-08 23:36:25:680 INFO : Inside CustomBean1 Init() Method
2020-09-08 23:36:25:681 INFO : Inside postProcessAfterInitialization() Method for Bean : customBean1
2020-09-08 23:36:26:248 INFO : Inside ConsumeRestUsingWebClientController : getAllPosts() 
2020-09-08 23:36:26:476 INFO : Started BootApplication in 3.527 seconds (JVM running for 5753.615)
2020-09-08 23:36:27:536 INFO : Inside ConsumeRestUsingWebClientController : getAllPosts() 
2020-09-08 23:36:28:241 INFO : Inside ConsumeRestUsingWebClientController : getAllPosts() 
2020-09-08 23:36:28:516 INFO : Inside ConsumeRestUsingWebClientController : getAllPosts() 
2020-09-08 23:36:28:702 INFO : Inside ConsumeRestUsingWebClientController : getAllPosts() 
2020-09-08 23:36:28:954 INFO : Inside ConsumeRestUsingWebClientController : getAllPosts() 
2020-09-08 23:36:29:102 INFO : Inside ConsumeRestUsingWebClientController : getAllPosts() 
2020-09-08 23:36:36:491 INFO : Inside SchedulerService : fixedDelay() Method
2020-09-08 23:37:16:481 INFO : Inside SchedulerService : fixedRate() Method
2020-09-08 23:42:54:314 INFO : Inside CustomBean1 beforeDestruction() Method
2020-09-08 23:42:54:314 INFO : Inside CustomBean1 Destroy() Method of Disposable Bean
2020-09-08 23:42:54:314 INFO : Inside CustomBean1 Destroy() Method
2020-09-08 23:42:54:437 INFO : Starting BootApplication using Java 14 on VIKAS-YADAV with PID 10640 (C:\Users\vicky\Documents\GitHub\Java_Projects\springBootJDK14\bin\main started by vicky in C:\Users\vicky\Documents\GitHub\Java_Projects\springBootJDK14)
2020-09-08 23:42:54:437 INFO : The following profiles are active: dev
2020-09-08 23:42:54:936 INFO : BeanPostProcessorsImplementation Instance is Created
2020-09-08 23:42:55:372 INFO : Beans Ordered is as follows : 1,2,3
2020-09-08 23:42:55:957 INFO : Bean2 Instantiated at Tue Sep 08 23:42:55 IST 2020
2020-09-08 23:42:56:137 INFO : Bean1 Instantiated at Tue Sep 08 23:42:56 IST 2020
2020-09-08 23:42:56:143 INFO : Inside postProcessBeforeInitialization() Method for Bean : customBean1
2020-09-08 23:42:56:144 INFO : Inside CustomBean1 afterConstruction() Method
2020-09-08 23:42:56:144 INFO : Inside CustomBean1 afterPropertiesSet() Method 
2020-09-08 23:42:56:145 INFO : Inside CustomBean1 Init() Method
2020-09-08 23:42:56:148 INFO : Inside postProcessAfterInitialization() Method for Bean : customBean1
2020-09-08 23:42:57:010 INFO : Started BootApplication in 2.609 seconds (JVM running for 6144.15)
2020-09-08 23:43:00:544 INFO : Inside ConsumeRestUsingWebClientController : getAllPosts() 
2020-09-08 23:43:07:012 INFO : Inside SchedulerService : fixedDelay() Method
2020-09-08 23:43:47:019 INFO : Inside SchedulerService : fixedRate() Method
2020-09-08 23:44:08:600 INFO : Inside CustomBean1 beforeDestruction() Method
2020-09-08 23:44:08:601 INFO : Inside CustomBean1 Destroy() Method of Disposable Bean
2020-09-08 23:44:08:602 INFO : Inside CustomBean1 Destroy() Method
2020-09-08 23:44:08:734 INFO : Starting BootApplication using Java 14 on VIKAS-YADAV with PID 10640 (C:\Users\vicky\Documents\GitHub\Java_Projects\springBootJDK14\bin\main started by vicky in C:\Users\vicky\Documents\GitHub\Java_Projects\springBootJDK14)
2020-09-08 23:44:08:734 INFO : The following profiles are active: dev
2020-09-08 23:44:09:264 INFO : BeanPostProcessorsImplementation Instance is Created
2020-09-08 23:44:09:685 INFO : Beans Ordered is as follows : 1,2,3
2020-09-08 23:44:10:243 INFO : Bean2 Instantiated at Tue Sep 08 23:44:10 IST 2020
2020-09-08 23:44:10:607 INFO : Bean1 Instantiated at Tue Sep 08 23:44:10 IST 2020
2020-09-08 23:44:10:612 INFO : Inside postProcessBeforeInitialization() Method for Bean : customBean1
2020-09-08 23:44:10:613 INFO : Inside CustomBean1 afterConstruction() Method
2020-09-08 23:44:10:613 INFO : Inside CustomBean1 afterPropertiesSet() Method 
2020-09-08 23:44:10:613 INFO : Inside CustomBean1 Init() Method
2020-09-08 23:44:10:613 INFO : Inside postProcessAfterInitialization() Method for Bean : customBean1
2020-09-08 23:44:11:529 INFO : Started BootApplication in 2.834 seconds (JVM running for 6218.669)
2020-09-08 23:44:21:531 INFO : Inside SchedulerService : fixedDelay() Method
2020-09-08 23:45:01:535 INFO : Inside SchedulerService : fixedRate() Method
