2020-09-14 00:00:00:001 INFO : Inside SchedulerService : cronJobSchedulerUsingAnnotations() Method
2020-09-14 00:00:03:363 INFO : Inside SchedulerService : fixedRate() Method
2020-09-14 19:43:53:947 INFO : Inside SchedulerService : fixedDelay() Method
2020-09-14 19:43:53:947 INFO : Inside SchedulerService : cronJobSchedulerUsingAnnotations() Method
2020-09-14 19:43:53:947 INFO : Inside SchedulerService : fixedRate() Method
2020-09-14 19:43:53:948 INFO : Inside SchedulerService : fixedRate() Method
2020-09-14 19:43:53:948 INFO : Inside SchedulerService : fixedRate() Method
2020-09-14 19:43:53:948 INFO : Inside SchedulerService : fixedRate() Method
2020-09-14 19:43:53:949 INFO : Inside SchedulerService : fixedRate() Method
2020-09-14 19:43:53:951 INFO : Inside SchedulerService : fixedRate() Method
2020-09-14 19:43:53:951 INFO : Inside SchedulerService : fixedRate() Method
2020-09-14 19:43:53:951 INFO : Inside SchedulerService : fixedRate() Method
2020-09-14 19:43:53:952 INFO : Inside SchedulerService : fixedRate() Method
2020-09-14 19:43:53:952 INFO : Inside SchedulerService : fixedRate() Method
2020-09-14 19:43:53:952 INFO : Inside SchedulerService : fixedRate() Method
2020-09-14 19:43:53:952 INFO : Inside SchedulerService : fixedRate() Method
2020-09-14 19:43:53:952 INFO : Inside SchedulerService : fixedRate() Method
2020-09-14 19:43:53:952 INFO : Inside SchedulerService : fixedRate() Method
2020-09-14 19:43:53:952 INFO : Inside SchedulerService : fixedRate() Method
2020-09-14 19:43:53:952 INFO : Inside SchedulerService : fixedRate() Method
2020-09-14 19:43:53:953 INFO : Inside SchedulerService : fixedRate() Method
2020-09-14 19:43:53:953 INFO : Inside SchedulerService : fixedRate() Method
2020-09-14 19:43:53:953 INFO : Inside SchedulerService : fixedRate() Method
2020-09-14 19:43:53:953 INFO : Inside SchedulerService : fixedRate() Method
2020-09-14 19:43:53:953 INFO : Inside SchedulerService : fixedRate() Method
2020-09-14 19:43:53:953 INFO : Inside SchedulerService : fixedRate() Method
2020-09-14 19:43:53:953 INFO : Inside SchedulerService : fixedRate() Method
2020-09-14 19:43:53:953 INFO : Inside SchedulerService : fixedRate() Method
2020-09-14 19:43:53:953 INFO : Inside SchedulerService : fixedRate() Method
2020-09-14 19:43:53:953 INFO : Inside SchedulerService : fixedRate() Method
2020-09-14 19:43:53:953 INFO : Inside SchedulerService : fixedRate() Method
2020-09-14 19:43:53:953 INFO : Inside SchedulerService : fixedRate() Method
2020-09-14 19:43:53:953 INFO : Inside SchedulerService : fixedRate() Method
2020-09-14 19:43:53:953 INFO : Inside SchedulerService : fixedRate() Method
2020-09-14 19:43:53:954 INFO : Inside SchedulerService : fixedRate() Method
2020-09-14 19:43:53:954 INFO : Inside SchedulerService : fixedRate() Method
2020-09-14 19:43:53:954 INFO : Inside SchedulerService : fixedRate() Method
2020-09-14 19:43:53:954 INFO : Inside SchedulerService : fixedRate() Method
2020-09-14 19:43:53:954 INFO : Inside SchedulerService : fixedRate() Method
2020-09-14 19:43:53:954 INFO : Inside SchedulerService : fixedRate() Method
2020-09-14 19:43:53:954 INFO : Inside SchedulerService : fixedRate() Method
2020-09-14 19:43:53:954 INFO : Inside SchedulerService : fixedRate() Method
2020-09-14 19:43:53:954 INFO : Inside SchedulerService : fixedRate() Method
2020-09-14 19:43:53:954 INFO : Inside SchedulerService : fixedRate() Method
2020-09-14 19:43:53:954 INFO : Inside SchedulerService : fixedRate() Method
2020-09-14 19:43:53:954 INFO : Inside SchedulerService : fixedRate() Method
2020-09-14 19:43:53:955 INFO : Inside SchedulerService : fixedRate() Method
2020-09-14 19:43:53:955 INFO : Inside SchedulerService : fixedRate() Method
2020-09-14 19:43:53:955 INFO : Inside SchedulerService : fixedRate() Method
2020-09-14 19:43:53:955 INFO : Inside SchedulerService : fixedRate() Method
2020-09-14 19:43:53:955 INFO : Inside SchedulerService : fixedRate() Method
2020-09-14 19:43:53:955 INFO : Inside SchedulerService : fixedRate() Method
2020-09-14 19:43:53:955 INFO : Inside SchedulerService : fixedRate() Method
2020-09-14 19:43:53:955 INFO : Inside SchedulerService : fixedRate() Method
2020-09-14 19:43:53:955 INFO : Inside SchedulerService : fixedRate() Method
2020-09-14 19:43:53:955 INFO : Inside SchedulerService : fixedRate() Method
2020-09-14 19:43:53:955 INFO : Inside SchedulerService : fixedRate() Method
2020-09-14 19:43:53:955 INFO : Inside SchedulerService : fixedRate() Method
2020-09-14 19:43:53:955 INFO : Inside SchedulerService : fixedRate() Method
2020-09-14 19:43:53:955 INFO : Inside SchedulerService : fixedRate() Method
2020-09-14 19:43:53:955 INFO : Inside SchedulerService : fixedRate() Method
2020-09-14 19:43:53:955 INFO : Inside SchedulerService : fixedRate() Method
2020-09-14 19:43:53:955 INFO : Inside SchedulerService : fixedRate() Method
2020-09-14 19:43:53:956 INFO : Inside SchedulerService : fixedRate() Method
2020-09-14 19:43:53:956 INFO : Inside SchedulerService : fixedRate() Method
2020-09-14 19:43:53:956 INFO : Inside SchedulerService : fixedRate() Method
2020-09-14 19:43:53:956 INFO : Inside SchedulerService : fixedRate() Method
2020-09-14 19:43:53:956 INFO : Inside SchedulerService : fixedRate() Method
2020-09-14 19:43:53:956 INFO : Inside SchedulerService : fixedRate() Method
2020-09-14 19:43:53:956 INFO : Inside SchedulerService : fixedRate() Method
2020-09-14 19:43:53:956 INFO : Inside SchedulerService : fixedRate() Method
2020-09-14 19:43:53:956 INFO : Inside SchedulerService : fixedRate() Method
2020-09-14 19:43:53:956 INFO : Inside SchedulerService : fixedRate() Method
2020-09-14 19:43:53:956 INFO : Inside SchedulerService : fixedRate() Method
2020-09-14 19:43:53:956 INFO : Inside SchedulerService : fixedRate() Method
2020-09-14 20:00:00:008 INFO : Inside SchedulerService : cronJobSchedulerUsingAnnotations() Method
2020-09-14 20:00:03:350 INFO : Inside SchedulerService : fixedRate() Method
2020-09-14 20:00:33:960 INFO : Inside SchedulerService : fixedDelay() Method
2020-09-14 20:16:43:358 INFO : Inside SchedulerService : fixedRate() Method
2020-09-14 20:17:13:966 INFO : Inside SchedulerService : fixedDelay() Method
2020-09-14 20:33:23:357 INFO : Inside SchedulerService : fixedRate() Method
2020-09-14 20:33:53:975 INFO : Inside SchedulerService : fixedDelay() Method
2020-09-14 20:51:11:569 INFO : Starting BootApplication using Java 14 on VIKAS-YADAV with PID 14176 (C:\Users\vicky\Documents\GitHub\Java_Projects\MicroService-2\springBootJDK14\bin\main started by vicky in C:\Users\vicky\Documents\GitHub\Java_Projects\MicroService-2\springBootJDK14)
2020-09-14 20:51:11:575 INFO : The following profiles are active: dev
2020-09-14 20:51:13:767 INFO : BeanPostProcessorsImplementation Instance is Created
2020-09-14 20:51:16:726 INFO : Beans Ordered is as follows : 1,2,3
2020-09-14 20:51:17:999 INFO : Bean2 Instantiated at Mon Sep 14 20:51:17 IST 2020
2020-09-14 20:51:18:769 INFO : Bean1 Instantiated at Mon Sep 14 20:51:18 IST 2020
2020-09-14 20:51:18:777 INFO : Inside postProcessBeforeInitialization() Method for Bean : customBean1
2020-09-14 20:51:18:778 INFO : Inside CustomBean1 afterConstruction() Method
2020-09-14 20:51:18:780 INFO : Inside CustomBean1 afterPropertiesSet() Method 
2020-09-14 20:51:18:780 INFO : Inside CustomBean1 Init() Method
2020-09-14 20:51:18:783 INFO : Inside postProcessAfterInitialization() Method for Bean : customBean1
2020-09-14 20:51:21:603 INFO : Started BootApplication in 10.634 seconds (JVM running for 11.599)
2020-09-14 20:51:31:599 INFO : Inside SchedulerService : fixedDelay() Method
2020-09-14 20:52:11:602 INFO : Inside SchedulerService : fixedRate() Method
2020-09-14 21:00:00:012 INFO : Inside SchedulerService : cronJobSchedulerUsingAnnotations() Method
2020-09-14 21:08:11:601 INFO : Inside SchedulerService : fixedDelay() Method
2020-09-14 21:08:51:605 INFO : Inside SchedulerService : fixedRate() Method
2020-09-14 21:12:07:357 INFO : Starting BootApplication using Java 14 on VIKAS-YADAV with PID 14652 (C:\Users\vicky\Documents\GitHub\Java_Projects\MicroService-2\springBootJDK14\bin\main started by vicky in C:\Users\vicky\Documents\GitHub\Java_Projects\MicroService-2\springBootJDK14)
2020-09-14 21:12:07:358 INFO : The following profiles are active: dev
2020-09-14 21:12:09:578 INFO : BeanPostProcessorsImplementation Instance is Created
2020-09-14 21:12:12:703 INFO : Beans Ordered is as follows : 1,2,3
2020-09-14 21:12:13:820 INFO : Bean2 Instantiated at Mon Sep 14 21:12:13 IST 2020
2020-09-14 21:12:14:770 INFO : Bean1 Instantiated at Mon Sep 14 21:12:14 IST 2020
2020-09-14 21:12:14:780 INFO : Inside postProcessBeforeInitialization() Method for Bean : customBean1
2020-09-14 21:12:14:780 INFO : Inside CustomBean1 afterConstruction() Method
2020-09-14 21:12:14:780 INFO : Inside CustomBean1 afterPropertiesSet() Method 
2020-09-14 21:12:14:781 INFO : Inside CustomBean1 Init() Method
2020-09-14 21:12:14:781 INFO : Inside postProcessAfterInitialization() Method for Bean : customBean1
2020-09-14 21:12:19:716 INFO : Started BootApplication in 13.0 seconds (JVM running for 13.87)
2020-09-14 21:12:29:725 INFO : Inside SchedulerService : fixedDelay() Method
2020-09-14 21:13:09:722 INFO : Inside SchedulerService : fixedRate() Method
2020-09-14 21:29:09:741 INFO : Inside SchedulerService : fixedDelay() Method
2020-09-14 21:29:49:720 INFO : Inside SchedulerService : fixedRate() Method
2020-09-14 21:45:49:756 INFO : Inside SchedulerService : fixedDelay() Method
2020-09-14 21:46:29:716 INFO : Inside SchedulerService : fixedRate() Method
2020-09-14 22:00:00:012 INFO : Inside SchedulerService : cronJobSchedulerUsingAnnotations() Method
2020-09-14 22:02:29:761 INFO : Inside SchedulerService : fixedDelay() Method
2020-09-14 22:03:09:714 INFO : Inside SchedulerService : fixedRate() Method
2020-09-14 22:19:09:771 INFO : Inside SchedulerService : fixedDelay() Method
2020-09-14 22:19:49:715 INFO : Inside SchedulerService : fixedRate() Method
2020-09-14 22:35:49:785 INFO : Inside SchedulerService : fixedDelay() Method
2020-09-14 22:36:29:727 INFO : Inside SchedulerService : fixedRate() Method
2020-09-14 22:52:29:785 INFO : Inside SchedulerService : fixedDelay() Method
2020-09-14 22:53:09:718 INFO : Inside SchedulerService : fixedRate() Method
2020-09-14 23:00:00:002 INFO : Inside SchedulerService : cronJobSchedulerUsingAnnotations() Method
2020-09-14 23:09:09:800 INFO : Inside SchedulerService : fixedDelay() Method
2020-09-14 23:09:49:726 INFO : Inside SchedulerService : fixedRate() Method
2020-09-14 23:25:49:809 INFO : Inside SchedulerService : fixedDelay() Method
2020-09-14 23:26:29:725 INFO : Inside SchedulerService : fixedRate() Method
2020-09-14 23:42:29:822 INFO : Inside SchedulerService : fixedDelay() Method
2020-09-14 23:43:09:719 INFO : Inside SchedulerService : fixedRate() Method
2020-09-14 23:59:09:835 INFO : Inside SchedulerService : fixedDelay() Method
2020-09-14 23:59:49:721 INFO : Inside SchedulerService : fixedRate() Method
