2020-09-30 18:50:54:898 INFO : Inside SchedulerService : fixedDelay() Method
2020-09-30 18:50:54:898 INFO : Inside SchedulerService : fixedRate() Method
2020-09-30 18:50:55:031 INFO : Inside SchedulerService : fixedRate() Method
2020-09-30 18:50:55:031 INFO : Inside SchedulerService : fixedRate() Method
2020-09-30 18:50:55:031 INFO : Inside SchedulerService : fixedRate() Method
2020-09-30 18:50:55:031 INFO : Inside SchedulerService : fixedRate() Method
2020-09-30 18:50:55:032 INFO : Inside SchedulerService : fixedRate() Method
2020-09-30 18:50:55:032 INFO : Inside SchedulerService : fixedRate() Method
2020-09-30 18:50:55:032 INFO : Inside SchedulerService : fixedRate() Method
2020-09-30 18:50:55:032 INFO : Inside SchedulerService : fixedRate() Method
2020-09-30 18:50:55:033 INFO : Inside SchedulerService : fixedRate() Method
2020-09-30 18:50:55:033 INFO : Inside SchedulerService : fixedRate() Method
2020-09-30 18:50:55:033 INFO : Inside SchedulerService : fixedRate() Method
2020-09-30 18:50:55:033 INFO : Inside SchedulerService : fixedRate() Method
2020-09-30 18:50:55:034 INFO : Inside SchedulerService : fixedRate() Method
2020-09-30 18:50:55:034 INFO : Inside SchedulerService : fixedRate() Method
2020-09-30 18:50:55:034 INFO : Inside SchedulerService : fixedRate() Method
2020-09-30 18:50:55:034 INFO : Inside SchedulerService : fixedRate() Method
2020-09-30 18:50:55:034 INFO : Inside SchedulerService : fixedRate() Method
2020-09-30 18:50:55:034 INFO : Inside SchedulerService : fixedRate() Method
2020-09-30 18:50:55:034 INFO : Inside SchedulerService : fixedRate() Method
2020-09-30 18:50:55:034 INFO : Inside SchedulerService : fixedRate() Method
2020-09-30 18:50:55:034 INFO : Inside SchedulerService : fixedRate() Method
2020-09-30 18:50:55:034 INFO : Inside SchedulerService : fixedRate() Method
2020-09-30 18:50:55:035 INFO : Inside SchedulerService : fixedRate() Method
2020-09-30 18:50:55:035 INFO : Inside SchedulerService : fixedRate() Method
2020-09-30 18:50:55:035 INFO : Inside SchedulerService : fixedRate() Method
2020-09-30 18:50:55:035 INFO : Inside SchedulerService : fixedRate() Method
2020-09-30 18:50:55:035 INFO : Inside SchedulerService : fixedRate() Method
2020-09-30 18:50:55:063 INFO : Inside SchedulerService : fixedRate() Method
2020-09-30 18:50:55:063 INFO : Inside SchedulerService : fixedRate() Method
2020-09-30 18:50:55:063 INFO : Inside SchedulerService : fixedRate() Method
2020-09-30 18:50:55:063 INFO : Inside SchedulerService : fixedRate() Method
2020-09-30 18:50:55:063 INFO : Inside SchedulerService : fixedRate() Method
2020-09-30 18:50:55:064 INFO : Inside SchedulerService : fixedRate() Method
2020-09-30 18:50:55:064 INFO : Inside SchedulerService : fixedRate() Method
2020-09-30 18:50:55:064 INFO : Inside SchedulerService : fixedRate() Method
2020-09-30 18:50:55:064 INFO : Inside SchedulerService : fixedRate() Method
2020-09-30 18:50:55:064 INFO : Inside SchedulerService : fixedRate() Method
2020-09-30 18:50:55:064 INFO : Inside SchedulerService : fixedRate() Method
2020-09-30 18:50:55:064 INFO : Inside SchedulerService : fixedRate() Method
2020-09-30 18:50:55:064 INFO : Inside SchedulerService : fixedRate() Method
2020-09-30 18:50:55:064 INFO : Inside SchedulerService : fixedRate() Method
2020-09-30 18:50:55:064 INFO : Inside SchedulerService : fixedRate() Method
2020-09-30 18:50:55:064 INFO : Inside SchedulerService : fixedRate() Method
2020-09-30 18:50:55:065 INFO : Inside SchedulerService : fixedRate() Method
2020-09-30 18:50:55:065 INFO : Inside SchedulerService : fixedRate() Method
2020-09-30 18:50:55:065 INFO : Inside SchedulerService : fixedRate() Method
2020-09-30 18:50:55:065 INFO : Inside SchedulerService : fixedRate() Method
2020-09-30 18:50:55:065 INFO : Inside SchedulerService : fixedRate() Method
2020-09-30 18:50:55:065 INFO : Inside SchedulerService : fixedRate() Method
2020-09-30 18:50:55:065 INFO : Inside SchedulerService : fixedRate() Method
2020-09-30 18:50:55:065 INFO : Inside SchedulerService : fixedRate() Method
2020-09-30 18:50:55:065 INFO : Inside SchedulerService : fixedRate() Method
2020-09-30 18:50:55:066 INFO : Inside SchedulerService : fixedRate() Method
2020-09-30 18:50:55:066 INFO : Inside SchedulerService : fixedRate() Method
2020-09-30 18:50:55:066 INFO : Inside SchedulerService : fixedRate() Method
2020-09-30 18:50:55:066 INFO : Inside SchedulerService : fixedRate() Method
2020-09-30 18:50:55:066 INFO : Inside SchedulerService : fixedRate() Method
2020-09-30 18:50:55:066 INFO : Inside SchedulerService : fixedRate() Method
2020-09-30 18:50:55:066 INFO : Inside SchedulerService : fixedRate() Method
2020-09-30 18:50:55:066 INFO : Inside SchedulerService : fixedRate() Method
2020-09-30 18:50:55:066 INFO : Inside SchedulerService : fixedRate() Method
2020-09-30 18:50:55:066 INFO : Inside SchedulerService : fixedRate() Method
2020-09-30 18:50:55:066 INFO : Inside SchedulerService : fixedRate() Method
2020-09-30 18:50:55:079 INFO : Inside SchedulerService : fixedRate() Method
2020-09-30 18:50:55:080 INFO : Inside SchedulerService : fixedRate() Method
2020-09-30 18:50:55:080 INFO : Inside SchedulerService : fixedRate() Method
2020-09-30 18:50:55:080 INFO : Inside SchedulerService : fixedRate() Method
2020-09-30 18:50:55:080 INFO : Inside SchedulerService : fixedRate() Method
2020-09-30 18:50:55:080 INFO : Inside SchedulerService : fixedRate() Method
2020-09-30 18:50:55:080 INFO : Inside SchedulerService : fixedRate() Method
2020-09-30 18:50:55:080 INFO : Inside SchedulerService : fixedRate() Method
2020-09-30 18:50:55:080 INFO : Inside SchedulerService : fixedRate() Method
2020-09-30 19:03:48:973 INFO : Inside SchedulerService : fixedRate() Method
2020-09-30 19:07:35:046 INFO : Inside SchedulerService : fixedDelay() Method
2020-09-30 19:20:28:981 INFO : Inside SchedulerService : fixedRate() Method
2020-09-30 19:24:15:048 INFO : Inside SchedulerService : fixedDelay() Method
2020-09-30 19:37:08:979 INFO : Inside SchedulerService : fixedRate() Method
2020-09-30 19:40:55:053 INFO : Inside SchedulerService : fixedDelay() Method
2020-09-30 19:53:48:980 INFO : Inside SchedulerService : fixedRate() Method
2020-09-30 19:57:35:064 INFO : Inside SchedulerService : fixedDelay() Method
2020-09-30 20:10:28:968 INFO : Inside SchedulerService : fixedRate() Method
2020-09-30 20:14:15:067 INFO : Inside SchedulerService : fixedDelay() Method
2020-09-30 20:27:08:972 INFO : Inside SchedulerService : fixedRate() Method
2020-09-30 20:30:55:081 INFO : Inside SchedulerService : fixedDelay() Method
2020-09-30 20:43:48:980 INFO : Inside SchedulerService : fixedRate() Method
2020-09-30 20:47:35:096 INFO : Inside SchedulerService : fixedDelay() Method
2020-09-30 21:00:28:978 INFO : Inside SchedulerService : fixedRate() Method
2020-09-30 21:04:15:099 INFO : Inside SchedulerService : fixedDelay() Method
2020-09-30 21:17:08:983 INFO : Inside SchedulerService : fixedRate() Method
2020-09-30 21:20:55:102 INFO : Inside SchedulerService : fixedDelay() Method
2020-09-30 21:33:48:982 INFO : Inside SchedulerService : fixedRate() Method
2020-09-30 21:37:35:112 INFO : Inside SchedulerService : fixedDelay() Method
2020-09-30 21:50:28:976 INFO : Inside SchedulerService : fixedRate() Method
2020-09-30 21:54:15:122 INFO : Inside SchedulerService : fixedDelay() Method
2020-09-30 22:07:08:981 INFO : Inside SchedulerService : fixedRate() Method
2020-09-30 22:10:55:136 INFO : Inside SchedulerService : fixedDelay() Method
2020-09-30 22:23:48:977 INFO : Inside SchedulerService : fixedRate() Method
2020-09-30 22:27:35:141 INFO : Inside SchedulerService : fixedDelay() Method
2020-10-04 22:28:09:835 INFO : The following profiles are active: dev
2020-10-04 22:28:13:368 INFO : BeanPostProcessorsImplementation Instance is Created
2020-10-04 22:28:17:657 INFO : Beans Ordered is as follows : 1,2,3
2020-10-04 22:28:20:589 INFO : Bean2 Instantiated at Sun Oct 04 22:28:20 IST 2020
2020-10-04 22:28:21:046 INFO : Bean1 Instantiated at Sun Oct 04 22:28:21 IST 2020
2020-10-04 22:28:21:061 INFO : Inside postProcessBeforeInitialization() Method for Bean : customBean1
2020-10-04 22:28:21:063 INFO : Inside CustomBean1 afterConstruction() Method
2020-10-04 22:28:21:065 INFO : Inside CustomBean1 afterPropertiesSet() Method 
2020-10-04 22:28:21:066 INFO : Inside CustomBean1 Init() Method
2020-10-04 22:28:21:068 INFO : Inside postProcessAfterInitialization() Method for Bean : customBean1
2020-10-04 22:28:26:601 INFO : Started SpringBootJdk14ApplicationTests in 20.52 seconds (JVM running for 22.081)
2020-10-04 22:28:26:962 INFO : Inside CustomBean1 beforeDestruction() Method
2020-10-04 22:28:26:962 INFO : Inside CustomBean1 Destroy() Method of Disposable Bean
2020-10-04 22:28:26:963 INFO : Inside CustomBean1 Destroy() Method
2020-10-04 22:55:54:465 INFO : The following profiles are active: dev
2020-10-04 22:55:57:579 INFO : BeanPostProcessorsImplementation Instance is Created
2020-10-04 22:56:01:413 INFO : Beans Ordered is as follows : 1,2,3
2020-10-04 22:56:03:488 INFO : Bean2 Instantiated at Sun Oct 04 22:56:03 IST 2020
2020-10-04 22:56:03:687 INFO : Bean1 Instantiated at Sun Oct 04 22:56:03 IST 2020
2020-10-04 22:56:03:693 INFO : Inside postProcessBeforeInitialization() Method for Bean : customBean1
2020-10-04 22:56:03:694 INFO : Inside CustomBean1 afterConstruction() Method
2020-10-04 22:56:03:694 INFO : Inside CustomBean1 afterPropertiesSet() Method 
2020-10-04 22:56:03:695 INFO : Inside CustomBean1 Init() Method
2020-10-04 22:56:03:696 INFO : Inside postProcessAfterInitialization() Method for Bean : customBean1
2020-10-04 22:56:08:747 INFO : Started SpringBootJdk14ApplicationTests in 17.767 seconds (JVM running for 19.207)
2020-10-04 22:56:09:031 INFO : Inside CustomBean1 beforeDestruction() Method
2020-10-04 22:56:09:032 INFO : Inside CustomBean1 Destroy() Method of Disposable Bean
2020-10-04 22:56:09:032 INFO : Inside CustomBean1 Destroy() Method
