2020-09-30 18:50:54:898 INFO : Inside SchedulerService : fixedDelay() Method
2020-09-30 18:50:54:898 INFO : Inside SchedulerService : fixedRate() Method
2020-09-30 18:50:55:031 INFO : Inside SchedulerService : fixedRate() Method
2020-09-30 18:50:55:031 INFO : Inside SchedulerService : fixedRate() Method
2020-09-30 18:50:55:031 INFO : Inside SchedulerService : fixedRate() Method
2020-09-30 18:50:55:031 INFO : Inside SchedulerService : fixedRate() Method
2020-09-30 18:50:55:032 INFO : Inside SchedulerService : fixedRate() Method
2020-09-30 18:50:55:032 INFO : Inside SchedulerService : fixedRate() Method
2020-09-30 18:50:55:032 INFO : Inside SchedulerService : fixedRate() Method
2020-09-30 18:50:55:032 INFO : Inside SchedulerService : fixedRate() Method
2020-09-30 18:50:55:033 INFO : Inside SchedulerService : fixedRate() Method
2020-09-30 18:50:55:033 INFO : Inside SchedulerService : fixedRate() Method
2020-09-30 18:50:55:033 INFO : Inside SchedulerService : fixedRate() Method
2020-09-30 18:50:55:033 INFO : Inside SchedulerService : fixedRate() Method
2020-09-30 18:50:55:034 INFO : Inside SchedulerService : fixedRate() Method
2020-09-30 18:50:55:034 INFO : Inside SchedulerService : fixedRate() Method
2020-09-30 18:50:55:034 INFO : Inside SchedulerService : fixedRate() Method
2020-09-30 18:50:55:034 INFO : Inside SchedulerService : fixedRate() Method
2020-09-30 18:50:55:034 INFO : Inside SchedulerService : fixedRate() Method
2020-09-30 18:50:55:034 INFO : Inside SchedulerService : fixedRate() Method
2020-09-30 18:50:55:034 INFO : Inside SchedulerService : fixedRate() Method
2020-09-30 18:50:55:034 INFO : Inside SchedulerService : fixedRate() Method
2020-09-30 18:50:55:034 INFO : Inside SchedulerService : fixedRate() Method
2020-09-30 18:50:55:034 INFO : Inside SchedulerService : fixedRate() Method
2020-09-30 18:50:55:035 INFO : Inside SchedulerService : fixedRate() Method
2020-09-30 18:50:55:035 INFO : Inside SchedulerService : fixedRate() Method
2020-09-30 18:50:55:035 INFO : Inside SchedulerService : fixedRate() Method
2020-09-30 18:50:55:035 INFO : Inside SchedulerService : fixedRate() Method
2020-09-30 18:50:55:035 INFO : Inside SchedulerService : fixedRate() Method
2020-09-30 18:50:55:063 INFO : Inside SchedulerService : fixedRate() Method
2020-09-30 18:50:55:063 INFO : Inside SchedulerService : fixedRate() Method
2020-09-30 18:50:55:063 INFO : Inside SchedulerService : fixedRate() Method
2020-09-30 18:50:55:063 INFO : Inside SchedulerService : fixedRate() Method
2020-09-30 18:50:55:063 INFO : Inside SchedulerService : fixedRate() Method
2020-09-30 18:50:55:064 INFO : Inside SchedulerService : fixedRate() Method
2020-09-30 18:50:55:064 INFO : Inside SchedulerService : fixedRate() Method
2020-09-30 18:50:55:064 INFO : Inside SchedulerService : fixedRate() Method
2020-09-30 18:50:55:064 INFO : Inside SchedulerService : fixedRate() Method
2020-09-30 18:50:55:064 INFO : Inside SchedulerService : fixedRate() Method
2020-09-30 18:50:55:064 INFO : Inside SchedulerService : fixedRate() Method
2020-09-30 18:50:55:064 INFO : Inside SchedulerService : fixedRate() Method
2020-09-30 18:50:55:064 INFO : Inside SchedulerService : fixedRate() Method
2020-09-30 18:50:55:064 INFO : Inside SchedulerService : fixedRate() Method
2020-09-30 18:50:55:064 INFO : Inside SchedulerService : fixedRate() Method
2020-09-30 18:50:55:064 INFO : Inside SchedulerService : fixedRate() Method
2020-09-30 18:50:55:065 INFO : Inside SchedulerService : fixedRate() Method
2020-09-30 18:50:55:065 INFO : Inside SchedulerService : fixedRate() Method
2020-09-30 18:50:55:065 INFO : Inside SchedulerService : fixedRate() Method
2020-09-30 18:50:55:065 INFO : Inside SchedulerService : fixedRate() Method
2020-09-30 18:50:55:065 INFO : Inside SchedulerService : fixedRate() Method
2020-09-30 18:50:55:065 INFO : Inside SchedulerService : fixedRate() Method
2020-09-30 18:50:55:065 INFO : Inside SchedulerService : fixedRate() Method
2020-09-30 18:50:55:065 INFO : Inside SchedulerService : fixedRate() Method
2020-09-30 18:50:55:065 INFO : Inside SchedulerService : fixedRate() Method
2020-09-30 18:50:55:066 INFO : Inside SchedulerService : fixedRate() Method
2020-09-30 18:50:55:066 INFO : Inside SchedulerService : fixedRate() Method
2020-09-30 18:50:55:066 INFO : Inside SchedulerService : fixedRate() Method
2020-09-30 18:50:55:066 INFO : Inside SchedulerService : fixedRate() Method
2020-09-30 18:50:55:066 INFO : Inside SchedulerService : fixedRate() Method
2020-09-30 18:50:55:066 INFO : Inside SchedulerService : fixedRate() Method
2020-09-30 18:50:55:066 INFO : Inside SchedulerService : fixedRate() Method
2020-09-30 18:50:55:066 INFO : Inside SchedulerService : fixedRate() Method
2020-09-30 18:50:55:066 INFO : Inside SchedulerService : fixedRate() Method
2020-09-30 18:50:55:066 INFO : Inside SchedulerService : fixedRate() Method
2020-09-30 18:50:55:066 INFO : Inside SchedulerService : fixedRate() Method
2020-09-30 18:50:55:079 INFO : Inside SchedulerService : fixedRate() Method
2020-09-30 18:50:55:080 INFO : Inside SchedulerService : fixedRate() Method
2020-09-30 18:50:55:080 INFO : Inside SchedulerService : fixedRate() Method
2020-09-30 18:50:55:080 INFO : Inside SchedulerService : fixedRate() Method
2020-09-30 18:50:55:080 INFO : Inside SchedulerService : fixedRate() Method
2020-09-30 18:50:55:080 INFO : Inside SchedulerService : fixedRate() Method
2020-09-30 18:50:55:080 INFO : Inside SchedulerService : fixedRate() Method
2020-09-30 18:50:55:080 INFO : Inside SchedulerService : fixedRate() Method
2020-09-30 18:50:55:080 INFO : Inside SchedulerService : fixedRate() Method
2020-09-30 19:03:48:973 INFO : Inside SchedulerService : fixedRate() Method
2020-09-30 19:07:35:046 INFO : Inside SchedulerService : fixedDelay() Method
2020-09-30 19:20:28:981 INFO : Inside SchedulerService : fixedRate() Method
2020-09-30 19:24:15:048 INFO : Inside SchedulerService : fixedDelay() Method
2020-09-30 19:37:08:979 INFO : Inside SchedulerService : fixedRate() Method
2020-09-30 19:40:55:053 INFO : Inside SchedulerService : fixedDelay() Method
2020-09-30 19:53:48:980 INFO : Inside SchedulerService : fixedRate() Method
2020-09-30 19:57:35:064 INFO : Inside SchedulerService : fixedDelay() Method
2020-09-30 20:10:28:968 INFO : Inside SchedulerService : fixedRate() Method
2020-09-30 20:14:15:067 INFO : Inside SchedulerService : fixedDelay() Method
2020-09-30 20:27:08:972 INFO : Inside SchedulerService : fixedRate() Method
2020-09-30 20:30:55:081 INFO : Inside SchedulerService : fixedDelay() Method
2020-09-30 20:43:48:980 INFO : Inside SchedulerService : fixedRate() Method
2020-09-30 20:47:35:096 INFO : Inside SchedulerService : fixedDelay() Method
2020-09-30 21:00:28:978 INFO : Inside SchedulerService : fixedRate() Method
2020-09-30 21:04:15:099 INFO : Inside SchedulerService : fixedDelay() Method
2020-09-30 21:17:08:983 INFO : Inside SchedulerService : fixedRate() Method
2020-09-30 21:20:55:102 INFO : Inside SchedulerService : fixedDelay() Method
2020-09-30 21:33:48:982 INFO : Inside SchedulerService : fixedRate() Method
2020-09-30 21:37:35:112 INFO : Inside SchedulerService : fixedDelay() Method
2020-09-30 21:50:28:976 INFO : Inside SchedulerService : fixedRate() Method
2020-09-30 21:54:15:122 INFO : Inside SchedulerService : fixedDelay() Method
2020-09-30 22:07:08:981 INFO : Inside SchedulerService : fixedRate() Method
2020-09-30 22:10:55:136 INFO : Inside SchedulerService : fixedDelay() Method
2020-09-30 22:23:48:977 INFO : Inside SchedulerService : fixedRate() Method
2020-09-30 22:27:35:141 INFO : Inside SchedulerService : fixedDelay() Method
2020-10-04 22:28:09:835 INFO : The following profiles are active: dev
2020-10-04 22:28:13:368 INFO : BeanPostProcessorsImplementation Instance is Created
2020-10-04 22:28:17:657 INFO : Beans Ordered is as follows : 1,2,3
2020-10-04 22:28:20:589 INFO : Bean2 Instantiated at Sun Oct 04 22:28:20 IST 2020
2020-10-04 22:28:21:046 INFO : Bean1 Instantiated at Sun Oct 04 22:28:21 IST 2020
2020-10-04 22:28:21:061 INFO : Inside postProcessBeforeInitialization() Method for Bean : customBean1
2020-10-04 22:28:21:063 INFO : Inside CustomBean1 afterConstruction() Method
2020-10-04 22:28:21:065 INFO : Inside CustomBean1 afterPropertiesSet() Method 
2020-10-04 22:28:21:066 INFO : Inside CustomBean1 Init() Method
2020-10-04 22:28:21:068 INFO : Inside postProcessAfterInitialization() Method for Bean : customBean1
2020-10-04 22:28:26:601 INFO : Started SpringBootJdk14ApplicationTests in 20.52 seconds (JVM running for 22.081)
2020-10-04 22:28:26:962 INFO : Inside CustomBean1 beforeDestruction() Method
2020-10-04 22:28:26:962 INFO : Inside CustomBean1 Destroy() Method of Disposable Bean
2020-10-04 22:28:26:963 INFO : Inside CustomBean1 Destroy() Method
2020-10-04 22:55:54:465 INFO : The following profiles are active: dev
2020-10-04 22:55:57:579 INFO : BeanPostProcessorsImplementation Instance is Created
2020-10-04 22:56:01:413 INFO : Beans Ordered is as follows : 1,2,3
2020-10-04 22:56:03:488 INFO : Bean2 Instantiated at Sun Oct 04 22:56:03 IST 2020
2020-10-04 22:56:03:687 INFO : Bean1 Instantiated at Sun Oct 04 22:56:03 IST 2020
2020-10-04 22:56:03:693 INFO : Inside postProcessBeforeInitialization() Method for Bean : customBean1
2020-10-04 22:56:03:694 INFO : Inside CustomBean1 afterConstruction() Method
2020-10-04 22:56:03:694 INFO : Inside CustomBean1 afterPropertiesSet() Method 
2020-10-04 22:56:03:695 INFO : Inside CustomBean1 Init() Method
2020-10-04 22:56:03:696 INFO : Inside postProcessAfterInitialization() Method for Bean : customBean1
2020-10-04 22:56:08:747 INFO : Started SpringBootJdk14ApplicationTests in 17.767 seconds (JVM running for 19.207)
2020-10-04 22:56:09:031 INFO : Inside CustomBean1 beforeDestruction() Method
2020-10-04 22:56:09:032 INFO : Inside CustomBean1 Destroy() Method of Disposable Bean
2020-10-04 22:56:09:032 INFO : Inside CustomBean1 Destroy() Method
2020-10-25 10:41:51:125 INFO : The following profiles are active: dev
2020-10-25 10:41:54:168 INFO : BeanPostProcessorsImplementation Instance is Created
2020-10-25 10:43:14:973 INFO : The following profiles are active: dev
2020-10-25 10:43:17:326 INFO : BeanPostProcessorsImplementation Instance is Created
2020-10-25 10:43:20:982 INFO : Beans Ordered is as follows : 1,2,3
2020-10-25 10:43:22:470 INFO : Bean2 Instantiated at Sun Oct 25 10:43:22 IST 2020
2020-10-25 10:43:23:107 INFO : Bean1 Instantiated at Sun Oct 25 10:43:23 IST 2020
2020-10-25 10:43:23:116 INFO : Inside postProcessBeforeInitialization() Method for Bean : customBean1
2020-10-25 10:43:23:117 INFO : Inside CustomBean1 afterConstruction() Method
2020-10-25 10:43:23:118 INFO : Inside CustomBean1 afterPropertiesSet() Method 
2020-10-25 10:43:23:119 INFO : Inside CustomBean1 Init() Method
2020-10-25 10:43:23:122 INFO : Inside postProcessAfterInitialization() Method for Bean : customBean1
2020-10-25 10:43:33:561 INFO : The following profiles are active: dev
2020-10-25 10:43:34:573 INFO : BeanPostProcessorsImplementation Instance is Created
2020-10-25 10:43:35:845 INFO : Beans Ordered is as follows : 1,2,3
2020-10-25 10:43:36:616 INFO : Bean2 Instantiated at Sun Oct 25 10:43:36 IST 2020
2020-10-25 10:43:37:260 INFO : Bean1 Instantiated at Sun Oct 25 10:43:37 IST 2020
2020-10-25 10:43:37:266 INFO : Inside postProcessBeforeInitialization() Method for Bean : customBean1
2020-10-25 10:43:37:266 INFO : Inside CustomBean1 afterConstruction() Method
2020-10-25 10:43:37:266 INFO : Inside CustomBean1 afterPropertiesSet() Method 
2020-10-25 10:43:37:266 INFO : Inside CustomBean1 Init() Method
2020-10-25 10:43:37:267 INFO : Inside postProcessAfterInitialization() Method for Bean : customBean1
2020-10-25 10:43:44:892 INFO : Started BootApplication in 15.851 seconds (JVM running for 36.345)
2020-10-25 10:43:54:901 INFO : Inside SchedulerService : fixedDelay() Method
2020-10-25 10:44:34:898 INFO : Inside SchedulerService : fixedRate() Method
2020-10-25 10:46:31:977 INFO : Inside CustomBean1 beforeDestruction() Method
2020-10-25 10:46:31:978 INFO : Inside CustomBean1 Destroy() Method of Disposable Bean
2020-10-25 10:46:31:980 INFO : Inside CustomBean1 Destroy() Method
2020-10-25 10:46:36:867 INFO : The following profiles are active: dev
2020-10-25 10:46:39:041 INFO : BeanPostProcessorsImplementation Instance is Created
2020-10-25 10:46:42:023 INFO : Beans Ordered is as follows : 1,2,3
2020-10-25 10:46:43:280 INFO : Bean2 Instantiated at Sun Oct 25 10:46:43 IST 2020
2020-10-25 10:46:43:651 INFO : Bean1 Instantiated at Sun Oct 25 10:46:43 IST 2020
2020-10-25 10:46:43:657 INFO : Inside postProcessBeforeInitialization() Method for Bean : customBean1
2020-10-25 10:46:43:657 INFO : Inside CustomBean1 afterConstruction() Method
2020-10-25 10:46:43:657 INFO : Inside CustomBean1 afterPropertiesSet() Method 
2020-10-25 10:46:43:657 INFO : Inside CustomBean1 Init() Method
2020-10-25 10:46:43:658 INFO : Inside postProcessAfterInitialization() Method for Bean : customBean1
2020-10-25 10:46:50:853 INFO : Started BootApplication in 18.523 seconds (JVM running for 222.305)
2020-10-25 10:47:00:862 INFO : Inside SchedulerService : fixedDelay() Method
2020-10-25 10:47:40:857 INFO : Inside SchedulerService : fixedRate() Method
2020-10-25 10:50:29:818 INFO : Inside CustomBean1 beforeDestruction() Method
2020-10-25 10:50:29:819 INFO : Inside CustomBean1 Destroy() Method of Disposable Bean
2020-10-25 10:50:29:820 INFO : Inside CustomBean1 Destroy() Method
2020-10-25 10:50:34:605 INFO : The following profiles are active: dev
2020-10-25 10:50:35:581 INFO : BeanPostProcessorsImplementation Instance is Created
2020-10-25 10:50:36:788 INFO : Beans Ordered is as follows : 1,2,3
2020-10-25 10:50:37:456 INFO : Bean2 Instantiated at Sun Oct 25 10:50:37 IST 2020
2020-10-25 10:50:38:452 INFO : Bean1 Instantiated at Sun Oct 25 10:50:38 IST 2020
2020-10-25 10:50:38:457 INFO : Inside postProcessBeforeInitialization() Method for Bean : customBean1
2020-10-25 10:50:38:458 INFO : Inside CustomBean1 afterConstruction() Method
2020-10-25 10:50:38:458 INFO : Inside CustomBean1 afterPropertiesSet() Method 
2020-10-25 10:50:38:458 INFO : Inside CustomBean1 Init() Method
2020-10-25 10:50:38:459 INFO : Inside postProcessAfterInitialization() Method for Bean : customBean1
2020-10-25 10:50:45:901 INFO : Started BootApplication in 15.747 seconds (JVM running for 457.353)
2020-10-25 10:50:55:910 INFO : Inside SchedulerService : fixedDelay() Method
2020-10-25 10:51:35:905 INFO : Inside SchedulerService : fixedRate() Method
2020-10-25 10:52:46:665 INFO : The following profiles are active: dev
2020-10-25 10:52:48:990 INFO : BeanPostProcessorsImplementation Instance is Created
2020-10-25 10:52:52:341 INFO : Beans Ordered is as follows : 1,2,3
2020-10-25 10:52:53:647 INFO : Bean2 Instantiated at Sun Oct 25 10:52:53 IST 2020
2020-10-25 10:52:54:530 INFO : Bean1 Instantiated at Sun Oct 25 10:52:54 IST 2020
2020-10-25 10:52:54:535 INFO : Inside postProcessBeforeInitialization() Method for Bean : customBean1
2020-10-25 10:52:54:536 INFO : Inside CustomBean1 afterConstruction() Method
2020-10-25 10:52:54:536 INFO : Inside CustomBean1 afterPropertiesSet() Method 
2020-10-25 10:52:54:536 INFO : Inside CustomBean1 Init() Method
2020-10-25 10:52:54:538 INFO : Inside postProcessAfterInitialization() Method for Bean : customBean1
2020-10-25 10:53:02:899 INFO : Started BootApplication in 21.638 seconds (JVM running for 22.688)
2020-10-25 10:53:12:901 INFO : Inside SchedulerService : fixedDelay() Method
2020-10-25 10:53:52:907 INFO : Inside SchedulerService : fixedRate() Method
2020-10-25 11:03:34:512 INFO : Inside CustomBean1 beforeDestruction() Method
2020-10-25 11:03:34:513 INFO : Inside CustomBean1 Destroy() Method of Disposable Bean
2020-10-25 11:03:34:513 INFO : Inside CustomBean1 Destroy() Method
2020-10-25 11:03:39:322 INFO : The following profiles are active: dev
2020-10-25 11:03:40:353 INFO : BeanPostProcessorsImplementation Instance is Created
2020-10-25 11:04:14:152 INFO : The following profiles are active: dev
2020-10-25 11:04:15:114 INFO : BeanPostProcessorsImplementation Instance is Created
2020-10-25 11:04:16:351 INFO : Beans Ordered is as follows : 1,2,3
2020-10-25 11:04:17:063 INFO : Bean2 Instantiated at Sun Oct 25 11:04:17 IST 2020
2020-10-25 11:04:17:547 INFO : Bean1 Instantiated at Sun Oct 25 11:04:17 IST 2020
2020-10-25 11:04:17:554 INFO : Inside postProcessBeforeInitialization() Method for Bean : customBean1
2020-10-25 11:04:17:555 INFO : Inside CustomBean1 afterConstruction() Method
2020-10-25 11:04:17:556 INFO : Inside CustomBean1 afterPropertiesSet() Method 
2020-10-25 11:04:17:557 INFO : Inside CustomBean1 Init() Method
2020-10-25 11:04:17:560 INFO : Inside postProcessAfterInitialization() Method for Bean : customBean1
2020-10-25 11:04:25:082 INFO : Started BootApplication in 15.379 seconds (JVM running for 704.87)
2020-10-25 11:04:35:083 INFO : Inside SchedulerService : fixedDelay() Method
2020-10-25 11:05:01:054 INFO : Inside CustomBean1 beforeDestruction() Method
2020-10-25 11:05:01:055 INFO : Inside CustomBean1 Destroy() Method of Disposable Bean
2020-10-25 11:05:01:056 INFO : Inside CustomBean1 Destroy() Method
2020-10-25 11:05:05:605 INFO : The following profiles are active: dev
2020-10-25 11:05:06:587 INFO : BeanPostProcessorsImplementation Instance is Created
2020-10-25 11:05:07:764 INFO : Beans Ordered is as follows : 1,2,3
2020-10-25 11:05:08:444 INFO : Bean2 Instantiated at Sun Oct 25 11:05:08 IST 2020
2020-10-25 11:05:09:384 INFO : Bean1 Instantiated at Sun Oct 25 11:05:09 IST 2020
2020-10-25 11:05:09:391 INFO : Inside postProcessBeforeInitialization() Method for Bean : customBean1
2020-10-25 11:05:09:392 INFO : Inside CustomBean1 afterConstruction() Method
2020-10-25 11:05:09:393 INFO : Inside CustomBean1 afterPropertiesSet() Method 
2020-10-25 11:05:09:394 INFO : Inside CustomBean1 Init() Method
2020-10-25 11:05:09:396 INFO : Inside postProcessAfterInitialization() Method for Bean : customBean1
2020-10-25 11:05:16:766 INFO : Started BootApplication in 15.591 seconds (JVM running for 756.555)
2020-10-25 11:05:26:781 INFO : Inside SchedulerService : fixedDelay() Method
2020-10-25 11:06:06:776 INFO : Inside SchedulerService : fixedRate() Method
2020-10-25 11:08:21:178 INFO : Inside CustomBean1 beforeDestruction() Method
2020-10-25 11:08:21:178 INFO : Inside CustomBean1 Destroy() Method of Disposable Bean
2020-10-25 11:08:21:178 INFO : Inside CustomBean1 Destroy() Method
2020-10-25 11:08:26:280 INFO : The following profiles are active: dev
2020-10-25 11:08:28:882 INFO : BeanPostProcessorsImplementation Instance is Created
2020-10-25 11:08:32:210 INFO : Beans Ordered is as follows : 1,2,3
2020-10-25 11:08:34:142 INFO : Bean2 Instantiated at Sun Oct 25 11:08:34 IST 2020
2020-10-25 11:08:34:251 INFO : Bean1 Instantiated at Sun Oct 25 11:08:34 IST 2020
2020-10-25 11:08:34:262 INFO : Inside postProcessBeforeInitialization() Method for Bean : customBean1
2020-10-25 11:08:34:263 INFO : Inside CustomBean1 afterConstruction() Method
2020-10-25 11:08:34:263 INFO : Inside CustomBean1 afterPropertiesSet() Method 
2020-10-25 11:08:34:264 INFO : Inside CustomBean1 Init() Method
2020-10-25 11:08:34:268 INFO : Inside postProcessAfterInitialization() Method for Bean : customBean1
2020-10-25 11:08:44:525 INFO : Started BootApplication in 23.093 seconds (JVM running for 964.313)
2020-10-25 11:08:54:527 INFO : Inside SchedulerService : fixedDelay() Method
2020-10-25 11:09:34:531 INFO : Inside SchedulerService : fixedRate() Method
2020-10-25 11:14:54:161 INFO : Inside CustomBean1 beforeDestruction() Method
2020-10-25 11:14:54:161 INFO : Inside CustomBean1 Destroy() Method of Disposable Bean
2020-10-25 11:14:54:162 INFO : Inside CustomBean1 Destroy() Method
2020-10-25 11:14:58:705 INFO : The following profiles are active: dev
2020-10-25 11:14:59:785 INFO : BeanPostProcessorsImplementation Instance is Created
2020-10-25 11:15:01:046 INFO : Beans Ordered is as follows : 1,2,3
2020-10-25 11:15:01:762 INFO : Bean2 Instantiated at Sun Oct 25 11:15:01 IST 2020
2020-10-25 11:15:02:300 INFO : Bean1 Instantiated at Sun Oct 25 11:15:02 IST 2020
2020-10-25 11:15:02:307 INFO : Inside postProcessBeforeInitialization() Method for Bean : customBean1
2020-10-25 11:15:02:308 INFO : Inside CustomBean1 afterConstruction() Method
2020-10-25 11:15:02:309 INFO : Inside CustomBean1 afterPropertiesSet() Method 
2020-10-25 11:15:02:309 INFO : Inside CustomBean1 Init() Method
2020-10-25 11:15:02:312 INFO : Inside postProcessAfterInitialization() Method for Bean : customBean1
2020-10-25 11:15:09:697 INFO : Started BootApplication in 15.406 seconds (JVM running for 1349.485)
2020-10-25 11:15:19:702 INFO : Inside SchedulerService : fixedDelay() Method
2020-10-25 11:15:59:700 INFO : Inside SchedulerService : fixedRate() Method
2020-10-25 11:22:21:659 INFO : Inside CustomBean1 beforeDestruction() Method
2020-10-25 11:22:21:659 INFO : Inside CustomBean1 Destroy() Method of Disposable Bean
2020-10-25 11:22:21:659 INFO : Inside CustomBean1 Destroy() Method
2020-10-25 11:22:26:330 INFO : The following profiles are active: dev
2020-10-25 11:22:27:416 INFO : BeanPostProcessorsImplementation Instance is Created
2020-10-25 11:22:28:901 INFO : Beans Ordered is as follows : 1,2,3
2020-10-25 11:22:29:656 INFO : Bean2 Instantiated at Sun Oct 25 11:22:29 IST 2020
2020-10-25 11:22:29:909 INFO : Bean1 Instantiated at Sun Oct 25 11:22:29 IST 2020
2020-10-25 11:22:29:912 INFO : Inside postProcessBeforeInitialization() Method for Bean : customBean1
2020-10-25 11:22:29:912 INFO : Inside CustomBean1 afterConstruction() Method
2020-10-25 11:22:29:912 INFO : Inside CustomBean1 afterPropertiesSet() Method 
2020-10-25 11:22:29:913 INFO : Inside CustomBean1 Init() Method
2020-10-25 11:22:29:914 INFO : Inside postProcessAfterInitialization() Method for Bean : customBean1
2020-10-25 11:22:37:350 INFO : Started BootApplication in 15.516 seconds (JVM running for 1797.139)
2020-10-25 11:22:47:359 INFO : Inside SchedulerService : fixedDelay() Method
2020-10-25 11:23:27:364 INFO : Inside SchedulerService : fixedRate() Method
2020-11-14 23:10:10:152 INFO : The following profiles are active: dev
2020-11-14 23:10:12:509 INFO : BeanPostProcessorsImplementation Instance is Created
2020-11-14 23:10:16:110 INFO : Beans Ordered is as follows : 1,2,3
2020-11-14 23:10:17:450 INFO : Bean2 Instantiated at Sat Nov 14 23:10:17 IST 2020
2020-11-14 23:10:17:504 INFO : Bean1 Instantiated at Sat Nov 14 23:10:17 IST 2020
2020-11-14 23:10:17:507 INFO : Inside postProcessBeforeInitialization() Method for Bean : customBean1
2020-11-14 23:10:17:508 INFO : Inside CustomBean1 afterConstruction() Method
2020-11-14 23:10:17:508 INFO : Inside CustomBean1 afterPropertiesSet() Method 
2020-11-14 23:10:17:508 INFO : Inside CustomBean1 Init() Method
2020-11-14 23:10:17:511 INFO : Inside postProcessAfterInitialization() Method for Bean : customBean1
2020-11-14 23:10:25:668 INFO : Started BootApplication in 21.009 seconds (JVM running for 22.231)
2020-11-14 23:10:35:673 INFO : Inside SchedulerService : fixedDelay() Method
2020-11-14 23:11:15:665 INFO : Inside SchedulerService : fixedRate() Method
2020-11-14 23:17:17:653 INFO : New User Attempting to connect.
2020-11-14 23:17:17:656 INFO : New User connection established
2020-11-14 23:17:23:107 INFO : Connection Disconnected For : 5qlu15xf
2021-03-14 15:17:36:521 INFO : The following profiles are active: dev
2021-03-14 15:17:39:727 INFO : BeanPostProcessorsImplementation Instance is Created
2021-03-14 15:17:44:546 INFO : Beans Ordered is as follows : 1,2,3
2021-03-14 15:17:46:132 INFO : Bean2 Instantiated at Sun Mar 14 15:17:46 IST 2021
2021-03-14 15:17:46:950 INFO : Bean1 Instantiated at Sun Mar 14 15:17:46 IST 2021
2021-03-14 15:17:46:953 INFO : Inside postProcessBeforeInitialization() Method for Bean : customBean1
2021-03-14 15:17:46:954 INFO : Inside CustomBean1 afterConstruction() Method
2021-03-14 15:17:46:954 INFO : Inside CustomBean1 afterPropertiesSet() Method 
2021-03-14 15:17:46:955 INFO : Inside CustomBean1 Init() Method
2021-03-14 15:17:46:956 INFO : Inside postProcessAfterInitialization() Method for Bean : customBean1
2021-03-14 15:17:50:715 INFO : Started BootApplication in 18.392 seconds (JVM running for 19.988)
2021-03-14 15:18:00:713 INFO : Inside SchedulerService : fixedDelay() Method
2021-03-14 15:18:40:724 INFO : Inside SchedulerService : fixedRate() Method
2021-03-14 15:34:40:726 INFO : Inside SchedulerService : fixedDelay() Method
2021-03-14 15:35:20:721 INFO : Inside SchedulerService : fixedRate() Method
2021-03-14 15:35:58:758 INFO : Inside CustomBean1 beforeDestruction() Method
2021-03-14 15:35:58:758 INFO : Inside CustomBean1 Destroy() Method of Disposable Bean
2021-03-14 15:35:58:759 INFO : Inside CustomBean1 Destroy() Method
2021-03-14 15:36:01:302 INFO : The following profiles are active: dev
2021-03-14 15:36:02:412 INFO : BeanPostProcessorsImplementation Instance is Created
2021-03-14 15:36:03:885 INFO : Beans Ordered is as follows : 1,2,3
2021-03-14 15:36:04:690 INFO : Bean2 Instantiated at Sun Mar 14 15:36:04 IST 2021
2021-03-14 15:36:05:025 INFO : Bean1 Instantiated at Sun Mar 14 15:36:05 IST 2021
2021-03-14 15:36:05:028 INFO : Inside postProcessBeforeInitialization() Method for Bean : customBean1
2021-03-14 15:36:05:028 INFO : Inside CustomBean1 afterConstruction() Method
2021-03-14 15:36:05:028 INFO : Inside CustomBean1 afterPropertiesSet() Method 
2021-03-14 15:36:05:029 INFO : Inside CustomBean1 Init() Method
2021-03-14 15:36:05:030 INFO : Inside postProcessAfterInitialization() Method for Bean : customBean1
2021-03-14 15:36:07:694 INFO : Started BootApplication in 8.778 seconds (JVM running for 1116.966)
2021-03-14 15:36:17:704 INFO : Inside SchedulerService : fixedDelay() Method
2021-03-14 15:36:57:701 INFO : Inside SchedulerService : fixedRate() Method
2021-03-14 15:37:49:234 INFO : Inside getUserRatings() 
2021-03-14 15:37:49:519 INFO : Inside getFallbackUserRating() 
2021-03-14 15:37:49:531 INFO : Inside getCatalogItem() 
2021-03-14 15:37:49:574 INFO : Inside getFallbackCatalogItem() 
2021-03-14 15:43:23:481 INFO : Inside CustomBean1 beforeDestruction() Method
2021-03-14 15:43:23:482 INFO : Inside CustomBean1 Destroy() Method of Disposable Bean
2021-03-14 15:43:23:482 INFO : Inside CustomBean1 Destroy() Method
2021-03-14 15:43:26:031 INFO : The following profiles are active: dev
2021-03-14 15:43:27:161 INFO : BeanPostProcessorsImplementation Instance is Created
2021-03-14 15:43:28:767 INFO : Beans Ordered is as follows : 1,2,3
2021-03-14 15:43:29:652 INFO : Bean2 Instantiated at Sun Mar 14 15:43:29 IST 2021
2021-03-14 15:43:30:279 INFO : Bean1 Instantiated at Sun Mar 14 15:43:30 IST 2021
2021-03-14 15:43:30:281 INFO : Inside postProcessBeforeInitialization() Method for Bean : customBean1
2021-03-14 15:43:30:282 INFO : Inside CustomBean1 afterConstruction() Method
2021-03-14 15:43:30:282 INFO : Inside CustomBean1 afterPropertiesSet() Method 
2021-03-14 15:43:30:282 INFO : Inside CustomBean1 Init() Method
2021-03-14 15:43:30:283 INFO : Inside postProcessAfterInitialization() Method for Bean : customBean1
2021-03-14 15:43:32:911 INFO : Started BootApplication in 9.284 seconds (JVM running for 1562.184)
2021-03-14 15:43:42:913 INFO : Inside SchedulerService : fixedDelay() Method
2021-03-14 15:44:19:689 INFO : Inside CustomBean1 beforeDestruction() Method
2021-03-14 15:44:19:689 INFO : Inside CustomBean1 Destroy() Method of Disposable Bean
2021-03-14 15:44:19:689 INFO : Inside CustomBean1 Destroy() Method
2021-03-14 15:44:22:226 INFO : The following profiles are active: dev
2021-03-14 15:44:23:296 INFO : BeanPostProcessorsImplementation Instance is Created
2021-03-14 15:44:24:727 INFO : Beans Ordered is as follows : 1,2,3
2021-03-14 15:44:25:562 INFO : Bean2 Instantiated at Sun Mar 14 15:44:25 IST 2021
2021-03-14 15:44:25:993 INFO : Bean1 Instantiated at Sun Mar 14 15:44:25 IST 2021
2021-03-14 15:44:25:996 INFO : Inside postProcessBeforeInitialization() Method for Bean : customBean1
2021-03-14 15:44:25:996 INFO : Inside CustomBean1 afterConstruction() Method
2021-03-14 15:44:25:996 INFO : Inside CustomBean1 afterPropertiesSet() Method 
2021-03-14 15:44:25:997 INFO : Inside CustomBean1 Init() Method
2021-03-14 15:44:25:998 INFO : Inside postProcessAfterInitialization() Method for Bean : customBean1
2021-03-14 15:44:28:530 INFO : Started BootApplication in 8.703 seconds (JVM running for 1617.803)
2021-03-14 15:44:38:529 INFO : Inside SchedulerService : fixedDelay() Method
2021-03-14 15:45:18:540 INFO : Inside SchedulerService : fixedRate() Method
2021-03-14 15:45:26:544 INFO : Inside CustomBean1 beforeDestruction() Method
2021-03-14 15:45:26:545 INFO : Inside CustomBean1 Destroy() Method of Disposable Bean
2021-03-14 15:45:26:546 INFO : Inside CustomBean1 Destroy() Method
2021-03-14 15:45:29:092 INFO : The following profiles are active: dev
2021-03-14 15:45:30:241 INFO : BeanPostProcessorsImplementation Instance is Created
2021-03-14 15:45:31:773 INFO : Beans Ordered is as follows : 1,2,3
2021-03-14 15:45:32:864 INFO : Bean2 Instantiated at Sun Mar 14 15:45:32 IST 2021
2021-03-14 15:45:33:570 INFO : Bean1 Instantiated at Sun Mar 14 15:45:33 IST 2021
2021-03-14 15:45:33:573 INFO : Inside postProcessBeforeInitialization() Method for Bean : customBean1
2021-03-14 15:45:33:573 INFO : Inside CustomBean1 afterConstruction() Method
2021-03-14 15:45:33:573 INFO : Inside CustomBean1 afterPropertiesSet() Method 
2021-03-14 15:45:33:574 INFO : Inside CustomBean1 Init() Method
2021-03-14 15:45:33:575 INFO : Inside postProcessAfterInitialization() Method for Bean : customBean1
2021-03-14 15:45:35:950 INFO : Started BootApplication in 9.245 seconds (JVM running for 1685.222)
2021-03-14 15:45:45:958 INFO : Inside SchedulerService : fixedDelay() Method
2021-03-14 15:46:25:950 INFO : Inside SchedulerService : fixedRate() Method
2021-03-14 15:46:29:221 INFO : Inside CustomBean1 beforeDestruction() Method
2021-03-14 15:46:29:222 INFO : Inside CustomBean1 Destroy() Method of Disposable Bean
2021-03-14 15:46:29:222 INFO : Inside CustomBean1 Destroy() Method
2021-03-14 15:46:31:785 INFO : The following profiles are active: dev
2021-03-14 15:46:32:911 INFO : BeanPostProcessorsImplementation Instance is Created
2021-03-14 15:46:34:489 INFO : Beans Ordered is as follows : 1,2,3
2021-03-14 15:46:35:362 INFO : Bean2 Instantiated at Sun Mar 14 15:46:35 IST 2021
2021-03-14 15:46:35:898 INFO : Bean1 Instantiated at Sun Mar 14 15:46:35 IST 2021
2021-03-14 15:46:35:902 INFO : Inside postProcessBeforeInitialization() Method for Bean : customBean1
2021-03-14 15:46:35:903 INFO : Inside CustomBean1 afterConstruction() Method
2021-03-14 15:46:35:903 INFO : Inside CustomBean1 afterPropertiesSet() Method 
2021-03-14 15:46:35:903 INFO : Inside CustomBean1 Init() Method
2021-03-14 15:46:35:904 INFO : Inside postProcessAfterInitialization() Method for Bean : customBean1
2021-03-14 15:46:38:488 INFO : Started BootApplication in 9.102 seconds (JVM running for 1747.761)
2021-03-14 15:46:48:492 INFO : Inside SchedulerService : fixedDelay() Method
2021-03-14 15:47:28:498 INFO : Inside SchedulerService : fixedRate() Method
2021-03-14 16:03:28:502 INFO : Inside SchedulerService : fixedDelay() Method
2021-03-14 16:04:08:503 INFO : Inside SchedulerService : fixedRate() Method
2021-03-14 16:20:08:509 INFO : Inside SchedulerService : fixedDelay() Method
2021-03-14 16:20:48:500 INFO : Inside SchedulerService : fixedRate() Method
2021-03-14 16:36:48:515 INFO : Inside SchedulerService : fixedDelay() Method
2021-03-14 16:37:28:495 INFO : Inside SchedulerService : fixedRate() Method
2021-03-14 16:53:28:523 INFO : Inside SchedulerService : fixedDelay() Method
2021-03-14 16:54:08:501 INFO : Inside SchedulerService : fixedRate() Method
2021-03-14 17:10:08:524 INFO : Inside SchedulerService : fixedDelay() Method
2021-03-14 17:10:48:495 INFO : Inside SchedulerService : fixedRate() Method
2021-03-14 17:26:48:525 INFO : Inside SchedulerService : fixedDelay() Method
2021-03-14 17:27:28:488 INFO : Inside SchedulerService : fixedRate() Method
2021-03-14 17:43:28:526 INFO : Inside SchedulerService : fixedDelay() Method
2021-03-14 17:44:08:498 INFO : Inside SchedulerService : fixedRate() Method
2021-03-28 16:40:29:245 INFO : The following profiles are active: dev
2021-03-28 16:40:35:500 INFO : BeanPostProcessorsImplementation Instance is Created
2021-03-28 16:40:42:010 INFO : Beans Ordered is as follows : 1,2,3
2021-03-28 16:40:44:571 INFO : Bean2 Instantiated at Sun Mar 28 16:40:44 IST 2021
2021-03-28 16:40:44:989 INFO : Bean1 Instantiated at Sun Mar 28 16:40:44 IST 2021
2021-03-28 16:40:44:996 INFO : Inside postProcessBeforeInitialization() Method for Bean : customBean1
2021-03-28 16:40:44:996 INFO : Inside CustomBean1 afterConstruction() Method
2021-03-28 16:40:44:997 INFO : Inside CustomBean1 afterPropertiesSet() Method 
2021-03-28 16:40:44:997 INFO : Inside CustomBean1 Init() Method
2021-03-28 16:40:44:999 INFO : Inside postProcessAfterInitialization() Method for Bean : customBean1
2021-03-28 16:40:50:490 INFO : Started BootApplication in 25.649 seconds (JVM running for 27.639)
2021-03-28 16:41:00:486 INFO : Inside SchedulerService : fixedDelay() Method
2021-03-28 16:41:37:633 INFO : Inside RetryableSerivce : retryService() Method 1 Time
2021-03-28 16:41:39:451 INFO : Exception is going to be thrown from RetryableSerivce : dummyMethod() 1 Time
2021-03-28 16:41:40:481 INFO : Inside SchedulerService : fixedRate() Method
2021-03-28 16:41:42:455 INFO : Inside RetryableSerivce : retryService() Method 2 Time
2021-03-28 16:41:43:472 INFO : Exception is going to be thrown from RetryableSerivce : dummyMethod() 2 Time
2021-03-28 16:41:43:473 INFO : Inside RetryableService : recoveryService() Method, After 2 Attempts
2021-03-28 16:42:01:879 INFO : Inside RetryableSerivce : retryService() Method 1 Time
2021-03-28 16:42:03:408 INFO : Exception is going to be thrown from RetryableSerivce : dummyMethod() 1 Time
2021-03-28 16:42:06:410 INFO : Inside RetryableSerivce : retryService() Method 2 Time
2021-03-28 16:42:08:094 INFO : Exception is going to be thrown from RetryableSerivce : dummyMethod() 2 Time
2021-03-28 16:42:08:095 INFO : Inside RetryableService : recoveryService() Method, After 2 Attempts
2021-03-28 16:57:40:495 INFO : Inside SchedulerService : fixedDelay() Method
2021-03-28 16:58:20:493 INFO : Inside SchedulerService : fixedRate() Method
2021-03-28 17:14:20:507 INFO : Inside SchedulerService : fixedDelay() Method
2021-03-28 17:15:00:490 INFO : Inside SchedulerService : fixedRate() Method
2021-05-28 17:33:47:710 INFO : The following profiles are active: dev
2021-05-28 17:33:55:070 INFO : BeanPostProcessorsImplementation Instance is Created
2021-05-28 17:33:58:927 INFO : Beans Ordered is as follows : 1,2,3
2021-05-28 17:34:00:389 INFO : Bean2 Instantiated at Fri May 28 17:34:00 IST 2021
2021-05-28 17:34:01:109 INFO : Bean1 Instantiated at Fri May 28 17:34:01 IST 2021
2021-05-28 17:34:01:112 INFO : Inside postProcessBeforeInitialization() Method for Bean : customBean1
2021-05-28 17:34:01:112 INFO : Inside CustomBean1 afterConstruction() Method
2021-05-28 17:34:01:112 INFO : Inside CustomBean1 afterPropertiesSet() Method 
2021-05-28 17:34:01:113 INFO : Inside CustomBean1 Init() Method
2021-05-28 17:34:01:114 INFO : Inside postProcessAfterInitialization() Method for Bean : customBean1
2021-05-28 17:34:05:169 INFO : Started BootApplication in 20.991 seconds (JVM running for 28.275)
2021-05-28 17:34:15:167 INFO : Inside SchedulerService : fixedDelay() Method
2021-05-28 17:34:55:167 INFO : Inside SchedulerService : fixedRate() Method
2021-05-28 17:43:12:329 INFO : The following profiles are active: dev
2021-05-28 17:43:24:045 INFO : BeanPostProcessorsImplementation Instance is Created
2021-05-28 17:43:29:954 INFO : Beans Ordered is as follows : 1,2,3
2021-05-28 17:43:31:998 INFO : Bean2 Instantiated at Fri May 28 17:43:31 IST 2021
2021-05-28 17:43:32:085 INFO : Bean1 Instantiated at Fri May 28 17:43:32 IST 2021
2021-05-28 17:43:32:094 INFO : Inside postProcessBeforeInitialization() Method for Bean : customBean1
2021-05-28 17:43:32:095 INFO : Inside CustomBean1 afterConstruction() Method
2021-05-28 17:43:32:095 INFO : Inside CustomBean1 afterPropertiesSet() Method 
2021-05-28 17:43:32:096 INFO : Inside CustomBean1 Init() Method
2021-05-28 17:43:32:099 INFO : Inside postProcessAfterInitialization() Method for Bean : customBean1
2021-05-28 17:43:35:763 INFO : Started BootApplication in 27.228 seconds (JVM running for 34.974)
2021-05-28 17:43:45:759 INFO : Inside SchedulerService : fixedDelay() Method
2021-05-28 17:44:25:758 INFO : Inside SchedulerService : fixedRate() Method
2021-05-28 17:45:57:660 INFO : Inside CustomBean1 beforeDestruction() Method
2021-05-28 17:45:57:660 INFO : Inside CustomBean1 Destroy() Method of Disposable Bean
2021-05-28 17:45:57:661 INFO : Inside CustomBean1 Destroy() Method
2021-05-28 17:46:43:016 INFO : The following profiles are active: dev
2021-05-28 17:46:43:940 INFO : BeanPostProcessorsImplementation Instance is Created
2021-05-28 17:46:45:421 INFO : Beans Ordered is as follows : 1,2,3
2021-05-28 17:46:46:242 INFO : Bean2 Instantiated at Fri May 28 17:46:46 IST 2021
2021-05-28 17:46:47:052 INFO : Bean1 Instantiated at Fri May 28 17:46:47 IST 2021
2021-05-28 17:46:47:054 INFO : Inside postProcessBeforeInitialization() Method for Bean : customBean1
2021-05-28 17:46:47:055 INFO : Inside CustomBean1 afterConstruction() Method
2021-05-28 17:46:47:055 INFO : Inside CustomBean1 afterPropertiesSet() Method 
2021-05-28 17:46:47:055 INFO : Inside CustomBean1 Init() Method
2021-05-28 17:46:47:056 INFO : Inside postProcessAfterInitialization() Method for Bean : customBean1
2021-05-28 17:46:49:760 INFO : Started BootApplication in 51.979 seconds (JVM running for 228.972)
2021-05-28 17:46:59:761 INFO : Inside SchedulerService : fixedDelay() Method
2021-05-28 17:47:39:760 INFO : Inside SchedulerService : fixedRate() Method
